[0.219s] Invoking command in '/home/robotics/ros2_cobot/build/traj_scripts': CMAKE_PREFIX_PATH=${CMAKE_PREFIX_PATH}:/home/robotics/ros2_cobot/install/ultraarm:/home/robotics/ros2_cobot/install/mypalletizer_communication:/home/robotics/ros2_cobot/install/mypalletizer_260_pi:/home/robotics/ros2_cobot/install/mypalletizer_260:/home/robotics/ros2_cobot/install/myarm_m750:/home/robotics/ros2_cobot/install/myarm_c650:/home/robotics/ros2_cobot/install/mycobot_communication:/home/robotics/ros2_cobot/install/mecharm_communication:/home/robotics/ros2_cobot/install/mycobot_630:/home/robotics/ros2_cobot/install/mycobot_600:/home/robotics/ros2_cobot/install/mycobot_320pi:/home/robotics/ros2_cobot/install/mycobot_320_riscv:/home/robotics/ros2_cobot/install/mycobot_320:/home/robotics/ros2_cobot/install/mycobot_280pi:/home/robotics/ros2_cobot/install/mycobot_280jn:/home/robotics/ros2_cobot/install/mycobot_280_x3pi:/home/robotics/ros2_cobot/install/mycobot_280_riscv:/home/robotics/ros2_cobot/install/mycobot_280_rdkx5:/home/robotics/ros2_cobot/install/mycobot_280_moveit2_control:/home/robotics/ros2_cobot/install/mycobot_280_arduino:/home/robotics/ros2_cobot/install/mycobot_280:/home/robotics/ros2_cobot/install/mybuddy:/home/robotics/ros2_cobot/install/myarm_300:/home/robotics/ros2_cobot/install/mecharm_pi:/home/robotics/ros2_cobot/install/mecharm:/home/robotics/ros2_cobot/install/mycobot_description:/opt/ros/humble /usr/bin/cmake --build /home/robotics/ros2_cobot/build/traj_scripts -- -j16 -l16
[0.295s] [  0%] Built target ament_cmake_python_copy_traj_scripts
[0.339s] [ 25%] [32mBuilding CXX object CMakeFiles/plan_node.dir/src/plan.cpp.o[0m
[0.339s] [ 75%] Built target traj_runner_node
[0.538s] running egg_info
[0.539s] writing traj_scripts.egg-info/PKG-INFO
[0.539s] writing dependency_links to traj_scripts.egg-info/dependency_links.txt
[0.539s] writing top-level names to traj_scripts.egg-info/top_level.txt
[0.541s] reading manifest file 'traj_scripts.egg-info/SOURCES.txt'
[0.541s] writing manifest file 'traj_scripts.egg-info/SOURCES.txt'
[0.579s] [ 75%] Built target ament_cmake_python_build_traj_scripts_egg
[11.225s] [100%] [32m[1mLinking CXX executable plan_node[0m
[11.706s] [100%] Built target plan_node
[11.715s] Invoked command in '/home/robotics/ros2_cobot/build/traj_scripts' returned '0': CMAKE_PREFIX_PATH=${CMAKE_PREFIX_PATH}:/home/robotics/ros2_cobot/install/ultraarm:/home/robotics/ros2_cobot/install/mypalletizer_communication:/home/robotics/ros2_cobot/install/mypalletizer_260_pi:/home/robotics/ros2_cobot/install/mypalletizer_260:/home/robotics/ros2_cobot/install/myarm_m750:/home/robotics/ros2_cobot/install/myarm_c650:/home/robotics/ros2_cobot/install/mycobot_communication:/home/robotics/ros2_cobot/install/mecharm_communication:/home/robotics/ros2_cobot/install/mycobot_630:/home/robotics/ros2_cobot/install/mycobot_600:/home/robotics/ros2_cobot/install/mycobot_320pi:/home/robotics/ros2_cobot/install/mycobot_320_riscv:/home/robotics/ros2_cobot/install/mycobot_320:/home/robotics/ros2_cobot/install/mycobot_280pi:/home/robotics/ros2_cobot/install/mycobot_280jn:/home/robotics/ros2_cobot/install/mycobot_280_x3pi:/home/robotics/ros2_cobot/install/mycobot_280_riscv:/home/robotics/ros2_cobot/install/mycobot_280_rdkx5:/home/robotics/ros2_cobot/install/mycobot_280_moveit2_control:/home/robotics/ros2_cobot/install/mycobot_280_arduino:/home/robotics/ros2_cobot/install/mycobot_280:/home/robotics/ros2_cobot/install/mybuddy:/home/robotics/ros2_cobot/install/myarm_300:/home/robotics/ros2_cobot/install/mecharm_pi:/home/robotics/ros2_cobot/install/mecharm:/home/robotics/ros2_cobot/install/mycobot_description:/opt/ros/humble /usr/bin/cmake --build /home/robotics/ros2_cobot/build/traj_scripts -- -j16 -l16
[11.718s] Invoking command in '/home/robotics/ros2_cobot/build/traj_scripts': CMAKE_PREFIX_PATH=${CMAKE_PREFIX_PATH}:/home/robotics/ros2_cobot/install/ultraarm:/home/robotics/ros2_cobot/install/mypalletizer_communication:/home/robotics/ros2_cobot/install/mypalletizer_260_pi:/home/robotics/ros2_cobot/install/mypalletizer_260:/home/robotics/ros2_cobot/install/myarm_m750:/home/robotics/ros2_cobot/install/myarm_c650:/home/robotics/ros2_cobot/install/mycobot_communication:/home/robotics/ros2_cobot/install/mecharm_communication:/home/robotics/ros2_cobot/install/mycobot_630:/home/robotics/ros2_cobot/install/mycobot_600:/home/robotics/ros2_cobot/install/mycobot_320pi:/home/robotics/ros2_cobot/install/mycobot_320_riscv:/home/robotics/ros2_cobot/install/mycobot_320:/home/robotics/ros2_cobot/install/mycobot_280pi:/home/robotics/ros2_cobot/install/mycobot_280jn:/home/robotics/ros2_cobot/install/mycobot_280_x3pi:/home/robotics/ros2_cobot/install/mycobot_280_riscv:/home/robotics/ros2_cobot/install/mycobot_280_rdkx5:/home/robotics/ros2_cobot/install/mycobot_280_moveit2_control:/home/robotics/ros2_cobot/install/mycobot_280_arduino:/home/robotics/ros2_cobot/install/mycobot_280:/home/robotics/ros2_cobot/install/mybuddy:/home/robotics/ros2_cobot/install/myarm_300:/home/robotics/ros2_cobot/install/mecharm_pi:/home/robotics/ros2_cobot/install/mecharm:/home/robotics/ros2_cobot/install/mycobot_description:/opt/ros/humble /usr/bin/cmake --install /home/robotics/ros2_cobot/build/traj_scripts
[11.724s] -- Install configuration: ""
[11.724s] -- Up-to-date: /home/robotics/ros2_cobot/install/traj_scripts/lib/traj_scripts/traj_runner_node
[11.725s] -- Installing: /home/robotics/ros2_cobot/install/traj_scripts/lib/traj_scripts/plan_node
[11.729s] -- Set runtime path of "/home/robotics/ros2_cobot/install/traj_scripts/lib/traj_scripts/plan_node" to ""
[11.729s] -- Up-to-date: /home/robotics/ros2_cobot/install/traj_scripts/share/traj_scripts/launch
[11.730s] -- Up-to-date: /home/robotics/ros2_cobot/install/traj_scripts/share/traj_scripts/launch/traj_scripts.launch.py
[11.730s] -- Up-to-date: /home/robotics/ros2_cobot/install/traj_scripts/share/traj_scripts/launch/__pycache__
[11.730s] -- Installing: /home/robotics/ros2_cobot/install/traj_scripts/share/traj_scripts/launch/__pycache__/traj_scripts.launch.cpython-310.pyc
[11.730s] -- Up-to-date: /home/robotics/ros2_cobot/install/traj_scripts/share/traj_scripts/environment/pythonpath.sh
[11.730s] -- Up-to-date: /home/robotics/ros2_cobot/install/traj_scripts/share/traj_scripts/environment/pythonpath.dsv
[11.730s] -- Up-to-date: /home/robotics/ros2_cobot/install/traj_scripts/local/lib/python3.10/dist-packages/traj_scripts-0.1.0-py3.10.egg-info
[11.730s] -- Installing: /home/robotics/ros2_cobot/install/traj_scripts/local/lib/python3.10/dist-packages/traj_scripts-0.1.0-py3.10.egg-info/dependency_links.txt
[11.730s] -- Installing: /home/robotics/ros2_cobot/install/traj_scripts/local/lib/python3.10/dist-packages/traj_scripts-0.1.0-py3.10.egg-info/top_level.txt
[11.730s] -- Installing: /home/robotics/ros2_cobot/install/traj_scripts/local/lib/python3.10/dist-packages/traj_scripts-0.1.0-py3.10.egg-info/SOURCES.txt
[11.730s] -- Installing: /home/robotics/ros2_cobot/install/traj_scripts/local/lib/python3.10/dist-packages/traj_scripts-0.1.0-py3.10.egg-info/PKG-INFO
[11.730s] -- Up-to-date: /home/robotics/ros2_cobot/install/traj_scripts/local/lib/python3.10/dist-packages/traj_scripts
[11.730s] -- Up-to-date: /home/robotics/ros2_cobot/install/traj_scripts/local/lib/python3.10/dist-packages/traj_scripts/__init__.py
[11.759s] Listing '/home/robotics/ros2_cobot/install/traj_scripts/local/lib/python3.10/dist-packages/traj_scripts'...
[11.763s] -- Up-to-date: /home/robotics/ros2_cobot/install/traj_scripts/lib/traj_scripts/ghost.py
[11.763s] -- Up-to-date: /home/robotics/ros2_cobot/install/traj_scripts/share/ament_index/resource_index/package_run_dependencies/traj_scripts
[11.763s] -- Up-to-date: /home/robotics/ros2_cobot/install/traj_scripts/share/ament_index/resource_index/parent_prefix_path/traj_scripts
[11.763s] -- Up-to-date: /home/robotics/ros2_cobot/install/traj_scripts/share/traj_scripts/environment/ament_prefix_path.sh
[11.763s] -- Up-to-date: /home/robotics/ros2_cobot/install/traj_scripts/share/traj_scripts/environment/ament_prefix_path.dsv
[11.763s] -- Up-to-date: /home/robotics/ros2_cobot/install/traj_scripts/share/traj_scripts/environment/path.sh
[11.763s] -- Up-to-date: /home/robotics/ros2_cobot/install/traj_scripts/share/traj_scripts/environment/path.dsv
[11.763s] -- Up-to-date: /home/robotics/ros2_cobot/install/traj_scripts/share/traj_scripts/local_setup.bash
[11.763s] -- Up-to-date: /home/robotics/ros2_cobot/install/traj_scripts/share/traj_scripts/local_setup.sh
[11.764s] -- Up-to-date: /home/robotics/ros2_cobot/install/traj_scripts/share/traj_scripts/local_setup.zsh
[11.764s] -- Up-to-date: /home/robotics/ros2_cobot/install/traj_scripts/share/traj_scripts/local_setup.dsv
[11.764s] -- Installing: /home/robotics/ros2_cobot/install/traj_scripts/share/traj_scripts/package.dsv
[11.764s] -- Up-to-date: /home/robotics/ros2_cobot/install/traj_scripts/share/ament_index/resource_index/packages/traj_scripts
[11.764s] -- Up-to-date: /home/robotics/ros2_cobot/install/traj_scripts/share/traj_scripts/cmake/traj_scriptsConfig.cmake
[11.764s] -- Up-to-date: /home/robotics/ros2_cobot/install/traj_scripts/share/traj_scripts/cmake/traj_scriptsConfig-version.cmake
[11.764s] -- Up-to-date: /home/robotics/ros2_cobot/install/traj_scripts/share/traj_scripts/package.xml
[11.766s] Invoked command in '/home/robotics/ros2_cobot/build/traj_scripts' returned '0': CMAKE_PREFIX_PATH=${CMAKE_PREFIX_PATH}:/home/robotics/ros2_cobot/install/ultraarm:/home/robotics/ros2_cobot/install/mypalletizer_communication:/home/robotics/ros2_cobot/install/mypalletizer_260_pi:/home/robotics/ros2_cobot/install/mypalletizer_260:/home/robotics/ros2_cobot/install/myarm_m750:/home/robotics/ros2_cobot/install/myarm_c650:/home/robotics/ros2_cobot/install/mycobot_communication:/home/robotics/ros2_cobot/install/mecharm_communication:/home/robotics/ros2_cobot/install/mycobot_630:/home/robotics/ros2_cobot/install/mycobot_600:/home/robotics/ros2_cobot/install/mycobot_320pi:/home/robotics/ros2_cobot/install/mycobot_320_riscv:/home/robotics/ros2_cobot/install/mycobot_320:/home/robotics/ros2_cobot/install/mycobot_280pi:/home/robotics/ros2_cobot/install/mycobot_280jn:/home/robotics/ros2_cobot/install/mycobot_280_x3pi:/home/robotics/ros2_cobot/install/mycobot_280_riscv:/home/robotics/ros2_cobot/install/mycobot_280_rdkx5:/home/robotics/ros2_cobot/install/mycobot_280_moveit2_control:/home/robotics/ros2_cobot/install/mycobot_280_arduino:/home/robotics/ros2_cobot/install/mycobot_280:/home/robotics/ros2_cobot/install/mybuddy:/home/robotics/ros2_cobot/install/myarm_300:/home/robotics/ros2_cobot/install/mecharm_pi:/home/robotics/ros2_cobot/install/mecharm:/home/robotics/ros2_cobot/install/mycobot_description:/opt/ros/humble /usr/bin/cmake --install /home/robotics/ros2_cobot/build/traj_scripts
