[2.663s] Invoking command in '/home/robotics/ros2_cobot/src/mycobot_ros2/mecharm/mecharm': AMENT_PREFIX_PATH=/home/robotics/ros2_cobot/install/mycobot_description:/home/robotics/ros2_cobot/install/ultraarm:/home/robotics/ros2_cobot/install/traj_scripts:/home/robotics/ros2_cobot/install/mypalletizer_communication:/home/robotics/ros2_cobot/install/mypalletizer_interfaces:/home/robotics/ros2_cobot/install/mypalletizer_260_pi:/home/robotics/ros2_cobot/install/mypalletizer_260:/home/robotics/ros2_cobot/install/myarm_m750:/home/robotics/ros2_cobot/install/myarm_c650:/home/robotics/ros2_cobot/install/mycobot_communication:/home/robotics/ros2_cobot/install/mecharm_communication:/home/robotics/ros2_cobot/install/mycobot_interfaces:/home/robotics/ros2_cobot/install/mycobot_630:/home/robotics/ros2_cobot/install/mycobot_600:/home/robotics/ros2_cobot/install/mycobot_320pi:/home/robotics/ros2_cobot/install/mycobot_320_riscv:/home/robotics/ros2_cobot/install/mycobot_320:/home/robotics/ros2_cobot/install/mycobot_280rdkx5_moveit2:/home/robotics/ros2_cobot/install/mycobot_280pi:/home/robotics/ros2_cobot/install/mycobot_280jn:/home/robotics/ros2_cobot/install/mycobot_280arduino_moveit2:/home/robotics/ros2_cobot/install/mycobot_280_x3pi:/home/robotics/ros2_cobot/install/mycobot_280_riscv:/home/robotics/ros2_cobot/install/mycobot_280_rdkx5:/home/robotics/ros2_cobot/install/mycobot_280_moveit2_control:/home/robotics/ros2_cobot/install/mycobot_280_moveit2:/home/robotics/ros2_cobot/install/mycobot_280_arduino:/home/robotics/ros2_cobot/install/mycobot_280:/home/robotics/ros2_cobot/install/mybuddy:/home/robotics/ros2_cobot/install/myarm_300:/home/robotics/ros2_cobot/install/mecharm_pi:/home/robotics/ros2_cobot/install/mecharm:/home/robotics/ros2_cobot/install/mecharm_interfaces:/opt/ros/humble PYTHONPATH=/home/robotics/ros2_cobot/build/mecharm/prefix_override:/usr/lib/python3/dist-packages/colcon_core/task/python/colcon_distutils_commands:/home/robotics/ros2_cobot/install/mecharm/lib/python3.10/site-packages:/home/robotics/ros2_cobot/install/mycobot_description/lib/python3.10/site-packages:/home/robotics/ros2_cobot/install/ultraarm/lib/python3.10/site-packages:/home/robotics/ros2_cobot/install/traj_scripts/local/lib/python3.10/dist-packages:/home/robotics/ros2_cobot/install/mypalletizer_communication/lib/python3.10/site-packages:/home/robotics/ros2_cobot/install/mypalletizer_interfaces/local/lib/python3.10/dist-packages:/home/robotics/ros2_cobot/install/mypalletizer_260_pi/lib/python3.10/site-packages:/home/robotics/ros2_cobot/install/mypalletizer_260/lib/python3.10/site-packages:/home/robotics/ros2_cobot/install/myarm_m750/lib/python3.10/site-packages:/home/robotics/ros2_cobot/install/myarm_c650/lib/python3.10/site-packages:/home/robotics/ros2_cobot/install/mycobot_communication/lib/python3.10/site-packages:/home/robotics/ros2_cobot/install/mecharm_communication/lib/python3.10/site-packages:/home/robotics/ros2_cobot/install/mycobot_interfaces/local/lib/python3.10/dist-packages:/home/robotics/ros2_cobot/install/mycobot_630/lib/python3.10/site-packages:/home/robotics/ros2_cobot/install/mycobot_600/lib/python3.10/site-packages:/home/robotics/ros2_cobot/install/mycobot_320pi/lib/python3.10/site-packages:/home/robotics/ros2_cobot/install/mycobot_320_riscv/lib/python3.10/site-packages:/home/robotics/ros2_cobot/install/mycobot_320/lib/python3.10/site-packages:/home/robotics/ros2_cobot/install/mycobot_280pi/lib/python3.10/site-packages:/home/robotics/ros2_cobot/install/mycobot_280jn/lib/python3.10/site-packages:/home/robotics/ros2_cobot/install/mycobot_280_x3pi/lib/python3.10/site-packages:/home/robotics/ros2_cobot/install/mycobot_280_riscv/lib/python3.10/site-packages:/home/robotics/ros2_cobot/install/mycobot_280_rdkx5/lib/python3.10/site-packages:/home/robotics/ros2_cobot/install/mycobot_280_moveit2_control/lib/python3.10/site-packages:/home/robotics/ros2_cobot/install/mycobot_280_arduino/lib/python3.10/site-packages:/home/robotics/ros2_cobot/install/mycobot_280/lib/python3.10/site-packages:/home/robotics/ros2_cobot/install/mybuddy/lib/python3.10/site-packages:/home/robotics/ros2_cobot/install/myarm_300/lib/python3.10/site-packages:/home/robotics/ros2_cobot/install/mecharm_pi/lib/python3.10/site-packages:/home/robotics/ros2_cobot/install/mecharm/lib/python3.10/site-packages:/home/robotics/ros2_cobot/install/mecharm_interfaces/local/lib/python3.10/dist-packages:/opt/ros/humble/lib/python3.10/site-packages:/opt/ros/humble/local/lib/python3.10/dist-packages /usr/bin/python3 -W ignore:setup.py install is deprecated -W ignore:easy_install command is deprecated setup.py egg_info --egg-base ../../../../build/mecharm build --build-base /home/robotics/ros2_cobot/build/mecharm/build install --record /home/robotics/ros2_cobot/build/mecharm/install.log --single-version-externally-managed install_data
[3.357s] running egg_info
[3.357s] creating ../../../../build/mecharm/mecharm.egg-info
[3.357s] writing ../../../../build/mecharm/mecharm.egg-info/PKG-INFO
[3.357s] writing dependency_links to ../../../../build/mecharm/mecharm.egg-info/dependency_links.txt
[3.357s] writing entry points to ../../../../build/mecharm/mecharm.egg-info/entry_points.txt
[3.357s] writing requirements to ../../../../build/mecharm/mecharm.egg-info/requires.txt
[3.357s] writing top-level names to ../../../../build/mecharm/mecharm.egg-info/top_level.txt
[3.357s] writing manifest file '../../../../build/mecharm/mecharm.egg-info/SOURCES.txt'
[3.357s] reading manifest file '../../../../build/mecharm/mecharm.egg-info/SOURCES.txt'
[3.357s] adding license file 'LICENSE'
[3.358s] writing manifest file '../../../../build/mecharm/mecharm.egg-info/SOURCES.txt'
[3.358s] running build
[3.358s] running build_py
[3.358s] creating /home/robotics/ros2_cobot/build/mecharm/build
[3.358s] creating /home/robotics/ros2_cobot/build/mecharm/build/lib
[3.358s] creating /home/robotics/ros2_cobot/build/mecharm/build/lib/mecharm
[3.358s] copying mecharm/follow_and_pump.py -> /home/robotics/ros2_cobot/build/mecharm/build/lib/mecharm
[3.358s] copying mecharm/follow_display.py -> /home/robotics/ros2_cobot/build/mecharm/build/lib/mecharm
[3.358s] copying mecharm/listen_real_of_topic.py -> /home/robotics/ros2_cobot/build/mecharm/build/lib/mecharm
[3.358s] copying mecharm/simple_gui.py -> /home/robotics/ros2_cobot/build/mecharm/build/lib/mecharm
[3.358s] copying mecharm/slider_control.py -> /home/robotics/ros2_cobot/build/mecharm/build/lib/mecharm
[3.358s] copying mecharm/detect_marker.py -> /home/robotics/ros2_cobot/build/mecharm/build/lib/mecharm
[3.358s] copying mecharm/listen_real.py -> /home/robotics/ros2_cobot/build/mecharm/build/lib/mecharm
[3.358s] copying mecharm/following_marker.py -> /home/robotics/ros2_cobot/build/mecharm/build/lib/mecharm
[3.358s] copying mecharm/teleop_keyboard.py -> /home/robotics/ros2_cobot/build/mecharm/build/lib/mecharm
[3.358s] copying mecharm/__init__.py -> /home/robotics/ros2_cobot/build/mecharm/build/lib/mecharm
[3.358s] running install
[3.358s] running install_lib
[3.358s] creating /home/robotics/ros2_cobot/install/mecharm/lib/python3.10/site-packages/mecharm
[3.359s] copying /home/robotics/ros2_cobot/build/mecharm/build/lib/mecharm/follow_and_pump.py -> /home/robotics/ros2_cobot/install/mecharm/lib/python3.10/site-packages/mecharm
[3.359s] copying /home/robotics/ros2_cobot/build/mecharm/build/lib/mecharm/follow_display.py -> /home/robotics/ros2_cobot/install/mecharm/lib/python3.10/site-packages/mecharm
[3.359s] copying /home/robotics/ros2_cobot/build/mecharm/build/lib/mecharm/listen_real_of_topic.py -> /home/robotics/ros2_cobot/install/mecharm/lib/python3.10/site-packages/mecharm
[3.359s] copying /home/robotics/ros2_cobot/build/mecharm/build/lib/mecharm/simple_gui.py -> /home/robotics/ros2_cobot/install/mecharm/lib/python3.10/site-packages/mecharm
[3.359s] copying /home/robotics/ros2_cobot/build/mecharm/build/lib/mecharm/slider_control.py -> /home/robotics/ros2_cobot/install/mecharm/lib/python3.10/site-packages/mecharm
[3.359s] copying /home/robotics/ros2_cobot/build/mecharm/build/lib/mecharm/detect_marker.py -> /home/robotics/ros2_cobot/install/mecharm/lib/python3.10/site-packages/mecharm
[3.359s] copying /home/robotics/ros2_cobot/build/mecharm/build/lib/mecharm/listen_real.py -> /home/robotics/ros2_cobot/install/mecharm/lib/python3.10/site-packages/mecharm
[3.359s] copying /home/robotics/ros2_cobot/build/mecharm/build/lib/mecharm/following_marker.py -> /home/robotics/ros2_cobot/install/mecharm/lib/python3.10/site-packages/mecharm
[3.359s] copying /home/robotics/ros2_cobot/build/mecharm/build/lib/mecharm/teleop_keyboard.py -> /home/robotics/ros2_cobot/install/mecharm/lib/python3.10/site-packages/mecharm
[3.359s] copying /home/robotics/ros2_cobot/build/mecharm/build/lib/mecharm/__init__.py -> /home/robotics/ros2_cobot/install/mecharm/lib/python3.10/site-packages/mecharm
[3.359s] byte-compiling /home/robotics/ros2_cobot/install/mecharm/lib/python3.10/site-packages/mecharm/follow_and_pump.py to follow_and_pump.cpython-310.pyc
[3.359s] byte-compiling /home/robotics/ros2_cobot/install/mecharm/lib/python3.10/site-packages/mecharm/follow_display.py to follow_display.cpython-310.pyc
[3.359s] byte-compiling /home/robotics/ros2_cobot/install/mecharm/lib/python3.10/site-packages/mecharm/listen_real_of_topic.py to listen_real_of_topic.cpython-310.pyc
[3.359s] byte-compiling /home/robotics/ros2_cobot/install/mecharm/lib/python3.10/site-packages/mecharm/simple_gui.py to simple_gui.cpython-310.pyc
[3.359s] byte-compiling /home/robotics/ros2_cobot/install/mecharm/lib/python3.10/site-packages/mecharm/slider_control.py to slider_control.cpython-310.pyc
[3.359s] byte-compiling /home/robotics/ros2_cobot/install/mecharm/lib/python3.10/site-packages/mecharm/detect_marker.py to detect_marker.cpython-310.pyc
[3.359s] byte-compiling /home/robotics/ros2_cobot/install/mecharm/lib/python3.10/site-packages/mecharm/listen_real.py to listen_real.cpython-310.pyc
[3.359s] byte-compiling /home/robotics/ros2_cobot/install/mecharm/lib/python3.10/site-packages/mecharm/following_marker.py to following_marker.cpython-310.pyc
[3.359s] byte-compiling /home/robotics/ros2_cobot/install/mecharm/lib/python3.10/site-packages/mecharm/teleop_keyboard.py to teleop_keyboard.cpython-310.pyc
[3.359s] byte-compiling /home/robotics/ros2_cobot/install/mecharm/lib/python3.10/site-packages/mecharm/__init__.py to __init__.cpython-310.pyc
[3.360s] running install_data
[3.360s] creating /home/robotics/ros2_cobot/install/mecharm/share/ament_index
[3.360s] creating /home/robotics/ros2_cobot/install/mecharm/share/ament_index/resource_index
[3.360s] creating /home/robotics/ros2_cobot/install/mecharm/share/ament_index/resource_index/packages
[3.360s] copying resource/mecharm -> /home/robotics/ros2_cobot/install/mecharm/share/ament_index/resource_index/packages
[3.360s] copying package.xml -> /home/robotics/ros2_cobot/install/mecharm/share/mecharm
[3.360s] creating /home/robotics/ros2_cobot/install/mecharm/share/mecharm/launch
[3.360s] copying launch/slider_control.launch.py -> /home/robotics/ros2_cobot/install/mecharm/share/mecharm/launch
[3.360s] copying launch/follow.launch.py -> /home/robotics/ros2_cobot/install/mecharm/share/mecharm/launch
[3.360s] copying launch/detect_marker_with_topic.launch.py -> /home/robotics/ros2_cobot/install/mecharm/share/mecharm/launch
[3.360s] copying launch/teleop_keyboard.launch.py -> /home/robotics/ros2_cobot/install/mecharm/share/mecharm/launch
[3.360s] copying launch/detect_marker.launch.py -> /home/robotics/ros2_cobot/install/mecharm/share/mecharm/launch
[3.360s] copying launch/simple_gui.launch.py -> /home/robotics/ros2_cobot/install/mecharm/share/mecharm/launch
[3.360s] copying launch/test.launch.py -> /home/robotics/ros2_cobot/install/mecharm/share/mecharm/launch
[3.360s] creating /home/robotics/ros2_cobot/install/mecharm/share/mecharm/config
[3.360s] copying config/mycobot_with_marker.rviz -> /home/robotics/ros2_cobot/install/mecharm/share/mecharm/config
[3.360s] copying config/mecharm.rviz -> /home/robotics/ros2_cobot/install/mecharm/share/mecharm/config
[3.360s] running install_egg_info
[3.364s] Copying ../../../../build/mecharm/mecharm.egg-info to /home/robotics/ros2_cobot/install/mecharm/lib/python3.10/site-packages/mecharm-0.0.0-py3.10.egg-info
[3.364s] running install_scripts
[3.364s] Installing detect_marker script to /home/robotics/ros2_cobot/install/mecharm/lib/mecharm
[3.364s] Installing follow_display script to /home/robotics/ros2_cobot/install/mecharm/lib/mecharm
[3.364s] Installing following_marker script to /home/robotics/ros2_cobot/install/mecharm/lib/mecharm
[3.364s] Installing listen_real script to /home/robotics/ros2_cobot/install/mecharm/lib/mecharm
[3.364s] Installing listen_real_of_topic script to /home/robotics/ros2_cobot/install/mecharm/lib/mecharm
[3.364s] Installing simple_gui script to /home/robotics/ros2_cobot/install/mecharm/lib/mecharm
[3.364s] Installing slider_control script to /home/robotics/ros2_cobot/install/mecharm/lib/mecharm
[3.364s] Installing teleop_keyboard script to /home/robotics/ros2_cobot/install/mecharm/lib/mecharm
[3.365s] writing list of installed files to '/home/robotics/ros2_cobot/build/mecharm/install.log'
[4.534s] Invoked command in '/home/robotics/ros2_cobot/src/mycobot_ros2/mecharm/mecharm' returned '0': AMENT_PREFIX_PATH=/home/robotics/ros2_cobot/install/mycobot_description:/home/robotics/ros2_cobot/install/ultraarm:/home/robotics/ros2_cobot/install/traj_scripts:/home/robotics/ros2_cobot/install/mypalletizer_communication:/home/robotics/ros2_cobot/install/mypalletizer_interfaces:/home/robotics/ros2_cobot/install/mypalletizer_260_pi:/home/robotics/ros2_cobot/install/mypalletizer_260:/home/robotics/ros2_cobot/install/myarm_m750:/home/robotics/ros2_cobot/install/myarm_c650:/home/robotics/ros2_cobot/install/mycobot_communication:/home/robotics/ros2_cobot/install/mecharm_communication:/home/robotics/ros2_cobot/install/mycobot_interfaces:/home/robotics/ros2_cobot/install/mycobot_630:/home/robotics/ros2_cobot/install/mycobot_600:/home/robotics/ros2_cobot/install/mycobot_320pi:/home/robotics/ros2_cobot/install/mycobot_320_riscv:/home/robotics/ros2_cobot/install/mycobot_320:/home/robotics/ros2_cobot/install/mycobot_280rdkx5_moveit2:/home/robotics/ros2_cobot/install/mycobot_280pi:/home/robotics/ros2_cobot/install/mycobot_280jn:/home/robotics/ros2_cobot/install/mycobot_280arduino_moveit2:/home/robotics/ros2_cobot/install/mycobot_280_x3pi:/home/robotics/ros2_cobot/install/mycobot_280_riscv:/home/robotics/ros2_cobot/install/mycobot_280_rdkx5:/home/robotics/ros2_cobot/install/mycobot_280_moveit2_control:/home/robotics/ros2_cobot/install/mycobot_280_moveit2:/home/robotics/ros2_cobot/install/mycobot_280_arduino:/home/robotics/ros2_cobot/install/mycobot_280:/home/robotics/ros2_cobot/install/mybuddy:/home/robotics/ros2_cobot/install/myarm_300:/home/robotics/ros2_cobot/install/mecharm_pi:/home/robotics/ros2_cobot/install/mecharm:/home/robotics/ros2_cobot/install/mecharm_interfaces:/opt/ros/humble PYTHONPATH=/home/robotics/ros2_cobot/build/mecharm/prefix_override:/usr/lib/python3/dist-packages/colcon_core/task/python/colcon_distutils_commands:/home/robotics/ros2_cobot/install/mecharm/lib/python3.10/site-packages:/home/robotics/ros2_cobot/install/mycobot_description/lib/python3.10/site-packages:/home/robotics/ros2_cobot/install/ultraarm/lib/python3.10/site-packages:/home/robotics/ros2_cobot/install/traj_scripts/local/lib/python3.10/dist-packages:/home/robotics/ros2_cobot/install/mypalletizer_communication/lib/python3.10/site-packages:/home/robotics/ros2_cobot/install/mypalletizer_interfaces/local/lib/python3.10/dist-packages:/home/robotics/ros2_cobot/install/mypalletizer_260_pi/lib/python3.10/site-packages:/home/robotics/ros2_cobot/install/mypalletizer_260/lib/python3.10/site-packages:/home/robotics/ros2_cobot/install/myarm_m750/lib/python3.10/site-packages:/home/robotics/ros2_cobot/install/myarm_c650/lib/python3.10/site-packages:/home/robotics/ros2_cobot/install/mycobot_communication/lib/python3.10/site-packages:/home/robotics/ros2_cobot/install/mecharm_communication/lib/python3.10/site-packages:/home/robotics/ros2_cobot/install/mycobot_interfaces/local/lib/python3.10/dist-packages:/home/robotics/ros2_cobot/install/mycobot_630/lib/python3.10/site-packages:/home/robotics/ros2_cobot/install/mycobot_600/lib/python3.10/site-packages:/home/robotics/ros2_cobot/install/mycobot_320pi/lib/python3.10/site-packages:/home/robotics/ros2_cobot/install/mycobot_320_riscv/lib/python3.10/site-packages:/home/robotics/ros2_cobot/install/mycobot_320/lib/python3.10/site-packages:/home/robotics/ros2_cobot/install/mycobot_280pi/lib/python3.10/site-packages:/home/robotics/ros2_cobot/install/mycobot_280jn/lib/python3.10/site-packages:/home/robotics/ros2_cobot/install/mycobot_280_x3pi/lib/python3.10/site-packages:/home/robotics/ros2_cobot/install/mycobot_280_riscv/lib/python3.10/site-packages:/home/robotics/ros2_cobot/install/mycobot_280_rdkx5/lib/python3.10/site-packages:/home/robotics/ros2_cobot/install/mycobot_280_moveit2_control/lib/python3.10/site-packages:/home/robotics/ros2_cobot/install/mycobot_280_arduino/lib/python3.10/site-packages:/home/robotics/ros2_cobot/install/mycobot_280/lib/python3.10/site-packages:/home/robotics/ros2_cobot/install/mybuddy/lib/python3.10/site-packages:/home/robotics/ros2_cobot/install/myarm_300/lib/python3.10/site-packages:/home/robotics/ros2_cobot/install/mecharm_pi/lib/python3.10/site-packages:/home/robotics/ros2_cobot/install/mecharm/lib/python3.10/site-packages:/home/robotics/ros2_cobot/install/mecharm_interfaces/local/lib/python3.10/dist-packages:/opt/ros/humble/lib/python3.10/site-packages:/opt/ros/humble/local/lib/python3.10/dist-packages /usr/bin/python3 -W ignore:setup.py install is deprecated -W ignore:easy_install command is deprecated setup.py egg_info --egg-base ../../../../build/mecharm build --build-base /home/robotics/ros2_cobot/build/mecharm/build install --record /home/robotics/ros2_cobot/build/mecharm/install.log --single-version-externally-managed install_data
