[1.019s] Invoking command in '/home/robotics/ros2_cobot/src/mycobot_ros2/myArm/myarm_c650': AMENT_PREFIX_PATH=/home/robotics/ros2_cobot/install/mycobot_communication:/home/robotics/ros2_cobot/install/mycobot_description:/home/robotics/ros2_cobot/install/ultraarm:/home/robotics/ros2_cobot/install/traj_scripts:/home/robotics/ros2_cobot/install/mypalletizer_communication:/home/robotics/ros2_cobot/install/mypalletizer_interfaces:/home/robotics/ros2_cobot/install/mypalletizer_260_pi:/home/robotics/ros2_cobot/install/mypalletizer_260:/home/robotics/ros2_cobot/install/myarm_m750:/home/robotics/ros2_cobot/install/myarm_c650:/home/robotics/ros2_cobot/install/mecharm_communication:/home/robotics/ros2_cobot/install/mycobot_interfaces:/home/robotics/ros2_cobot/install/mycobot_630:/home/robotics/ros2_cobot/install/mycobot_600:/home/robotics/ros2_cobot/install/mycobot_320pi:/home/robotics/ros2_cobot/install/mycobot_320_riscv:/home/robotics/ros2_cobot/install/mycobot_320:/home/robotics/ros2_cobot/install/mycobot_280rdkx5_moveit2:/home/robotics/ros2_cobot/install/mycobot_280pi:/home/robotics/ros2_cobot/install/mycobot_280jn:/home/robotics/ros2_cobot/install/mycobot_280arduino_moveit2:/home/robotics/ros2_cobot/install/mycobot_280_x3pi:/home/robotics/ros2_cobot/install/mycobot_280_riscv:/home/robotics/ros2_cobot/install/mycobot_280_rdkx5:/home/robotics/ros2_cobot/install/mycobot_280_moveit2_control:/home/robotics/ros2_cobot/install/mycobot_280_moveit2:/home/robotics/ros2_cobot/install/mycobot_280_arduino:/home/robotics/ros2_cobot/install/mycobot_280:/home/robotics/ros2_cobot/install/mybuddy:/home/robotics/ros2_cobot/install/myarm_300:/home/robotics/ros2_cobot/install/mecharm_pi:/home/robotics/ros2_cobot/install/mecharm:/home/robotics/ros2_cobot/install/mecharm_interfaces:/opt/ros/humble CMAKE_PREFIX_PATH=/home/robotics/ros2_cobot/install/mycobot_interfaces:/home/robotics/ros2_cobot/install/traj_scripts:/home/robotics/ros2_cobot/install/mypalletizer_interfaces:/home/robotics/ros2_cobot/install/mycobot_280rdkx5_moveit2:/home/robotics/ros2_cobot/install/mycobot_280arduino_moveit2:/home/robotics/ros2_cobot/install/mycobot_280_moveit2:/home/robotics/ros2_cobot/install/mecharm_interfaces LD_LIBRARY_PATH=/home/robotics/ros2_cobot/install/mycobot_interfaces/lib:/home/robotics/ros2_cobot/install/mypalletizer_interfaces/lib:/home/robotics/ros2_cobot/install/mecharm_interfaces/lib:/opt/ros/humble/opt/rviz_ogre_vendor/lib:/opt/ros/humble/lib/x86_64-linux-gnu:/opt/ros/humble/lib PYTHONPATH=/home/robotics/ros2_cobot/build/myarm_c650/prefix_override:/usr/lib/python3/dist-packages/colcon_core/task/python/colcon_distutils_commands:/home/robotics/ros2_cobot/install/myarm_c650/lib/python3.10/site-packages:/home/robotics/ros2_cobot/install/mycobot_communication/lib/python3.10/site-packages:/home/robotics/ros2_cobot/install/mycobot_description/lib/python3.10/site-packages:/home/robotics/ros2_cobot/install/ultraarm/lib/python3.10/site-packages:/home/robotics/ros2_cobot/install/traj_scripts/local/lib/python3.10/dist-packages:/home/robotics/ros2_cobot/install/mypalletizer_communication/lib/python3.10/site-packages:/home/robotics/ros2_cobot/install/mypalletizer_interfaces/local/lib/python3.10/dist-packages:/home/robotics/ros2_cobot/install/mypalletizer_260_pi/lib/python3.10/site-packages:/home/robotics/ros2_cobot/install/mypalletizer_260/lib/python3.10/site-packages:/home/robotics/ros2_cobot/install/myarm_m750/lib/python3.10/site-packages:/home/robotics/ros2_cobot/install/myarm_c650/lib/python3.10/site-packages:/home/robotics/ros2_cobot/install/mecharm_communication/lib/python3.10/site-packages:/home/robotics/ros2_cobot/install/mycobot_interfaces/local/lib/python3.10/dist-packages:/home/robotics/ros2_cobot/install/mycobot_630/lib/python3.10/site-packages:/home/robotics/ros2_cobot/install/mycobot_600/lib/python3.10/site-packages:/home/robotics/ros2_cobot/install/mycobot_320pi/lib/python3.10/site-packages:/home/robotics/ros2_cobot/install/mycobot_320_riscv/lib/python3.10/site-packages:/home/robotics/ros2_cobot/install/mycobot_320/lib/python3.10/site-packages:/home/robotics/ros2_cobot/install/mycobot_280pi/lib/python3.10/site-packages:/home/robotics/ros2_cobot/install/mycobot_280jn/lib/python3.10/site-packages:/home/robotics/ros2_cobot/install/mycobot_280_x3pi/lib/python3.10/site-packages:/home/robotics/ros2_cobot/install/mycobot_280_riscv/lib/python3.10/site-packages:/home/robotics/ros2_cobot/install/mycobot_280_rdkx5/lib/python3.10/site-packages:/home/robotics/ros2_cobot/install/mycobot_280_moveit2_control/lib/python3.10/site-packages:/home/robotics/ros2_cobot/install/mycobot_280_arduino/lib/python3.10/site-packages:/home/robotics/ros2_cobot/install/mycobot_280/lib/python3.10/site-packages:/home/robotics/ros2_cobot/install/mybuddy/lib/python3.10/site-packages:/home/robotics/ros2_cobot/install/myarm_300/lib/python3.10/site-packages:/home/robotics/ros2_cobot/install/mecharm_pi/lib/python3.10/site-packages:/home/robotics/ros2_cobot/install/mecharm/lib/python3.10/site-packages:/home/robotics/ros2_cobot/install/mecharm_interfaces/local/lib/python3.10/dist-packages:/opt/ros/humble/lib/python3.10/site-packages:/opt/ros/humble/local/lib/python3.10/dist-packages /usr/bin/python3 -W ignore:setup.py install is deprecated -W ignore:easy_install command is deprecated setup.py egg_info --egg-base ../../../../build/myarm_c650 build --build-base /home/robotics/ros2_cobot/build/myarm_c650/build install --record /home/robotics/ros2_cobot/build/myarm_c650/install.log --single-version-externally-managed install_data
[1.237s] running egg_info
[1.239s] creating ../../../../build/myarm_c650/myarm_c650.egg-info
[1.239s] writing ../../../../build/myarm_c650/myarm_c650.egg-info/PKG-INFO
[1.239s] writing dependency_links to ../../../../build/myarm_c650/myarm_c650.egg-info/dependency_links.txt
[1.239s] writing entry points to ../../../../build/myarm_c650/myarm_c650.egg-info/entry_points.txt
[1.240s] writing requirements to ../../../../build/myarm_c650/myarm_c650.egg-info/requires.txt
[1.240s] writing top-level names to ../../../../build/myarm_c650/myarm_c650.egg-info/top_level.txt
[1.240s] writing manifest file '../../../../build/myarm_c650/myarm_c650.egg-info/SOURCES.txt'
[1.242s] reading manifest file '../../../../build/myarm_c650/myarm_c650.egg-info/SOURCES.txt'
[1.242s] adding license file 'LICENSE'
[1.243s] writing manifest file '../../../../build/myarm_c650/myarm_c650.egg-info/SOURCES.txt'
[1.243s] running build
[1.243s] running build_py
[1.243s] creating /home/robotics/ros2_cobot/build/myarm_c650/build
[1.243s] creating /home/robotics/ros2_cobot/build/myarm_c650/build/lib
[1.243s] creating /home/robotics/ros2_cobot/build/myarm_c650/build/lib/myarm_c650
[1.243s] copying myarm_c650/follow_display.py -> /home/robotics/ros2_cobot/build/myarm_c650/build/lib/myarm_c650
[1.243s] copying myarm_c650/debug.py -> /home/robotics/ros2_cobot/build/myarm_c650/build/lib/myarm_c650
[1.243s] copying myarm_c650/test.py -> /home/robotics/ros2_cobot/build/myarm_c650/build/lib/myarm_c650
[1.244s] copying myarm_c650/simple_gui.py -> /home/robotics/ros2_cobot/build/myarm_c650/build/lib/myarm_c650
[1.244s] copying myarm_c650/slider_control.py -> /home/robotics/ros2_cobot/build/myarm_c650/build/lib/myarm_c650
[1.244s] copying myarm_c650/teleop_keyboard.py -> /home/robotics/ros2_cobot/build/myarm_c650/build/lib/myarm_c650
[1.244s] copying myarm_c650/__init__.py -> /home/robotics/ros2_cobot/build/myarm_c650/build/lib/myarm_c650
[1.244s] running install
[1.244s] running install_lib
[1.245s] creating /home/robotics/ros2_cobot/install/myarm_c650/lib/python3.10/site-packages/myarm_c650
[1.245s] copying /home/robotics/ros2_cobot/build/myarm_c650/build/lib/myarm_c650/follow_display.py -> /home/robotics/ros2_cobot/install/myarm_c650/lib/python3.10/site-packages/myarm_c650
[1.245s] copying /home/robotics/ros2_cobot/build/myarm_c650/build/lib/myarm_c650/debug.py -> /home/robotics/ros2_cobot/install/myarm_c650/lib/python3.10/site-packages/myarm_c650
[1.245s] copying /home/robotics/ros2_cobot/build/myarm_c650/build/lib/myarm_c650/test.py -> /home/robotics/ros2_cobot/install/myarm_c650/lib/python3.10/site-packages/myarm_c650
[1.245s] copying /home/robotics/ros2_cobot/build/myarm_c650/build/lib/myarm_c650/simple_gui.py -> /home/robotics/ros2_cobot/install/myarm_c650/lib/python3.10/site-packages/myarm_c650
[1.245s] copying /home/robotics/ros2_cobot/build/myarm_c650/build/lib/myarm_c650/slider_control.py -> /home/robotics/ros2_cobot/install/myarm_c650/lib/python3.10/site-packages/myarm_c650
[1.245s] copying /home/robotics/ros2_cobot/build/myarm_c650/build/lib/myarm_c650/teleop_keyboard.py -> /home/robotics/ros2_cobot/install/myarm_c650/lib/python3.10/site-packages/myarm_c650
[1.245s] copying /home/robotics/ros2_cobot/build/myarm_c650/build/lib/myarm_c650/__init__.py -> /home/robotics/ros2_cobot/install/myarm_c650/lib/python3.10/site-packages/myarm_c650
[1.246s] byte-compiling /home/robotics/ros2_cobot/install/myarm_c650/lib/python3.10/site-packages/myarm_c650/follow_display.py to follow_display.cpython-310.pyc
[1.247s] byte-compiling /home/robotics/ros2_cobot/install/myarm_c650/lib/python3.10/site-packages/myarm_c650/debug.py to debug.cpython-310.pyc
[1.247s] byte-compiling /home/robotics/ros2_cobot/install/myarm_c650/lib/python3.10/site-packages/myarm_c650/test.py to test.cpython-310.pyc
[1.247s] byte-compiling /home/robotics/ros2_cobot/install/myarm_c650/lib/python3.10/site-packages/myarm_c650/simple_gui.py to simple_gui.cpython-310.pyc
[1.250s] byte-compiling /home/robotics/ros2_cobot/install/myarm_c650/lib/python3.10/site-packages/myarm_c650/slider_control.py to slider_control.cpython-310.pyc
[1.251s] byte-compiling /home/robotics/ros2_cobot/install/myarm_c650/lib/python3.10/site-packages/myarm_c650/teleop_keyboard.py to teleop_keyboard.cpython-310.pyc
[1.251s] byte-compiling /home/robotics/ros2_cobot/install/myarm_c650/lib/python3.10/site-packages/myarm_c650/__init__.py to __init__.cpython-310.pyc
[1.252s] running install_data
[1.252s] creating /home/robotics/ros2_cobot/install/myarm_c650/share/ament_index
[1.252s] creating /home/robotics/ros2_cobot/install/myarm_c650/share/ament_index/resource_index
[1.252s] creating /home/robotics/ros2_cobot/install/myarm_c650/share/ament_index/resource_index/packages
[1.252s] copying resource/myarm_c650 -> /home/robotics/ros2_cobot/install/myarm_c650/share/ament_index/resource_index/packages
[1.252s] copying package.xml -> /home/robotics/ros2_cobot/install/myarm_c650/share/myarm_c650
[1.252s] creating /home/robotics/ros2_cobot/install/myarm_c650/share/myarm_c650/launch
[1.252s] copying launch/slider_control.launch.py -> /home/robotics/ros2_cobot/install/myarm_c650/share/myarm_c650/launch
[1.252s] copying launch/mycobot_follow.launch.py -> /home/robotics/ros2_cobot/install/myarm_c650/share/myarm_c650/launch
[1.252s] copying launch/teleop_keyboard.launch.py -> /home/robotics/ros2_cobot/install/myarm_c650/share/myarm_c650/launch
[1.252s] copying launch/simple_gui.launch.py -> /home/robotics/ros2_cobot/install/myarm_c650/share/myarm_c650/launch
[1.252s] copying launch/test.launch.py -> /home/robotics/ros2_cobot/install/myarm_c650/share/myarm_c650/launch
[1.252s] creating /home/robotics/ros2_cobot/install/myarm_c650/share/myarm_c650/config
[1.252s] copying config/myarm_c650.rviz -> /home/robotics/ros2_cobot/install/myarm_c650/share/myarm_c650/config
[1.252s] copying config/myarm_with_marker.rviz -> /home/robotics/ros2_cobot/install/myarm_c650/share/myarm_c650/config
[1.252s] running install_egg_info
[1.253s] Copying ../../../../build/myarm_c650/myarm_c650.egg-info to /home/robotics/ros2_cobot/install/myarm_c650/lib/python3.10/site-packages/myarm_c650-0.0.0-py3.10.egg-info
[1.254s] running install_scripts
[1.273s] Installing debug script to /home/robotics/ros2_cobot/install/myarm_c650/lib/myarm_c650
[1.273s] Installing follow_display script to /home/robotics/ros2_cobot/install/myarm_c650/lib/myarm_c650
[1.273s] Installing simple_gui script to /home/robotics/ros2_cobot/install/myarm_c650/lib/myarm_c650
[1.273s] Installing slider_control script to /home/robotics/ros2_cobot/install/myarm_c650/lib/myarm_c650
[1.273s] Installing teleop_keyboard script to /home/robotics/ros2_cobot/install/myarm_c650/lib/myarm_c650
[1.273s] Installing test script to /home/robotics/ros2_cobot/install/myarm_c650/lib/myarm_c650
[1.273s] writing list of installed files to '/home/robotics/ros2_cobot/build/myarm_c650/install.log'
[1.312s] Invoked command in '/home/robotics/ros2_cobot/src/mycobot_ros2/myArm/myarm_c650' returned '0': AMENT_PREFIX_PATH=/home/robotics/ros2_cobot/install/mycobot_communication:/home/robotics/ros2_cobot/install/mycobot_description:/home/robotics/ros2_cobot/install/ultraarm:/home/robotics/ros2_cobot/install/traj_scripts:/home/robotics/ros2_cobot/install/mypalletizer_communication:/home/robotics/ros2_cobot/install/mypalletizer_interfaces:/home/robotics/ros2_cobot/install/mypalletizer_260_pi:/home/robotics/ros2_cobot/install/mypalletizer_260:/home/robotics/ros2_cobot/install/myarm_m750:/home/robotics/ros2_cobot/install/myarm_c650:/home/robotics/ros2_cobot/install/mecharm_communication:/home/robotics/ros2_cobot/install/mycobot_interfaces:/home/robotics/ros2_cobot/install/mycobot_630:/home/robotics/ros2_cobot/install/mycobot_600:/home/robotics/ros2_cobot/install/mycobot_320pi:/home/robotics/ros2_cobot/install/mycobot_320_riscv:/home/robotics/ros2_cobot/install/mycobot_320:/home/robotics/ros2_cobot/install/mycobot_280rdkx5_moveit2:/home/robotics/ros2_cobot/install/mycobot_280pi:/home/robotics/ros2_cobot/install/mycobot_280jn:/home/robotics/ros2_cobot/install/mycobot_280arduino_moveit2:/home/robotics/ros2_cobot/install/mycobot_280_x3pi:/home/robotics/ros2_cobot/install/mycobot_280_riscv:/home/robotics/ros2_cobot/install/mycobot_280_rdkx5:/home/robotics/ros2_cobot/install/mycobot_280_moveit2_control:/home/robotics/ros2_cobot/install/mycobot_280_moveit2:/home/robotics/ros2_cobot/install/mycobot_280_arduino:/home/robotics/ros2_cobot/install/mycobot_280:/home/robotics/ros2_cobot/install/mybuddy:/home/robotics/ros2_cobot/install/myarm_300:/home/robotics/ros2_cobot/install/mecharm_pi:/home/robotics/ros2_cobot/install/mecharm:/home/robotics/ros2_cobot/install/mecharm_interfaces:/opt/ros/humble CMAKE_PREFIX_PATH=/home/robotics/ros2_cobot/install/mycobot_interfaces:/home/robotics/ros2_cobot/install/traj_scripts:/home/robotics/ros2_cobot/install/mypalletizer_interfaces:/home/robotics/ros2_cobot/install/mycobot_280rdkx5_moveit2:/home/robotics/ros2_cobot/install/mycobot_280arduino_moveit2:/home/robotics/ros2_cobot/install/mycobot_280_moveit2:/home/robotics/ros2_cobot/install/mecharm_interfaces LD_LIBRARY_PATH=/home/robotics/ros2_cobot/install/mycobot_interfaces/lib:/home/robotics/ros2_cobot/install/mypalletizer_interfaces/lib:/home/robotics/ros2_cobot/install/mecharm_interfaces/lib:/opt/ros/humble/opt/rviz_ogre_vendor/lib:/opt/ros/humble/lib/x86_64-linux-gnu:/opt/ros/humble/lib PYTHONPATH=/home/robotics/ros2_cobot/build/myarm_c650/prefix_override:/usr/lib/python3/dist-packages/colcon_core/task/python/colcon_distutils_commands:/home/robotics/ros2_cobot/install/myarm_c650/lib/python3.10/site-packages:/home/robotics/ros2_cobot/install/mycobot_communication/lib/python3.10/site-packages:/home/robotics/ros2_cobot/install/mycobot_description/lib/python3.10/site-packages:/home/robotics/ros2_cobot/install/ultraarm/lib/python3.10/site-packages:/home/robotics/ros2_cobot/install/traj_scripts/local/lib/python3.10/dist-packages:/home/robotics/ros2_cobot/install/mypalletizer_communication/lib/python3.10/site-packages:/home/robotics/ros2_cobot/install/mypalletizer_interfaces/local/lib/python3.10/dist-packages:/home/robotics/ros2_cobot/install/mypalletizer_260_pi/lib/python3.10/site-packages:/home/robotics/ros2_cobot/install/mypalletizer_260/lib/python3.10/site-packages:/home/robotics/ros2_cobot/install/myarm_m750/lib/python3.10/site-packages:/home/robotics/ros2_cobot/install/myarm_c650/lib/python3.10/site-packages:/home/robotics/ros2_cobot/install/mecharm_communication/lib/python3.10/site-packages:/home/robotics/ros2_cobot/install/mycobot_interfaces/local/lib/python3.10/dist-packages:/home/robotics/ros2_cobot/install/mycobot_630/lib/python3.10/site-packages:/home/robotics/ros2_cobot/install/mycobot_600/lib/python3.10/site-packages:/home/robotics/ros2_cobot/install/mycobot_320pi/lib/python3.10/site-packages:/home/robotics/ros2_cobot/install/mycobot_320_riscv/lib/python3.10/site-packages:/home/robotics/ros2_cobot/install/mycobot_320/lib/python3.10/site-packages:/home/robotics/ros2_cobot/install/mycobot_280pi/lib/python3.10/site-packages:/home/robotics/ros2_cobot/install/mycobot_280jn/lib/python3.10/site-packages:/home/robotics/ros2_cobot/install/mycobot_280_x3pi/lib/python3.10/site-packages:/home/robotics/ros2_cobot/install/mycobot_280_riscv/lib/python3.10/site-packages:/home/robotics/ros2_cobot/install/mycobot_280_rdkx5/lib/python3.10/site-packages:/home/robotics/ros2_cobot/install/mycobot_280_moveit2_control/lib/python3.10/site-packages:/home/robotics/ros2_cobot/install/mycobot_280_arduino/lib/python3.10/site-packages:/home/robotics/ros2_cobot/install/mycobot_280/lib/python3.10/site-packages:/home/robotics/ros2_cobot/install/mybuddy/lib/python3.10/site-packages:/home/robotics/ros2_cobot/install/myarm_300/lib/python3.10/site-packages:/home/robotics/ros2_cobot/install/mecharm_pi/lib/python3.10/site-packages:/home/robotics/ros2_cobot/install/mecharm/lib/python3.10/site-packages:/home/robotics/ros2_cobot/install/mecharm_interfaces/local/lib/python3.10/dist-packages:/opt/ros/humble/lib/python3.10/site-packages:/opt/ros/humble/local/lib/python3.10/dist-packages /usr/bin/python3 -W ignore:setup.py install is deprecated -W ignore:easy_install command is deprecated setup.py egg_info --egg-base ../../../../build/myarm_c650 build --build-base /home/robotics/ros2_cobot/build/myarm_c650/build install --record /home/robotics/ros2_cobot/build/myarm_c650/install.log --single-version-externally-managed install_data
