running egg_info
creating ../../../../build/mycobot_280_arduino/mycobot_280_arduino.egg-info
writing ../../../../build/mycobot_280_arduino/mycobot_280_arduino.egg-info/PKG-INFO
writing dependency_links to ../../../../build/mycobot_280_arduino/mycobot_280_arduino.egg-info/dependency_links.txt
writing entry points to ../../../../build/mycobot_280_arduino/mycobot_280_arduino.egg-info/entry_points.txt
writing requirements to ../../../../build/mycobot_280_arduino/mycobot_280_arduino.egg-info/requires.txt
writing top-level names to ../../../../build/mycobot_280_arduino/mycobot_280_arduino.egg-info/top_level.txt
writing manifest file '../../../../build/mycobot_280_arduino/mycobot_280_arduino.egg-info/SOURCES.txt'
reading manifest file '../../../../build/mycobot_280_arduino/mycobot_280_arduino.egg-info/SOURCES.txt'
adding license file 'LICENSE'
writing manifest file '../../../../build/mycobot_280_arduino/mycobot_280_arduino.egg-info/SOURCES.txt'
running build
running build_py
creating /home/robotics/ros2_cobot/build/mycobot_280_arduino/build
creating /home/robotics/ros2_cobot/build/mycobot_280_arduino/build/lib
creating /home/robotics/ros2_cobot/build/mycobot_280_arduino/build/lib/mycobot_280_arduino
copying mycobot_280_arduino/follow_display.py -> /home/robotics/ros2_cobot/build/mycobot_280_arduino/build/lib/mycobot_280_arduino
copying mycobot_280_arduino/camera_display.py -> /home/robotics/ros2_cobot/build/mycobot_280_arduino/build/lib/mycobot_280_arduino
copying mycobot_280_arduino/listen_real_of_topic.py -> /home/robotics/ros2_cobot/build/mycobot_280_arduino/build/lib/mycobot_280_arduino
copying mycobot_280_arduino/simple_gui.py -> /home/robotics/ros2_cobot/build/mycobot_280_arduino/build/lib/mycobot_280_arduino
copying mycobot_280_arduino/slider_control.py -> /home/robotics/ros2_cobot/build/mycobot_280_arduino/build/lib/mycobot_280_arduino
copying mycobot_280_arduino/opencv_camera.py -> /home/robotics/ros2_cobot/build/mycobot_280_arduino/build/lib/mycobot_280_arduino
copying mycobot_280_arduino/listen_real.py -> /home/robotics/ros2_cobot/build/mycobot_280_arduino/build/lib/mycobot_280_arduino
copying mycobot_280_arduino/teleop_keyboard.py -> /home/robotics/ros2_cobot/build/mycobot_280_arduino/build/lib/mycobot_280_arduino
copying mycobot_280_arduino/__init__.py -> /home/robotics/ros2_cobot/build/mycobot_280_arduino/build/lib/mycobot_280_arduino
running install
running install_lib
creating /home/robotics/ros2_cobot/install/mycobot_280_arduino/lib/python3.10/site-packages/mycobot_280_arduino
copying /home/robotics/ros2_cobot/build/mycobot_280_arduino/build/lib/mycobot_280_arduino/follow_display.py -> /home/robotics/ros2_cobot/install/mycobot_280_arduino/lib/python3.10/site-packages/mycobot_280_arduino
copying /home/robotics/ros2_cobot/build/mycobot_280_arduino/build/lib/mycobot_280_arduino/camera_display.py -> /home/robotics/ros2_cobot/install/mycobot_280_arduino/lib/python3.10/site-packages/mycobot_280_arduino
copying /home/robotics/ros2_cobot/build/mycobot_280_arduino/build/lib/mycobot_280_arduino/listen_real_of_topic.py -> /home/robotics/ros2_cobot/install/mycobot_280_arduino/lib/python3.10/site-packages/mycobot_280_arduino
copying /home/robotics/ros2_cobot/build/mycobot_280_arduino/build/lib/mycobot_280_arduino/simple_gui.py -> /home/robotics/ros2_cobot/install/mycobot_280_arduino/lib/python3.10/site-packages/mycobot_280_arduino
copying /home/robotics/ros2_cobot/build/mycobot_280_arduino/build/lib/mycobot_280_arduino/slider_control.py -> /home/robotics/ros2_cobot/install/mycobot_280_arduino/lib/python3.10/site-packages/mycobot_280_arduino
copying /home/robotics/ros2_cobot/build/mycobot_280_arduino/build/lib/mycobot_280_arduino/opencv_camera.py -> /home/robotics/ros2_cobot/install/mycobot_280_arduino/lib/python3.10/site-packages/mycobot_280_arduino
copying /home/robotics/ros2_cobot/build/mycobot_280_arduino/build/lib/mycobot_280_arduino/listen_real.py -> /home/robotics/ros2_cobot/install/mycobot_280_arduino/lib/python3.10/site-packages/mycobot_280_arduino
copying /home/robotics/ros2_cobot/build/mycobot_280_arduino/build/lib/mycobot_280_arduino/teleop_keyboard.py -> /home/robotics/ros2_cobot/install/mycobot_280_arduino/lib/python3.10/site-packages/mycobot_280_arduino
copying /home/robotics/ros2_cobot/build/mycobot_280_arduino/build/lib/mycobot_280_arduino/__init__.py -> /home/robotics/ros2_cobot/install/mycobot_280_arduino/lib/python3.10/site-packages/mycobot_280_arduino
byte-compiling /home/robotics/ros2_cobot/install/mycobot_280_arduino/lib/python3.10/site-packages/mycobot_280_arduino/follow_display.py to follow_display.cpython-310.pyc
byte-compiling /home/robotics/ros2_cobot/install/mycobot_280_arduino/lib/python3.10/site-packages/mycobot_280_arduino/camera_display.py to camera_display.cpython-310.pyc
byte-compiling /home/robotics/ros2_cobot/install/mycobot_280_arduino/lib/python3.10/site-packages/mycobot_280_arduino/listen_real_of_topic.py to listen_real_of_topic.cpython-310.pyc
byte-compiling /home/robotics/ros2_cobot/install/mycobot_280_arduino/lib/python3.10/site-packages/mycobot_280_arduino/simple_gui.py to simple_gui.cpython-310.pyc
byte-compiling /home/robotics/ros2_cobot/install/mycobot_280_arduino/lib/python3.10/site-packages/mycobot_280_arduino/slider_control.py to slider_control.cpython-310.pyc
byte-compiling /home/robotics/ros2_cobot/install/mycobot_280_arduino/lib/python3.10/site-packages/mycobot_280_arduino/opencv_camera.py to opencv_camera.cpython-310.pyc
byte-compiling /home/robotics/ros2_cobot/install/mycobot_280_arduino/lib/python3.10/site-packages/mycobot_280_arduino/listen_real.py to listen_real.cpython-310.pyc
byte-compiling /home/robotics/ros2_cobot/install/mycobot_280_arduino/lib/python3.10/site-packages/mycobot_280_arduino/teleop_keyboard.py to teleop_keyboard.cpython-310.pyc
byte-compiling /home/robotics/ros2_cobot/install/mycobot_280_arduino/lib/python3.10/site-packages/mycobot_280_arduino/__init__.py to __init__.cpython-310.pyc
running install_data
creating /home/robotics/ros2_cobot/install/mycobot_280_arduino/share/ament_index
creating /home/robotics/ros2_cobot/install/mycobot_280_arduino/share/ament_index/resource_index
creating /home/robotics/ros2_cobot/install/mycobot_280_arduino/share/ament_index/resource_index/packages
copying resource/mycobot_280_arduino -> /home/robotics/ros2_cobot/install/mycobot_280_arduino/share/ament_index/resource_index/packages
copying package.xml -> /home/robotics/ros2_cobot/install/mycobot_280_arduino/share/mycobot_280_arduino
creating /home/robotics/ros2_cobot/install/mycobot_280_arduino/share/mycobot_280_arduino/launch
copying launch/slider_control.launch.py -> /home/robotics/ros2_cobot/install/mycobot_280_arduino/share/mycobot_280_arduino/launch
copying launch/mycobot_follow.launch.py -> /home/robotics/ros2_cobot/install/mycobot_280_arduino/share/mycobot_280_arduino/launch
copying launch/teleop_keyboard.launch.py -> /home/robotics/ros2_cobot/install/mycobot_280_arduino/share/mycobot_280_arduino/launch
copying launch/simple_gui.launch.py -> /home/robotics/ros2_cobot/install/mycobot_280_arduino/share/mycobot_280_arduino/launch
copying launch/test.launch.py -> /home/robotics/ros2_cobot/install/mycobot_280_arduino/share/mycobot_280_arduino/launch
creating /home/robotics/ros2_cobot/install/mycobot_280_arduino/share/mycobot_280_arduino/config
copying config/mycobot_ar.rviz -> /home/robotics/ros2_cobot/install/mycobot_280_arduino/share/mycobot_280_arduino/config
running install_egg_info
Copying ../../../../build/mycobot_280_arduino/mycobot_280_arduino.egg-info to /home/robotics/ros2_cobot/install/mycobot_280_arduino/lib/python3.10/site-packages/mycobot_280_arduino-0.0.0-py3.10.egg-info
running install_scripts
Installing camera_display script to /home/robotics/ros2_cobot/install/mycobot_280_arduino/lib/mycobot_280_arduino
Installing detect_marker script to /home/robotics/ros2_cobot/install/mycobot_280_arduino/lib/mycobot_280_arduino
Installing follow_display script to /home/robotics/ros2_cobot/install/mycobot_280_arduino/lib/mycobot_280_arduino
Installing following_marker script to /home/robotics/ros2_cobot/install/mycobot_280_arduino/lib/mycobot_280_arduino
Installing listen_real script to /home/robotics/ros2_cobot/install/mycobot_280_arduino/lib/mycobot_280_arduino
Installing listen_real_of_topic script to /home/robotics/ros2_cobot/install/mycobot_280_arduino/lib/mycobot_280_arduino
Installing opencv_camera script to /home/robotics/ros2_cobot/install/mycobot_280_arduino/lib/mycobot_280_arduino
Installing simple_gui script to /home/robotics/ros2_cobot/install/mycobot_280_arduino/lib/mycobot_280_arduino
Installing slider_control script to /home/robotics/ros2_cobot/install/mycobot_280_arduino/lib/mycobot_280_arduino
Installing teleop_keyboard script to /home/robotics/ros2_cobot/install/mycobot_280_arduino/lib/mycobot_280_arduino
writing list of installed files to '/home/robotics/ros2_cobot/build/mycobot_280_arduino/install.log'
