running egg_info
creating ../../../../build/mypalletizer_communication/mypalletizer_communication.egg-info
writing ../../../../build/mypalletizer_communication/mypalletizer_communication.egg-info/PKG-INFO
writing dependency_links to ../../../../build/mypalletizer_communication/mypalletizer_communication.egg-info/dependency_links.txt
writing entry points to ../../../../build/mypalletizer_communication/mypalletizer_communication.egg-info/entry_points.txt
writing requirements to ../../../../build/mypalletizer_communication/mypalletizer_communication.egg-info/requires.txt
writing top-level names to ../../../../build/mypalletizer_communication/mypalletizer_communication.egg-info/top_level.txt
writing manifest file '../../../../build/mypalletizer_communication/mypalletizer_communication.egg-info/SOURCES.txt'
reading manifest file '../../../../build/mypalletizer_communication/mypalletizer_communication.egg-info/SOURCES.txt'
writing manifest file '../../../../build/mypalletizer_communication/mypalletizer_communication.egg-info/SOURCES.txt'
running build
running build_py
creating /home/robotics/ros2_cobot/build/mypalletizer_communication/build
creating /home/robotics/ros2_cobot/build/mypalletizer_communication/build/lib
creating /home/robotics/ros2_cobot/build/mypalletizer_communication/build/lib/mypalletizer_communication
copying mypalletizer_communication/mypalletizer_topics_seeed.py -> /home/robotics/ros2_cobot/build/mypalletizer_communication/build/lib/mypalletizer_communication
copying mypalletizer_communication/mypalletizer_services.py -> /home/robotics/ros2_cobot/build/mypalletizer_communication/build/lib/mypalletizer_communication
copying mypalletizer_communication/mypalletizer_topics.py -> /home/robotics/ros2_cobot/build/mypalletizer_communication/build/lib/mypalletizer_communication
copying mypalletizer_communication/__init__.py -> /home/robotics/ros2_cobot/build/mypalletizer_communication/build/lib/mypalletizer_communication
running install
running install_lib
creating /home/robotics/ros2_cobot/install/mypalletizer_communication/lib/python3.10/site-packages/mypalletizer_communication
copying /home/robotics/ros2_cobot/build/mypalletizer_communication/build/lib/mypalletizer_communication/mypalletizer_topics_seeed.py -> /home/robotics/ros2_cobot/install/mypalletizer_communication/lib/python3.10/site-packages/mypalletizer_communication
copying /home/robotics/ros2_cobot/build/mypalletizer_communication/build/lib/mypalletizer_communication/mypalletizer_services.py -> /home/robotics/ros2_cobot/install/mypalletizer_communication/lib/python3.10/site-packages/mypalletizer_communication
copying /home/robotics/ros2_cobot/build/mypalletizer_communication/build/lib/mypalletizer_communication/mypalletizer_topics.py -> /home/robotics/ros2_cobot/install/mypalletizer_communication/lib/python3.10/site-packages/mypalletizer_communication
copying /home/robotics/ros2_cobot/build/mypalletizer_communication/build/lib/mypalletizer_communication/__init__.py -> /home/robotics/ros2_cobot/install/mypalletizer_communication/lib/python3.10/site-packages/mypalletizer_communication
byte-compiling /home/robotics/ros2_cobot/install/mypalletizer_communication/lib/python3.10/site-packages/mypalletizer_communication/mypalletizer_topics_seeed.py to mypalletizer_topics_seeed.cpython-310.pyc
byte-compiling /home/robotics/ros2_cobot/install/mypalletizer_communication/lib/python3.10/site-packages/mypalletizer_communication/mypalletizer_services.py to mypalletizer_services.cpython-310.pyc
byte-compiling /home/robotics/ros2_cobot/install/mypalletizer_communication/lib/python3.10/site-packages/mypalletizer_communication/mypalletizer_topics.py to mypalletizer_topics.cpython-310.pyc
byte-compiling /home/robotics/ros2_cobot/install/mypalletizer_communication/lib/python3.10/site-packages/mypalletizer_communication/__init__.py to __init__.cpython-310.pyc
running install_data
creating /home/robotics/ros2_cobot/install/mypalletizer_communication/share/ament_index
creating /home/robotics/ros2_cobot/install/mypalletizer_communication/share/ament_index/resource_index
creating /home/robotics/ros2_cobot/install/mypalletizer_communication/share/ament_index/resource_index/packages
copying resource/mypalletizer_communication -> /home/robotics/ros2_cobot/install/mypalletizer_communication/share/ament_index/resource_index/packages
copying package.xml -> /home/robotics/ros2_cobot/install/mypalletizer_communication/share/mypalletizer_communication
creating /home/robotics/ros2_cobot/install/mypalletizer_communication/share/mypalletizer_communication/launch
copying launch/communication_topic.launch.py -> /home/robotics/ros2_cobot/install/mypalletizer_communication/share/mypalletizer_communication/launch
copying launch/communication_topic_pi.launch.py -> /home/robotics/ros2_cobot/install/mypalletizer_communication/share/mypalletizer_communication/launch
copying launch/communication_seeed.launch.py -> /home/robotics/ros2_cobot/install/mypalletizer_communication/share/mypalletizer_communication/launch
copying launch/communication_service.launch.py -> /home/robotics/ros2_cobot/install/mypalletizer_communication/share/mypalletizer_communication/launch
running install_egg_info
Copying ../../../../build/mypalletizer_communication/mypalletizer_communication.egg-info to /home/robotics/ros2_cobot/install/mypalletizer_communication/lib/python3.10/site-packages/mypalletizer_communication-0.0.0-py3.10.egg-info
running install_scripts
Installing mypalletizer_services script to /home/robotics/ros2_cobot/install/mypalletizer_communication/lib/mypalletizer_communication
Installing mypalletizer_topics script to /home/robotics/ros2_cobot/install/mypalletizer_communication/lib/mypalletizer_communication
Installing mypalletizer_topics_seeed script to /home/robotics/ros2_cobot/install/mypalletizer_communication/lib/mypalletizer_communication
writing list of installed files to '/home/robotics/ros2_cobot/build/mypalletizer_communication/install.log'
