[0.683s] Invoking command in '/home/robotics/ros2_cobot/src/mycobot_ros2/mypalletizer_260/mypalletizer_communication': CMAKE_PREFIX_PATH=/home/robotics/ros2_cobot/install/mypalletizer_interfaces:/home/robotics/ros2_cobot/install/traj_scripts:/home/robotics/ros2_cobot/install/mycobot_interfaces:/home/robotics/ros2_cobot/install/mycobot_280rdkx5_moveit2:/home/robotics/ros2_cobot/install/mycobot_280arduino_moveit2:/home/robotics/ros2_cobot/install/mycobot_280_moveit2:/home/robotics/ros2_cobot/install/mecharm_interfaces PYTHONPATH=/home/robotics/ros2_cobot/build/mypalletizer_communication/prefix_override:/usr/lib/python3/dist-packages/colcon_core/task/python/colcon_distutils_commands:/home/robotics/ros2_cobot/install/mypalletizer_communication/lib/python3.10/site-packages:${PYTHONPATH} /usr/bin/python3 -W ignore:setup.py install is deprecated -W ignore:easy_install command is deprecated setup.py egg_info --egg-base ../../../../build/mypalletizer_communication build --build-base /home/robotics/ros2_cobot/build/mypalletizer_communication/build install --record /home/robotics/ros2_cobot/build/mypalletizer_communication/install.log --single-version-externally-managed install_data
[0.885s] running egg_info
[0.885s] creating ../../../../build/mypalletizer_communication/mypalletizer_communication.egg-info
[0.885s] writing ../../../../build/mypalletizer_communication/mypalletizer_communication.egg-info/PKG-INFO
[0.885s] writing dependency_links to ../../../../build/mypalletizer_communication/mypalletizer_communication.egg-info/dependency_links.txt
[0.886s] writing entry points to ../../../../build/mypalletizer_communication/mypalletizer_communication.egg-info/entry_points.txt
[0.886s] writing requirements to ../../../../build/mypalletizer_communication/mypalletizer_communication.egg-info/requires.txt
[0.886s] writing top-level names to ../../../../build/mypalletizer_communication/mypalletizer_communication.egg-info/top_level.txt
[0.886s] writing manifest file '../../../../build/mypalletizer_communication/mypalletizer_communication.egg-info/SOURCES.txt'
[0.887s] reading manifest file '../../../../build/mypalletizer_communication/mypalletizer_communication.egg-info/SOURCES.txt'
[0.887s] writing manifest file '../../../../build/mypalletizer_communication/mypalletizer_communication.egg-info/SOURCES.txt'
[0.887s] running build
[0.888s] running build_py
[0.888s] creating /home/robotics/ros2_cobot/build/mypalletizer_communication/build
[0.888s] creating /home/robotics/ros2_cobot/build/mypalletizer_communication/build/lib
[0.888s] creating /home/robotics/ros2_cobot/build/mypalletizer_communication/build/lib/mypalletizer_communication
[0.888s] copying mypalletizer_communication/mypalletizer_topics_seeed.py -> /home/robotics/ros2_cobot/build/mypalletizer_communication/build/lib/mypalletizer_communication
[0.888s] copying mypalletizer_communication/mypalletizer_services.py -> /home/robotics/ros2_cobot/build/mypalletizer_communication/build/lib/mypalletizer_communication
[0.888s] copying mypalletizer_communication/mypalletizer_topics.py -> /home/robotics/ros2_cobot/build/mypalletizer_communication/build/lib/mypalletizer_communication
[0.888s] copying mypalletizer_communication/__init__.py -> /home/robotics/ros2_cobot/build/mypalletizer_communication/build/lib/mypalletizer_communication
[0.888s] running install
[0.888s] running install_lib
[0.889s] creating /home/robotics/ros2_cobot/install/mypalletizer_communication/lib/python3.10/site-packages/mypalletizer_communication
[0.889s] copying /home/robotics/ros2_cobot/build/mypalletizer_communication/build/lib/mypalletizer_communication/mypalletizer_topics_seeed.py -> /home/robotics/ros2_cobot/install/mypalletizer_communication/lib/python3.10/site-packages/mypalletizer_communication
[0.889s] copying /home/robotics/ros2_cobot/build/mypalletizer_communication/build/lib/mypalletizer_communication/mypalletizer_services.py -> /home/robotics/ros2_cobot/install/mypalletizer_communication/lib/python3.10/site-packages/mypalletizer_communication
[0.889s] copying /home/robotics/ros2_cobot/build/mypalletizer_communication/build/lib/mypalletizer_communication/mypalletizer_topics.py -> /home/robotics/ros2_cobot/install/mypalletizer_communication/lib/python3.10/site-packages/mypalletizer_communication
[0.889s] copying /home/robotics/ros2_cobot/build/mypalletizer_communication/build/lib/mypalletizer_communication/__init__.py -> /home/robotics/ros2_cobot/install/mypalletizer_communication/lib/python3.10/site-packages/mypalletizer_communication
[0.889s] byte-compiling /home/robotics/ros2_cobot/install/mypalletizer_communication/lib/python3.10/site-packages/mypalletizer_communication/mypalletizer_topics_seeed.py to mypalletizer_topics_seeed.cpython-310.pyc
[0.890s] byte-compiling /home/robotics/ros2_cobot/install/mypalletizer_communication/lib/python3.10/site-packages/mypalletizer_communication/mypalletizer_services.py to mypalletizer_services.cpython-310.pyc
[0.891s] byte-compiling /home/robotics/ros2_cobot/install/mypalletizer_communication/lib/python3.10/site-packages/mypalletizer_communication/mypalletizer_topics.py to mypalletizer_topics.cpython-310.pyc
[0.892s] byte-compiling /home/robotics/ros2_cobot/install/mypalletizer_communication/lib/python3.10/site-packages/mypalletizer_communication/__init__.py to __init__.cpython-310.pyc
[0.892s] running install_data
[0.892s] creating /home/robotics/ros2_cobot/install/mypalletizer_communication/share/ament_index
[0.892s] creating /home/robotics/ros2_cobot/install/mypalletizer_communication/share/ament_index/resource_index
[0.892s] creating /home/robotics/ros2_cobot/install/mypalletizer_communication/share/ament_index/resource_index/packages
[0.892s] copying resource/mypalletizer_communication -> /home/robotics/ros2_cobot/install/mypalletizer_communication/share/ament_index/resource_index/packages
[0.892s] copying package.xml -> /home/robotics/ros2_cobot/install/mypalletizer_communication/share/mypalletizer_communication
[0.892s] creating /home/robotics/ros2_cobot/install/mypalletizer_communication/share/mypalletizer_communication/launch
[0.892s] copying launch/communication_topic.launch.py -> /home/robotics/ros2_cobot/install/mypalletizer_communication/share/mypalletizer_communication/launch
[0.892s] copying launch/communication_topic_pi.launch.py -> /home/robotics/ros2_cobot/install/mypalletizer_communication/share/mypalletizer_communication/launch
[0.892s] copying launch/communication_seeed.launch.py -> /home/robotics/ros2_cobot/install/mypalletizer_communication/share/mypalletizer_communication/launch
[0.892s] copying launch/communication_service.launch.py -> /home/robotics/ros2_cobot/install/mypalletizer_communication/share/mypalletizer_communication/launch
[0.892s] running install_egg_info
[0.894s] Copying ../../../../build/mypalletizer_communication/mypalletizer_communication.egg-info to /home/robotics/ros2_cobot/install/mypalletizer_communication/lib/python3.10/site-packages/mypalletizer_communication-0.0.0-py3.10.egg-info
[0.894s] running install_scripts
[0.909s] Installing mypalletizer_services script to /home/robotics/ros2_cobot/install/mypalletizer_communication/lib/mypalletizer_communication
[0.909s] Installing mypalletizer_topics script to /home/robotics/ros2_cobot/install/mypalletizer_communication/lib/mypalletizer_communication
[0.909s] Installing mypalletizer_topics_seeed script to /home/robotics/ros2_cobot/install/mypalletizer_communication/lib/mypalletizer_communication
[0.910s] writing list of installed files to '/home/robotics/ros2_cobot/build/mypalletizer_communication/install.log'
[0.940s] Invoked command in '/home/robotics/ros2_cobot/src/mycobot_ros2/mypalletizer_260/mypalletizer_communication' returned '0': CMAKE_PREFIX_PATH=/home/robotics/ros2_cobot/install/mypalletizer_interfaces:/home/robotics/ros2_cobot/install/traj_scripts:/home/robotics/ros2_cobot/install/mycobot_interfaces:/home/robotics/ros2_cobot/install/mycobot_280rdkx5_moveit2:/home/robotics/ros2_cobot/install/mycobot_280arduino_moveit2:/home/robotics/ros2_cobot/install/mycobot_280_moveit2:/home/robotics/ros2_cobot/install/mecharm_interfaces PYTHONPATH=/home/robotics/ros2_cobot/build/mypalletizer_communication/prefix_override:/usr/lib/python3/dist-packages/colcon_core/task/python/colcon_distutils_commands:/home/robotics/ros2_cobot/install/mypalletizer_communication/lib/python3.10/site-packages:${PYTHONPATH} /usr/bin/python3 -W ignore:setup.py install is deprecated -W ignore:easy_install command is deprecated setup.py egg_info --egg-base ../../../../build/mypalletizer_communication build --build-base /home/robotics/ros2_cobot/build/mypalletizer_communication/build install --record /home/robotics/ros2_cobot/build/mypalletizer_communication/install.log --single-version-externally-managed install_data
