/home/robotics/ros2_cobot/install/myarm_c650/lib/python3.10/site-packages/myarm_c650/follow_display.py
/home/robotics/ros2_cobot/install/myarm_c650/lib/python3.10/site-packages/myarm_c650/debug.py
/home/robotics/ros2_cobot/install/myarm_c650/lib/python3.10/site-packages/myarm_c650/test.py
/home/robotics/ros2_cobot/install/myarm_c650/lib/python3.10/site-packages/myarm_c650/simple_gui.py
/home/robotics/ros2_cobot/install/myarm_c650/lib/python3.10/site-packages/myarm_c650/slider_control.py
/home/robotics/ros2_cobot/install/myarm_c650/lib/python3.10/site-packages/myarm_c650/teleop_keyboard.py
/home/robotics/ros2_cobot/install/myarm_c650/lib/python3.10/site-packages/myarm_c650/__init__.py
/home/robotics/ros2_cobot/install/myarm_c650/lib/python3.10/site-packages/myarm_c650/__pycache__/follow_display.cpython-310.pyc
/home/robotics/ros2_cobot/install/myarm_c650/lib/python3.10/site-packages/myarm_c650/__pycache__/debug.cpython-310.pyc
/home/robotics/ros2_cobot/install/myarm_c650/lib/python3.10/site-packages/myarm_c650/__pycache__/test.cpython-310.pyc
/home/robotics/ros2_cobot/install/myarm_c650/lib/python3.10/site-packages/myarm_c650/__pycache__/simple_gui.cpython-310.pyc
/home/robotics/ros2_cobot/install/myarm_c650/lib/python3.10/site-packages/myarm_c650/__pycache__/slider_control.cpython-310.pyc
/home/robotics/ros2_cobot/install/myarm_c650/lib/python3.10/site-packages/myarm_c650/__pycache__/teleop_keyboard.cpython-310.pyc
/home/robotics/ros2_cobot/install/myarm_c650/lib/python3.10/site-packages/myarm_c650/__pycache__/__init__.cpython-310.pyc
/home/robotics/ros2_cobot/install/myarm_c650/share/ament_index/resource_index/packages/myarm_c650
/home/robotics/ros2_cobot/install/myarm_c650/share/myarm_c650/package.xml
/home/robotics/ros2_cobot/install/myarm_c650/share/myarm_c650/launch/slider_control.launch.py
/home/robotics/ros2_cobot/install/myarm_c650/share/myarm_c650/launch/mycobot_follow.launch.py
/home/robotics/ros2_cobot/install/myarm_c650/share/myarm_c650/launch/teleop_keyboard.launch.py
/home/robotics/ros2_cobot/install/myarm_c650/share/myarm_c650/launch/simple_gui.launch.py
/home/robotics/ros2_cobot/install/myarm_c650/share/myarm_c650/launch/test.launch.py
/home/robotics/ros2_cobot/install/myarm_c650/share/myarm_c650/config/myarm_c650.rviz
/home/robotics/ros2_cobot/install/myarm_c650/share/myarm_c650/config/myarm_with_marker.rviz
/home/robotics/ros2_cobot/install/myarm_c650/lib/python3.10/site-packages/myarm_c650-0.0.0-py3.10.egg-info/entry_points.txt
/home/robotics/ros2_cobot/install/myarm_c650/lib/python3.10/site-packages/myarm_c650-0.0.0-py3.10.egg-info/dependency_links.txt
/home/robotics/ros2_cobot/install/myarm_c650/lib/python3.10/site-packages/myarm_c650-0.0.0-py3.10.egg-info/top_level.txt
/home/robotics/ros2_cobot/install/myarm_c650/lib/python3.10/site-packages/myarm_c650-0.0.0-py3.10.egg-info/zip-safe
/home/robotics/ros2_cobot/install/myarm_c650/lib/python3.10/site-packages/myarm_c650-0.0.0-py3.10.egg-info/requires.txt
/home/robotics/ros2_cobot/install/myarm_c650/lib/python3.10/site-packages/myarm_c650-0.0.0-py3.10.egg-info/SOURCES.txt
/home/robotics/ros2_cobot/install/myarm_c650/lib/python3.10/site-packages/myarm_c650-0.0.0-py3.10.egg-info/PKG-INFO
/home/robotics/ros2_cobot/install/myarm_c650/lib/myarm_c650/debug
/home/robotics/ros2_cobot/install/myarm_c650/lib/myarm_c650/follow_display
/home/robotics/ros2_cobot/install/myarm_c650/lib/myarm_c650/simple_gui
/home/robotics/ros2_cobot/install/myarm_c650/lib/myarm_c650/slider_control
/home/robotics/ros2_cobot/install/myarm_c650/lib/myarm_c650/teleop_keyboard
/home/robotics/ros2_cobot/install/myarm_c650/lib/myarm_c650/test
