[2.603s] Invoking command in '/home/robotics/ros2_cobot/src/mycobot_ros2/myArm/myarm_300': AMENT_PREFIX_PATH=/home/robotics/ros2_cobot/install/mycobot_description:/home/robotics/ros2_cobot/install/ultraarm:/home/robotics/ros2_cobot/install/traj_scripts:/home/robotics/ros2_cobot/install/mypalletizer_communication:/home/robotics/ros2_cobot/install/mypalletizer_interfaces:/home/robotics/ros2_cobot/install/mypalletizer_260_pi:/home/robotics/ros2_cobot/install/mypalletizer_260:/home/robotics/ros2_cobot/install/myarm_m750:/home/robotics/ros2_cobot/install/myarm_c650:/home/robotics/ros2_cobot/install/mycobot_communication:/home/robotics/ros2_cobot/install/mecharm_communication:/home/robotics/ros2_cobot/install/mycobot_interfaces:/home/robotics/ros2_cobot/install/mycobot_630:/home/robotics/ros2_cobot/install/mycobot_600:/home/robotics/ros2_cobot/install/mycobot_320pi:/home/robotics/ros2_cobot/install/mycobot_320_riscv:/home/robotics/ros2_cobot/install/mycobot_320:/home/robotics/ros2_cobot/install/mycobot_280rdkx5_moveit2:/home/robotics/ros2_cobot/install/mycobot_280pi:/home/robotics/ros2_cobot/install/mycobot_280jn:/home/robotics/ros2_cobot/install/mycobot_280arduino_moveit2:/home/robotics/ros2_cobot/install/mycobot_280_x3pi:/home/robotics/ros2_cobot/install/mycobot_280_riscv:/home/robotics/ros2_cobot/install/mycobot_280_rdkx5:/home/robotics/ros2_cobot/install/mycobot_280_moveit2_control:/home/robotics/ros2_cobot/install/mycobot_280_moveit2:/home/robotics/ros2_cobot/install/mycobot_280_arduino:/home/robotics/ros2_cobot/install/mycobot_280:/home/robotics/ros2_cobot/install/mybuddy:/home/robotics/ros2_cobot/install/myarm_300:/home/robotics/ros2_cobot/install/mecharm_pi:/home/robotics/ros2_cobot/install/mecharm:/home/robotics/ros2_cobot/install/mecharm_interfaces:/opt/ros/humble PYTHONPATH=/home/robotics/ros2_cobot/build/myarm_300/prefix_override:/usr/lib/python3/dist-packages/colcon_core/task/python/colcon_distutils_commands:/home/robotics/ros2_cobot/install/myarm_300/lib/python3.10/site-packages:/home/robotics/ros2_cobot/install/mycobot_description/lib/python3.10/site-packages:/home/robotics/ros2_cobot/install/ultraarm/lib/python3.10/site-packages:/home/robotics/ros2_cobot/install/traj_scripts/local/lib/python3.10/dist-packages:/home/robotics/ros2_cobot/install/mypalletizer_communication/lib/python3.10/site-packages:/home/robotics/ros2_cobot/install/mypalletizer_interfaces/local/lib/python3.10/dist-packages:/home/robotics/ros2_cobot/install/mypalletizer_260_pi/lib/python3.10/site-packages:/home/robotics/ros2_cobot/install/mypalletizer_260/lib/python3.10/site-packages:/home/robotics/ros2_cobot/install/myarm_m750/lib/python3.10/site-packages:/home/robotics/ros2_cobot/install/myarm_c650/lib/python3.10/site-packages:/home/robotics/ros2_cobot/install/mycobot_communication/lib/python3.10/site-packages:/home/robotics/ros2_cobot/install/mecharm_communication/lib/python3.10/site-packages:/home/robotics/ros2_cobot/install/mycobot_interfaces/local/lib/python3.10/dist-packages:/home/robotics/ros2_cobot/install/mycobot_630/lib/python3.10/site-packages:/home/robotics/ros2_cobot/install/mycobot_600/lib/python3.10/site-packages:/home/robotics/ros2_cobot/install/mycobot_320pi/lib/python3.10/site-packages:/home/robotics/ros2_cobot/install/mycobot_320_riscv/lib/python3.10/site-packages:/home/robotics/ros2_cobot/install/mycobot_320/lib/python3.10/site-packages:/home/robotics/ros2_cobot/install/mycobot_280pi/lib/python3.10/site-packages:/home/robotics/ros2_cobot/install/mycobot_280jn/lib/python3.10/site-packages:/home/robotics/ros2_cobot/install/mycobot_280_x3pi/lib/python3.10/site-packages:/home/robotics/ros2_cobot/install/mycobot_280_riscv/lib/python3.10/site-packages:/home/robotics/ros2_cobot/install/mycobot_280_rdkx5/lib/python3.10/site-packages:/home/robotics/ros2_cobot/install/mycobot_280_moveit2_control/lib/python3.10/site-packages:/home/robotics/ros2_cobot/install/mycobot_280_arduino/lib/python3.10/site-packages:/home/robotics/ros2_cobot/install/mycobot_280/lib/python3.10/site-packages:/home/robotics/ros2_cobot/install/mybuddy/lib/python3.10/site-packages:/home/robotics/ros2_cobot/install/myarm_300/lib/python3.10/site-packages:/home/robotics/ros2_cobot/install/mecharm_pi/lib/python3.10/site-packages:/home/robotics/ros2_cobot/install/mecharm/lib/python3.10/site-packages:/home/robotics/ros2_cobot/install/mecharm_interfaces/local/lib/python3.10/dist-packages:/opt/ros/humble/lib/python3.10/site-packages:/opt/ros/humble/local/lib/python3.10/dist-packages /usr/bin/python3 -W ignore:setup.py install is deprecated -W ignore:easy_install command is deprecated setup.py egg_info --egg-base ../../../../build/myarm_300 build --build-base /home/robotics/ros2_cobot/build/myarm_300/build install --record /home/robotics/ros2_cobot/build/myarm_300/install.log --single-version-externally-managed install_data
[3.442s] running egg_info
[3.442s] creating ../../../../build/myarm_300/myarm_300.egg-info
[3.446s] writing ../../../../build/myarm_300/myarm_300.egg-info/PKG-INFO
[3.446s] writing dependency_links to ../../../../build/myarm_300/myarm_300.egg-info/dependency_links.txt
[3.446s] writing entry points to ../../../../build/myarm_300/myarm_300.egg-info/entry_points.txt
[3.453s] writing requirements to ../../../../build/myarm_300/myarm_300.egg-info/requires.txt
[3.454s] writing top-level names to ../../../../build/myarm_300/myarm_300.egg-info/top_level.txt
[3.454s] writing manifest file '../../../../build/myarm_300/myarm_300.egg-info/SOURCES.txt'
[3.454s] reading manifest file '../../../../build/myarm_300/myarm_300.egg-info/SOURCES.txt'
[3.458s] adding license file 'LICENSE'
[3.458s] writing manifest file '../../../../build/myarm_300/myarm_300.egg-info/SOURCES.txt'
[3.458s] running build
[3.459s] running build_py
[3.459s] creating /home/robotics/ros2_cobot/build/myarm_300/build
[3.459s] creating /home/robotics/ros2_cobot/build/myarm_300/build/lib
[3.461s] creating /home/robotics/ros2_cobot/build/myarm_300/build/lib/myarm_300
[3.461s] copying myarm_300/follow_display.py -> /home/robotics/ros2_cobot/build/myarm_300/build/lib/myarm_300
[3.461s] copying myarm_300/simple_gui.py -> /home/robotics/ros2_cobot/build/myarm_300/build/lib/myarm_300
[3.461s] copying myarm_300/slider_control.py -> /home/robotics/ros2_cobot/build/myarm_300/build/lib/myarm_300
[3.461s] copying myarm_300/teleop_keyboard.py -> /home/robotics/ros2_cobot/build/myarm_300/build/lib/myarm_300
[3.461s] copying myarm_300/__init__.py -> /home/robotics/ros2_cobot/build/myarm_300/build/lib/myarm_300
[3.461s] running install
[3.461s] running install_lib
[3.463s] creating /home/robotics/ros2_cobot/install/myarm_300/lib/python3.10/site-packages/myarm_300
[3.463s] copying /home/robotics/ros2_cobot/build/myarm_300/build/lib/myarm_300/follow_display.py -> /home/robotics/ros2_cobot/install/myarm_300/lib/python3.10/site-packages/myarm_300
[3.464s] copying /home/robotics/ros2_cobot/build/myarm_300/build/lib/myarm_300/simple_gui.py -> /home/robotics/ros2_cobot/install/myarm_300/lib/python3.10/site-packages/myarm_300
[3.464s] copying /home/robotics/ros2_cobot/build/myarm_300/build/lib/myarm_300/slider_control.py -> /home/robotics/ros2_cobot/install/myarm_300/lib/python3.10/site-packages/myarm_300
[3.464s] copying /home/robotics/ros2_cobot/build/myarm_300/build/lib/myarm_300/teleop_keyboard.py -> /home/robotics/ros2_cobot/install/myarm_300/lib/python3.10/site-packages/myarm_300
[3.464s] copying /home/robotics/ros2_cobot/build/myarm_300/build/lib/myarm_300/__init__.py -> /home/robotics/ros2_cobot/install/myarm_300/lib/python3.10/site-packages/myarm_300
[3.467s] byte-compiling /home/robotics/ros2_cobot/install/myarm_300/lib/python3.10/site-packages/myarm_300/follow_display.py to follow_display.cpython-310.pyc
[3.469s] byte-compiling /home/robotics/ros2_cobot/install/myarm_300/lib/python3.10/site-packages/myarm_300/simple_gui.py to simple_gui.cpython-310.pyc
[3.476s] byte-compiling /home/robotics/ros2_cobot/install/myarm_300/lib/python3.10/site-packages/myarm_300/slider_control.py to slider_control.cpython-310.pyc
[3.476s] byte-compiling /home/robotics/ros2_cobot/install/myarm_300/lib/python3.10/site-packages/myarm_300/teleop_keyboard.py to teleop_keyboard.cpython-310.pyc
[3.478s] byte-compiling /home/robotics/ros2_cobot/install/myarm_300/lib/python3.10/site-packages/myarm_300/__init__.py to __init__.cpython-310.pyc
[3.478s] running install_data
[3.483s] creating /home/robotics/ros2_cobot/install/myarm_300/share/ament_index
[3.483s] creating /home/robotics/ros2_cobot/install/myarm_300/share/ament_index/resource_index
[3.483s] creating /home/robotics/ros2_cobot/install/myarm_300/share/ament_index/resource_index/packages
[3.483s] copying resource/myarm_300 -> /home/robotics/ros2_cobot/install/myarm_300/share/ament_index/resource_index/packages
[3.483s] copying package.xml -> /home/robotics/ros2_cobot/install/myarm_300/share/myarm_300
[3.483s] creating /home/robotics/ros2_cobot/install/myarm_300/share/myarm_300/launch
[3.483s] copying launch/slider_control.launch.py -> /home/robotics/ros2_cobot/install/myarm_300/share/myarm_300/launch
[3.483s] copying launch/mycobot_follow.launch.py -> /home/robotics/ros2_cobot/install/myarm_300/share/myarm_300/launch
[3.483s] copying launch/teleop_keyboard.launch.py -> /home/robotics/ros2_cobot/install/myarm_300/share/myarm_300/launch
[3.484s] copying launch/simple_gui.launch.py -> /home/robotics/ros2_cobot/install/myarm_300/share/myarm_300/launch
[3.484s] copying launch/test.launch.py -> /home/robotics/ros2_cobot/install/myarm_300/share/myarm_300/launch
[3.491s] creating /home/robotics/ros2_cobot/install/myarm_300/share/myarm_300/config
[3.491s] copying config/myarm_300.rviz -> /home/robotics/ros2_cobot/install/myarm_300/share/myarm_300/config
[3.491s] running install_egg_info
[3.491s] Copying ../../../../build/myarm_300/myarm_300.egg-info to /home/robotics/ros2_cobot/install/myarm_300/lib/python3.10/site-packages/myarm_300-0.0.0-py3.10.egg-info
[3.497s] running install_scripts
[3.544s] Installing follow_display script to /home/robotics/ros2_cobot/install/myarm_300/lib/myarm_300
[3.544s] Installing simple_gui script to /home/robotics/ros2_cobot/install/myarm_300/lib/myarm_300
[3.544s] Installing slider_control script to /home/robotics/ros2_cobot/install/myarm_300/lib/myarm_300
[3.544s] Installing teleop_keyboard script to /home/robotics/ros2_cobot/install/myarm_300/lib/myarm_300
[3.544s] writing list of installed files to '/home/robotics/ros2_cobot/build/myarm_300/install.log'
[4.604s] Invoked command in '/home/robotics/ros2_cobot/src/mycobot_ros2/myArm/myarm_300' returned '0': AMENT_PREFIX_PATH=/home/robotics/ros2_cobot/install/mycobot_description:/home/robotics/ros2_cobot/install/ultraarm:/home/robotics/ros2_cobot/install/traj_scripts:/home/robotics/ros2_cobot/install/mypalletizer_communication:/home/robotics/ros2_cobot/install/mypalletizer_interfaces:/home/robotics/ros2_cobot/install/mypalletizer_260_pi:/home/robotics/ros2_cobot/install/mypalletizer_260:/home/robotics/ros2_cobot/install/myarm_m750:/home/robotics/ros2_cobot/install/myarm_c650:/home/robotics/ros2_cobot/install/mycobot_communication:/home/robotics/ros2_cobot/install/mecharm_communication:/home/robotics/ros2_cobot/install/mycobot_interfaces:/home/robotics/ros2_cobot/install/mycobot_630:/home/robotics/ros2_cobot/install/mycobot_600:/home/robotics/ros2_cobot/install/mycobot_320pi:/home/robotics/ros2_cobot/install/mycobot_320_riscv:/home/robotics/ros2_cobot/install/mycobot_320:/home/robotics/ros2_cobot/install/mycobot_280rdkx5_moveit2:/home/robotics/ros2_cobot/install/mycobot_280pi:/home/robotics/ros2_cobot/install/mycobot_280jn:/home/robotics/ros2_cobot/install/mycobot_280arduino_moveit2:/home/robotics/ros2_cobot/install/mycobot_280_x3pi:/home/robotics/ros2_cobot/install/mycobot_280_riscv:/home/robotics/ros2_cobot/install/mycobot_280_rdkx5:/home/robotics/ros2_cobot/install/mycobot_280_moveit2_control:/home/robotics/ros2_cobot/install/mycobot_280_moveit2:/home/robotics/ros2_cobot/install/mycobot_280_arduino:/home/robotics/ros2_cobot/install/mycobot_280:/home/robotics/ros2_cobot/install/mybuddy:/home/robotics/ros2_cobot/install/myarm_300:/home/robotics/ros2_cobot/install/mecharm_pi:/home/robotics/ros2_cobot/install/mecharm:/home/robotics/ros2_cobot/install/mecharm_interfaces:/opt/ros/humble PYTHONPATH=/home/robotics/ros2_cobot/build/myarm_300/prefix_override:/usr/lib/python3/dist-packages/colcon_core/task/python/colcon_distutils_commands:/home/robotics/ros2_cobot/install/myarm_300/lib/python3.10/site-packages:/home/robotics/ros2_cobot/install/mycobot_description/lib/python3.10/site-packages:/home/robotics/ros2_cobot/install/ultraarm/lib/python3.10/site-packages:/home/robotics/ros2_cobot/install/traj_scripts/local/lib/python3.10/dist-packages:/home/robotics/ros2_cobot/install/mypalletizer_communication/lib/python3.10/site-packages:/home/robotics/ros2_cobot/install/mypalletizer_interfaces/local/lib/python3.10/dist-packages:/home/robotics/ros2_cobot/install/mypalletizer_260_pi/lib/python3.10/site-packages:/home/robotics/ros2_cobot/install/mypalletizer_260/lib/python3.10/site-packages:/home/robotics/ros2_cobot/install/myarm_m750/lib/python3.10/site-packages:/home/robotics/ros2_cobot/install/myarm_c650/lib/python3.10/site-packages:/home/robotics/ros2_cobot/install/mycobot_communication/lib/python3.10/site-packages:/home/robotics/ros2_cobot/install/mecharm_communication/lib/python3.10/site-packages:/home/robotics/ros2_cobot/install/mycobot_interfaces/local/lib/python3.10/dist-packages:/home/robotics/ros2_cobot/install/mycobot_630/lib/python3.10/site-packages:/home/robotics/ros2_cobot/install/mycobot_600/lib/python3.10/site-packages:/home/robotics/ros2_cobot/install/mycobot_320pi/lib/python3.10/site-packages:/home/robotics/ros2_cobot/install/mycobot_320_riscv/lib/python3.10/site-packages:/home/robotics/ros2_cobot/install/mycobot_320/lib/python3.10/site-packages:/home/robotics/ros2_cobot/install/mycobot_280pi/lib/python3.10/site-packages:/home/robotics/ros2_cobot/install/mycobot_280jn/lib/python3.10/site-packages:/home/robotics/ros2_cobot/install/mycobot_280_x3pi/lib/python3.10/site-packages:/home/robotics/ros2_cobot/install/mycobot_280_riscv/lib/python3.10/site-packages:/home/robotics/ros2_cobot/install/mycobot_280_rdkx5/lib/python3.10/site-packages:/home/robotics/ros2_cobot/install/mycobot_280_moveit2_control/lib/python3.10/site-packages:/home/robotics/ros2_cobot/install/mycobot_280_arduino/lib/python3.10/site-packages:/home/robotics/ros2_cobot/install/mycobot_280/lib/python3.10/site-packages:/home/robotics/ros2_cobot/install/mybuddy/lib/python3.10/site-packages:/home/robotics/ros2_cobot/install/myarm_300/lib/python3.10/site-packages:/home/robotics/ros2_cobot/install/mecharm_pi/lib/python3.10/site-packages:/home/robotics/ros2_cobot/install/mecharm/lib/python3.10/site-packages:/home/robotics/ros2_cobot/install/mecharm_interfaces/local/lib/python3.10/dist-packages:/opt/ros/humble/lib/python3.10/site-packages:/opt/ros/humble/local/lib/python3.10/dist-packages /usr/bin/python3 -W ignore:setup.py install is deprecated -W ignore:easy_install command is deprecated setup.py egg_info --egg-base ../../../../build/myarm_300 build --build-base /home/robotics/ros2_cobot/build/myarm_300/build install --record /home/robotics/ros2_cobot/build/myarm_300/install.log --single-version-externally-managed install_data
