/home/robotics/ros2_cobot/install/mycobot_280/lib/python3.10/site-packages/mycobot_280/follow_and_pump.py
/home/robotics/ros2_cobot/install/mycobot_280/lib/python3.10/site-packages/mycobot_280/follow_display.py
/home/robotics/ros2_cobot/install/mycobot_280/lib/python3.10/site-packages/mycobot_280/camera_display.py
/home/robotics/ros2_cobot/install/mycobot_280/lib/python3.10/site-packages/mycobot_280/listen_real_of_topic.py
/home/robotics/ros2_cobot/install/mycobot_280/lib/python3.10/site-packages/mycobot_280/simple_gui.py
/home/robotics/ros2_cobot/install/mycobot_280/lib/python3.10/site-packages/mycobot_280/slider_control.py
/home/robotics/ros2_cobot/install/mycobot_280/lib/python3.10/site-packages/mycobot_280/opencv_camera.py
/home/robotics/ros2_cobot/install/mycobot_280/lib/python3.10/site-packages/mycobot_280/detect_marker.py
/home/robotics/ros2_cobot/install/mycobot_280/lib/python3.10/site-packages/mycobot_280/listen_real.py
/home/robotics/ros2_cobot/install/mycobot_280/lib/python3.10/site-packages/mycobot_280/following_marker.py
/home/robotics/ros2_cobot/install/mycobot_280/lib/python3.10/site-packages/mycobot_280/teleop_keyboard.py
/home/robotics/ros2_cobot/install/mycobot_280/lib/python3.10/site-packages/mycobot_280/__init__.py
/home/robotics/ros2_cobot/install/mycobot_280/lib/python3.10/site-packages/mycobot_280/__pycache__/follow_and_pump.cpython-310.pyc
/home/robotics/ros2_cobot/install/mycobot_280/lib/python3.10/site-packages/mycobot_280/__pycache__/follow_display.cpython-310.pyc
/home/robotics/ros2_cobot/install/mycobot_280/lib/python3.10/site-packages/mycobot_280/__pycache__/camera_display.cpython-310.pyc
/home/robotics/ros2_cobot/install/mycobot_280/lib/python3.10/site-packages/mycobot_280/__pycache__/listen_real_of_topic.cpython-310.pyc
/home/robotics/ros2_cobot/install/mycobot_280/lib/python3.10/site-packages/mycobot_280/__pycache__/simple_gui.cpython-310.pyc
/home/robotics/ros2_cobot/install/mycobot_280/lib/python3.10/site-packages/mycobot_280/__pycache__/slider_control.cpython-310.pyc
/home/robotics/ros2_cobot/install/mycobot_280/lib/python3.10/site-packages/mycobot_280/__pycache__/opencv_camera.cpython-310.pyc
/home/robotics/ros2_cobot/install/mycobot_280/lib/python3.10/site-packages/mycobot_280/__pycache__/detect_marker.cpython-310.pyc
/home/robotics/ros2_cobot/install/mycobot_280/lib/python3.10/site-packages/mycobot_280/__pycache__/listen_real.cpython-310.pyc
/home/robotics/ros2_cobot/install/mycobot_280/lib/python3.10/site-packages/mycobot_280/__pycache__/following_marker.cpython-310.pyc
/home/robotics/ros2_cobot/install/mycobot_280/lib/python3.10/site-packages/mycobot_280/__pycache__/teleop_keyboard.cpython-310.pyc
/home/robotics/ros2_cobot/install/mycobot_280/lib/python3.10/site-packages/mycobot_280/__pycache__/__init__.cpython-310.pyc
/home/robotics/ros2_cobot/install/mycobot_280/share/ament_index/resource_index/packages/mycobot_280
/home/robotics/ros2_cobot/install/mycobot_280/share/mycobot_280/package.xml
/home/robotics/ros2_cobot/install/mycobot_280/share/mycobot_280/launch/slider_control.launch.py
/home/robotics/ros2_cobot/install/mycobot_280/share/mycobot_280/launch/test_camera_flange.launch.py
/home/robotics/ros2_cobot/install/mycobot_280/share/mycobot_280/launch/simple_gui_pump.launch.py
/home/robotics/ros2_cobot/install/mycobot_280/share/mycobot_280/launch/test_camera_flange_pump.launch.py
/home/robotics/ros2_cobot/install/mycobot_280/share/mycobot_280/launch/test_pump.launch.py
/home/robotics/ros2_cobot/install/mycobot_280/share/mycobot_280/launch/slider_control_pump.launch.py
/home/robotics/ros2_cobot/install/mycobot_280/share/mycobot_280/launch/mycobot_follow.launch.py
/home/robotics/ros2_cobot/install/mycobot_280/share/mycobot_280/launch/detect_marker_with_topic.launch.py
/home/robotics/ros2_cobot/install/mycobot_280/share/mycobot_280/launch/slider_control_camera_flange.launch.py
/home/robotics/ros2_cobot/install/mycobot_280/share/mycobot_280/launch/teleop_keyboard.launch.py
/home/robotics/ros2_cobot/install/mycobot_280/share/mycobot_280/launch/detect_marker.launch.py
/home/robotics/ros2_cobot/install/mycobot_280/share/mycobot_280/launch/simple_gui.launch.py
/home/robotics/ros2_cobot/install/mycobot_280/share/mycobot_280/launch/test.launch.py
/home/robotics/ros2_cobot/install/mycobot_280/share/mycobot_280/config/mycobot_with_marker.rviz
/home/robotics/ros2_cobot/install/mycobot_280/share/mycobot_280/config/mycobot.rviz
/home/robotics/ros2_cobot/install/mycobot_280/lib/python3.10/site-packages/mycobot_280-0.0.0-py3.10.egg-info/entry_points.txt
/home/robotics/ros2_cobot/install/mycobot_280/lib/python3.10/site-packages/mycobot_280-0.0.0-py3.10.egg-info/dependency_links.txt
/home/robotics/ros2_cobot/install/mycobot_280/lib/python3.10/site-packages/mycobot_280-0.0.0-py3.10.egg-info/top_level.txt
/home/robotics/ros2_cobot/install/mycobot_280/lib/python3.10/site-packages/mycobot_280-0.0.0-py3.10.egg-info/zip-safe
/home/robotics/ros2_cobot/install/mycobot_280/lib/python3.10/site-packages/mycobot_280-0.0.0-py3.10.egg-info/requires.txt
/home/robotics/ros2_cobot/install/mycobot_280/lib/python3.10/site-packages/mycobot_280-0.0.0-py3.10.egg-info/SOURCES.txt
/home/robotics/ros2_cobot/install/mycobot_280/lib/python3.10/site-packages/mycobot_280-0.0.0-py3.10.egg-info/PKG-INFO
/home/robotics/ros2_cobot/install/mycobot_280/lib/mycobot_280/camera_display
/home/robotics/ros2_cobot/install/mycobot_280/lib/mycobot_280/detect_marker
/home/robotics/ros2_cobot/install/mycobot_280/lib/mycobot_280/follow_display
/home/robotics/ros2_cobot/install/mycobot_280/lib/mycobot_280/following_marker
/home/robotics/ros2_cobot/install/mycobot_280/lib/mycobot_280/listen_real
/home/robotics/ros2_cobot/install/mycobot_280/lib/mycobot_280/listen_real_of_topic
/home/robotics/ros2_cobot/install/mycobot_280/lib/mycobot_280/opencv_camera
/home/robotics/ros2_cobot/install/mycobot_280/lib/mycobot_280/simple_gui
/home/robotics/ros2_cobot/install/mycobot_280/lib/mycobot_280/slider_control
/home/robotics/ros2_cobot/install/mycobot_280/lib/mycobot_280/teleop_keyboard
