[0.171s] Invoking command in '/home/robotics/ros2_cobot/build/mecharm_interfaces': CMAKE_PREFIX_PATH=${CMAKE_PREFIX_PATH}:/home/robotics/ros2_cobot/install/ultraarm:/home/robotics/ros2_cobot/install/mypalletizer_communication:/home/robotics/ros2_cobot/install/mypalletizer_260_pi:/home/robotics/ros2_cobot/install/mypalletizer_260:/home/robotics/ros2_cobot/install/myarm_m750:/home/robotics/ros2_cobot/install/myarm_c650:/home/robotics/ros2_cobot/install/mycobot_communication:/home/robotics/ros2_cobot/install/mecharm_communication:/home/robotics/ros2_cobot/install/mycobot_630:/home/robotics/ros2_cobot/install/mycobot_600:/home/robotics/ros2_cobot/install/mycobot_320pi:/home/robotics/ros2_cobot/install/mycobot_320_riscv:/home/robotics/ros2_cobot/install/mycobot_320:/home/robotics/ros2_cobot/install/mycobot_280pi:/home/robotics/ros2_cobot/install/mycobot_280jn:/home/robotics/ros2_cobot/install/mycobot_280_x3pi:/home/robotics/ros2_cobot/install/mycobot_280_riscv:/home/robotics/ros2_cobot/install/mycobot_280_rdkx5:/home/robotics/ros2_cobot/install/mycobot_280_moveit2_control:/home/robotics/ros2_cobot/install/mycobot_280_arduino:/home/robotics/ros2_cobot/install/mycobot_280:/home/robotics/ros2_cobot/install/mybuddy:/home/robotics/ros2_cobot/install/myarm_300:/home/robotics/ros2_cobot/install/mecharm_pi:/home/robotics/ros2_cobot/install/mecharm:/home/robotics/ros2_cobot/install/mycobot_description:/opt/ros/humble /usr/bin/cmake /home/robotics/ros2_cobot/src/mycobot_ros2/mecharm/mecharm_interfaces -DCMAKE_INSTALL_PREFIX=/home/robotics/ros2_cobot/install/mecharm_interfaces
[0.206s] -- The C compiler identification is GNU 11.4.0
[0.246s] -- The CXX compiler identification is GNU 11.4.0
[0.251s] -- Detecting C compiler ABI info
[0.298s] -- Detecting C compiler ABI info - done
[0.302s] -- Check for working C compiler: /usr/bin/cc - skipped
[0.302s] -- Detecting C compile features
[0.303s] -- Detecting C compile features - done
[0.304s] -- Detecting CXX compiler ABI info
[0.363s] -- Detecting CXX compiler ABI info - done
[0.367s] -- Check for working CXX compiler: /usr/bin/c++ - skipped
[0.367s] -- Detecting CXX compile features
[0.367s] -- Detecting CXX compile features - done
[0.369s] -- Found ament_cmake: 1.3.11 (/opt/ros/humble/share/ament_cmake/cmake)
[0.488s] -- Found Python3: /usr/bin/python3 (found version "3.10.12") found components: Interpreter 
[0.554s] -- Found rosidl_default_generators: 1.2.0 (/opt/ros/humble/share/rosidl_default_generators/cmake)
[0.558s] -- Using all available rosidl_typesupport_c: rosidl_typesupport_fastrtps_c;rosidl_typesupport_introspection_c
[0.563s] -- Found rosidl_adapter: 3.1.6 (/opt/ros/humble/share/rosidl_adapter/cmake)
[0.589s] -- Using all available rosidl_typesupport_cpp: rosidl_typesupport_fastrtps_cpp;rosidl_typesupport_introspection_cpp
[0.610s] -- Found rclpy: 3.3.16 (/opt/ros/humble/share/rclpy/cmake)
[0.611s] -- Found std_msgs: 4.8.0 (/opt/ros/humble/share/std_msgs/cmake)
[0.867s] -- Found ament_cmake_ros: 0.10.0 (/opt/ros/humble/share/ament_cmake_ros/cmake)
[1.034s] -- Using all available rosidl_typesupport_c: rosidl_typesupport_fastrtps_c;rosidl_typesupport_introspection_c
[1.256s] -- Using all available rosidl_typesupport_cpp: rosidl_typesupport_fastrtps_cpp;rosidl_typesupport_introspection_cpp
[1.275s] -- Found PythonInterp: /usr/bin/python3 (found suitable version "3.10.12", minimum required is "3.6") 
[1.277s] -- Found python_cmake_module: 0.10.0 (/opt/ros/humble/share/python_cmake_module/cmake)
[1.299s] -- Found PythonLibs: /usr/lib/x86_64-linux-gnu/libpython3.10.so (found suitable version "3.10.12", minimum required is "3.5") 
[1.299s] -- Using PYTHON_EXECUTABLE: /usr/bin/python3
[1.299s] -- Using PYTHON_INCLUDE_DIRS: /usr/include/python3.10
[1.299s] -- Using PYTHON_LIBRARIES: /usr/lib/x86_64-linux-gnu/libpython3.10.so
[1.314s] -- Found PythonExtra: .so  
[1.359s] -- Found ament_lint_auto: 0.12.12 (/opt/ros/humble/share/ament_lint_auto/cmake)
[1.380s] -- Added test 'copyright' to check source files copyright and LICENSE
[1.382s] -- Added test 'lint_cmake' to check CMake code style
[1.384s] -- Added test 'xmllint' to check XML markup files
[1.386s] -- Configuring done
[1.430s] -- Generating done
[1.439s] -- Build files have been written to: /home/robotics/ros2_cobot/build/mecharm_interfaces
[2.965s] Invoked command in '/home/robotics/ros2_cobot/build/mecharm_interfaces' returned '0': CMAKE_PREFIX_PATH=${CMAKE_PREFIX_PATH}:/home/robotics/ros2_cobot/install/ultraarm:/home/robotics/ros2_cobot/install/mypalletizer_communication:/home/robotics/ros2_cobot/install/mypalletizer_260_pi:/home/robotics/ros2_cobot/install/mypalletizer_260:/home/robotics/ros2_cobot/install/myarm_m750:/home/robotics/ros2_cobot/install/myarm_c650:/home/robotics/ros2_cobot/install/mycobot_communication:/home/robotics/ros2_cobot/install/mecharm_communication:/home/robotics/ros2_cobot/install/mycobot_630:/home/robotics/ros2_cobot/install/mycobot_600:/home/robotics/ros2_cobot/install/mycobot_320pi:/home/robotics/ros2_cobot/install/mycobot_320_riscv:/home/robotics/ros2_cobot/install/mycobot_320:/home/robotics/ros2_cobot/install/mycobot_280pi:/home/robotics/ros2_cobot/install/mycobot_280jn:/home/robotics/ros2_cobot/install/mycobot_280_x3pi:/home/robotics/ros2_cobot/install/mycobot_280_riscv:/home/robotics/ros2_cobot/install/mycobot_280_rdkx5:/home/robotics/ros2_cobot/install/mycobot_280_moveit2_control:/home/robotics/ros2_cobot/install/mycobot_280_arduino:/home/robotics/ros2_cobot/install/mycobot_280:/home/robotics/ros2_cobot/install/mybuddy:/home/robotics/ros2_cobot/install/myarm_300:/home/robotics/ros2_cobot/install/mecharm_pi:/home/robotics/ros2_cobot/install/mecharm:/home/robotics/ros2_cobot/install/mycobot_description:/opt/ros/humble /usr/bin/cmake /home/robotics/ros2_cobot/src/mycobot_ros2/mecharm/mecharm_interfaces -DCMAKE_INSTALL_PREFIX=/home/robotics/ros2_cobot/install/mecharm_interfaces
[2.965s] Invoking command in '/home/robotics/ros2_cobot/build/mecharm_interfaces': CMAKE_PREFIX_PATH=${CMAKE_PREFIX_PATH}:/home/robotics/ros2_cobot/install/ultraarm:/home/robotics/ros2_cobot/install/mypalletizer_communication:/home/robotics/ros2_cobot/install/mypalletizer_260_pi:/home/robotics/ros2_cobot/install/mypalletizer_260:/home/robotics/ros2_cobot/install/myarm_m750:/home/robotics/ros2_cobot/install/myarm_c650:/home/robotics/ros2_cobot/install/mycobot_communication:/home/robotics/ros2_cobot/install/mecharm_communication:/home/robotics/ros2_cobot/install/mycobot_630:/home/robotics/ros2_cobot/install/mycobot_600:/home/robotics/ros2_cobot/install/mycobot_320pi:/home/robotics/ros2_cobot/install/mycobot_320_riscv:/home/robotics/ros2_cobot/install/mycobot_320:/home/robotics/ros2_cobot/install/mycobot_280pi:/home/robotics/ros2_cobot/install/mycobot_280jn:/home/robotics/ros2_cobot/install/mycobot_280_x3pi:/home/robotics/ros2_cobot/install/mycobot_280_riscv:/home/robotics/ros2_cobot/install/mycobot_280_rdkx5:/home/robotics/ros2_cobot/install/mycobot_280_moveit2_control:/home/robotics/ros2_cobot/install/mycobot_280_arduino:/home/robotics/ros2_cobot/install/mycobot_280:/home/robotics/ros2_cobot/install/mybuddy:/home/robotics/ros2_cobot/install/myarm_300:/home/robotics/ros2_cobot/install/mecharm_pi:/home/robotics/ros2_cobot/install/mecharm:/home/robotics/ros2_cobot/install/mycobot_description:/opt/ros/humble /usr/bin/cmake --build /home/robotics/ros2_cobot/build/mecharm_interfaces -- -j16 -l16
[3.269s] [  1%] [34m[1mGenerating C code for ROS interfaces[0m
[3.270s] [  1%] [34m[1mGenerating C++ code for ROS interfaces[0m
[3.270s] [  1%] Built target ament_cmake_python_copy_mecharm_interfaces
[3.270s] running egg_info
[3.270s] creating mecharm_interfaces.egg-info
[3.270s] writing mecharm_interfaces.egg-info/PKG-INFO
[3.270s] writing dependency_links to mecharm_interfaces.egg-info/dependency_links.txt
[3.270s] writing top-level names to mecharm_interfaces.egg-info/top_level.txt
[3.270s] writing manifest file 'mecharm_interfaces.egg-info/SOURCES.txt'
[3.270s] reading manifest file 'mecharm_interfaces.egg-info/SOURCES.txt'
[3.270s] writing manifest file 'mecharm_interfaces.egg-info/SOURCES.txt'
[3.270s] [  1%] Built target ament_cmake_python_build_mecharm_interfaces_egg
[4.445s] [  2%] [32mBuilding C object CMakeFiles/mecharm_interfaces__rosidl_generator_c.dir/rosidl_generator_c/mecharm_interfaces/msg/detail/mecharm_angles__functions.c.o[0m
[4.448s] [  3%] [32mBuilding C object CMakeFiles/mecharm_interfaces__rosidl_generator_c.dir/rosidl_generator_c/mecharm_interfaces/msg/detail/mecharm_coords__functions.c.o[0m
[4.449s] [  5%] [32mBuilding C object CMakeFiles/mecharm_interfaces__rosidl_generator_c.dir/rosidl_generator_c/mecharm_interfaces/msg/detail/mecharm_gripper_status__functions.c.o[0m
[4.449s] [  5%] [32mBuilding C object CMakeFiles/mecharm_interfaces__rosidl_generator_c.dir/rosidl_generator_c/mecharm_interfaces/msg/detail/mecharm_set_angles__functions.c.o[0m
[4.464s] [  5%] [32mBuilding C object CMakeFiles/mecharm_interfaces__rosidl_generator_c.dir/rosidl_generator_c/mecharm_interfaces/msg/detail/mecharm_set_coords__functions.c.o[0m
[4.464s] [  7%] [32mBuilding C object CMakeFiles/mecharm_interfaces__rosidl_generator_c.dir/rosidl_generator_c/mecharm_interfaces/srv/detail/set_angles__functions.c.o[0m
[4.475s] [  8%] [32mBuilding C object CMakeFiles/mecharm_interfaces__rosidl_generator_c.dir/rosidl_generator_c/mecharm_interfaces/srv/detail/get_coords__functions.c.o[0m
[4.476s] [  9%] [32mBuilding C object CMakeFiles/mecharm_interfaces__rosidl_generator_c.dir/rosidl_generator_c/mecharm_interfaces/srv/detail/get_angles__functions.c.o[0m
[4.476s] [  9%] [32mBuilding C object CMakeFiles/mecharm_interfaces__rosidl_generator_c.dir/rosidl_generator_c/mecharm_interfaces/msg/detail/mecharm_pump_status__functions.c.o[0m
[4.477s] [  9%] [32mBuilding C object CMakeFiles/mecharm_interfaces__rosidl_generator_c.dir/rosidl_generator_c/mecharm_interfaces/srv/detail/set_coords__functions.c.o[0m
[4.479s] [ 10%] [32mBuilding C object CMakeFiles/mecharm_interfaces__rosidl_generator_c.dir/rosidl_generator_c/mecharm_interfaces/srv/detail/pump_status__functions.c.o[0m
[4.485s] [ 11%] [32mBuilding C object CMakeFiles/mecharm_interfaces__rosidl_generator_c.dir/rosidl_generator_c/mecharm_interfaces/srv/detail/gripper_status__functions.c.o[0m
[4.499s] [ 11%] Built target mecharm_interfaces__cpp
[4.526s] [ 12%] [34m[1mGenerating C++ type support dispatch for ROS interfaces[0m
[4.538s] [ 12%] [34m[1mGenerating C++ type support for eProsima Fast-RTPS[0m
[4.539s] [ 13%] [34m[1mGenerating C++ introspection for ROS interfaces[0m
[4.628s] [ 14%] [32m[1mLinking C shared library libmecharm_interfaces__rosidl_generator_c.so[0m
[4.751s] [ 14%] Built target mecharm_interfaces__rosidl_generator_c
[4.778s] [ 15%] [34m[1mGenerating C type support dispatch for ROS interfaces[0m
[4.783s] [ 16%] [34m[1mGenerating C type support for eProsima Fast-RTPS[0m
[4.788s] [ 17%] [34m[1mGenerating C introspection for ROS interfaces[0m
[5.566s] [ 17%] [32mBuilding CXX object CMakeFiles/mecharm_interfaces__rosidl_typesupport_cpp.dir/rosidl_typesupport_cpp/mecharm_interfaces/msg/mecharm_gripper_status__type_support.cpp.o[0m
[5.574s] [ 18%] [32mBuilding CXX object CMakeFiles/mecharm_interfaces__rosidl_typesupport_cpp.dir/rosidl_typesupport_cpp/mecharm_interfaces/msg/mecharm_angles__type_support.cpp.o[0m
[5.576s] [ 19%] [32mBuilding CXX object CMakeFiles/mecharm_interfaces__rosidl_typesupport_cpp.dir/rosidl_typesupport_cpp/mecharm_interfaces/srv/get_angles__type_support.cpp.o[0m
[5.581s] [ 20%] [32mBuilding CXX object CMakeFiles/mecharm_interfaces__rosidl_typesupport_cpp.dir/rosidl_typesupport_cpp/mecharm_interfaces/msg/mecharm_set_angles__type_support.cpp.o[0m
[5.581s] [ 21%] [32mBuilding CXX object CMakeFiles/mecharm_interfaces__rosidl_typesupport_cpp.dir/rosidl_typesupport_cpp/mecharm_interfaces/msg/mecharm_set_coords__type_support.cpp.o[0m
[5.581s] [ 22%] [32mBuilding CXX object CMakeFiles/mecharm_interfaces__rosidl_typesupport_cpp.dir/rosidl_typesupport_cpp/mecharm_interfaces/msg/mecharm_coords__type_support.cpp.o[0m
[5.591s] [ 23%] [32mBuilding CXX object CMakeFiles/mecharm_interfaces__rosidl_typesupport_cpp.dir/rosidl_typesupport_cpp/mecharm_interfaces/msg/mecharm_pump_status__type_support.cpp.o[0m
[5.597s] [ 24%] [32mBuilding CXX object CMakeFiles/mecharm_interfaces__rosidl_typesupport_cpp.dir/rosidl_typesupport_cpp/mecharm_interfaces/srv/set_angles__type_support.cpp.o[0m
[5.607s] [ 25%] [32mBuilding CXX object CMakeFiles/mecharm_interfaces__rosidl_typesupport_cpp.dir/rosidl_typesupport_cpp/mecharm_interfaces/srv/get_coords__type_support.cpp.o[0m
[5.612s] [ 26%] [32mBuilding CXX object CMakeFiles/mecharm_interfaces__rosidl_typesupport_cpp.dir/rosidl_typesupport_cpp/mecharm_interfaces/srv/set_coords__type_support.cpp.o[0m
[5.653s] [ 26%] [32mBuilding CXX object CMakeFiles/mecharm_interfaces__rosidl_typesupport_cpp.dir/rosidl_typesupport_cpp/mecharm_interfaces/srv/gripper_status__type_support.cpp.o[0m
[6.232s] [ 27%] [32mBuilding CXX object CMakeFiles/mecharm_interfaces__rosidl_typesupport_cpp.dir/rosidl_typesupport_cpp/mecharm_interfaces/srv/pump_status__type_support.cpp.o[0m
[6.738s] [ 28%] [32mBuilding CXX object CMakeFiles/mecharm_interfaces__rosidl_typesupport_c.dir/rosidl_typesupport_c/mecharm_interfaces/msg/mecharm_angles__type_support.cpp.o[0m
[6.818s] [ 28%] [32mBuilding CXX object CMakeFiles/mecharm_interfaces__rosidl_typesupport_c.dir/rosidl_typesupport_c/mecharm_interfaces/msg/mecharm_coords__type_support.cpp.o[0m
[6.866s] [ 29%] [32mBuilding CXX object CMakeFiles/mecharm_interfaces__rosidl_typesupport_c.dir/rosidl_typesupport_c/mecharm_interfaces/msg/mecharm_set_angles__type_support.cpp.o[0m
[6.921s] [ 29%] [32mBuilding CXX object CMakeFiles/mecharm_interfaces__rosidl_typesupport_introspection_cpp.dir/rosidl_typesupport_introspection_cpp/mecharm_interfaces/msg/detail/mecharm_angles__type_support.cpp.o[0m
[6.948s] [ 30%] [32mBuilding CXX object CMakeFiles/mecharm_interfaces__rosidl_typesupport_c.dir/rosidl_typesupport_c/mecharm_interfaces/msg/mecharm_set_coords__type_support.cpp.o[0m
[6.986s] [ 31%] [32mBuilding CXX object CMakeFiles/mecharm_interfaces__rosidl_typesupport_c.dir/rosidl_typesupport_c/mecharm_interfaces/msg/mecharm_gripper_status__type_support.cpp.o[0m
[6.989s] [ 32%] [32mBuilding CXX object CMakeFiles/mecharm_interfaces__rosidl_typesupport_introspection_cpp.dir/rosidl_typesupport_introspection_cpp/mecharm_interfaces/msg/detail/mecharm_coords__type_support.cpp.o[0m
[7.006s] [ 33%] [32mBuilding CXX object CMakeFiles/mecharm_interfaces__rosidl_typesupport_c.dir/rosidl_typesupport_c/mecharm_interfaces/msg/mecharm_pump_status__type_support.cpp.o[0m
[7.026s] [ 34%] [32mBuilding CXX object CMakeFiles/mecharm_interfaces__rosidl_typesupport_c.dir/rosidl_typesupport_c/mecharm_interfaces/srv/get_angles__type_support.cpp.o[0m
[7.057s] [ 35%] [32mBuilding CXX object CMakeFiles/mecharm_interfaces__rosidl_typesupport_introspection_cpp.dir/rosidl_typesupport_introspection_cpp/mecharm_interfaces/msg/detail/mecharm_set_angles__type_support.cpp.o[0m
[7.059s] [ 35%] [32mBuilding CXX object CMakeFiles/mecharm_interfaces__rosidl_typesupport_c.dir/rosidl_typesupport_c/mecharm_interfaces/srv/set_angles__type_support.cpp.o[0m
[7.086s] [ 36%] [32mBuilding CXX object CMakeFiles/mecharm_interfaces__rosidl_typesupport_c.dir/rosidl_typesupport_c/mecharm_interfaces/srv/get_coords__type_support.cpp.o[0m
[7.125s] [ 37%] [32mBuilding CXX object CMakeFiles/mecharm_interfaces__rosidl_typesupport_introspection_cpp.dir/rosidl_typesupport_introspection_cpp/mecharm_interfaces/msg/detail/mecharm_set_coords__type_support.cpp.o[0m
[7.154s] [ 38%] [32mBuilding CXX object CMakeFiles/mecharm_interfaces__rosidl_typesupport_c.dir/rosidl_typesupport_c/mecharm_interfaces/srv/set_coords__type_support.cpp.o[0m
[7.155s] [ 39%] [32mBuilding CXX object CMakeFiles/mecharm_interfaces__rosidl_typesupport_introspection_cpp.dir/rosidl_typesupport_introspection_cpp/mecharm_interfaces/msg/detail/mecharm_gripper_status__type_support.cpp.o[0m
[7.168s] [ 40%] [32mBuilding CXX object CMakeFiles/mecharm_interfaces__rosidl_typesupport_c.dir/rosidl_typesupport_c/mecharm_interfaces/srv/gripper_status__type_support.cpp.o[0m
[7.173s] [ 40%] [32mBuilding CXX object CMakeFiles/mecharm_interfaces__rosidl_typesupport_introspection_cpp.dir/rosidl_typesupport_introspection_cpp/mecharm_interfaces/srv/detail/get_angles__type_support.cpp.o[0m
[7.173s] [ 41%] [32mBuilding CXX object CMakeFiles/mecharm_interfaces__rosidl_typesupport_introspection_cpp.dir/rosidl_typesupport_introspection_cpp/mecharm_interfaces/msg/detail/mecharm_pump_status__type_support.cpp.o[0m
[7.181s] [ 42%] [32mBuilding CXX object CMakeFiles/mecharm_interfaces__rosidl_typesupport_introspection_cpp.dir/rosidl_typesupport_introspection_cpp/mecharm_interfaces/srv/detail/set_angles__type_support.cpp.o[0m
[7.258s] [ 43%] [32mBuilding CXX object CMakeFiles/mecharm_interfaces__rosidl_typesupport_introspection_cpp.dir/rosidl_typesupport_introspection_cpp/mecharm_interfaces/srv/detail/get_coords__type_support.cpp.o[0m
[7.294s] [ 44%] [32mBuilding CXX object CMakeFiles/mecharm_interfaces__rosidl_typesupport_c.dir/rosidl_typesupport_c/mecharm_interfaces/srv/pump_status__type_support.cpp.o[0m
[7.361s] [ 45%] [32mBuilding CXX object CMakeFiles/mecharm_interfaces__rosidl_typesupport_introspection_cpp.dir/rosidl_typesupport_introspection_cpp/mecharm_interfaces/srv/detail/gripper_status__type_support.cpp.o[0m
[7.392s] [ 46%] [32mBuilding CXX object CMakeFiles/mecharm_interfaces__rosidl_typesupport_introspection_cpp.dir/rosidl_typesupport_introspection_cpp/mecharm_interfaces/srv/detail/set_coords__type_support.cpp.o[0m
[7.479s] [ 47%] [32mBuilding CXX object CMakeFiles/mecharm_interfaces__rosidl_typesupport_fastrtps_c.dir/rosidl_typesupport_fastrtps_c/mecharm_interfaces/msg/detail/mecharm_angles__type_support_c.cpp.o[0m
[7.483s] [ 48%] [32m[1mLinking CXX shared library libmecharm_interfaces__rosidl_typesupport_c.so[0m
[7.639s] [ 48%] Built target mecharm_interfaces__rosidl_typesupport_c
[7.714s] [ 49%] [32mBuilding CXX object CMakeFiles/mecharm_interfaces__rosidl_typesupport_fastrtps_c.dir/rosidl_typesupport_fastrtps_c/mecharm_interfaces/msg/detail/mecharm_coords__type_support_c.cpp.o[0m
[7.890s] [ 50%] [32m[1mLinking CXX shared library libmecharm_interfaces__rosidl_typesupport_cpp.so[0m
[7.906s] [ 51%] [32mBuilding CXX object CMakeFiles/mecharm_interfaces__rosidl_typesupport_introspection_cpp.dir/rosidl_typesupport_introspection_cpp/mecharm_interfaces/srv/detail/pump_status__type_support.cpp.o[0m
[7.919s] [ 52%] [32mBuilding C object CMakeFiles/mecharm_interfaces__rosidl_typesupport_introspection_c.dir/rosidl_typesupport_introspection_c/mecharm_interfaces/msg/detail/mecharm_angles__type_support.c.o[0m
[8.033s] [ 52%] Built target mecharm_interfaces__rosidl_typesupport_cpp
[8.035s] [ 52%] [32mBuilding CXX object CMakeFiles/mecharm_interfaces__rosidl_typesupport_fastrtps_c.dir/rosidl_typesupport_fastrtps_c/mecharm_interfaces/msg/detail/mecharm_set_angles__type_support_c.cpp.o[0m
[8.048s] [ 53%] [32mBuilding C object CMakeFiles/mecharm_interfaces__rosidl_typesupport_introspection_c.dir/rosidl_typesupport_introspection_c/mecharm_interfaces/msg/detail/mecharm_coords__type_support.c.o[0m
[8.110s] [ 54%] [32mBuilding C object CMakeFiles/mecharm_interfaces__rosidl_typesupport_introspection_c.dir/rosidl_typesupport_introspection_c/mecharm_interfaces/msg/detail/mecharm_set_angles__type_support.c.o[0m
[8.148s] [ 54%] [32mBuilding C object CMakeFiles/mecharm_interfaces__rosidl_typesupport_introspection_c.dir/rosidl_typesupport_introspection_c/mecharm_interfaces/msg/detail/mecharm_set_coords__type_support.c.o[0m
[8.281s] [ 55%] [32mBuilding C object CMakeFiles/mecharm_interfaces__rosidl_typesupport_introspection_c.dir/rosidl_typesupport_introspection_c/mecharm_interfaces/msg/detail/mecharm_gripper_status__type_support.c.o[0m
[8.299s] [ 56%] [32mBuilding CXX object CMakeFiles/mecharm_interfaces__rosidl_typesupport_fastrtps_c.dir/rosidl_typesupport_fastrtps_c/mecharm_interfaces/msg/detail/mecharm_set_coords__type_support_c.cpp.o[0m
[8.471s] [ 57%] [32mBuilding C object CMakeFiles/mecharm_interfaces__rosidl_typesupport_introspection_c.dir/rosidl_typesupport_introspection_c/mecharm_interfaces/msg/detail/mecharm_pump_status__type_support.c.o[0m
[8.547s] [ 58%] [32mBuilding C object CMakeFiles/mecharm_interfaces__rosidl_typesupport_introspection_c.dir/rosidl_typesupport_introspection_c/mecharm_interfaces/srv/detail/get_angles__type_support.c.o[0m
[8.720s] [ 59%] [32mBuilding C object CMakeFiles/mecharm_interfaces__rosidl_typesupport_introspection_c.dir/rosidl_typesupport_introspection_c/mecharm_interfaces/srv/detail/set_angles__type_support.c.o[0m
[8.720s] [ 60%] [32mBuilding CXX object CMakeFiles/mecharm_interfaces__rosidl_typesupport_fastrtps_c.dir/rosidl_typesupport_fastrtps_c/mecharm_interfaces/msg/detail/mecharm_gripper_status__type_support_c.cpp.o[0m
[8.753s] [ 61%] [32mBuilding C object CMakeFiles/mecharm_interfaces__rosidl_typesupport_introspection_c.dir/rosidl_typesupport_introspection_c/mecharm_interfaces/srv/detail/get_coords__type_support.c.o[0m
[8.783s] [ 62%] [32mBuilding CXX object CMakeFiles/mecharm_interfaces__rosidl_typesupport_fastrtps_cpp.dir/rosidl_typesupport_fastrtps_cpp/mecharm_interfaces/msg/detail/dds_fastrtps/mecharm_angles__type_support.cpp.o[0m
[8.961s] [ 63%] [32mBuilding CXX object CMakeFiles/mecharm_interfaces__rosidl_typesupport_fastrtps_cpp.dir/rosidl_typesupport_fastrtps_cpp/mecharm_interfaces/msg/detail/dds_fastrtps/mecharm_set_angles__type_support.cpp.o[0m
[8.963s] [ 64%] [32mBuilding CXX object CMakeFiles/mecharm_interfaces__rosidl_typesupport_fastrtps_cpp.dir/rosidl_typesupport_fastrtps_cpp/mecharm_interfaces/msg/detail/dds_fastrtps/mecharm_coords__type_support.cpp.o[0m
[8.984s] [ 65%] [32mBuilding C object CMakeFiles/mecharm_interfaces__rosidl_typesupport_introspection_c.dir/rosidl_typesupport_introspection_c/mecharm_interfaces/srv/detail/set_coords__type_support.c.o[0m
[9.129s] [ 66%] [32mBuilding CXX object CMakeFiles/mecharm_interfaces__rosidl_typesupport_fastrtps_cpp.dir/rosidl_typesupport_fastrtps_cpp/mecharm_interfaces/msg/detail/dds_fastrtps/mecharm_set_coords__type_support.cpp.o[0m
[9.152s] [ 66%] [32mBuilding C object CMakeFiles/mecharm_interfaces__rosidl_typesupport_introspection_c.dir/rosidl_typesupport_introspection_c/mecharm_interfaces/srv/detail/gripper_status__type_support.c.o[0m
[9.257s] [ 67%] [32mBuilding CXX object CMakeFiles/mecharm_interfaces__rosidl_typesupport_fastrtps_cpp.dir/rosidl_typesupport_fastrtps_cpp/mecharm_interfaces/msg/detail/dds_fastrtps/mecharm_gripper_status__type_support.cpp.o[0m
[9.266s] [ 68%] [32mBuilding C object CMakeFiles/mecharm_interfaces__rosidl_typesupport_introspection_c.dir/rosidl_typesupport_introspection_c/mecharm_interfaces/srv/detail/pump_status__type_support.c.o[0m
[9.323s] [ 69%] [32mBuilding CXX object CMakeFiles/mecharm_interfaces__rosidl_typesupport_fastrtps_c.dir/rosidl_typesupport_fastrtps_c/mecharm_interfaces/msg/detail/mecharm_pump_status__type_support_c.cpp.o[0m
[9.356s] [ 70%] [32mBuilding CXX object CMakeFiles/mecharm_interfaces__rosidl_typesupport_fastrtps_c.dir/rosidl_typesupport_fastrtps_c/mecharm_interfaces/srv/detail/get_angles__type_support_c.cpp.o[0m
[9.422s] [ 70%] [32mBuilding CXX object CMakeFiles/mecharm_interfaces__rosidl_typesupport_fastrtps_cpp.dir/rosidl_typesupport_fastrtps_cpp/mecharm_interfaces/msg/detail/dds_fastrtps/mecharm_pump_status__type_support.cpp.o[0m
[9.456s] [ 71%] [32m[1mLinking C shared library libmecharm_interfaces__rosidl_typesupport_introspection_c.so[0m
[9.462s] [ 72%] [32mBuilding CXX object CMakeFiles/mecharm_interfaces__rosidl_typesupport_fastrtps_c.dir/rosidl_typesupport_fastrtps_c/mecharm_interfaces/srv/detail/set_angles__type_support_c.cpp.o[0m
[9.471s] [ 73%] [32mBuilding CXX object CMakeFiles/mecharm_interfaces__rosidl_typesupport_fastrtps_cpp.dir/rosidl_typesupport_fastrtps_cpp/mecharm_interfaces/srv/detail/dds_fastrtps/get_angles__type_support.cpp.o[0m
[9.486s] [ 73%] [32mBuilding CXX object CMakeFiles/mecharm_interfaces__rosidl_typesupport_fastrtps_c.dir/rosidl_typesupport_fastrtps_c/mecharm_interfaces/srv/detail/get_coords__type_support_c.cpp.o[0m
[9.673s] [ 73%] Built target mecharm_interfaces__rosidl_typesupport_introspection_c
[9.710s] [ 74%] [32mBuilding CXX object CMakeFiles/mecharm_interfaces__rosidl_typesupport_fastrtps_c.dir/rosidl_typesupport_fastrtps_c/mecharm_interfaces/srv/detail/set_coords__type_support_c.cpp.o[0m
[9.780s] [ 75%] [32mBuilding CXX object CMakeFiles/mecharm_interfaces__rosidl_typesupport_fastrtps_c.dir/rosidl_typesupport_fastrtps_c/mecharm_interfaces/srv/detail/gripper_status__type_support_c.cpp.o[0m
[9.824s] [ 76%] [32mBuilding CXX object CMakeFiles/mecharm_interfaces__rosidl_typesupport_fastrtps_cpp.dir/rosidl_typesupport_fastrtps_cpp/mecharm_interfaces/srv/detail/dds_fastrtps/set_angles__type_support.cpp.o[0m
[9.876s] [ 77%] [32mBuilding CXX object CMakeFiles/mecharm_interfaces__rosidl_typesupport_fastrtps_c.dir/rosidl_typesupport_fastrtps_c/mecharm_interfaces/srv/detail/pump_status__type_support_c.cpp.o[0m
[9.877s] [ 78%] [32m[1mLinking CXX shared library libmecharm_interfaces__rosidl_typesupport_introspection_cpp.so[0m
[9.966s] [ 79%] [32mBuilding CXX object CMakeFiles/mecharm_interfaces__rosidl_typesupport_fastrtps_cpp.dir/rosidl_typesupport_fastrtps_cpp/mecharm_interfaces/srv/detail/dds_fastrtps/get_coords__type_support.cpp.o[0m
[10.006s] [ 80%] [32mBuilding CXX object CMakeFiles/mecharm_interfaces__rosidl_typesupport_fastrtps_cpp.dir/rosidl_typesupport_fastrtps_cpp/mecharm_interfaces/srv/detail/dds_fastrtps/set_coords__type_support.cpp.o[0m
[10.034s] [ 80%] Built target mecharm_interfaces__rosidl_typesupport_introspection_cpp
[10.094s] [ 81%] [32mBuilding CXX object CMakeFiles/mecharm_interfaces__rosidl_typesupport_fastrtps_cpp.dir/rosidl_typesupport_fastrtps_cpp/mecharm_interfaces/srv/detail/dds_fastrtps/gripper_status__type_support.cpp.o[0m
[10.274s] [ 81%] [32mBuilding CXX object CMakeFiles/mecharm_interfaces__rosidl_typesupport_fastrtps_cpp.dir/rosidl_typesupport_fastrtps_cpp/mecharm_interfaces/srv/detail/dds_fastrtps/pump_status__type_support.cpp.o[0m
[10.805s] [ 82%] [32m[1mLinking CXX shared library libmecharm_interfaces__rosidl_typesupport_fastrtps_c.so[0m
[10.898s] [ 83%] [32m[1mLinking CXX shared library libmecharm_interfaces__rosidl_typesupport_fastrtps_cpp.so[0m
[10.899s] [ 83%] Built target mecharm_interfaces__rosidl_typesupport_fastrtps_c
[10.975s] [ 83%] Built target mecharm_interfaces__rosidl_typesupport_fastrtps_cpp
[10.992s] [ 83%] Built target mecharm_interfaces
[11.013s] [ 84%] [34m[1mGenerating Python code for ROS interfaces[0m
[11.994s] [ 84%] Built target mecharm_interfaces__py
[12.019s] [ 85%] [32mBuilding C object CMakeFiles/mecharm_interfaces__rosidl_generator_py.dir/rosidl_generator_py/mecharm_interfaces/msg/_mecharm_gripper_status_s.c.o[0m
[12.020s] [ 85%] [32mBuilding C object CMakeFiles/mecharm_interfaces__rosidl_generator_py.dir/rosidl_generator_py/mecharm_interfaces/msg/_mecharm_set_angles_s.c.o[0m
[12.020s] [ 86%] [32mBuilding C object CMakeFiles/mecharm_interfaces__rosidl_generator_py.dir/rosidl_generator_py/mecharm_interfaces/srv/_get_angles_s.c.o[0m
[12.022s] [ 87%] [32mBuilding C object CMakeFiles/mecharm_interfaces__rosidl_generator_py.dir/rosidl_generator_py/mecharm_interfaces/msg/_mecharm_coords_s.c.o[0m
[12.022s] [ 89%] [32mBuilding C object CMakeFiles/mecharm_interfaces__rosidl_generator_py.dir/rosidl_generator_py/mecharm_interfaces/msg/_mecharm_angles_s.c.o[0m
[12.022s] [ 89%] [32mBuilding C object CMakeFiles/mecharm_interfaces__rosidl_generator_py.dir/rosidl_generator_py/mecharm_interfaces/msg/_mecharm_set_coords_s.c.o[0m
[12.024s] [ 90%] [32mBuilding C object CMakeFiles/mecharm_interfaces__rosidl_generator_py.dir/rosidl_generator_py/mecharm_interfaces/srv/_set_angles_s.c.o[0m
[12.024s] [ 91%] [32mBuilding C object CMakeFiles/mecharm_interfaces__rosidl_generator_py.dir/rosidl_generator_py/mecharm_interfaces/msg/_mecharm_pump_status_s.c.o[0m
[12.032s] [ 92%] [32mBuilding C object CMakeFiles/mecharm_interfaces__rosidl_generator_py.dir/rosidl_generator_py/mecharm_interfaces/srv/_get_coords_s.c.o[0m
[12.041s] [ 92%] [32mBuilding C object CMakeFiles/mecharm_interfaces__rosidl_generator_py.dir/rosidl_generator_py/mecharm_interfaces/srv/_set_coords_s.c.o[0m
[12.066s] [ 94%] [32mBuilding C object CMakeFiles/mecharm_interfaces__rosidl_generator_py.dir/rosidl_generator_py/mecharm_interfaces/srv/_gripper_status_s.c.o[0m
[12.071s] [ 93%] [32mBuilding C object CMakeFiles/mecharm_interfaces__rosidl_generator_py.dir/rosidl_generator_py/mecharm_interfaces/srv/_pump_status_s.c.o[0m
[12.271s] [ 95%] [32m[1mLinking C shared library rosidl_generator_py/mecharm_interfaces/libmecharm_interfaces__rosidl_generator_py.so[0m
[12.397s] [ 95%] Built target mecharm_interfaces__rosidl_generator_py
[12.424s] [ 95%] [32mBuilding C object CMakeFiles/mecharm_interfaces__rosidl_typesupport_c__pyext.dir/rosidl_generator_py/mecharm_interfaces/_mecharm_interfaces_s.ep.rosidl_typesupport_c.c.o[0m
[12.428s] [ 96%] [32mBuilding C object CMakeFiles/mecharm_interfaces__rosidl_typesupport_fastrtps_c__pyext.dir/rosidl_generator_py/mecharm_interfaces/_mecharm_interfaces_s.ep.rosidl_typesupport_fastrtps_c.c.o[0m
[12.435s] [ 97%] [32mBuilding C object CMakeFiles/mecharm_interfaces__rosidl_typesupport_introspection_c__pyext.dir/rosidl_generator_py/mecharm_interfaces/_mecharm_interfaces_s.ep.rosidl_typesupport_introspection_c.c.o[0m
[12.619s] [ 98%] [32m[1mLinking C shared library rosidl_generator_py/mecharm_interfaces/mecharm_interfaces_s__rosidl_typesupport_fastrtps_c.cpython-310-x86_64-linux-gnu.so[0m
[12.649s] [ 99%] [32m[1mLinking C shared library rosidl_generator_py/mecharm_interfaces/mecharm_interfaces_s__rosidl_typesupport_c.cpython-310-x86_64-linux-gnu.so[0m
[12.660s] [100%] [32m[1mLinking C shared library rosidl_generator_py/mecharm_interfaces/mecharm_interfaces_s__rosidl_typesupport_introspection_c.cpython-310-x86_64-linux-gnu.so[0m
[12.670s] [100%] Built target mecharm_interfaces__rosidl_typesupport_fastrtps_c__pyext
[12.699s] [100%] Built target mecharm_interfaces__rosidl_typesupport_c__pyext
[12.709s] [100%] Built target mecharm_interfaces__rosidl_typesupport_introspection_c__pyext
[12.736s] Invoked command in '/home/robotics/ros2_cobot/build/mecharm_interfaces' returned '0': CMAKE_PREFIX_PATH=${CMAKE_PREFIX_PATH}:/home/robotics/ros2_cobot/install/ultraarm:/home/robotics/ros2_cobot/install/mypalletizer_communication:/home/robotics/ros2_cobot/install/mypalletizer_260_pi:/home/robotics/ros2_cobot/install/mypalletizer_260:/home/robotics/ros2_cobot/install/myarm_m750:/home/robotics/ros2_cobot/install/myarm_c650:/home/robotics/ros2_cobot/install/mycobot_communication:/home/robotics/ros2_cobot/install/mecharm_communication:/home/robotics/ros2_cobot/install/mycobot_630:/home/robotics/ros2_cobot/install/mycobot_600:/home/robotics/ros2_cobot/install/mycobot_320pi:/home/robotics/ros2_cobot/install/mycobot_320_riscv:/home/robotics/ros2_cobot/install/mycobot_320:/home/robotics/ros2_cobot/install/mycobot_280pi:/home/robotics/ros2_cobot/install/mycobot_280jn:/home/robotics/ros2_cobot/install/mycobot_280_x3pi:/home/robotics/ros2_cobot/install/mycobot_280_riscv:/home/robotics/ros2_cobot/install/mycobot_280_rdkx5:/home/robotics/ros2_cobot/install/mycobot_280_moveit2_control:/home/robotics/ros2_cobot/install/mycobot_280_arduino:/home/robotics/ros2_cobot/install/mycobot_280:/home/robotics/ros2_cobot/install/mybuddy:/home/robotics/ros2_cobot/install/myarm_300:/home/robotics/ros2_cobot/install/mecharm_pi:/home/robotics/ros2_cobot/install/mecharm:/home/robotics/ros2_cobot/install/mycobot_description:/opt/ros/humble /usr/bin/cmake --build /home/robotics/ros2_cobot/build/mecharm_interfaces -- -j16 -l16
[12.736s] Invoking command in '/home/robotics/ros2_cobot/build/mecharm_interfaces': CMAKE_PREFIX_PATH=${CMAKE_PREFIX_PATH}:/home/robotics/ros2_cobot/install/ultraarm:/home/robotics/ros2_cobot/install/mypalletizer_communication:/home/robotics/ros2_cobot/install/mypalletizer_260_pi:/home/robotics/ros2_cobot/install/mypalletizer_260:/home/robotics/ros2_cobot/install/myarm_m750:/home/robotics/ros2_cobot/install/myarm_c650:/home/robotics/ros2_cobot/install/mycobot_communication:/home/robotics/ros2_cobot/install/mecharm_communication:/home/robotics/ros2_cobot/install/mycobot_630:/home/robotics/ros2_cobot/install/mycobot_600:/home/robotics/ros2_cobot/install/mycobot_320pi:/home/robotics/ros2_cobot/install/mycobot_320_riscv:/home/robotics/ros2_cobot/install/mycobot_320:/home/robotics/ros2_cobot/install/mycobot_280pi:/home/robotics/ros2_cobot/install/mycobot_280jn:/home/robotics/ros2_cobot/install/mycobot_280_x3pi:/home/robotics/ros2_cobot/install/mycobot_280_riscv:/home/robotics/ros2_cobot/install/mycobot_280_rdkx5:/home/robotics/ros2_cobot/install/mycobot_280_moveit2_control:/home/robotics/ros2_cobot/install/mycobot_280_arduino:/home/robotics/ros2_cobot/install/mycobot_280:/home/robotics/ros2_cobot/install/mybuddy:/home/robotics/ros2_cobot/install/myarm_300:/home/robotics/ros2_cobot/install/mecharm_pi:/home/robotics/ros2_cobot/install/mecharm:/home/robotics/ros2_cobot/install/mycobot_description:/opt/ros/humble /usr/bin/cmake --install /home/robotics/ros2_cobot/build/mecharm_interfaces
[12.750s] -- Install configuration: ""
[12.750s] -- Installing: /home/robotics/ros2_cobot/install/mecharm_interfaces/share/ament_index/resource_index/rosidl_interfaces/mecharm_interfaces
[12.750s] -- Installing: /home/robotics/ros2_cobot/install/mecharm_interfaces/include/mecharm_interfaces/mecharm_interfaces
[12.750s] -- Installing: /home/robotics/ros2_cobot/install/mecharm_interfaces/include/mecharm_interfaces/mecharm_interfaces/srv
[12.750s] -- Installing: /home/robotics/ros2_cobot/install/mecharm_interfaces/include/mecharm_interfaces/mecharm_interfaces/srv/get_coords.h
[12.750s] -- Installing: /home/robotics/ros2_cobot/install/mecharm_interfaces/include/mecharm_interfaces/mecharm_interfaces/srv/get_angles.h
[12.750s] -- Installing: /home/robotics/ros2_cobot/install/mecharm_interfaces/include/mecharm_interfaces/mecharm_interfaces/srv/set_coords.h
[12.750s] -- Installing: /home/robotics/ros2_cobot/install/mecharm_interfaces/include/mecharm_interfaces/mecharm_interfaces/srv/set_angles.h
[12.750s] -- Installing: /home/robotics/ros2_cobot/install/mecharm_interfaces/include/mecharm_interfaces/mecharm_interfaces/srv/detail
[12.750s] -- Installing: /home/robotics/ros2_cobot/install/mecharm_interfaces/include/mecharm_interfaces/mecharm_interfaces/srv/detail/set_coords__functions.h
[12.750s] -- Installing: /home/robotics/ros2_cobot/install/mecharm_interfaces/include/mecharm_interfaces/mecharm_interfaces/srv/detail/set_angles__functions.h
[12.750s] -- Installing: /home/robotics/ros2_cobot/install/mecharm_interfaces/include/mecharm_interfaces/mecharm_interfaces/srv/detail/pump_status__functions.h
[12.750s] -- Installing: /home/robotics/ros2_cobot/install/mecharm_interfaces/include/mecharm_interfaces/mecharm_interfaces/srv/detail/get_coords__functions.h
[12.750s] -- Installing: /home/robotics/ros2_cobot/install/mecharm_interfaces/include/mecharm_interfaces/mecharm_interfaces/srv/detail/pump_status__struct.h
[12.750s] -- Installing: /home/robotics/ros2_cobot/install/mecharm_interfaces/include/mecharm_interfaces/mecharm_interfaces/srv/detail/gripper_status__type_support.h
[12.750s] -- Installing: /home/robotics/ros2_cobot/install/mecharm_interfaces/include/mecharm_interfaces/mecharm_interfaces/srv/detail/get_coords__functions.c
[12.750s] -- Installing: /home/robotics/ros2_cobot/install/mecharm_interfaces/include/mecharm_interfaces/mecharm_interfaces/srv/detail/pump_status__functions.c
[12.750s] -- Installing: /home/robotics/ros2_cobot/install/mecharm_interfaces/include/mecharm_interfaces/mecharm_interfaces/srv/detail/set_angles__functions.c
[12.750s] -- Installing: /home/robotics/ros2_cobot/install/mecharm_interfaces/include/mecharm_interfaces/mecharm_interfaces/srv/detail/set_angles__type_support.h
[12.750s] -- Installing: /home/robotics/ros2_cobot/install/mecharm_interfaces/include/mecharm_interfaces/mecharm_interfaces/srv/detail/set_coords__struct.h
[12.750s] -- Installing: /home/robotics/ros2_cobot/install/mecharm_interfaces/include/mecharm_interfaces/mecharm_interfaces/srv/detail/get_coords__type_support.h
[12.750s] -- Installing: /home/robotics/ros2_cobot/install/mecharm_interfaces/include/mecharm_interfaces/mecharm_interfaces/srv/detail/gripper_status__functions.h
[12.750s] -- Installing: /home/robotics/ros2_cobot/install/mecharm_interfaces/include/mecharm_interfaces/mecharm_interfaces/srv/detail/get_angles__functions.c
[12.751s] -- Installing: /home/robotics/ros2_cobot/install/mecharm_interfaces/include/mecharm_interfaces/mecharm_interfaces/srv/detail/get_angles__functions.h
[12.751s] -- Installing: /home/robotics/ros2_cobot/install/mecharm_interfaces/include/mecharm_interfaces/mecharm_interfaces/srv/detail/gripper_status__functions.c
[12.752s] -- Installing: /home/robotics/ros2_cobot/install/mecharm_interfaces/include/mecharm_interfaces/mecharm_interfaces/srv/detail/get_angles__type_support.h
[12.752s] -- Installing: /home/robotics/ros2_cobot/install/mecharm_interfaces/include/mecharm_interfaces/mecharm_interfaces/srv/detail/set_coords__functions.c
[12.753s] -- Installing: /home/robotics/ros2_cobot/install/mecharm_interfaces/include/mecharm_interfaces/mecharm_interfaces/srv/detail/set_angles__struct.h
[12.753s] -- Installing: /home/robotics/ros2_cobot/install/mecharm_interfaces/include/mecharm_interfaces/mecharm_interfaces/srv/detail/gripper_status__struct.h
[12.753s] -- Installing: /home/robotics/ros2_cobot/install/mecharm_interfaces/include/mecharm_interfaces/mecharm_interfaces/srv/detail/get_angles__struct.h
[12.753s] -- Installing: /home/robotics/ros2_cobot/install/mecharm_interfaces/include/mecharm_interfaces/mecharm_interfaces/srv/detail/set_coords__type_support.h
[12.753s] -- Installing: /home/robotics/ros2_cobot/install/mecharm_interfaces/include/mecharm_interfaces/mecharm_interfaces/srv/detail/pump_status__type_support.h
[12.753s] -- Installing: /home/robotics/ros2_cobot/install/mecharm_interfaces/include/mecharm_interfaces/mecharm_interfaces/srv/detail/get_coords__struct.h
[12.753s] -- Installing: /home/robotics/ros2_cobot/install/mecharm_interfaces/include/mecharm_interfaces/mecharm_interfaces/srv/pump_status.h
[12.753s] -- Installing: /home/robotics/ros2_cobot/install/mecharm_interfaces/include/mecharm_interfaces/mecharm_interfaces/srv/gripper_status.h
[12.753s] -- Installing: /home/robotics/ros2_cobot/install/mecharm_interfaces/include/mecharm_interfaces/mecharm_interfaces/msg
[12.753s] -- Installing: /home/robotics/ros2_cobot/install/mecharm_interfaces/include/mecharm_interfaces/mecharm_interfaces/msg/mecharm_pump_status.h
[12.753s] -- Installing: /home/robotics/ros2_cobot/install/mecharm_interfaces/include/mecharm_interfaces/mecharm_interfaces/msg/mecharm_set_coords.h
[12.753s] -- Installing: /home/robotics/ros2_cobot/install/mecharm_interfaces/include/mecharm_interfaces/mecharm_interfaces/msg/mecharm_coords.h
[12.754s] -- Installing: /home/robotics/ros2_cobot/install/mecharm_interfaces/include/mecharm_interfaces/mecharm_interfaces/msg/mecharm_set_angles.h
[12.754s] -- Installing: /home/robotics/ros2_cobot/install/mecharm_interfaces/include/mecharm_interfaces/mecharm_interfaces/msg/detail
[12.755s] -- Installing: /home/robotics/ros2_cobot/install/mecharm_interfaces/include/mecharm_interfaces/mecharm_interfaces/msg/detail/mecharm_angles__functions.h
[12.755s] -- Installing: /home/robotics/ros2_cobot/install/mecharm_interfaces/include/mecharm_interfaces/mecharm_interfaces/msg/detail/mecharm_pump_status__functions.h
[12.755s] -- Installing: /home/robotics/ros2_cobot/install/mecharm_interfaces/include/mecharm_interfaces/mecharm_interfaces/msg/detail/mecharm_pump_status__functions.c
[12.755s] -- Installing: /home/robotics/ros2_cobot/install/mecharm_interfaces/include/mecharm_interfaces/mecharm_interfaces/msg/detail/mecharm_set_angles__functions.h
[12.756s] -- Installing: /home/robotics/ros2_cobot/install/mecharm_interfaces/include/mecharm_interfaces/mecharm_interfaces/msg/detail/mecharm_coords__type_support.h
[12.756s] -- Installing: /home/robotics/ros2_cobot/install/mecharm_interfaces/include/mecharm_interfaces/mecharm_interfaces/msg/detail/mecharm_gripper_status__functions.c
[12.756s] -- Installing: /home/robotics/ros2_cobot/install/mecharm_interfaces/include/mecharm_interfaces/mecharm_interfaces/msg/detail/mecharm_coords__struct.h
[12.756s] -- Installing: /home/robotics/ros2_cobot/install/mecharm_interfaces/include/mecharm_interfaces/mecharm_interfaces/msg/detail/mecharm_set_coords__type_support.h
[12.756s] -- Installing: /home/robotics/ros2_cobot/install/mecharm_interfaces/include/mecharm_interfaces/mecharm_interfaces/msg/detail/mecharm_set_angles__functions.c
[12.756s] -- Installing: /home/robotics/ros2_cobot/install/mecharm_interfaces/include/mecharm_interfaces/mecharm_interfaces/msg/detail/mecharm_set_angles__struct.h
[12.756s] -- Installing: /home/robotics/ros2_cobot/install/mecharm_interfaces/include/mecharm_interfaces/mecharm_interfaces/msg/detail/mecharm_set_coords__struct.h
[12.756s] -- Installing: /home/robotics/ros2_cobot/install/mecharm_interfaces/include/mecharm_interfaces/mecharm_interfaces/msg/detail/mecharm_angles__type_support.h
[12.756s] -- Installing: /home/robotics/ros2_cobot/install/mecharm_interfaces/include/mecharm_interfaces/mecharm_interfaces/msg/detail/mecharm_angles__functions.c
[12.756s] -- Installing: /home/robotics/ros2_cobot/install/mecharm_interfaces/include/mecharm_interfaces/mecharm_interfaces/msg/detail/mecharm_set_coords__functions.c
[12.756s] -- Installing: /home/robotics/ros2_cobot/install/mecharm_interfaces/include/mecharm_interfaces/mecharm_interfaces/msg/detail/mecharm_gripper_status__struct.h
[12.756s] -- Installing: /home/robotics/ros2_cobot/install/mecharm_interfaces/include/mecharm_interfaces/mecharm_interfaces/msg/detail/mecharm_coords__functions.c
[12.757s] -- Installing: /home/robotics/ros2_cobot/install/mecharm_interfaces/include/mecharm_interfaces/mecharm_interfaces/msg/detail/mecharm_gripper_status__type_support.h
[12.757s] -- Installing: /home/robotics/ros2_cobot/install/mecharm_interfaces/include/mecharm_interfaces/mecharm_interfaces/msg/detail/mecharm_coords__functions.h
[12.757s] -- Installing: /home/robotics/ros2_cobot/install/mecharm_interfaces/include/mecharm_interfaces/mecharm_interfaces/msg/detail/mecharm_set_coords__functions.h
[12.757s] -- Installing: /home/robotics/ros2_cobot/install/mecharm_interfaces/include/mecharm_interfaces/mecharm_interfaces/msg/detail/mecharm_pump_status__struct.h
[12.757s] -- Installing: /home/robotics/ros2_cobot/install/mecharm_interfaces/include/mecharm_interfaces/mecharm_interfaces/msg/detail/mecharm_set_angles__type_support.h
[12.757s] -- Installing: /home/robotics/ros2_cobot/install/mecharm_interfaces/include/mecharm_interfaces/mecharm_interfaces/msg/detail/mecharm_gripper_status__functions.h
[12.757s] -- Installing: /home/robotics/ros2_cobot/install/mecharm_interfaces/include/mecharm_interfaces/mecharm_interfaces/msg/detail/mecharm_pump_status__type_support.h
[12.757s] -- Installing: /home/robotics/ros2_cobot/install/mecharm_interfaces/include/mecharm_interfaces/mecharm_interfaces/msg/detail/mecharm_angles__struct.h
[12.757s] -- Installing: /home/robotics/ros2_cobot/install/mecharm_interfaces/include/mecharm_interfaces/mecharm_interfaces/msg/mecharm_gripper_status.h
[12.757s] -- Installing: /home/robotics/ros2_cobot/install/mecharm_interfaces/include/mecharm_interfaces/mecharm_interfaces/msg/rosidl_generator_c__visibility_control.h
[12.757s] -- Installing: /home/robotics/ros2_cobot/install/mecharm_interfaces/include/mecharm_interfaces/mecharm_interfaces/msg/mecharm_angles.h
[12.757s] -- Installing: /home/robotics/ros2_cobot/install/mecharm_interfaces/share/mecharm_interfaces/environment/library_path.sh
[12.757s] -- Installing: /home/robotics/ros2_cobot/install/mecharm_interfaces/share/mecharm_interfaces/environment/library_path.dsv
[12.757s] -- Installing: /home/robotics/ros2_cobot/install/mecharm_interfaces/lib/libmecharm_interfaces__rosidl_generator_c.so
[12.757s] -- Set runtime path of "/home/robotics/ros2_cobot/install/mecharm_interfaces/lib/libmecharm_interfaces__rosidl_generator_c.so" to ""
[12.757s] -- Up-to-date: /home/robotics/ros2_cobot/install/mecharm_interfaces/include/mecharm_interfaces/mecharm_interfaces
[12.758s] -- Up-to-date: /home/robotics/ros2_cobot/install/mecharm_interfaces/include/mecharm_interfaces/mecharm_interfaces/srv
[12.758s] -- Up-to-date: /home/robotics/ros2_cobot/install/mecharm_interfaces/include/mecharm_interfaces/mecharm_interfaces/srv/detail
[12.758s] -- Installing: /home/robotics/ros2_cobot/install/mecharm_interfaces/include/mecharm_interfaces/mecharm_interfaces/srv/detail/get_angles__rosidl_typesupport_fastrtps_c.h
[12.758s] -- Installing: /home/robotics/ros2_cobot/install/mecharm_interfaces/include/mecharm_interfaces/mecharm_interfaces/srv/detail/set_coords__rosidl_typesupport_fastrtps_c.h
[12.758s] -- Installing: /home/robotics/ros2_cobot/install/mecharm_interfaces/include/mecharm_interfaces/mecharm_interfaces/srv/detail/get_coords__rosidl_typesupport_fastrtps_c.h
[12.758s] -- Installing: /home/robotics/ros2_cobot/install/mecharm_interfaces/include/mecharm_interfaces/mecharm_interfaces/srv/detail/set_angles__rosidl_typesupport_fastrtps_c.h
[12.758s] -- Installing: /home/robotics/ros2_cobot/install/mecharm_interfaces/include/mecharm_interfaces/mecharm_interfaces/srv/detail/pump_status__rosidl_typesupport_fastrtps_c.h
[12.758s] -- Installing: /home/robotics/ros2_cobot/install/mecharm_interfaces/include/mecharm_interfaces/mecharm_interfaces/srv/detail/gripper_status__rosidl_typesupport_fastrtps_c.h
[12.758s] -- Up-to-date: /home/robotics/ros2_cobot/install/mecharm_interfaces/include/mecharm_interfaces/mecharm_interfaces/msg
[12.759s] -- Up-to-date: /home/robotics/ros2_cobot/install/mecharm_interfaces/include/mecharm_interfaces/mecharm_interfaces/msg/detail
[12.759s] -- Installing: /home/robotics/ros2_cobot/install/mecharm_interfaces/include/mecharm_interfaces/mecharm_interfaces/msg/detail/mecharm_set_angles__rosidl_typesupport_fastrtps_c.h
[12.759s] -- Installing: /home/robotics/ros2_cobot/install/mecharm_interfaces/include/mecharm_interfaces/mecharm_interfaces/msg/detail/mecharm_angles__rosidl_typesupport_fastrtps_c.h
[12.759s] -- Installing: /home/robotics/ros2_cobot/install/mecharm_interfaces/include/mecharm_interfaces/mecharm_interfaces/msg/detail/mecharm_gripper_status__rosidl_typesupport_fastrtps_c.h
[12.760s] -- Installing: /home/robotics/ros2_cobot/install/mecharm_interfaces/include/mecharm_interfaces/mecharm_interfaces/msg/detail/mecharm_set_coords__rosidl_typesupport_fastrtps_c.h
[12.760s] -- Installing: /home/robotics/ros2_cobot/install/mecharm_interfaces/include/mecharm_interfaces/mecharm_interfaces/msg/detail/mecharm_pump_status__rosidl_typesupport_fastrtps_c.h
[12.760s] -- Installing: /home/robotics/ros2_cobot/install/mecharm_interfaces/include/mecharm_interfaces/mecharm_interfaces/msg/detail/mecharm_coords__rosidl_typesupport_fastrtps_c.h
[12.760s] -- Installing: /home/robotics/ros2_cobot/install/mecharm_interfaces/include/mecharm_interfaces/mecharm_interfaces/msg/rosidl_typesupport_fastrtps_c__visibility_control.h
[12.760s] -- Installing: /home/robotics/ros2_cobot/install/mecharm_interfaces/lib/libmecharm_interfaces__rosidl_typesupport_fastrtps_c.so
[12.760s] -- Set runtime path of "/home/robotics/ros2_cobot/install/mecharm_interfaces/lib/libmecharm_interfaces__rosidl_typesupport_fastrtps_c.so" to ""
[12.760s] -- Up-to-date: /home/robotics/ros2_cobot/install/mecharm_interfaces/include/mecharm_interfaces/mecharm_interfaces
[12.760s] -- Up-to-date: /home/robotics/ros2_cobot/install/mecharm_interfaces/include/mecharm_interfaces/mecharm_interfaces/srv
[12.761s] -- Up-to-date: /home/robotics/ros2_cobot/install/mecharm_interfaces/include/mecharm_interfaces/mecharm_interfaces/srv/detail
[12.761s] -- Installing: /home/robotics/ros2_cobot/install/mecharm_interfaces/include/mecharm_interfaces/mecharm_interfaces/srv/detail/gripper_status__type_support.c
[12.761s] -- Installing: /home/robotics/ros2_cobot/install/mecharm_interfaces/include/mecharm_interfaces/mecharm_interfaces/srv/detail/gripper_status__rosidl_typesupport_introspection_c.h
[12.761s] -- Installing: /home/robotics/ros2_cobot/install/mecharm_interfaces/include/mecharm_interfaces/mecharm_interfaces/srv/detail/set_coords__rosidl_typesupport_introspection_c.h
[12.761s] -- Installing: /home/robotics/ros2_cobot/install/mecharm_interfaces/include/mecharm_interfaces/mecharm_interfaces/srv/detail/get_angles__rosidl_typesupport_introspection_c.h
[12.761s] -- Installing: /home/robotics/ros2_cobot/install/mecharm_interfaces/include/mecharm_interfaces/mecharm_interfaces/srv/detail/get_coords__rosidl_typesupport_introspection_c.h
[12.761s] -- Installing: /home/robotics/ros2_cobot/install/mecharm_interfaces/include/mecharm_interfaces/mecharm_interfaces/srv/detail/set_angles__rosidl_typesupport_introspection_c.h
[12.761s] -- Installing: /home/robotics/ros2_cobot/install/mecharm_interfaces/include/mecharm_interfaces/mecharm_interfaces/srv/detail/get_angles__type_support.c
[12.762s] -- Installing: /home/robotics/ros2_cobot/install/mecharm_interfaces/include/mecharm_interfaces/mecharm_interfaces/srv/detail/pump_status__rosidl_typesupport_introspection_c.h
[12.763s] -- Installing: /home/robotics/ros2_cobot/install/mecharm_interfaces/include/mecharm_interfaces/mecharm_interfaces/srv/detail/get_coords__type_support.c
[12.763s] -- Installing: /home/robotics/ros2_cobot/install/mecharm_interfaces/include/mecharm_interfaces/mecharm_interfaces/srv/detail/set_angles__type_support.c
[12.763s] -- Installing: /home/robotics/ros2_cobot/install/mecharm_interfaces/include/mecharm_interfaces/mecharm_interfaces/srv/detail/set_coords__type_support.c
[12.763s] -- Installing: /home/robotics/ros2_cobot/install/mecharm_interfaces/include/mecharm_interfaces/mecharm_interfaces/srv/detail/pump_status__type_support.c
[12.763s] -- Up-to-date: /home/robotics/ros2_cobot/install/mecharm_interfaces/include/mecharm_interfaces/mecharm_interfaces/msg
[12.763s] -- Up-to-date: /home/robotics/ros2_cobot/install/mecharm_interfaces/include/mecharm_interfaces/mecharm_interfaces/msg/detail
[12.763s] -- Installing: /home/robotics/ros2_cobot/install/mecharm_interfaces/include/mecharm_interfaces/mecharm_interfaces/msg/detail/mecharm_coords__rosidl_typesupport_introspection_c.h
[12.763s] -- Installing: /home/robotics/ros2_cobot/install/mecharm_interfaces/include/mecharm_interfaces/mecharm_interfaces/msg/detail/mecharm_set_coords__type_support.c
[12.763s] -- Installing: /home/robotics/ros2_cobot/install/mecharm_interfaces/include/mecharm_interfaces/mecharm_interfaces/msg/detail/mecharm_gripper_status__rosidl_typesupport_introspection_c.h
[12.763s] -- Installing: /home/robotics/ros2_cobot/install/mecharm_interfaces/include/mecharm_interfaces/mecharm_interfaces/msg/detail/mecharm_coords__type_support.c
[12.763s] -- Installing: /home/robotics/ros2_cobot/install/mecharm_interfaces/include/mecharm_interfaces/mecharm_interfaces/msg/detail/mecharm_set_coords__rosidl_typesupport_introspection_c.h
[12.764s] -- Installing: /home/robotics/ros2_cobot/install/mecharm_interfaces/include/mecharm_interfaces/mecharm_interfaces/msg/detail/mecharm_angles__type_support.c
[12.764s] -- Installing: /home/robotics/ros2_cobot/install/mecharm_interfaces/include/mecharm_interfaces/mecharm_interfaces/msg/detail/mecharm_gripper_status__type_support.c
[12.764s] -- Installing: /home/robotics/ros2_cobot/install/mecharm_interfaces/include/mecharm_interfaces/mecharm_interfaces/msg/detail/mecharm_pump_status__rosidl_typesupport_introspection_c.h
[12.764s] -- Installing: /home/robotics/ros2_cobot/install/mecharm_interfaces/include/mecharm_interfaces/mecharm_interfaces/msg/detail/mecharm_set_angles__rosidl_typesupport_introspection_c.h
[12.764s] -- Installing: /home/robotics/ros2_cobot/install/mecharm_interfaces/include/mecharm_interfaces/mecharm_interfaces/msg/detail/mecharm_angles__rosidl_typesupport_introspection_c.h
[12.765s] -- Installing: /home/robotics/ros2_cobot/install/mecharm_interfaces/include/mecharm_interfaces/mecharm_interfaces/msg/detail/mecharm_pump_status__type_support.c
[12.765s] -- Installing: /home/robotics/ros2_cobot/install/mecharm_interfaces/include/mecharm_interfaces/mecharm_interfaces/msg/detail/mecharm_set_angles__type_support.c
[12.765s] -- Installing: /home/robotics/ros2_cobot/install/mecharm_interfaces/include/mecharm_interfaces/mecharm_interfaces/msg/rosidl_typesupport_introspection_c__visibility_control.h
[12.765s] -- Installing: /home/robotics/ros2_cobot/install/mecharm_interfaces/lib/libmecharm_interfaces__rosidl_typesupport_introspection_c.so
[12.765s] -- Set runtime path of "/home/robotics/ros2_cobot/install/mecharm_interfaces/lib/libmecharm_interfaces__rosidl_typesupport_introspection_c.so" to ""
[12.765s] -- Installing: /home/robotics/ros2_cobot/install/mecharm_interfaces/lib/libmecharm_interfaces__rosidl_typesupport_c.so
[12.766s] -- Set runtime path of "/home/robotics/ros2_cobot/install/mecharm_interfaces/lib/libmecharm_interfaces__rosidl_typesupport_c.so" to ""
[12.766s] -- Up-to-date: /home/robotics/ros2_cobot/install/mecharm_interfaces/include/mecharm_interfaces/mecharm_interfaces
[12.766s] -- Up-to-date: /home/robotics/ros2_cobot/install/mecharm_interfaces/include/mecharm_interfaces/mecharm_interfaces/srv
[12.766s] -- Installing: /home/robotics/ros2_cobot/install/mecharm_interfaces/include/mecharm_interfaces/mecharm_interfaces/srv/get_angles.hpp
[12.766s] -- Installing: /home/robotics/ros2_cobot/install/mecharm_interfaces/include/mecharm_interfaces/mecharm_interfaces/srv/set_coords.hpp
[12.766s] -- Installing: /home/robotics/ros2_cobot/install/mecharm_interfaces/include/mecharm_interfaces/mecharm_interfaces/srv/set_angles.hpp
[12.766s] -- Up-to-date: /home/robotics/ros2_cobot/install/mecharm_interfaces/include/mecharm_interfaces/mecharm_interfaces/srv/detail
[12.766s] -- Installing: /home/robotics/ros2_cobot/install/mecharm_interfaces/include/mecharm_interfaces/mecharm_interfaces/srv/detail/get_angles__traits.hpp
[12.766s] -- Installing: /home/robotics/ros2_cobot/install/mecharm_interfaces/include/mecharm_interfaces/mecharm_interfaces/srv/detail/get_coords__struct.hpp
[12.766s] -- Installing: /home/robotics/ros2_cobot/install/mecharm_interfaces/include/mecharm_interfaces/mecharm_interfaces/srv/detail/set_angles__type_support.hpp
[12.766s] -- Installing: /home/robotics/ros2_cobot/install/mecharm_interfaces/include/mecharm_interfaces/mecharm_interfaces/srv/detail/set_coords__type_support.hpp
[12.766s] -- Installing: /home/robotics/ros2_cobot/install/mecharm_interfaces/include/mecharm_interfaces/mecharm_interfaces/srv/detail/set_angles__traits.hpp
[12.766s] -- Installing: /home/robotics/ros2_cobot/install/mecharm_interfaces/include/mecharm_interfaces/mecharm_interfaces/srv/detail/get_angles__struct.hpp
[12.766s] -- Installing: /home/robotics/ros2_cobot/install/mecharm_interfaces/include/mecharm_interfaces/mecharm_interfaces/srv/detail/get_angles__type_support.hpp
[12.767s] -- Installing: /home/robotics/ros2_cobot/install/mecharm_interfaces/include/mecharm_interfaces/mecharm_interfaces/srv/detail/gripper_status__struct.hpp
[12.767s] -- Installing: /home/robotics/ros2_cobot/install/mecharm_interfaces/include/mecharm_interfaces/mecharm_interfaces/srv/detail/gripper_status__type_support.hpp
[12.767s] -- Installing: /home/robotics/ros2_cobot/install/mecharm_interfaces/include/mecharm_interfaces/mecharm_interfaces/srv/detail/get_coords__traits.hpp
[12.767s] -- Installing: /home/robotics/ros2_cobot/install/mecharm_interfaces/include/mecharm_interfaces/mecharm_interfaces/srv/detail/gripper_status__builder.hpp
[12.767s] -- Installing: /home/robotics/ros2_cobot/install/mecharm_interfaces/include/mecharm_interfaces/mecharm_interfaces/srv/detail/pump_status__struct.hpp
[12.767s] -- Installing: /home/robotics/ros2_cobot/install/mecharm_interfaces/include/mecharm_interfaces/mecharm_interfaces/srv/detail/set_coords__struct.hpp
[12.767s] -- Installing: /home/robotics/ros2_cobot/install/mecharm_interfaces/include/mecharm_interfaces/mecharm_interfaces/srv/detail/pump_status__traits.hpp
[12.768s] -- Installing: /home/robotics/ros2_cobot/install/mecharm_interfaces/include/mecharm_interfaces/mecharm_interfaces/srv/detail/pump_status__type_support.hpp
[12.768s] -- Installing: /home/robotics/ros2_cobot/install/mecharm_interfaces/include/mecharm_interfaces/mecharm_interfaces/srv/detail/get_coords__builder.hpp
[12.768s] -- Installing: /home/robotics/ros2_cobot/install/mecharm_interfaces/include/mecharm_interfaces/mecharm_interfaces/srv/detail/set_coords__traits.hpp
[12.768s] -- Installing: /home/robotics/ros2_cobot/install/mecharm_interfaces/include/mecharm_interfaces/mecharm_interfaces/srv/detail/set_angles__builder.hpp
[12.768s] -- Installing: /home/robotics/ros2_cobot/install/mecharm_interfaces/include/mecharm_interfaces/mecharm_interfaces/srv/detail/set_angles__struct.hpp
[12.768s] -- Installing: /home/robotics/ros2_cobot/install/mecharm_interfaces/include/mecharm_interfaces/mecharm_interfaces/srv/detail/set_coords__builder.hpp
[12.768s] -- Installing: /home/robotics/ros2_cobot/install/mecharm_interfaces/include/mecharm_interfaces/mecharm_interfaces/srv/detail/pump_status__builder.hpp
[12.769s] -- Installing: /home/robotics/ros2_cobot/install/mecharm_interfaces/include/mecharm_interfaces/mecharm_interfaces/srv/detail/gripper_status__traits.hpp
[12.770s] -- Installing: /home/robotics/ros2_cobot/install/mecharm_interfaces/include/mecharm_interfaces/mecharm_interfaces/srv/detail/get_coords__type_support.hpp
[12.770s] -- Installing: /home/robotics/ros2_cobot/install/mecharm_interfaces/include/mecharm_interfaces/mecharm_interfaces/srv/detail/get_angles__builder.hpp
[12.770s] -- Installing: /home/robotics/ros2_cobot/install/mecharm_interfaces/include/mecharm_interfaces/mecharm_interfaces/srv/pump_status.hpp
[12.770s] -- Installing: /home/robotics/ros2_cobot/install/mecharm_interfaces/include/mecharm_interfaces/mecharm_interfaces/srv/gripper_status.hpp
[12.770s] -- Installing: /home/robotics/ros2_cobot/install/mecharm_interfaces/include/mecharm_interfaces/mecharm_interfaces/srv/get_coords.hpp
[12.770s] -- Up-to-date: /home/robotics/ros2_cobot/install/mecharm_interfaces/include/mecharm_interfaces/mecharm_interfaces/msg
[12.770s] -- Installing: /home/robotics/ros2_cobot/install/mecharm_interfaces/include/mecharm_interfaces/mecharm_interfaces/msg/rosidl_generator_cpp__visibility_control.hpp
[12.770s] -- Up-to-date: /home/robotics/ros2_cobot/install/mecharm_interfaces/include/mecharm_interfaces/mecharm_interfaces/msg/detail
[12.770s] -- Installing: /home/robotics/ros2_cobot/install/mecharm_interfaces/include/mecharm_interfaces/mecharm_interfaces/msg/detail/mecharm_angles__struct.hpp
[12.770s] -- Installing: /home/robotics/ros2_cobot/install/mecharm_interfaces/include/mecharm_interfaces/mecharm_interfaces/msg/detail/mecharm_angles__builder.hpp
[12.770s] -- Installing: /home/robotics/ros2_cobot/install/mecharm_interfaces/include/mecharm_interfaces/mecharm_interfaces/msg/detail/mecharm_gripper_status__traits.hpp
[12.770s] -- Installing: /home/robotics/ros2_cobot/install/mecharm_interfaces/include/mecharm_interfaces/mecharm_interfaces/msg/detail/mecharm_pump_status__traits.hpp
[12.770s] -- Installing: /home/robotics/ros2_cobot/install/mecharm_interfaces/include/mecharm_interfaces/mecharm_interfaces/msg/detail/mecharm_set_coords__type_support.hpp
[12.770s] -- Installing: /home/robotics/ros2_cobot/install/mecharm_interfaces/include/mecharm_interfaces/mecharm_interfaces/msg/detail/mecharm_pump_status__builder.hpp
[12.770s] -- Installing: /home/robotics/ros2_cobot/install/mecharm_interfaces/include/mecharm_interfaces/mecharm_interfaces/msg/detail/mecharm_gripper_status__type_support.hpp
[12.770s] -- Installing: /home/robotics/ros2_cobot/install/mecharm_interfaces/include/mecharm_interfaces/mecharm_interfaces/msg/detail/mecharm_set_angles__builder.hpp
[12.770s] -- Installing: /home/robotics/ros2_cobot/install/mecharm_interfaces/include/mecharm_interfaces/mecharm_interfaces/msg/detail/mecharm_gripper_status__builder.hpp
[12.770s] -- Installing: /home/robotics/ros2_cobot/install/mecharm_interfaces/include/mecharm_interfaces/mecharm_interfaces/msg/detail/mecharm_set_angles__traits.hpp
[12.770s] -- Installing: /home/robotics/ros2_cobot/install/mecharm_interfaces/include/mecharm_interfaces/mecharm_interfaces/msg/detail/mecharm_pump_status__struct.hpp
[12.770s] -- Installing: /home/robotics/ros2_cobot/install/mecharm_interfaces/include/mecharm_interfaces/mecharm_interfaces/msg/detail/mecharm_set_coords__builder.hpp
[12.770s] -- Installing: /home/robotics/ros2_cobot/install/mecharm_interfaces/include/mecharm_interfaces/mecharm_interfaces/msg/detail/mecharm_set_coords__traits.hpp
[12.771s] -- Installing: /home/robotics/ros2_cobot/install/mecharm_interfaces/include/mecharm_interfaces/mecharm_interfaces/msg/detail/mecharm_coords__struct.hpp
[12.771s] -- Installing: /home/robotics/ros2_cobot/install/mecharm_interfaces/include/mecharm_interfaces/mecharm_interfaces/msg/detail/mecharm_coords__type_support.hpp
[12.771s] -- Installing: /home/robotics/ros2_cobot/install/mecharm_interfaces/include/mecharm_interfaces/mecharm_interfaces/msg/detail/mecharm_set_coords__struct.hpp
[12.771s] -- Installing: /home/robotics/ros2_cobot/install/mecharm_interfaces/include/mecharm_interfaces/mecharm_interfaces/msg/detail/mecharm_coords__builder.hpp
[12.771s] -- Installing: /home/robotics/ros2_cobot/install/mecharm_interfaces/include/mecharm_interfaces/mecharm_interfaces/msg/detail/mecharm_angles__type_support.hpp
[12.772s] -- Installing: /home/robotics/ros2_cobot/install/mecharm_interfaces/include/mecharm_interfaces/mecharm_interfaces/msg/detail/mecharm_pump_status__type_support.hpp
[12.772s] -- Installing: /home/robotics/ros2_cobot/install/mecharm_interfaces/include/mecharm_interfaces/mecharm_interfaces/msg/detail/mecharm_angles__traits.hpp
[12.772s] -- Installing: /home/robotics/ros2_cobot/install/mecharm_interfaces/include/mecharm_interfaces/mecharm_interfaces/msg/detail/mecharm_set_angles__struct.hpp
[12.772s] -- Installing: /home/robotics/ros2_cobot/install/mecharm_interfaces/include/mecharm_interfaces/mecharm_interfaces/msg/detail/mecharm_set_angles__type_support.hpp
[12.772s] -- Installing: /home/robotics/ros2_cobot/install/mecharm_interfaces/include/mecharm_interfaces/mecharm_interfaces/msg/detail/mecharm_coords__traits.hpp
[12.772s] -- Installing: /home/robotics/ros2_cobot/install/mecharm_interfaces/include/mecharm_interfaces/mecharm_interfaces/msg/detail/mecharm_gripper_status__struct.hpp
[12.772s] -- Installing: /home/robotics/ros2_cobot/install/mecharm_interfaces/include/mecharm_interfaces/mecharm_interfaces/msg/mecharm_coords.hpp
[12.772s] -- Installing: /home/robotics/ros2_cobot/install/mecharm_interfaces/include/mecharm_interfaces/mecharm_interfaces/msg/mecharm_gripper_status.hpp
[12.772s] -- Installing: /home/robotics/ros2_cobot/install/mecharm_interfaces/include/mecharm_interfaces/mecharm_interfaces/msg/mecharm_pump_status.hpp
[12.772s] -- Installing: /home/robotics/ros2_cobot/install/mecharm_interfaces/include/mecharm_interfaces/mecharm_interfaces/msg/mecharm_set_coords.hpp
[12.772s] -- Installing: /home/robotics/ros2_cobot/install/mecharm_interfaces/include/mecharm_interfaces/mecharm_interfaces/msg/mecharm_angles.hpp
[12.772s] -- Installing: /home/robotics/ros2_cobot/install/mecharm_interfaces/include/mecharm_interfaces/mecharm_interfaces/msg/mecharm_set_angles.hpp
[12.772s] -- Up-to-date: /home/robotics/ros2_cobot/install/mecharm_interfaces/include/mecharm_interfaces/mecharm_interfaces
[12.772s] -- Up-to-date: /home/robotics/ros2_cobot/install/mecharm_interfaces/include/mecharm_interfaces/mecharm_interfaces/srv
[12.772s] -- Up-to-date: /home/robotics/ros2_cobot/install/mecharm_interfaces/include/mecharm_interfaces/mecharm_interfaces/srv/detail
[12.772s] -- Installing: /home/robotics/ros2_cobot/install/mecharm_interfaces/include/mecharm_interfaces/mecharm_interfaces/srv/detail/dds_fastrtps
[12.773s] -- Installing: /home/robotics/ros2_cobot/install/mecharm_interfaces/include/mecharm_interfaces/mecharm_interfaces/srv/detail/pump_status__rosidl_typesupport_fastrtps_cpp.hpp
[12.773s] -- Installing: /home/robotics/ros2_cobot/install/mecharm_interfaces/include/mecharm_interfaces/mecharm_interfaces/srv/detail/gripper_status__rosidl_typesupport_fastrtps_cpp.hpp
[12.773s] -- Installing: /home/robotics/ros2_cobot/install/mecharm_interfaces/include/mecharm_interfaces/mecharm_interfaces/srv/detail/set_coords__rosidl_typesupport_fastrtps_cpp.hpp
[12.773s] -- Installing: /home/robotics/ros2_cobot/install/mecharm_interfaces/include/mecharm_interfaces/mecharm_interfaces/srv/detail/get_coords__rosidl_typesupport_fastrtps_cpp.hpp
[12.773s] -- Installing: /home/robotics/ros2_cobot/install/mecharm_interfaces/include/mecharm_interfaces/mecharm_interfaces/srv/detail/set_angles__rosidl_typesupport_fastrtps_cpp.hpp
[12.773s] -- Installing: /home/robotics/ros2_cobot/install/mecharm_interfaces/include/mecharm_interfaces/mecharm_interfaces/srv/detail/get_angles__rosidl_typesupport_fastrtps_cpp.hpp
[12.773s] -- Up-to-date: /home/robotics/ros2_cobot/install/mecharm_interfaces/include/mecharm_interfaces/mecharm_interfaces/msg
[12.773s] -- Up-to-date: /home/robotics/ros2_cobot/install/mecharm_interfaces/include/mecharm_interfaces/mecharm_interfaces/msg/detail
[12.773s] -- Installing: /home/robotics/ros2_cobot/install/mecharm_interfaces/include/mecharm_interfaces/mecharm_interfaces/msg/detail/dds_fastrtps
[12.773s] -- Installing: /home/robotics/ros2_cobot/install/mecharm_interfaces/include/mecharm_interfaces/mecharm_interfaces/msg/detail/mecharm_pump_status__rosidl_typesupport_fastrtps_cpp.hpp
[12.773s] -- Installing: /home/robotics/ros2_cobot/install/mecharm_interfaces/include/mecharm_interfaces/mecharm_interfaces/msg/detail/mecharm_angles__rosidl_typesupport_fastrtps_cpp.hpp
[12.773s] -- Installing: /home/robotics/ros2_cobot/install/mecharm_interfaces/include/mecharm_interfaces/mecharm_interfaces/msg/detail/mecharm_set_coords__rosidl_typesupport_fastrtps_cpp.hpp
[12.773s] -- Installing: /home/robotics/ros2_cobot/install/mecharm_interfaces/include/mecharm_interfaces/mecharm_interfaces/msg/detail/mecharm_set_angles__rosidl_typesupport_fastrtps_cpp.hpp
[12.773s] -- Installing: /home/robotics/ros2_cobot/install/mecharm_interfaces/include/mecharm_interfaces/mecharm_interfaces/msg/detail/mecharm_coords__rosidl_typesupport_fastrtps_cpp.hpp
[12.773s] -- Installing: /home/robotics/ros2_cobot/install/mecharm_interfaces/include/mecharm_interfaces/mecharm_interfaces/msg/detail/mecharm_gripper_status__rosidl_typesupport_fastrtps_cpp.hpp
[12.774s] -- Installing: /home/robotics/ros2_cobot/install/mecharm_interfaces/include/mecharm_interfaces/mecharm_interfaces/msg/rosidl_typesupport_fastrtps_cpp__visibility_control.h
[12.774s] -- Installing: /home/robotics/ros2_cobot/install/mecharm_interfaces/lib/libmecharm_interfaces__rosidl_typesupport_fastrtps_cpp.so
[12.774s] -- Set runtime path of "/home/robotics/ros2_cobot/install/mecharm_interfaces/lib/libmecharm_interfaces__rosidl_typesupport_fastrtps_cpp.so" to ""
[12.774s] -- Up-to-date: /home/robotics/ros2_cobot/install/mecharm_interfaces/include/mecharm_interfaces/mecharm_interfaces
[12.774s] -- Up-to-date: /home/robotics/ros2_cobot/install/mecharm_interfaces/include/mecharm_interfaces/mecharm_interfaces/srv
[12.775s] -- Up-to-date: /home/robotics/ros2_cobot/install/mecharm_interfaces/include/mecharm_interfaces/mecharm_interfaces/srv/detail
[12.775s] -- Installing: /home/robotics/ros2_cobot/install/mecharm_interfaces/include/mecharm_interfaces/mecharm_interfaces/srv/detail/get_coords__rosidl_typesupport_introspection_cpp.hpp
[12.775s] -- Installing: /home/robotics/ros2_cobot/install/mecharm_interfaces/include/mecharm_interfaces/mecharm_interfaces/srv/detail/get_coords__type_support.cpp
[12.775s] -- Installing: /home/robotics/ros2_cobot/install/mecharm_interfaces/include/mecharm_interfaces/mecharm_interfaces/srv/detail/set_angles__rosidl_typesupport_introspection_cpp.hpp
[12.775s] -- Installing: /home/robotics/ros2_cobot/install/mecharm_interfaces/include/mecharm_interfaces/mecharm_interfaces/srv/detail/pump_status__type_support.cpp
[12.775s] -- Installing: /home/robotics/ros2_cobot/install/mecharm_interfaces/include/mecharm_interfaces/mecharm_interfaces/srv/detail/pump_status__rosidl_typesupport_introspection_cpp.hpp
[12.776s] -- Installing: /home/robotics/ros2_cobot/install/mecharm_interfaces/include/mecharm_interfaces/mecharm_interfaces/srv/detail/gripper_status__rosidl_typesupport_introspection_cpp.hpp
[12.777s] -- Installing: /home/robotics/ros2_cobot/install/mecharm_interfaces/include/mecharm_interfaces/mecharm_interfaces/srv/detail/get_angles__rosidl_typesupport_introspection_cpp.hpp
[12.777s] -- Installing: /home/robotics/ros2_cobot/install/mecharm_interfaces/include/mecharm_interfaces/mecharm_interfaces/srv/detail/get_angles__type_support.cpp
[12.777s] -- Installing: /home/robotics/ros2_cobot/install/mecharm_interfaces/include/mecharm_interfaces/mecharm_interfaces/srv/detail/set_angles__type_support.cpp
[12.778s] -- Installing: /home/robotics/ros2_cobot/install/mecharm_interfaces/include/mecharm_interfaces/mecharm_interfaces/srv/detail/set_coords__rosidl_typesupport_introspection_cpp.hpp
[12.780s] -- Installing: /home/robotics/ros2_cobot/install/mecharm_interfaces/include/mecharm_interfaces/mecharm_interfaces/srv/detail/gripper_status__type_support.cpp
[12.780s] -- Installing: /home/robotics/ros2_cobot/install/mecharm_interfaces/include/mecharm_interfaces/mecharm_interfaces/srv/detail/set_coords__type_support.cpp
[12.780s] -- Up-to-date: /home/robotics/ros2_cobot/install/mecharm_interfaces/include/mecharm_interfaces/mecharm_interfaces/msg
[12.781s] -- Up-to-date: /home/robotics/ros2_cobot/install/mecharm_interfaces/include/mecharm_interfaces/mecharm_interfaces/msg/detail
[12.781s] -- Installing: /home/robotics/ros2_cobot/install/mecharm_interfaces/include/mecharm_interfaces/mecharm_interfaces/msg/detail/mecharm_set_coords__type_support.cpp
[12.781s] -- Installing: /home/robotics/ros2_cobot/install/mecharm_interfaces/include/mecharm_interfaces/mecharm_interfaces/msg/detail/mecharm_angles__rosidl_typesupport_introspection_cpp.hpp
[12.781s] -- Installing: /home/robotics/ros2_cobot/install/mecharm_interfaces/include/mecharm_interfaces/mecharm_interfaces/msg/detail/mecharm_gripper_status__type_support.cpp
[12.781s] -- Installing: /home/robotics/ros2_cobot/install/mecharm_interfaces/include/mecharm_interfaces/mecharm_interfaces/msg/detail/mecharm_coords__rosidl_typesupport_introspection_cpp.hpp
[12.781s] -- Installing: /home/robotics/ros2_cobot/install/mecharm_interfaces/include/mecharm_interfaces/mecharm_interfaces/msg/detail/mecharm_set_coords__rosidl_typesupport_introspection_cpp.hpp
[12.781s] -- Installing: /home/robotics/ros2_cobot/install/mecharm_interfaces/include/mecharm_interfaces/mecharm_interfaces/msg/detail/mecharm_set_angles__type_support.cpp
[12.781s] -- Installing: /home/robotics/ros2_cobot/install/mecharm_interfaces/include/mecharm_interfaces/mecharm_interfaces/msg/detail/mecharm_gripper_status__rosidl_typesupport_introspection_cpp.hpp
[12.783s] -- Installing: /home/robotics/ros2_cobot/install/mecharm_interfaces/include/mecharm_interfaces/mecharm_interfaces/msg/detail/mecharm_coords__type_support.cpp
[12.783s] -- Installing: /home/robotics/ros2_cobot/install/mecharm_interfaces/include/mecharm_interfaces/mecharm_interfaces/msg/detail/mecharm_pump_status__rosidl_typesupport_introspection_cpp.hpp
[12.784s] -- Installing: /home/robotics/ros2_cobot/install/mecharm_interfaces/include/mecharm_interfaces/mecharm_interfaces/msg/detail/mecharm_pump_status__type_support.cpp
[12.785s] -- Installing: /home/robotics/ros2_cobot/install/mecharm_interfaces/include/mecharm_interfaces/mecharm_interfaces/msg/detail/mecharm_set_angles__rosidl_typesupport_introspection_cpp.hpp
[12.785s] -- Installing: /home/robotics/ros2_cobot/install/mecharm_interfaces/include/mecharm_interfaces/mecharm_interfaces/msg/detail/mecharm_angles__type_support.cpp
[12.785s] -- Installing: /home/robotics/ros2_cobot/install/mecharm_interfaces/lib/libmecharm_interfaces__rosidl_typesupport_introspection_cpp.so
[12.785s] -- Set runtime path of "/home/robotics/ros2_cobot/install/mecharm_interfaces/lib/libmecharm_interfaces__rosidl_typesupport_introspection_cpp.so" to ""
[12.786s] -- Installing: /home/robotics/ros2_cobot/install/mecharm_interfaces/lib/libmecharm_interfaces__rosidl_typesupport_cpp.so
[12.786s] -- Set runtime path of "/home/robotics/ros2_cobot/install/mecharm_interfaces/lib/libmecharm_interfaces__rosidl_typesupport_cpp.so" to ""
[12.786s] -- Installing: /home/robotics/ros2_cobot/install/mecharm_interfaces/share/mecharm_interfaces/environment/pythonpath.sh
[12.786s] -- Installing: /home/robotics/ros2_cobot/install/mecharm_interfaces/share/mecharm_interfaces/environment/pythonpath.dsv
[12.786s] -- Installing: /home/robotics/ros2_cobot/install/mecharm_interfaces/local/lib/python3.10/dist-packages/mecharm_interfaces-0.0.0-py3.10.egg-info
[12.786s] -- Installing: /home/robotics/ros2_cobot/install/mecharm_interfaces/local/lib/python3.10/dist-packages/mecharm_interfaces-0.0.0-py3.10.egg-info/dependency_links.txt
[12.786s] -- Installing: /home/robotics/ros2_cobot/install/mecharm_interfaces/local/lib/python3.10/dist-packages/mecharm_interfaces-0.0.0-py3.10.egg-info/top_level.txt
[12.786s] -- Installing: /home/robotics/ros2_cobot/install/mecharm_interfaces/local/lib/python3.10/dist-packages/mecharm_interfaces-0.0.0-py3.10.egg-info/SOURCES.txt
[12.786s] -- Installing: /home/robotics/ros2_cobot/install/mecharm_interfaces/local/lib/python3.10/dist-packages/mecharm_interfaces-0.0.0-py3.10.egg-info/PKG-INFO
[12.786s] -- Installing: /home/robotics/ros2_cobot/install/mecharm_interfaces/local/lib/python3.10/dist-packages/mecharm_interfaces
[12.787s] -- Installing: /home/robotics/ros2_cobot/install/mecharm_interfaces/local/lib/python3.10/dist-packages/mecharm_interfaces/srv
[12.787s] -- Installing: /home/robotics/ros2_cobot/install/mecharm_interfaces/local/lib/python3.10/dist-packages/mecharm_interfaces/srv/_set_coords.py
[12.787s] -- Installing: /home/robotics/ros2_cobot/install/mecharm_interfaces/local/lib/python3.10/dist-packages/mecharm_interfaces/srv/_get_angles_s.c
[12.787s] -- Installing: /home/robotics/ros2_cobot/install/mecharm_interfaces/local/lib/python3.10/dist-packages/mecharm_interfaces/srv/_pump_status_s.c
[12.787s] -- Installing: /home/robotics/ros2_cobot/install/mecharm_interfaces/local/lib/python3.10/dist-packages/mecharm_interfaces/srv/_gripper_status.py
[12.787s] -- Installing: /home/robotics/ros2_cobot/install/mecharm_interfaces/local/lib/python3.10/dist-packages/mecharm_interfaces/srv/_get_angles.py
[12.787s] -- Installing: /home/robotics/ros2_cobot/install/mecharm_interfaces/local/lib/python3.10/dist-packages/mecharm_interfaces/srv/_set_angles_s.c
[12.787s] -- Installing: /home/robotics/ros2_cobot/install/mecharm_interfaces/local/lib/python3.10/dist-packages/mecharm_interfaces/srv/_get_coords.py
[12.787s] -- Installing: /home/robotics/ros2_cobot/install/mecharm_interfaces/local/lib/python3.10/dist-packages/mecharm_interfaces/srv/_gripper_status_s.c
[12.787s] -- Installing: /home/robotics/ros2_cobot/install/mecharm_interfaces/local/lib/python3.10/dist-packages/mecharm_interfaces/srv/_set_angles.py
[12.787s] -- Installing: /home/robotics/ros2_cobot/install/mecharm_interfaces/local/lib/python3.10/dist-packages/mecharm_interfaces/srv/_get_coords_s.c
[12.787s] -- Installing: /home/robotics/ros2_cobot/install/mecharm_interfaces/local/lib/python3.10/dist-packages/mecharm_interfaces/srv/_set_coords_s.c
[12.789s] -- Installing: /home/robotics/ros2_cobot/install/mecharm_interfaces/local/lib/python3.10/dist-packages/mecharm_interfaces/srv/_pump_status.py
[12.789s] -- Installing: /home/robotics/ros2_cobot/install/mecharm_interfaces/local/lib/python3.10/dist-packages/mecharm_interfaces/srv/__init__.py
[12.789s] -- Installing: /home/robotics/ros2_cobot/install/mecharm_interfaces/local/lib/python3.10/dist-packages/mecharm_interfaces/mecharm_interfaces_s__rosidl_typesupport_fastrtps_c.cpython-310-x86_64-linux-gnu.so
[12.789s] -- Installing: /home/robotics/ros2_cobot/install/mecharm_interfaces/local/lib/python3.10/dist-packages/mecharm_interfaces/msg
[12.789s] -- Installing: /home/robotics/ros2_cobot/install/mecharm_interfaces/local/lib/python3.10/dist-packages/mecharm_interfaces/msg/_mecharm_angles_s.c
[12.789s] -- Installing: /home/robotics/ros2_cobot/install/mecharm_interfaces/local/lib/python3.10/dist-packages/mecharm_interfaces/msg/_mecharm_pump_status_s.c
[12.789s] -- Installing: /home/robotics/ros2_cobot/install/mecharm_interfaces/local/lib/python3.10/dist-packages/mecharm_interfaces/msg/_mecharm_set_angles.py
[12.789s] -- Installing: /home/robotics/ros2_cobot/install/mecharm_interfaces/local/lib/python3.10/dist-packages/mecharm_interfaces/msg/_mecharm_gripper_status.py
[12.789s] -- Installing: /home/robotics/ros2_cobot/install/mecharm_interfaces/local/lib/python3.10/dist-packages/mecharm_interfaces/msg/_mecharm_set_angles_s.c
[12.790s] -- Installing: /home/robotics/ros2_cobot/install/mecharm_interfaces/local/lib/python3.10/dist-packages/mecharm_interfaces/msg/_mecharm_angles.py
[12.790s] -- Installing: /home/robotics/ros2_cobot/install/mecharm_interfaces/local/lib/python3.10/dist-packages/mecharm_interfaces/msg/_mecharm_coords_s.c
[12.790s] -- Installing: /home/robotics/ros2_cobot/install/mecharm_interfaces/local/lib/python3.10/dist-packages/mecharm_interfaces/msg/_mecharm_set_coords.py
[12.790s] -- Installing: /home/robotics/ros2_cobot/install/mecharm_interfaces/local/lib/python3.10/dist-packages/mecharm_interfaces/msg/_mecharm_pump_status.py
[12.790s] -- Installing: /home/robotics/ros2_cobot/install/mecharm_interfaces/local/lib/python3.10/dist-packages/mecharm_interfaces/msg/_mecharm_gripper_status_s.c
[12.790s] -- Installing: /home/robotics/ros2_cobot/install/mecharm_interfaces/local/lib/python3.10/dist-packages/mecharm_interfaces/msg/_mecharm_coords.py
[12.790s] -- Installing: /home/robotics/ros2_cobot/install/mecharm_interfaces/local/lib/python3.10/dist-packages/mecharm_interfaces/msg/_mecharm_set_coords_s.c
[12.790s] -- Installing: /home/robotics/ros2_cobot/install/mecharm_interfaces/local/lib/python3.10/dist-packages/mecharm_interfaces/msg/__init__.py
[12.790s] -- Installing: /home/robotics/ros2_cobot/install/mecharm_interfaces/local/lib/python3.10/dist-packages/mecharm_interfaces/mecharm_interfaces_s__rosidl_typesupport_c.cpython-310-x86_64-linux-gnu.so
[12.790s] -- Installing: /home/robotics/ros2_cobot/install/mecharm_interfaces/local/lib/python3.10/dist-packages/mecharm_interfaces/libmecharm_interfaces__rosidl_generator_py.so
[12.791s] -- Installing: /home/robotics/ros2_cobot/install/mecharm_interfaces/local/lib/python3.10/dist-packages/mecharm_interfaces/_mecharm_interfaces_s.ep.rosidl_typesupport_introspection_c.c
[12.791s] -- Installing: /home/robotics/ros2_cobot/install/mecharm_interfaces/local/lib/python3.10/dist-packages/mecharm_interfaces/mecharm_interfaces_s__rosidl_typesupport_introspection_c.cpython-310-x86_64-linux-gnu.so
[12.791s] -- Installing: /home/robotics/ros2_cobot/install/mecharm_interfaces/local/lib/python3.10/dist-packages/mecharm_interfaces/_mecharm_interfaces_s.ep.rosidl_typesupport_fastrtps_c.c
[12.791s] -- Installing: /home/robotics/ros2_cobot/install/mecharm_interfaces/local/lib/python3.10/dist-packages/mecharm_interfaces/_mecharm_interfaces_s.ep.rosidl_typesupport_c.c
[12.791s] -- Installing: /home/robotics/ros2_cobot/install/mecharm_interfaces/local/lib/python3.10/dist-packages/mecharm_interfaces/__init__.py
[12.856s] Listing '/home/robotics/ros2_cobot/install/mecharm_interfaces/local/lib/python3.10/dist-packages/mecharm_interfaces'...
[12.857s] Compiling '/home/robotics/ros2_cobot/install/mecharm_interfaces/local/lib/python3.10/dist-packages/mecharm_interfaces/__init__.py'...
[12.857s] Listing '/home/robotics/ros2_cobot/install/mecharm_interfaces/local/lib/python3.10/dist-packages/mecharm_interfaces/msg'...
[12.857s] Compiling '/home/robotics/ros2_cobot/install/mecharm_interfaces/local/lib/python3.10/dist-packages/mecharm_interfaces/msg/__init__.py'...
[12.857s] Compiling '/home/robotics/ros2_cobot/install/mecharm_interfaces/local/lib/python3.10/dist-packages/mecharm_interfaces/msg/_mecharm_angles.py'...
[12.857s] Compiling '/home/robotics/ros2_cobot/install/mecharm_interfaces/local/lib/python3.10/dist-packages/mecharm_interfaces/msg/_mecharm_coords.py'...
[12.857s] Compiling '/home/robotics/ros2_cobot/install/mecharm_interfaces/local/lib/python3.10/dist-packages/mecharm_interfaces/msg/_mecharm_gripper_status.py'...
[12.857s] Compiling '/home/robotics/ros2_cobot/install/mecharm_interfaces/local/lib/python3.10/dist-packages/mecharm_interfaces/msg/_mecharm_pump_status.py'...
[12.857s] Compiling '/home/robotics/ros2_cobot/install/mecharm_interfaces/local/lib/python3.10/dist-packages/mecharm_interfaces/msg/_mecharm_set_angles.py'...
[12.857s] Compiling '/home/robotics/ros2_cobot/install/mecharm_interfaces/local/lib/python3.10/dist-packages/mecharm_interfaces/msg/_mecharm_set_coords.py'...
[12.857s] Listing '/home/robotics/ros2_cobot/install/mecharm_interfaces/local/lib/python3.10/dist-packages/mecharm_interfaces/srv'...
[12.857s] Compiling '/home/robotics/ros2_cobot/install/mecharm_interfaces/local/lib/python3.10/dist-packages/mecharm_interfaces/srv/__init__.py'...
[12.857s] Compiling '/home/robotics/ros2_cobot/install/mecharm_interfaces/local/lib/python3.10/dist-packages/mecharm_interfaces/srv/_get_angles.py'...
[12.857s] Compiling '/home/robotics/ros2_cobot/install/mecharm_interfaces/local/lib/python3.10/dist-packages/mecharm_interfaces/srv/_get_coords.py'...
[12.857s] Compiling '/home/robotics/ros2_cobot/install/mecharm_interfaces/local/lib/python3.10/dist-packages/mecharm_interfaces/srv/_gripper_status.py'...
[12.857s] Compiling '/home/robotics/ros2_cobot/install/mecharm_interfaces/local/lib/python3.10/dist-packages/mecharm_interfaces/srv/_pump_status.py'...
[12.857s] Compiling '/home/robotics/ros2_cobot/install/mecharm_interfaces/local/lib/python3.10/dist-packages/mecharm_interfaces/srv/_set_angles.py'...
[12.857s] Compiling '/home/robotics/ros2_cobot/install/mecharm_interfaces/local/lib/python3.10/dist-packages/mecharm_interfaces/srv/_set_coords.py'...
[12.862s] -- Installing: /home/robotics/ros2_cobot/install/mecharm_interfaces/local/lib/python3.10/dist-packages/mecharm_interfaces/mecharm_interfaces_s__rosidl_typesupport_fastrtps_c.cpython-310-x86_64-linux-gnu.so
[12.863s] -- Set runtime path of "/home/robotics/ros2_cobot/install/mecharm_interfaces/local/lib/python3.10/dist-packages/mecharm_interfaces/mecharm_interfaces_s__rosidl_typesupport_fastrtps_c.cpython-310-x86_64-linux-gnu.so" to ""
[12.863s] -- Installing: /home/robotics/ros2_cobot/install/mecharm_interfaces/local/lib/python3.10/dist-packages/mecharm_interfaces/mecharm_interfaces_s__rosidl_typesupport_introspection_c.cpython-310-x86_64-linux-gnu.so
[12.863s] -- Set runtime path of "/home/robotics/ros2_cobot/install/mecharm_interfaces/local/lib/python3.10/dist-packages/mecharm_interfaces/mecharm_interfaces_s__rosidl_typesupport_introspection_c.cpython-310-x86_64-linux-gnu.so" to ""
[12.864s] -- Installing: /home/robotics/ros2_cobot/install/mecharm_interfaces/local/lib/python3.10/dist-packages/mecharm_interfaces/mecharm_interfaces_s__rosidl_typesupport_c.cpython-310-x86_64-linux-gnu.so
[12.864s] -- Set runtime path of "/home/robotics/ros2_cobot/install/mecharm_interfaces/local/lib/python3.10/dist-packages/mecharm_interfaces/mecharm_interfaces_s__rosidl_typesupport_c.cpython-310-x86_64-linux-gnu.so" to ""
[12.864s] -- Installing: /home/robotics/ros2_cobot/install/mecharm_interfaces/lib/libmecharm_interfaces__rosidl_generator_py.so
[12.865s] -- Set runtime path of "/home/robotics/ros2_cobot/install/mecharm_interfaces/lib/libmecharm_interfaces__rosidl_generator_py.so" to ""
[12.865s] -- Installing: /home/robotics/ros2_cobot/install/mecharm_interfaces/share/mecharm_interfaces/msg/MecharmAngles.idl
[12.865s] -- Installing: /home/robotics/ros2_cobot/install/mecharm_interfaces/share/mecharm_interfaces/msg/MecharmCoords.idl
[12.865s] -- Installing: /home/robotics/ros2_cobot/install/mecharm_interfaces/share/mecharm_interfaces/msg/MecharmSetAngles.idl
[12.866s] -- Installing: /home/robotics/ros2_cobot/install/mecharm_interfaces/share/mecharm_interfaces/msg/MecharmSetCoords.idl
[12.866s] -- Installing: /home/robotics/ros2_cobot/install/mecharm_interfaces/share/mecharm_interfaces/msg/MecharmGripperStatus.idl
[12.866s] -- Installing: /home/robotics/ros2_cobot/install/mecharm_interfaces/share/mecharm_interfaces/msg/MecharmPumpStatus.idl
[12.866s] -- Installing: /home/robotics/ros2_cobot/install/mecharm_interfaces/share/mecharm_interfaces/srv/GetAngles.idl
[12.866s] -- Installing: /home/robotics/ros2_cobot/install/mecharm_interfaces/share/mecharm_interfaces/srv/SetAngles.idl
[12.866s] -- Installing: /home/robotics/ros2_cobot/install/mecharm_interfaces/share/mecharm_interfaces/srv/GetCoords.idl
[12.867s] -- Installing: /home/robotics/ros2_cobot/install/mecharm_interfaces/share/mecharm_interfaces/srv/SetCoords.idl
[12.867s] -- Installing: /home/robotics/ros2_cobot/install/mecharm_interfaces/share/mecharm_interfaces/srv/GripperStatus.idl
[12.867s] -- Installing: /home/robotics/ros2_cobot/install/mecharm_interfaces/share/mecharm_interfaces/srv/PumpStatus.idl
[12.867s] -- Installing: /home/robotics/ros2_cobot/install/mecharm_interfaces/share/mecharm_interfaces/msg/MecharmAngles.msg
[12.867s] -- Installing: /home/robotics/ros2_cobot/install/mecharm_interfaces/share/mecharm_interfaces/msg/MecharmCoords.msg
[12.868s] -- Installing: /home/robotics/ros2_cobot/install/mecharm_interfaces/share/mecharm_interfaces/msg/MecharmSetAngles.msg
[12.868s] -- Installing: /home/robotics/ros2_cobot/install/mecharm_interfaces/share/mecharm_interfaces/msg/MecharmSetCoords.msg
[12.868s] -- Installing: /home/robotics/ros2_cobot/install/mecharm_interfaces/share/mecharm_interfaces/msg/MecharmGripperStatus.msg
[12.868s] -- Installing: /home/robotics/ros2_cobot/install/mecharm_interfaces/share/mecharm_interfaces/msg/MecharmPumpStatus.msg
[12.868s] -- Installing: /home/robotics/ros2_cobot/install/mecharm_interfaces/share/mecharm_interfaces/srv/GetAngles.srv
[12.868s] -- Installing: /home/robotics/ros2_cobot/install/mecharm_interfaces/share/mecharm_interfaces/srv/GetAngles_Request.msg
[12.868s] -- Installing: /home/robotics/ros2_cobot/install/mecharm_interfaces/share/mecharm_interfaces/srv/GetAngles_Response.msg
[12.869s] -- Installing: /home/robotics/ros2_cobot/install/mecharm_interfaces/share/mecharm_interfaces/srv/SetAngles.srv
[12.869s] -- Installing: /home/robotics/ros2_cobot/install/mecharm_interfaces/share/mecharm_interfaces/srv/SetAngles_Request.msg
[12.869s] -- Installing: /home/robotics/ros2_cobot/install/mecharm_interfaces/share/mecharm_interfaces/srv/SetAngles_Response.msg
[12.869s] -- Installing: /home/robotics/ros2_cobot/install/mecharm_interfaces/share/mecharm_interfaces/srv/GetCoords.srv
[12.869s] -- Installing: /home/robotics/ros2_cobot/install/mecharm_interfaces/share/mecharm_interfaces/srv/GetCoords_Request.msg
[12.869s] -- Installing: /home/robotics/ros2_cobot/install/mecharm_interfaces/share/mecharm_interfaces/srv/GetCoords_Response.msg
[12.870s] -- Installing: /home/robotics/ros2_cobot/install/mecharm_interfaces/share/mecharm_interfaces/srv/SetCoords.srv
[12.870s] -- Installing: /home/robotics/ros2_cobot/install/mecharm_interfaces/share/mecharm_interfaces/srv/SetCoords_Request.msg
[12.870s] -- Installing: /home/robotics/ros2_cobot/install/mecharm_interfaces/share/mecharm_interfaces/srv/SetCoords_Response.msg
[12.871s] -- Installing: /home/robotics/ros2_cobot/install/mecharm_interfaces/share/mecharm_interfaces/srv/GripperStatus.srv
[12.871s] -- Installing: /home/robotics/ros2_cobot/install/mecharm_interfaces/share/mecharm_interfaces/srv/GripperStatus_Request.msg
[12.871s] -- Installing: /home/robotics/ros2_cobot/install/mecharm_interfaces/share/mecharm_interfaces/srv/GripperStatus_Response.msg
[12.871s] -- Installing: /home/robotics/ros2_cobot/install/mecharm_interfaces/share/mecharm_interfaces/srv/PumpStatus.srv
[12.871s] -- Installing: /home/robotics/ros2_cobot/install/mecharm_interfaces/share/mecharm_interfaces/srv/PumpStatus_Request.msg
[12.872s] -- Installing: /home/robotics/ros2_cobot/install/mecharm_interfaces/share/mecharm_interfaces/srv/PumpStatus_Response.msg
[12.872s] -- Installing: /home/robotics/ros2_cobot/install/mecharm_interfaces/share/ament_index/resource_index/package_run_dependencies/mecharm_interfaces
[12.872s] -- Installing: /home/robotics/ros2_cobot/install/mecharm_interfaces/share/ament_index/resource_index/parent_prefix_path/mecharm_interfaces
[12.872s] -- Installing: /home/robotics/ros2_cobot/install/mecharm_interfaces/share/mecharm_interfaces/environment/ament_prefix_path.sh
[12.872s] -- Installing: /home/robotics/ros2_cobot/install/mecharm_interfaces/share/mecharm_interfaces/environment/ament_prefix_path.dsv
[12.872s] -- Installing: /home/robotics/ros2_cobot/install/mecharm_interfaces/share/mecharm_interfaces/environment/path.sh
[12.872s] -- Installing: /home/robotics/ros2_cobot/install/mecharm_interfaces/share/mecharm_interfaces/environment/path.dsv
[12.872s] -- Installing: /home/robotics/ros2_cobot/install/mecharm_interfaces/share/mecharm_interfaces/local_setup.bash
[12.872s] -- Installing: /home/robotics/ros2_cobot/install/mecharm_interfaces/share/mecharm_interfaces/local_setup.sh
[12.872s] -- Installing: /home/robotics/ros2_cobot/install/mecharm_interfaces/share/mecharm_interfaces/local_setup.zsh
[12.873s] -- Installing: /home/robotics/ros2_cobot/install/mecharm_interfaces/share/mecharm_interfaces/local_setup.dsv
[12.873s] -- Installing: /home/robotics/ros2_cobot/install/mecharm_interfaces/share/mecharm_interfaces/package.dsv
[12.873s] -- Installing: /home/robotics/ros2_cobot/install/mecharm_interfaces/share/ament_index/resource_index/packages/mecharm_interfaces
[12.873s] -- Installing: /home/robotics/ros2_cobot/install/mecharm_interfaces/share/mecharm_interfaces/cmake/export_mecharm_interfaces__rosidl_generator_cExport.cmake
[12.874s] -- Installing: /home/robotics/ros2_cobot/install/mecharm_interfaces/share/mecharm_interfaces/cmake/export_mecharm_interfaces__rosidl_generator_cExport-noconfig.cmake
[12.874s] -- Installing: /home/robotics/ros2_cobot/install/mecharm_interfaces/share/mecharm_interfaces/cmake/export_mecharm_interfaces__rosidl_typesupport_fastrtps_cExport.cmake
[12.874s] -- Installing: /home/robotics/ros2_cobot/install/mecharm_interfaces/share/mecharm_interfaces/cmake/export_mecharm_interfaces__rosidl_typesupport_fastrtps_cExport-noconfig.cmake
[12.874s] -- Installing: /home/robotics/ros2_cobot/install/mecharm_interfaces/share/mecharm_interfaces/cmake/mecharm_interfaces__rosidl_typesupport_introspection_cExport.cmake
[12.874s] -- Installing: /home/robotics/ros2_cobot/install/mecharm_interfaces/share/mecharm_interfaces/cmake/mecharm_interfaces__rosidl_typesupport_introspection_cExport-noconfig.cmake
[12.874s] -- Installing: /home/robotics/ros2_cobot/install/mecharm_interfaces/share/mecharm_interfaces/cmake/mecharm_interfaces__rosidl_typesupport_cExport.cmake
[12.874s] -- Installing: /home/robotics/ros2_cobot/install/mecharm_interfaces/share/mecharm_interfaces/cmake/mecharm_interfaces__rosidl_typesupport_cExport-noconfig.cmake
[12.874s] -- Installing: /home/robotics/ros2_cobot/install/mecharm_interfaces/share/mecharm_interfaces/cmake/export_mecharm_interfaces__rosidl_generator_cppExport.cmake
[12.874s] -- Installing: /home/robotics/ros2_cobot/install/mecharm_interfaces/share/mecharm_interfaces/cmake/export_mecharm_interfaces__rosidl_typesupport_fastrtps_cppExport.cmake
[12.874s] -- Installing: /home/robotics/ros2_cobot/install/mecharm_interfaces/share/mecharm_interfaces/cmake/export_mecharm_interfaces__rosidl_typesupport_fastrtps_cppExport-noconfig.cmake
[12.875s] -- Installing: /home/robotics/ros2_cobot/install/mecharm_interfaces/share/mecharm_interfaces/cmake/mecharm_interfaces__rosidl_typesupport_introspection_cppExport.cmake
[12.875s] -- Installing: /home/robotics/ros2_cobot/install/mecharm_interfaces/share/mecharm_interfaces/cmake/mecharm_interfaces__rosidl_typesupport_introspection_cppExport-noconfig.cmake
[12.875s] -- Installing: /home/robotics/ros2_cobot/install/mecharm_interfaces/share/mecharm_interfaces/cmake/mecharm_interfaces__rosidl_typesupport_cppExport.cmake
[12.875s] -- Installing: /home/robotics/ros2_cobot/install/mecharm_interfaces/share/mecharm_interfaces/cmake/mecharm_interfaces__rosidl_typesupport_cppExport-noconfig.cmake
[12.875s] -- Installing: /home/robotics/ros2_cobot/install/mecharm_interfaces/share/mecharm_interfaces/cmake/export_mecharm_interfaces__rosidl_generator_pyExport.cmake
[12.876s] -- Installing: /home/robotics/ros2_cobot/install/mecharm_interfaces/share/mecharm_interfaces/cmake/export_mecharm_interfaces__rosidl_generator_pyExport-noconfig.cmake
[12.876s] -- Installing: /home/robotics/ros2_cobot/install/mecharm_interfaces/share/mecharm_interfaces/cmake/rosidl_cmake-extras.cmake
[12.876s] -- Installing: /home/robotics/ros2_cobot/install/mecharm_interfaces/share/mecharm_interfaces/cmake/ament_cmake_export_dependencies-extras.cmake
[12.876s] -- Installing: /home/robotics/ros2_cobot/install/mecharm_interfaces/share/mecharm_interfaces/cmake/ament_cmake_export_include_directories-extras.cmake
[12.876s] -- Installing: /home/robotics/ros2_cobot/install/mecharm_interfaces/share/mecharm_interfaces/cmake/ament_cmake_export_libraries-extras.cmake
[12.876s] -- Installing: /home/robotics/ros2_cobot/install/mecharm_interfaces/share/mecharm_interfaces/cmake/ament_cmake_export_targets-extras.cmake
[12.876s] -- Installing: /home/robotics/ros2_cobot/install/mecharm_interfaces/share/mecharm_interfaces/cmake/rosidl_cmake_export_typesupport_targets-extras.cmake
[12.877s] -- Installing: /home/robotics/ros2_cobot/install/mecharm_interfaces/share/mecharm_interfaces/cmake/rosidl_cmake_export_typesupport_libraries-extras.cmake
[12.877s] -- Installing: /home/robotics/ros2_cobot/install/mecharm_interfaces/share/mecharm_interfaces/cmake/mecharm_interfacesConfig.cmake
[12.877s] -- Installing: /home/robotics/ros2_cobot/install/mecharm_interfaces/share/mecharm_interfaces/cmake/mecharm_interfacesConfig-version.cmake
[12.878s] -- Installing: /home/robotics/ros2_cobot/install/mecharm_interfaces/share/mecharm_interfaces/package.xml
[12.884s] Invoked command in '/home/robotics/ros2_cobot/build/mecharm_interfaces' returned '0': CMAKE_PREFIX_PATH=${CMAKE_PREFIX_PATH}:/home/robotics/ros2_cobot/install/ultraarm:/home/robotics/ros2_cobot/install/mypalletizer_communication:/home/robotics/ros2_cobot/install/mypalletizer_260_pi:/home/robotics/ros2_cobot/install/mypalletizer_260:/home/robotics/ros2_cobot/install/myarm_m750:/home/robotics/ros2_cobot/install/myarm_c650:/home/robotics/ros2_cobot/install/mycobot_communication:/home/robotics/ros2_cobot/install/mecharm_communication:/home/robotics/ros2_cobot/install/mycobot_630:/home/robotics/ros2_cobot/install/mycobot_600:/home/robotics/ros2_cobot/install/mycobot_320pi:/home/robotics/ros2_cobot/install/mycobot_320_riscv:/home/robotics/ros2_cobot/install/mycobot_320:/home/robotics/ros2_cobot/install/mycobot_280pi:/home/robotics/ros2_cobot/install/mycobot_280jn:/home/robotics/ros2_cobot/install/mycobot_280_x3pi:/home/robotics/ros2_cobot/install/mycobot_280_riscv:/home/robotics/ros2_cobot/install/mycobot_280_rdkx5:/home/robotics/ros2_cobot/install/mycobot_280_moveit2_control:/home/robotics/ros2_cobot/install/mycobot_280_arduino:/home/robotics/ros2_cobot/install/mycobot_280:/home/robotics/ros2_cobot/install/mybuddy:/home/robotics/ros2_cobot/install/myarm_300:/home/robotics/ros2_cobot/install/mecharm_pi:/home/robotics/ros2_cobot/install/mecharm:/home/robotics/ros2_cobot/install/mycobot_description:/opt/ros/humble /usr/bin/cmake --install /home/robotics/ros2_cobot/build/mecharm_interfaces
