[2.582s] Invoking command in '/home/robotics/ros2_cobot/src/mycobot_ros2/Mybuddy/mybuddy': AMENT_PREFIX_PATH=/home/robotics/ros2_cobot/install/mycobot_description:/home/robotics/ros2_cobot/install/ultraarm:/home/robotics/ros2_cobot/install/traj_scripts:/home/robotics/ros2_cobot/install/mypalletizer_communication:/home/robotics/ros2_cobot/install/mypalletizer_interfaces:/home/robotics/ros2_cobot/install/mypalletizer_260_pi:/home/robotics/ros2_cobot/install/mypalletizer_260:/home/robotics/ros2_cobot/install/myarm_m750:/home/robotics/ros2_cobot/install/myarm_c650:/home/robotics/ros2_cobot/install/mycobot_communication:/home/robotics/ros2_cobot/install/mecharm_communication:/home/robotics/ros2_cobot/install/mycobot_interfaces:/home/robotics/ros2_cobot/install/mycobot_630:/home/robotics/ros2_cobot/install/mycobot_600:/home/robotics/ros2_cobot/install/mycobot_320pi:/home/robotics/ros2_cobot/install/mycobot_320_riscv:/home/robotics/ros2_cobot/install/mycobot_320:/home/robotics/ros2_cobot/install/mycobot_280rdkx5_moveit2:/home/robotics/ros2_cobot/install/mycobot_280pi:/home/robotics/ros2_cobot/install/mycobot_280jn:/home/robotics/ros2_cobot/install/mycobot_280arduino_moveit2:/home/robotics/ros2_cobot/install/mycobot_280_x3pi:/home/robotics/ros2_cobot/install/mycobot_280_riscv:/home/robotics/ros2_cobot/install/mycobot_280_rdkx5:/home/robotics/ros2_cobot/install/mycobot_280_moveit2_control:/home/robotics/ros2_cobot/install/mycobot_280_moveit2:/home/robotics/ros2_cobot/install/mycobot_280_arduino:/home/robotics/ros2_cobot/install/mycobot_280:/home/robotics/ros2_cobot/install/mybuddy:/home/robotics/ros2_cobot/install/myarm_300:/home/robotics/ros2_cobot/install/mecharm_pi:/home/robotics/ros2_cobot/install/mecharm:/home/robotics/ros2_cobot/install/mecharm_interfaces:/opt/ros/humble PYTHONPATH=/home/robotics/ros2_cobot/build/mybuddy/prefix_override:/usr/lib/python3/dist-packages/colcon_core/task/python/colcon_distutils_commands:/home/robotics/ros2_cobot/install/mybuddy/lib/python3.10/site-packages:/home/robotics/ros2_cobot/install/mycobot_description/lib/python3.10/site-packages:/home/robotics/ros2_cobot/install/ultraarm/lib/python3.10/site-packages:/home/robotics/ros2_cobot/install/traj_scripts/local/lib/python3.10/dist-packages:/home/robotics/ros2_cobot/install/mypalletizer_communication/lib/python3.10/site-packages:/home/robotics/ros2_cobot/install/mypalletizer_interfaces/local/lib/python3.10/dist-packages:/home/robotics/ros2_cobot/install/mypalletizer_260_pi/lib/python3.10/site-packages:/home/robotics/ros2_cobot/install/mypalletizer_260/lib/python3.10/site-packages:/home/robotics/ros2_cobot/install/myarm_m750/lib/python3.10/site-packages:/home/robotics/ros2_cobot/install/myarm_c650/lib/python3.10/site-packages:/home/robotics/ros2_cobot/install/mycobot_communication/lib/python3.10/site-packages:/home/robotics/ros2_cobot/install/mecharm_communication/lib/python3.10/site-packages:/home/robotics/ros2_cobot/install/mycobot_interfaces/local/lib/python3.10/dist-packages:/home/robotics/ros2_cobot/install/mycobot_630/lib/python3.10/site-packages:/home/robotics/ros2_cobot/install/mycobot_600/lib/python3.10/site-packages:/home/robotics/ros2_cobot/install/mycobot_320pi/lib/python3.10/site-packages:/home/robotics/ros2_cobot/install/mycobot_320_riscv/lib/python3.10/site-packages:/home/robotics/ros2_cobot/install/mycobot_320/lib/python3.10/site-packages:/home/robotics/ros2_cobot/install/mycobot_280pi/lib/python3.10/site-packages:/home/robotics/ros2_cobot/install/mycobot_280jn/lib/python3.10/site-packages:/home/robotics/ros2_cobot/install/mycobot_280_x3pi/lib/python3.10/site-packages:/home/robotics/ros2_cobot/install/mycobot_280_riscv/lib/python3.10/site-packages:/home/robotics/ros2_cobot/install/mycobot_280_rdkx5/lib/python3.10/site-packages:/home/robotics/ros2_cobot/install/mycobot_280_moveit2_control/lib/python3.10/site-packages:/home/robotics/ros2_cobot/install/mycobot_280_arduino/lib/python3.10/site-packages:/home/robotics/ros2_cobot/install/mycobot_280/lib/python3.10/site-packages:/home/robotics/ros2_cobot/install/mybuddy/lib/python3.10/site-packages:/home/robotics/ros2_cobot/install/myarm_300/lib/python3.10/site-packages:/home/robotics/ros2_cobot/install/mecharm_pi/lib/python3.10/site-packages:/home/robotics/ros2_cobot/install/mecharm/lib/python3.10/site-packages:/home/robotics/ros2_cobot/install/mecharm_interfaces/local/lib/python3.10/dist-packages:/opt/ros/humble/lib/python3.10/site-packages:/opt/ros/humble/local/lib/python3.10/dist-packages /usr/bin/python3 -W ignore:setup.py install is deprecated -W ignore:easy_install command is deprecated setup.py egg_info --egg-base ../../../../build/mybuddy build --build-base /home/robotics/ros2_cobot/build/mybuddy/build install --record /home/robotics/ros2_cobot/build/mybuddy/install.log --single-version-externally-managed install_data
[3.226s] running egg_info
[3.234s] creating ../../../../build/mybuddy/mybuddy.egg-info
[3.234s] writing ../../../../build/mybuddy/mybuddy.egg-info/PKG-INFO
[3.234s] writing dependency_links to ../../../../build/mybuddy/mybuddy.egg-info/dependency_links.txt
[3.234s] writing entry points to ../../../../build/mybuddy/mybuddy.egg-info/entry_points.txt
[3.234s] writing requirements to ../../../../build/mybuddy/mybuddy.egg-info/requires.txt
[3.234s] writing top-level names to ../../../../build/mybuddy/mybuddy.egg-info/top_level.txt
[3.234s] writing manifest file '../../../../build/mybuddy/mybuddy.egg-info/SOURCES.txt'
[3.237s] reading manifest file '../../../../build/mybuddy/mybuddy.egg-info/SOURCES.txt'
[3.237s] writing manifest file '../../../../build/mybuddy/mybuddy.egg-info/SOURCES.txt'
[3.237s] running build
[3.239s] running build_py
[3.239s] creating /home/robotics/ros2_cobot/build/mybuddy/build
[3.239s] creating /home/robotics/ros2_cobot/build/mybuddy/build/lib
[3.239s] creating /home/robotics/ros2_cobot/build/mybuddy/build/lib/mybuddy
[3.239s] copying mybuddy/follow_display.py -> /home/robotics/ros2_cobot/build/mybuddy/build/lib/mybuddy
[3.239s] copying mybuddy/listen_real_of_topic.py -> /home/robotics/ros2_cobot/build/mybuddy/build/lib/mybuddy
[3.239s] copying mybuddy/slider_control.py -> /home/robotics/ros2_cobot/build/mybuddy/build/lib/mybuddy
[3.239s] copying mybuddy/listen_real.py -> /home/robotics/ros2_cobot/build/mybuddy/build/lib/mybuddy
[3.239s] copying mybuddy/__init__.py -> /home/robotics/ros2_cobot/build/mybuddy/build/lib/mybuddy
[3.239s] running install
[3.239s] running install_lib
[3.244s] creating /home/robotics/ros2_cobot/install/mybuddy/lib/python3.10/site-packages/mybuddy
[3.244s] copying /home/robotics/ros2_cobot/build/mybuddy/build/lib/mybuddy/follow_display.py -> /home/robotics/ros2_cobot/install/mybuddy/lib/python3.10/site-packages/mybuddy
[3.244s] copying /home/robotics/ros2_cobot/build/mybuddy/build/lib/mybuddy/listen_real_of_topic.py -> /home/robotics/ros2_cobot/install/mybuddy/lib/python3.10/site-packages/mybuddy
[3.244s] copying /home/robotics/ros2_cobot/build/mybuddy/build/lib/mybuddy/slider_control.py -> /home/robotics/ros2_cobot/install/mybuddy/lib/python3.10/site-packages/mybuddy
[3.244s] copying /home/robotics/ros2_cobot/build/mybuddy/build/lib/mybuddy/listen_real.py -> /home/robotics/ros2_cobot/install/mybuddy/lib/python3.10/site-packages/mybuddy
[3.244s] copying /home/robotics/ros2_cobot/build/mybuddy/build/lib/mybuddy/__init__.py -> /home/robotics/ros2_cobot/install/mybuddy/lib/python3.10/site-packages/mybuddy
[3.245s] byte-compiling /home/robotics/ros2_cobot/install/mybuddy/lib/python3.10/site-packages/mybuddy/follow_display.py to follow_display.cpython-310.pyc
[3.246s] byte-compiling /home/robotics/ros2_cobot/install/mybuddy/lib/python3.10/site-packages/mybuddy/listen_real_of_topic.py to listen_real_of_topic.cpython-310.pyc
[3.247s] byte-compiling /home/robotics/ros2_cobot/install/mybuddy/lib/python3.10/site-packages/mybuddy/slider_control.py to slider_control.cpython-310.pyc
[3.251s] byte-compiling /home/robotics/ros2_cobot/install/mybuddy/lib/python3.10/site-packages/mybuddy/listen_real.py to listen_real.cpython-310.pyc
[3.252s] byte-compiling /home/robotics/ros2_cobot/install/mybuddy/lib/python3.10/site-packages/mybuddy/__init__.py to __init__.cpython-310.pyc
[3.252s] running install_data
[3.252s] creating /home/robotics/ros2_cobot/install/mybuddy/share/ament_index
[3.252s] creating /home/robotics/ros2_cobot/install/mybuddy/share/ament_index/resource_index
[3.252s] creating /home/robotics/ros2_cobot/install/mybuddy/share/ament_index/resource_index/packages
[3.252s] copying resource/mybuddy -> /home/robotics/ros2_cobot/install/mybuddy/share/ament_index/resource_index/packages
[3.252s] copying package.xml -> /home/robotics/ros2_cobot/install/mybuddy/share/mybuddy
[3.252s] creating /home/robotics/ros2_cobot/install/mybuddy/share/mybuddy/launch
[3.252s] copying launch/slider_control.launch.py -> /home/robotics/ros2_cobot/install/mybuddy/share/mybuddy/launch
[3.252s] copying launch/mybuddy_follow.launch.py -> /home/robotics/ros2_cobot/install/mybuddy/share/mybuddy/launch
[3.253s] copying launch/test.launch.py -> /home/robotics/ros2_cobot/install/mybuddy/share/mybuddy/launch
[3.253s] creating /home/robotics/ros2_cobot/install/mybuddy/share/mybuddy/config
[3.253s] copying config/dual_arm.rviz -> /home/robotics/ros2_cobot/install/mybuddy/share/mybuddy/config
[3.253s] running install_egg_info
[3.255s] Copying ../../../../build/mybuddy/mybuddy.egg-info to /home/robotics/ros2_cobot/install/mybuddy/lib/python3.10/site-packages/mybuddy-0.0.0-py3.10.egg-info
[3.256s] running install_scripts
[3.340s] Installing follow_display script to /home/robotics/ros2_cobot/install/mybuddy/lib/mybuddy
[3.340s] Installing listen_real script to /home/robotics/ros2_cobot/install/mybuddy/lib/mybuddy
[3.340s] Installing listen_real_of_topic script to /home/robotics/ros2_cobot/install/mybuddy/lib/mybuddy
[3.340s] Installing slider_control script to /home/robotics/ros2_cobot/install/mybuddy/lib/mybuddy
[3.355s] writing list of installed files to '/home/robotics/ros2_cobot/build/mybuddy/install.log'
[4.504s] Invoked command in '/home/robotics/ros2_cobot/src/mycobot_ros2/Mybuddy/mybuddy' returned '0': AMENT_PREFIX_PATH=/home/robotics/ros2_cobot/install/mycobot_description:/home/robotics/ros2_cobot/install/ultraarm:/home/robotics/ros2_cobot/install/traj_scripts:/home/robotics/ros2_cobot/install/mypalletizer_communication:/home/robotics/ros2_cobot/install/mypalletizer_interfaces:/home/robotics/ros2_cobot/install/mypalletizer_260_pi:/home/robotics/ros2_cobot/install/mypalletizer_260:/home/robotics/ros2_cobot/install/myarm_m750:/home/robotics/ros2_cobot/install/myarm_c650:/home/robotics/ros2_cobot/install/mycobot_communication:/home/robotics/ros2_cobot/install/mecharm_communication:/home/robotics/ros2_cobot/install/mycobot_interfaces:/home/robotics/ros2_cobot/install/mycobot_630:/home/robotics/ros2_cobot/install/mycobot_600:/home/robotics/ros2_cobot/install/mycobot_320pi:/home/robotics/ros2_cobot/install/mycobot_320_riscv:/home/robotics/ros2_cobot/install/mycobot_320:/home/robotics/ros2_cobot/install/mycobot_280rdkx5_moveit2:/home/robotics/ros2_cobot/install/mycobot_280pi:/home/robotics/ros2_cobot/install/mycobot_280jn:/home/robotics/ros2_cobot/install/mycobot_280arduino_moveit2:/home/robotics/ros2_cobot/install/mycobot_280_x3pi:/home/robotics/ros2_cobot/install/mycobot_280_riscv:/home/robotics/ros2_cobot/install/mycobot_280_rdkx5:/home/robotics/ros2_cobot/install/mycobot_280_moveit2_control:/home/robotics/ros2_cobot/install/mycobot_280_moveit2:/home/robotics/ros2_cobot/install/mycobot_280_arduino:/home/robotics/ros2_cobot/install/mycobot_280:/home/robotics/ros2_cobot/install/mybuddy:/home/robotics/ros2_cobot/install/myarm_300:/home/robotics/ros2_cobot/install/mecharm_pi:/home/robotics/ros2_cobot/install/mecharm:/home/robotics/ros2_cobot/install/mecharm_interfaces:/opt/ros/humble PYTHONPATH=/home/robotics/ros2_cobot/build/mybuddy/prefix_override:/usr/lib/python3/dist-packages/colcon_core/task/python/colcon_distutils_commands:/home/robotics/ros2_cobot/install/mybuddy/lib/python3.10/site-packages:/home/robotics/ros2_cobot/install/mycobot_description/lib/python3.10/site-packages:/home/robotics/ros2_cobot/install/ultraarm/lib/python3.10/site-packages:/home/robotics/ros2_cobot/install/traj_scripts/local/lib/python3.10/dist-packages:/home/robotics/ros2_cobot/install/mypalletizer_communication/lib/python3.10/site-packages:/home/robotics/ros2_cobot/install/mypalletizer_interfaces/local/lib/python3.10/dist-packages:/home/robotics/ros2_cobot/install/mypalletizer_260_pi/lib/python3.10/site-packages:/home/robotics/ros2_cobot/install/mypalletizer_260/lib/python3.10/site-packages:/home/robotics/ros2_cobot/install/myarm_m750/lib/python3.10/site-packages:/home/robotics/ros2_cobot/install/myarm_c650/lib/python3.10/site-packages:/home/robotics/ros2_cobot/install/mycobot_communication/lib/python3.10/site-packages:/home/robotics/ros2_cobot/install/mecharm_communication/lib/python3.10/site-packages:/home/robotics/ros2_cobot/install/mycobot_interfaces/local/lib/python3.10/dist-packages:/home/robotics/ros2_cobot/install/mycobot_630/lib/python3.10/site-packages:/home/robotics/ros2_cobot/install/mycobot_600/lib/python3.10/site-packages:/home/robotics/ros2_cobot/install/mycobot_320pi/lib/python3.10/site-packages:/home/robotics/ros2_cobot/install/mycobot_320_riscv/lib/python3.10/site-packages:/home/robotics/ros2_cobot/install/mycobot_320/lib/python3.10/site-packages:/home/robotics/ros2_cobot/install/mycobot_280pi/lib/python3.10/site-packages:/home/robotics/ros2_cobot/install/mycobot_280jn/lib/python3.10/site-packages:/home/robotics/ros2_cobot/install/mycobot_280_x3pi/lib/python3.10/site-packages:/home/robotics/ros2_cobot/install/mycobot_280_riscv/lib/python3.10/site-packages:/home/robotics/ros2_cobot/install/mycobot_280_rdkx5/lib/python3.10/site-packages:/home/robotics/ros2_cobot/install/mycobot_280_moveit2_control/lib/python3.10/site-packages:/home/robotics/ros2_cobot/install/mycobot_280_arduino/lib/python3.10/site-packages:/home/robotics/ros2_cobot/install/mycobot_280/lib/python3.10/site-packages:/home/robotics/ros2_cobot/install/mybuddy/lib/python3.10/site-packages:/home/robotics/ros2_cobot/install/myarm_300/lib/python3.10/site-packages:/home/robotics/ros2_cobot/install/mecharm_pi/lib/python3.10/site-packages:/home/robotics/ros2_cobot/install/mecharm/lib/python3.10/site-packages:/home/robotics/ros2_cobot/install/mecharm_interfaces/local/lib/python3.10/dist-packages:/opt/ros/humble/lib/python3.10/site-packages:/opt/ros/humble/local/lib/python3.10/dist-packages /usr/bin/python3 -W ignore:setup.py install is deprecated -W ignore:easy_install command is deprecated setup.py egg_info --egg-base ../../../../build/mybuddy build --build-base /home/robotics/ros2_cobot/build/mybuddy/build install --record /home/robotics/ros2_cobot/build/mybuddy/install.log --single-version-externally-managed install_data
