[2.618s] Invoking command in '/home/robotics/ros2_cobot/src/mycobot_ros2/mecharm/mecharm_pi': AMENT_PREFIX_PATH=/home/robotics/ros2_cobot/install/mycobot_description:/home/robotics/ros2_cobot/install/ultraarm:/home/robotics/ros2_cobot/install/traj_scripts:/home/robotics/ros2_cobot/install/mypalletizer_communication:/home/robotics/ros2_cobot/install/mypalletizer_interfaces:/home/robotics/ros2_cobot/install/mypalletizer_260_pi:/home/robotics/ros2_cobot/install/mypalletizer_260:/home/robotics/ros2_cobot/install/myarm_m750:/home/robotics/ros2_cobot/install/myarm_c650:/home/robotics/ros2_cobot/install/mycobot_communication:/home/robotics/ros2_cobot/install/mecharm_communication:/home/robotics/ros2_cobot/install/mycobot_interfaces:/home/robotics/ros2_cobot/install/mycobot_630:/home/robotics/ros2_cobot/install/mycobot_600:/home/robotics/ros2_cobot/install/mycobot_320pi:/home/robotics/ros2_cobot/install/mycobot_320_riscv:/home/robotics/ros2_cobot/install/mycobot_320:/home/robotics/ros2_cobot/install/mycobot_280rdkx5_moveit2:/home/robotics/ros2_cobot/install/mycobot_280pi:/home/robotics/ros2_cobot/install/mycobot_280jn:/home/robotics/ros2_cobot/install/mycobot_280arduino_moveit2:/home/robotics/ros2_cobot/install/mycobot_280_x3pi:/home/robotics/ros2_cobot/install/mycobot_280_riscv:/home/robotics/ros2_cobot/install/mycobot_280_rdkx5:/home/robotics/ros2_cobot/install/mycobot_280_moveit2_control:/home/robotics/ros2_cobot/install/mycobot_280_moveit2:/home/robotics/ros2_cobot/install/mycobot_280_arduino:/home/robotics/ros2_cobot/install/mycobot_280:/home/robotics/ros2_cobot/install/mybuddy:/home/robotics/ros2_cobot/install/myarm_300:/home/robotics/ros2_cobot/install/mecharm_pi:/home/robotics/ros2_cobot/install/mecharm:/home/robotics/ros2_cobot/install/mecharm_interfaces:/opt/ros/humble PYTHONPATH=/home/robotics/ros2_cobot/build/mecharm_pi/prefix_override:/usr/lib/python3/dist-packages/colcon_core/task/python/colcon_distutils_commands:/home/robotics/ros2_cobot/install/mecharm_pi/lib/python3.10/site-packages:/home/robotics/ros2_cobot/install/mycobot_description/lib/python3.10/site-packages:/home/robotics/ros2_cobot/install/ultraarm/lib/python3.10/site-packages:/home/robotics/ros2_cobot/install/traj_scripts/local/lib/python3.10/dist-packages:/home/robotics/ros2_cobot/install/mypalletizer_communication/lib/python3.10/site-packages:/home/robotics/ros2_cobot/install/mypalletizer_interfaces/local/lib/python3.10/dist-packages:/home/robotics/ros2_cobot/install/mypalletizer_260_pi/lib/python3.10/site-packages:/home/robotics/ros2_cobot/install/mypalletizer_260/lib/python3.10/site-packages:/home/robotics/ros2_cobot/install/myarm_m750/lib/python3.10/site-packages:/home/robotics/ros2_cobot/install/myarm_c650/lib/python3.10/site-packages:/home/robotics/ros2_cobot/install/mycobot_communication/lib/python3.10/site-packages:/home/robotics/ros2_cobot/install/mecharm_communication/lib/python3.10/site-packages:/home/robotics/ros2_cobot/install/mycobot_interfaces/local/lib/python3.10/dist-packages:/home/robotics/ros2_cobot/install/mycobot_630/lib/python3.10/site-packages:/home/robotics/ros2_cobot/install/mycobot_600/lib/python3.10/site-packages:/home/robotics/ros2_cobot/install/mycobot_320pi/lib/python3.10/site-packages:/home/robotics/ros2_cobot/install/mycobot_320_riscv/lib/python3.10/site-packages:/home/robotics/ros2_cobot/install/mycobot_320/lib/python3.10/site-packages:/home/robotics/ros2_cobot/install/mycobot_280pi/lib/python3.10/site-packages:/home/robotics/ros2_cobot/install/mycobot_280jn/lib/python3.10/site-packages:/home/robotics/ros2_cobot/install/mycobot_280_x3pi/lib/python3.10/site-packages:/home/robotics/ros2_cobot/install/mycobot_280_riscv/lib/python3.10/site-packages:/home/robotics/ros2_cobot/install/mycobot_280_rdkx5/lib/python3.10/site-packages:/home/robotics/ros2_cobot/install/mycobot_280_moveit2_control/lib/python3.10/site-packages:/home/robotics/ros2_cobot/install/mycobot_280_arduino/lib/python3.10/site-packages:/home/robotics/ros2_cobot/install/mycobot_280/lib/python3.10/site-packages:/home/robotics/ros2_cobot/install/mybuddy/lib/python3.10/site-packages:/home/robotics/ros2_cobot/install/myarm_300/lib/python3.10/site-packages:/home/robotics/ros2_cobot/install/mecharm_pi/lib/python3.10/site-packages:/home/robotics/ros2_cobot/install/mecharm/lib/python3.10/site-packages:/home/robotics/ros2_cobot/install/mecharm_interfaces/local/lib/python3.10/dist-packages:/opt/ros/humble/lib/python3.10/site-packages:/opt/ros/humble/local/lib/python3.10/dist-packages /usr/bin/python3 -W ignore:setup.py install is deprecated -W ignore:easy_install command is deprecated setup.py egg_info --egg-base ../../../../build/mecharm_pi build --build-base /home/robotics/ros2_cobot/build/mecharm_pi/build install --record /home/robotics/ros2_cobot/build/mecharm_pi/install.log --single-version-externally-managed install_data
[3.402s] running egg_info
[3.402s] creating ../../../../build/mecharm_pi/mecharm_pi.egg-info
[3.402s] writing ../../../../build/mecharm_pi/mecharm_pi.egg-info/PKG-INFO
[3.410s] writing dependency_links to ../../../../build/mecharm_pi/mecharm_pi.egg-info/dependency_links.txt
[3.410s] writing entry points to ../../../../build/mecharm_pi/mecharm_pi.egg-info/entry_points.txt
[3.410s] writing requirements to ../../../../build/mecharm_pi/mecharm_pi.egg-info/requires.txt
[3.410s] writing top-level names to ../../../../build/mecharm_pi/mecharm_pi.egg-info/top_level.txt
[3.410s] writing manifest file '../../../../build/mecharm_pi/mecharm_pi.egg-info/SOURCES.txt'
[3.413s] reading manifest file '../../../../build/mecharm_pi/mecharm_pi.egg-info/SOURCES.txt'
[3.416s] adding license file 'LICENSE'
[3.417s] writing manifest file '../../../../build/mecharm_pi/mecharm_pi.egg-info/SOURCES.txt'
[3.417s] running build
[3.417s] running build_py
[3.421s] creating /home/robotics/ros2_cobot/build/mecharm_pi/build
[3.421s] creating /home/robotics/ros2_cobot/build/mecharm_pi/build/lib
[3.421s] creating /home/robotics/ros2_cobot/build/mecharm_pi/build/lib/mecharm_pi
[3.422s] copying mecharm_pi/follow_and_pump.py -> /home/robotics/ros2_cobot/build/mecharm_pi/build/lib/mecharm_pi
[3.422s] copying mecharm_pi/follow_display.py -> /home/robotics/ros2_cobot/build/mecharm_pi/build/lib/mecharm_pi
[3.422s] copying mecharm_pi/listen_real_of_topic.py -> /home/robotics/ros2_cobot/build/mecharm_pi/build/lib/mecharm_pi
[3.423s] copying mecharm_pi/simple_gui.py -> /home/robotics/ros2_cobot/build/mecharm_pi/build/lib/mecharm_pi
[3.423s] copying mecharm_pi/slider_control.py -> /home/robotics/ros2_cobot/build/mecharm_pi/build/lib/mecharm_pi
[3.423s] copying mecharm_pi/listen_real.py -> /home/robotics/ros2_cobot/build/mecharm_pi/build/lib/mecharm_pi
[3.424s] copying mecharm_pi/new_listen_real.py -> /home/robotics/ros2_cobot/build/mecharm_pi/build/lib/mecharm_pi
[3.424s] copying mecharm_pi/following_marker.py -> /home/robotics/ros2_cobot/build/mecharm_pi/build/lib/mecharm_pi
[3.424s] copying mecharm_pi/teleop_keyboard.py -> /home/robotics/ros2_cobot/build/mecharm_pi/build/lib/mecharm_pi
[3.428s] copying mecharm_pi/__init__.py -> /home/robotics/ros2_cobot/build/mecharm_pi/build/lib/mecharm_pi
[3.429s] running install
[3.429s] running install_lib
[3.430s] creating /home/robotics/ros2_cobot/install/mecharm_pi/lib/python3.10/site-packages/mecharm_pi
[3.430s] copying /home/robotics/ros2_cobot/build/mecharm_pi/build/lib/mecharm_pi/follow_and_pump.py -> /home/robotics/ros2_cobot/install/mecharm_pi/lib/python3.10/site-packages/mecharm_pi
[3.432s] copying /home/robotics/ros2_cobot/build/mecharm_pi/build/lib/mecharm_pi/follow_display.py -> /home/robotics/ros2_cobot/install/mecharm_pi/lib/python3.10/site-packages/mecharm_pi
[3.432s] copying /home/robotics/ros2_cobot/build/mecharm_pi/build/lib/mecharm_pi/listen_real_of_topic.py -> /home/robotics/ros2_cobot/install/mecharm_pi/lib/python3.10/site-packages/mecharm_pi
[3.432s] copying /home/robotics/ros2_cobot/build/mecharm_pi/build/lib/mecharm_pi/simple_gui.py -> /home/robotics/ros2_cobot/install/mecharm_pi/lib/python3.10/site-packages/mecharm_pi
[3.432s] copying /home/robotics/ros2_cobot/build/mecharm_pi/build/lib/mecharm_pi/slider_control.py -> /home/robotics/ros2_cobot/install/mecharm_pi/lib/python3.10/site-packages/mecharm_pi
[3.432s] copying /home/robotics/ros2_cobot/build/mecharm_pi/build/lib/mecharm_pi/listen_real.py -> /home/robotics/ros2_cobot/install/mecharm_pi/lib/python3.10/site-packages/mecharm_pi
[3.432s] copying /home/robotics/ros2_cobot/build/mecharm_pi/build/lib/mecharm_pi/new_listen_real.py -> /home/robotics/ros2_cobot/install/mecharm_pi/lib/python3.10/site-packages/mecharm_pi
[3.432s] copying /home/robotics/ros2_cobot/build/mecharm_pi/build/lib/mecharm_pi/following_marker.py -> /home/robotics/ros2_cobot/install/mecharm_pi/lib/python3.10/site-packages/mecharm_pi
[3.432s] copying /home/robotics/ros2_cobot/build/mecharm_pi/build/lib/mecharm_pi/teleop_keyboard.py -> /home/robotics/ros2_cobot/install/mecharm_pi/lib/python3.10/site-packages/mecharm_pi
[3.432s] copying /home/robotics/ros2_cobot/build/mecharm_pi/build/lib/mecharm_pi/__init__.py -> /home/robotics/ros2_cobot/install/mecharm_pi/lib/python3.10/site-packages/mecharm_pi
[3.439s] byte-compiling /home/robotics/ros2_cobot/install/mecharm_pi/lib/python3.10/site-packages/mecharm_pi/follow_and_pump.py to follow_and_pump.cpython-310.pyc
[3.440s] byte-compiling /home/robotics/ros2_cobot/install/mecharm_pi/lib/python3.10/site-packages/mecharm_pi/follow_display.py to follow_display.cpython-310.pyc
[3.441s] byte-compiling /home/robotics/ros2_cobot/install/mecharm_pi/lib/python3.10/site-packages/mecharm_pi/listen_real_of_topic.py to listen_real_of_topic.cpython-310.pyc
[3.441s] byte-compiling /home/robotics/ros2_cobot/install/mecharm_pi/lib/python3.10/site-packages/mecharm_pi/simple_gui.py to simple_gui.cpython-310.pyc
[3.451s] byte-compiling /home/robotics/ros2_cobot/install/mecharm_pi/lib/python3.10/site-packages/mecharm_pi/slider_control.py to slider_control.cpython-310.pyc
[3.451s] byte-compiling /home/robotics/ros2_cobot/install/mecharm_pi/lib/python3.10/site-packages/mecharm_pi/listen_real.py to listen_real.cpython-310.pyc
[3.459s] byte-compiling /home/robotics/ros2_cobot/install/mecharm_pi/lib/python3.10/site-packages/mecharm_pi/new_listen_real.py to new_listen_real.cpython-310.pyc
[3.459s] byte-compiling /home/robotics/ros2_cobot/install/mecharm_pi/lib/python3.10/site-packages/mecharm_pi/following_marker.py to following_marker.cpython-310.pyc
[3.463s] byte-compiling /home/robotics/ros2_cobot/install/mecharm_pi/lib/python3.10/site-packages/mecharm_pi/teleop_keyboard.py to teleop_keyboard.cpython-310.pyc
[3.470s] byte-compiling /home/robotics/ros2_cobot/install/mecharm_pi/lib/python3.10/site-packages/mecharm_pi/__init__.py to __init__.cpython-310.pyc
[3.470s] running install_data
[3.470s] creating /home/robotics/ros2_cobot/install/mecharm_pi/share/ament_index
[3.470s] creating /home/robotics/ros2_cobot/install/mecharm_pi/share/ament_index/resource_index
[3.470s] creating /home/robotics/ros2_cobot/install/mecharm_pi/share/ament_index/resource_index/packages
[3.470s] copying resource/mecharm_pi -> /home/robotics/ros2_cobot/install/mecharm_pi/share/ament_index/resource_index/packages
[3.470s] copying package.xml -> /home/robotics/ros2_cobot/install/mecharm_pi/share/mecharm_pi
[3.470s] creating /home/robotics/ros2_cobot/install/mecharm_pi/share/mecharm_pi/launch
[3.470s] copying launch/slider_control.launch.py -> /home/robotics/ros2_cobot/install/mecharm_pi/share/mecharm_pi/launch
[3.470s] copying launch/follow.launch.py -> /home/robotics/ros2_cobot/install/mecharm_pi/share/mecharm_pi/launch
[3.470s] copying launch/detect_marker_with_topic.launch.py -> /home/robotics/ros2_cobot/install/mecharm_pi/share/mecharm_pi/launch
[3.470s] copying launch/teleop_keyboard.launch.py -> /home/robotics/ros2_cobot/install/mecharm_pi/share/mecharm_pi/launch
[3.470s] copying launch/detect_marker.launch.py -> /home/robotics/ros2_cobot/install/mecharm_pi/share/mecharm_pi/launch
[3.470s] copying launch/simple_gui.launch.py -> /home/robotics/ros2_cobot/install/mecharm_pi/share/mecharm_pi/launch
[3.470s] copying launch/test.launch.py -> /home/robotics/ros2_cobot/install/mecharm_pi/share/mecharm_pi/launch
[3.470s] creating /home/robotics/ros2_cobot/install/mecharm_pi/share/mecharm_pi/config
[3.470s] copying config/mycobot_with_marker.rviz -> /home/robotics/ros2_cobot/install/mecharm_pi/share/mecharm_pi/config
[3.470s] copying config/mecharm_pi.rviz -> /home/robotics/ros2_cobot/install/mecharm_pi/share/mecharm_pi/config
[3.471s] running install_egg_info
[3.476s] Copying ../../../../build/mecharm_pi/mecharm_pi.egg-info to /home/robotics/ros2_cobot/install/mecharm_pi/lib/python3.10/site-packages/mecharm_pi-0.0.0-py3.10.egg-info
[3.480s] running install_scripts
[3.525s] Installing detect_marker script to /home/robotics/ros2_cobot/install/mecharm_pi/lib/mecharm_pi
[3.526s] Installing follow_display script to /home/robotics/ros2_cobot/install/mecharm_pi/lib/mecharm_pi
[3.526s] Installing following_marker script to /home/robotics/ros2_cobot/install/mecharm_pi/lib/mecharm_pi
[3.526s] Installing listen_real script to /home/robotics/ros2_cobot/install/mecharm_pi/lib/mecharm_pi
[3.526s] Installing listen_real_of_topic script to /home/robotics/ros2_cobot/install/mecharm_pi/lib/mecharm_pi
[3.527s] Installing simple_gui script to /home/robotics/ros2_cobot/install/mecharm_pi/lib/mecharm_pi
[3.527s] Installing slider_control script to /home/robotics/ros2_cobot/install/mecharm_pi/lib/mecharm_pi
[3.527s] Installing teleop_keyboard script to /home/robotics/ros2_cobot/install/mecharm_pi/lib/mecharm_pi
[3.529s] writing list of installed files to '/home/robotics/ros2_cobot/build/mecharm_pi/install.log'
[4.557s] Invoked command in '/home/robotics/ros2_cobot/src/mycobot_ros2/mecharm/mecharm_pi' returned '0': AMENT_PREFIX_PATH=/home/robotics/ros2_cobot/install/mycobot_description:/home/robotics/ros2_cobot/install/ultraarm:/home/robotics/ros2_cobot/install/traj_scripts:/home/robotics/ros2_cobot/install/mypalletizer_communication:/home/robotics/ros2_cobot/install/mypalletizer_interfaces:/home/robotics/ros2_cobot/install/mypalletizer_260_pi:/home/robotics/ros2_cobot/install/mypalletizer_260:/home/robotics/ros2_cobot/install/myarm_m750:/home/robotics/ros2_cobot/install/myarm_c650:/home/robotics/ros2_cobot/install/mycobot_communication:/home/robotics/ros2_cobot/install/mecharm_communication:/home/robotics/ros2_cobot/install/mycobot_interfaces:/home/robotics/ros2_cobot/install/mycobot_630:/home/robotics/ros2_cobot/install/mycobot_600:/home/robotics/ros2_cobot/install/mycobot_320pi:/home/robotics/ros2_cobot/install/mycobot_320_riscv:/home/robotics/ros2_cobot/install/mycobot_320:/home/robotics/ros2_cobot/install/mycobot_280rdkx5_moveit2:/home/robotics/ros2_cobot/install/mycobot_280pi:/home/robotics/ros2_cobot/install/mycobot_280jn:/home/robotics/ros2_cobot/install/mycobot_280arduino_moveit2:/home/robotics/ros2_cobot/install/mycobot_280_x3pi:/home/robotics/ros2_cobot/install/mycobot_280_riscv:/home/robotics/ros2_cobot/install/mycobot_280_rdkx5:/home/robotics/ros2_cobot/install/mycobot_280_moveit2_control:/home/robotics/ros2_cobot/install/mycobot_280_moveit2:/home/robotics/ros2_cobot/install/mycobot_280_arduino:/home/robotics/ros2_cobot/install/mycobot_280:/home/robotics/ros2_cobot/install/mybuddy:/home/robotics/ros2_cobot/install/myarm_300:/home/robotics/ros2_cobot/install/mecharm_pi:/home/robotics/ros2_cobot/install/mecharm:/home/robotics/ros2_cobot/install/mecharm_interfaces:/opt/ros/humble PYTHONPATH=/home/robotics/ros2_cobot/build/mecharm_pi/prefix_override:/usr/lib/python3/dist-packages/colcon_core/task/python/colcon_distutils_commands:/home/robotics/ros2_cobot/install/mecharm_pi/lib/python3.10/site-packages:/home/robotics/ros2_cobot/install/mycobot_description/lib/python3.10/site-packages:/home/robotics/ros2_cobot/install/ultraarm/lib/python3.10/site-packages:/home/robotics/ros2_cobot/install/traj_scripts/local/lib/python3.10/dist-packages:/home/robotics/ros2_cobot/install/mypalletizer_communication/lib/python3.10/site-packages:/home/robotics/ros2_cobot/install/mypalletizer_interfaces/local/lib/python3.10/dist-packages:/home/robotics/ros2_cobot/install/mypalletizer_260_pi/lib/python3.10/site-packages:/home/robotics/ros2_cobot/install/mypalletizer_260/lib/python3.10/site-packages:/home/robotics/ros2_cobot/install/myarm_m750/lib/python3.10/site-packages:/home/robotics/ros2_cobot/install/myarm_c650/lib/python3.10/site-packages:/home/robotics/ros2_cobot/install/mycobot_communication/lib/python3.10/site-packages:/home/robotics/ros2_cobot/install/mecharm_communication/lib/python3.10/site-packages:/home/robotics/ros2_cobot/install/mycobot_interfaces/local/lib/python3.10/dist-packages:/home/robotics/ros2_cobot/install/mycobot_630/lib/python3.10/site-packages:/home/robotics/ros2_cobot/install/mycobot_600/lib/python3.10/site-packages:/home/robotics/ros2_cobot/install/mycobot_320pi/lib/python3.10/site-packages:/home/robotics/ros2_cobot/install/mycobot_320_riscv/lib/python3.10/site-packages:/home/robotics/ros2_cobot/install/mycobot_320/lib/python3.10/site-packages:/home/robotics/ros2_cobot/install/mycobot_280pi/lib/python3.10/site-packages:/home/robotics/ros2_cobot/install/mycobot_280jn/lib/python3.10/site-packages:/home/robotics/ros2_cobot/install/mycobot_280_x3pi/lib/python3.10/site-packages:/home/robotics/ros2_cobot/install/mycobot_280_riscv/lib/python3.10/site-packages:/home/robotics/ros2_cobot/install/mycobot_280_rdkx5/lib/python3.10/site-packages:/home/robotics/ros2_cobot/install/mycobot_280_moveit2_control/lib/python3.10/site-packages:/home/robotics/ros2_cobot/install/mycobot_280_arduino/lib/python3.10/site-packages:/home/robotics/ros2_cobot/install/mycobot_280/lib/python3.10/site-packages:/home/robotics/ros2_cobot/install/mybuddy/lib/python3.10/site-packages:/home/robotics/ros2_cobot/install/myarm_300/lib/python3.10/site-packages:/home/robotics/ros2_cobot/install/mecharm_pi/lib/python3.10/site-packages:/home/robotics/ros2_cobot/install/mecharm/lib/python3.10/site-packages:/home/robotics/ros2_cobot/install/mecharm_interfaces/local/lib/python3.10/dist-packages:/opt/ros/humble/lib/python3.10/site-packages:/opt/ros/humble/local/lib/python3.10/dist-packages /usr/bin/python3 -W ignore:setup.py install is deprecated -W ignore:easy_install command is deprecated setup.py egg_info --egg-base ../../../../build/mecharm_pi build --build-base /home/robotics/ros2_cobot/build/mecharm_pi/build install --record /home/robotics/ros2_cobot/build/mecharm_pi/install.log --single-version-externally-managed install_data
