running egg_info
creating ../../../build/mycobot_communication/mycobot_communication.egg-info
writing ../../../build/mycobot_communication/mycobot_communication.egg-info/PKG-INFO
writing dependency_links to ../../../build/mycobot_communication/mycobot_communication.egg-info/dependency_links.txt
writing entry points to ../../../build/mycobot_communication/mycobot_communication.egg-info/entry_points.txt
writing requirements to ../../../build/mycobot_communication/mycobot_communication.egg-info/requires.txt
writing top-level names to ../../../build/mycobot_communication/mycobot_communication.egg-info/top_level.txt
writing manifest file '../../../build/mycobot_communication/mycobot_communication.egg-info/SOURCES.txt'
reading manifest file '../../../build/mycobot_communication/mycobot_communication.egg-info/SOURCES.txt'
adding license file 'LICENSE'
writing manifest file '../../../build/mycobot_communication/mycobot_communication.egg-info/SOURCES.txt'
running build
running build_py
creating /home/robotics/ros2_cobot/build/mycobot_communication/build
creating /home/robotics/ros2_cobot/build/mycobot_communication/build/lib
creating /home/robotics/ros2_cobot/build/mycobot_communication/build/lib/mycobot_communication
copying mycobot_communication/mycobot_topics_seeed.py -> /home/robotics/ros2_cobot/build/mycobot_communication/build/lib/mycobot_communication
copying mycobot_communication/mycobot_services.py -> /home/robotics/ros2_cobot/build/mycobot_communication/build/lib/mycobot_communication
copying mycobot_communication/mycobot_topics_pi.py -> /home/robotics/ros2_cobot/build/mycobot_communication/build/lib/mycobot_communication
copying mycobot_communication/mycobot_topics.py -> /home/robotics/ros2_cobot/build/mycobot_communication/build/lib/mycobot_communication
copying mycobot_communication/mycobot_topics_jsnn.py -> /home/robotics/ros2_cobot/build/mycobot_communication/build/lib/mycobot_communication
copying mycobot_communication/__init__.py -> /home/robotics/ros2_cobot/build/mycobot_communication/build/lib/mycobot_communication
running install
running install_lib
creating /home/robotics/ros2_cobot/install/mycobot_communication/lib/python3.10/site-packages/mycobot_communication
copying /home/robotics/ros2_cobot/build/mycobot_communication/build/lib/mycobot_communication/mycobot_topics_seeed.py -> /home/robotics/ros2_cobot/install/mycobot_communication/lib/python3.10/site-packages/mycobot_communication
copying /home/robotics/ros2_cobot/build/mycobot_communication/build/lib/mycobot_communication/mycobot_services.py -> /home/robotics/ros2_cobot/install/mycobot_communication/lib/python3.10/site-packages/mycobot_communication
copying /home/robotics/ros2_cobot/build/mycobot_communication/build/lib/mycobot_communication/mycobot_topics_pi.py -> /home/robotics/ros2_cobot/install/mycobot_communication/lib/python3.10/site-packages/mycobot_communication
copying /home/robotics/ros2_cobot/build/mycobot_communication/build/lib/mycobot_communication/mycobot_topics.py -> /home/robotics/ros2_cobot/install/mycobot_communication/lib/python3.10/site-packages/mycobot_communication
copying /home/robotics/ros2_cobot/build/mycobot_communication/build/lib/mycobot_communication/mycobot_topics_jsnn.py -> /home/robotics/ros2_cobot/install/mycobot_communication/lib/python3.10/site-packages/mycobot_communication
copying /home/robotics/ros2_cobot/build/mycobot_communication/build/lib/mycobot_communication/__init__.py -> /home/robotics/ros2_cobot/install/mycobot_communication/lib/python3.10/site-packages/mycobot_communication
byte-compiling /home/robotics/ros2_cobot/install/mycobot_communication/lib/python3.10/site-packages/mycobot_communication/mycobot_topics_seeed.py to mycobot_topics_seeed.cpython-310.pyc
byte-compiling /home/robotics/ros2_cobot/install/mycobot_communication/lib/python3.10/site-packages/mycobot_communication/mycobot_services.py to mycobot_services.cpython-310.pyc
byte-compiling /home/robotics/ros2_cobot/install/mycobot_communication/lib/python3.10/site-packages/mycobot_communication/mycobot_topics_pi.py to mycobot_topics_pi.cpython-310.pyc
byte-compiling /home/robotics/ros2_cobot/install/mycobot_communication/lib/python3.10/site-packages/mycobot_communication/mycobot_topics.py to mycobot_topics.cpython-310.pyc
byte-compiling /home/robotics/ros2_cobot/install/mycobot_communication/lib/python3.10/site-packages/mycobot_communication/mycobot_topics_jsnn.py to mycobot_topics_jsnn.cpython-310.pyc
byte-compiling /home/robotics/ros2_cobot/install/mycobot_communication/lib/python3.10/site-packages/mycobot_communication/__init__.py to __init__.cpython-310.pyc
running install_data
creating /home/robotics/ros2_cobot/install/mycobot_communication/share/ament_index
creating /home/robotics/ros2_cobot/install/mycobot_communication/share/ament_index/resource_index
creating /home/robotics/ros2_cobot/install/mycobot_communication/share/ament_index/resource_index/packages
copying resource/mycobot_communication -> /home/robotics/ros2_cobot/install/mycobot_communication/share/ament_index/resource_index/packages
copying package.xml -> /home/robotics/ros2_cobot/install/mycobot_communication/share/mycobot_communication
creating /home/robotics/ros2_cobot/install/mycobot_communication/share/mycobot_communication/launch
copying launch/communication_jsnn.launch.py -> /home/robotics/ros2_cobot/install/mycobot_communication/share/mycobot_communication/launch
copying launch/communication_topic.launch.py -> /home/robotics/ros2_cobot/install/mycobot_communication/share/mycobot_communication/launch
copying launch/communication_topic_pi.launch.py -> /home/robotics/ros2_cobot/install/mycobot_communication/share/mycobot_communication/launch
copying launch/communication_seeed.launch.py -> /home/robotics/ros2_cobot/install/mycobot_communication/share/mycobot_communication/launch
copying launch/communication_service.launch.py -> /home/robotics/ros2_cobot/install/mycobot_communication/share/mycobot_communication/launch
running install_egg_info
Copying ../../../build/mycobot_communication/mycobot_communication.egg-info to /home/robotics/ros2_cobot/install/mycobot_communication/lib/python3.10/site-packages/mycobot_communication-0.0.0-py3.10.egg-info
running install_scripts
Installing mycobot_services script to /home/robotics/ros2_cobot/install/mycobot_communication/lib/mycobot_communication
Installing mycobot_topics script to /home/robotics/ros2_cobot/install/mycobot_communication/lib/mycobot_communication
Installing mycobot_topics_jsnn script to /home/robotics/ros2_cobot/install/mycobot_communication/lib/mycobot_communication
Installing mycobot_topics_pi script to /home/robotics/ros2_cobot/install/mycobot_communication/lib/mycobot_communication
Installing mycobot_topics_seeed script to /home/robotics/ros2_cobot/install/mycobot_communication/lib/mycobot_communication
writing list of installed files to '/home/robotics/ros2_cobot/build/mycobot_communication/install.log'
