[0.753s] Invoking command in '/home/robotics/ros2_cobot/src/mycobot_ros2/mycobot_communication': CMAKE_PREFIX_PATH=/home/robotics/ros2_cobot/install/mycobot_interfaces:/home/robotics/ros2_cobot/install/traj_scripts:/home/robotics/ros2_cobot/install/mypalletizer_interfaces:/home/robotics/ros2_cobot/install/mycobot_280rdkx5_moveit2:/home/robotics/ros2_cobot/install/mycobot_280arduino_moveit2:/home/robotics/ros2_cobot/install/mycobot_280_moveit2:/home/robotics/ros2_cobot/install/mecharm_interfaces LD_LIBRARY_PATH=/home/robotics/ros2_cobot/install/mycobot_interfaces/lib:/home/robotics/ros2_cobot/install/mypalletizer_interfaces/lib:/home/robotics/ros2_cobot/install/mecharm_interfaces/lib:/opt/ros/humble/opt/rviz_ogre_vendor/lib:/opt/ros/humble/lib/x86_64-linux-gnu:/opt/ros/humble/lib PYTHONPATH=/home/robotics/ros2_cobot/build/mycobot_communication/prefix_override:/usr/lib/python3/dist-packages/colcon_core/task/python/colcon_distutils_commands:/home/robotics/ros2_cobot/install/mycobot_communication/lib/python3.10/site-packages:${PYTHONPATH} /usr/bin/python3 -W ignore:setup.py install is deprecated -W ignore:easy_install command is deprecated setup.py egg_info --egg-base ../../../build/mycobot_communication build --build-base /home/robotics/ros2_cobot/build/mycobot_communication/build install --record /home/robotics/ros2_cobot/build/mycobot_communication/install.log --single-version-externally-managed install_data
[0.935s] running egg_info
[0.935s] creating ../../../build/mycobot_communication/mycobot_communication.egg-info
[0.936s] writing ../../../build/mycobot_communication/mycobot_communication.egg-info/PKG-INFO
[0.936s] writing dependency_links to ../../../build/mycobot_communication/mycobot_communication.egg-info/dependency_links.txt
[0.936s] writing entry points to ../../../build/mycobot_communication/mycobot_communication.egg-info/entry_points.txt
[0.936s] writing requirements to ../../../build/mycobot_communication/mycobot_communication.egg-info/requires.txt
[0.936s] writing top-level names to ../../../build/mycobot_communication/mycobot_communication.egg-info/top_level.txt
[0.936s] writing manifest file '../../../build/mycobot_communication/mycobot_communication.egg-info/SOURCES.txt'
[0.938s] reading manifest file '../../../build/mycobot_communication/mycobot_communication.egg-info/SOURCES.txt'
[0.938s] adding license file 'LICENSE'
[0.939s] writing manifest file '../../../build/mycobot_communication/mycobot_communication.egg-info/SOURCES.txt'
[0.939s] running build
[0.939s] running build_py
[0.939s] creating /home/robotics/ros2_cobot/build/mycobot_communication/build
[0.939s] creating /home/robotics/ros2_cobot/build/mycobot_communication/build/lib
[0.939s] creating /home/robotics/ros2_cobot/build/mycobot_communication/build/lib/mycobot_communication
[0.939s] copying mycobot_communication/mycobot_topics_seeed.py -> /home/robotics/ros2_cobot/build/mycobot_communication/build/lib/mycobot_communication
[0.939s] copying mycobot_communication/mycobot_services.py -> /home/robotics/ros2_cobot/build/mycobot_communication/build/lib/mycobot_communication
[0.939s] copying mycobot_communication/mycobot_topics_pi.py -> /home/robotics/ros2_cobot/build/mycobot_communication/build/lib/mycobot_communication
[0.940s] copying mycobot_communication/mycobot_topics.py -> /home/robotics/ros2_cobot/build/mycobot_communication/build/lib/mycobot_communication
[0.940s] copying mycobot_communication/mycobot_topics_jsnn.py -> /home/robotics/ros2_cobot/build/mycobot_communication/build/lib/mycobot_communication
[0.940s] copying mycobot_communication/__init__.py -> /home/robotics/ros2_cobot/build/mycobot_communication/build/lib/mycobot_communication
[0.940s] running install
[0.940s] running install_lib
[0.940s] creating /home/robotics/ros2_cobot/install/mycobot_communication/lib/python3.10/site-packages/mycobot_communication
[0.941s] copying /home/robotics/ros2_cobot/build/mycobot_communication/build/lib/mycobot_communication/mycobot_topics_seeed.py -> /home/robotics/ros2_cobot/install/mycobot_communication/lib/python3.10/site-packages/mycobot_communication
[0.941s] copying /home/robotics/ros2_cobot/build/mycobot_communication/build/lib/mycobot_communication/mycobot_services.py -> /home/robotics/ros2_cobot/install/mycobot_communication/lib/python3.10/site-packages/mycobot_communication
[0.941s] copying /home/robotics/ros2_cobot/build/mycobot_communication/build/lib/mycobot_communication/mycobot_topics_pi.py -> /home/robotics/ros2_cobot/install/mycobot_communication/lib/python3.10/site-packages/mycobot_communication
[0.941s] copying /home/robotics/ros2_cobot/build/mycobot_communication/build/lib/mycobot_communication/mycobot_topics.py -> /home/robotics/ros2_cobot/install/mycobot_communication/lib/python3.10/site-packages/mycobot_communication
[0.941s] copying /home/robotics/ros2_cobot/build/mycobot_communication/build/lib/mycobot_communication/mycobot_topics_jsnn.py -> /home/robotics/ros2_cobot/install/mycobot_communication/lib/python3.10/site-packages/mycobot_communication
[0.941s] copying /home/robotics/ros2_cobot/build/mycobot_communication/build/lib/mycobot_communication/__init__.py -> /home/robotics/ros2_cobot/install/mycobot_communication/lib/python3.10/site-packages/mycobot_communication
[0.941s] byte-compiling /home/robotics/ros2_cobot/install/mycobot_communication/lib/python3.10/site-packages/mycobot_communication/mycobot_topics_seeed.py to mycobot_topics_seeed.cpython-310.pyc
[0.942s] byte-compiling /home/robotics/ros2_cobot/install/mycobot_communication/lib/python3.10/site-packages/mycobot_communication/mycobot_services.py to mycobot_services.cpython-310.pyc
[0.943s] byte-compiling /home/robotics/ros2_cobot/install/mycobot_communication/lib/python3.10/site-packages/mycobot_communication/mycobot_topics_pi.py to mycobot_topics_pi.cpython-310.pyc
[0.944s] byte-compiling /home/robotics/ros2_cobot/install/mycobot_communication/lib/python3.10/site-packages/mycobot_communication/mycobot_topics.py to mycobot_topics.cpython-310.pyc
[0.944s] byte-compiling /home/robotics/ros2_cobot/install/mycobot_communication/lib/python3.10/site-packages/mycobot_communication/mycobot_topics_jsnn.py to mycobot_topics_jsnn.cpython-310.pyc
[0.945s] byte-compiling /home/robotics/ros2_cobot/install/mycobot_communication/lib/python3.10/site-packages/mycobot_communication/__init__.py to __init__.cpython-310.pyc
[0.945s] running install_data
[0.945s] creating /home/robotics/ros2_cobot/install/mycobot_communication/share/ament_index
[0.945s] creating /home/robotics/ros2_cobot/install/mycobot_communication/share/ament_index/resource_index
[0.945s] creating /home/robotics/ros2_cobot/install/mycobot_communication/share/ament_index/resource_index/packages
[0.946s] copying resource/mycobot_communication -> /home/robotics/ros2_cobot/install/mycobot_communication/share/ament_index/resource_index/packages
[0.946s] copying package.xml -> /home/robotics/ros2_cobot/install/mycobot_communication/share/mycobot_communication
[0.946s] creating /home/robotics/ros2_cobot/install/mycobot_communication/share/mycobot_communication/launch
[0.946s] copying launch/communication_jsnn.launch.py -> /home/robotics/ros2_cobot/install/mycobot_communication/share/mycobot_communication/launch
[0.946s] copying launch/communication_topic.launch.py -> /home/robotics/ros2_cobot/install/mycobot_communication/share/mycobot_communication/launch
[0.946s] copying launch/communication_topic_pi.launch.py -> /home/robotics/ros2_cobot/install/mycobot_communication/share/mycobot_communication/launch
[0.946s] copying launch/communication_seeed.launch.py -> /home/robotics/ros2_cobot/install/mycobot_communication/share/mycobot_communication/launch
[0.946s] copying launch/communication_service.launch.py -> /home/robotics/ros2_cobot/install/mycobot_communication/share/mycobot_communication/launch
[0.946s] running install_egg_info
[0.948s] Copying ../../../build/mycobot_communication/mycobot_communication.egg-info to /home/robotics/ros2_cobot/install/mycobot_communication/lib/python3.10/site-packages/mycobot_communication-0.0.0-py3.10.egg-info
[0.948s] running install_scripts
[0.966s] Installing mycobot_services script to /home/robotics/ros2_cobot/install/mycobot_communication/lib/mycobot_communication
[0.966s] Installing mycobot_topics script to /home/robotics/ros2_cobot/install/mycobot_communication/lib/mycobot_communication
[0.966s] Installing mycobot_topics_jsnn script to /home/robotics/ros2_cobot/install/mycobot_communication/lib/mycobot_communication
[0.966s] Installing mycobot_topics_pi script to /home/robotics/ros2_cobot/install/mycobot_communication/lib/mycobot_communication
[0.966s] Installing mycobot_topics_seeed script to /home/robotics/ros2_cobot/install/mycobot_communication/lib/mycobot_communication
[0.967s] writing list of installed files to '/home/robotics/ros2_cobot/build/mycobot_communication/install.log'
[0.995s] Invoked command in '/home/robotics/ros2_cobot/src/mycobot_ros2/mycobot_communication' returned '0': CMAKE_PREFIX_PATH=/home/robotics/ros2_cobot/install/mycobot_interfaces:/home/robotics/ros2_cobot/install/traj_scripts:/home/robotics/ros2_cobot/install/mypalletizer_interfaces:/home/robotics/ros2_cobot/install/mycobot_280rdkx5_moveit2:/home/robotics/ros2_cobot/install/mycobot_280arduino_moveit2:/home/robotics/ros2_cobot/install/mycobot_280_moveit2:/home/robotics/ros2_cobot/install/mecharm_interfaces LD_LIBRARY_PATH=/home/robotics/ros2_cobot/install/mycobot_interfaces/lib:/home/robotics/ros2_cobot/install/mypalletizer_interfaces/lib:/home/robotics/ros2_cobot/install/mecharm_interfaces/lib:/opt/ros/humble/opt/rviz_ogre_vendor/lib:/opt/ros/humble/lib/x86_64-linux-gnu:/opt/ros/humble/lib PYTHONPATH=/home/robotics/ros2_cobot/build/mycobot_communication/prefix_override:/usr/lib/python3/dist-packages/colcon_core/task/python/colcon_distutils_commands:/home/robotics/ros2_cobot/install/mycobot_communication/lib/python3.10/site-packages:${PYTHONPATH} /usr/bin/python3 -W ignore:setup.py install is deprecated -W ignore:easy_install command is deprecated setup.py egg_info --egg-base ../../../build/mycobot_communication build --build-base /home/robotics/ros2_cobot/build/mycobot_communication/build install --record /home/robotics/ros2_cobot/build/mycobot_communication/install.log --single-version-externally-managed install_data
