[6.113s] Invoking command in '/home/robotics/ros2_cobot/src/mycobot_ros2/mypalletizer_260/mypalletizer_260_pi': AMENT_PREFIX_PATH=/home/robotics/ros2_cobot/install/mycobot_description:/home/robotics/ros2_cobot/install/ultraarm:/home/robotics/ros2_cobot/install/traj_scripts:/home/robotics/ros2_cobot/install/mypalletizer_communication:/home/robotics/ros2_cobot/install/mypalletizer_interfaces:/home/robotics/ros2_cobot/install/mypalletizer_260_pi:/home/robotics/ros2_cobot/install/mypalletizer_260:/home/robotics/ros2_cobot/install/myarm_m750:/home/robotics/ros2_cobot/install/myarm_c650:/home/robotics/ros2_cobot/install/mycobot_communication:/home/robotics/ros2_cobot/install/mecharm_communication:/home/robotics/ros2_cobot/install/mycobot_interfaces:/home/robotics/ros2_cobot/install/mycobot_630:/home/robotics/ros2_cobot/install/mycobot_600:/home/robotics/ros2_cobot/install/mycobot_320pi:/home/robotics/ros2_cobot/install/mycobot_320_riscv:/home/robotics/ros2_cobot/install/mycobot_320:/home/robotics/ros2_cobot/install/mycobot_280rdkx5_moveit2:/home/robotics/ros2_cobot/install/mycobot_280pi:/home/robotics/ros2_cobot/install/mycobot_280jn:/home/robotics/ros2_cobot/install/mycobot_280arduino_moveit2:/home/robotics/ros2_cobot/install/mycobot_280_x3pi:/home/robotics/ros2_cobot/install/mycobot_280_riscv:/home/robotics/ros2_cobot/install/mycobot_280_rdkx5:/home/robotics/ros2_cobot/install/mycobot_280_moveit2_control:/home/robotics/ros2_cobot/install/mycobot_280_moveit2:/home/robotics/ros2_cobot/install/mycobot_280_arduino:/home/robotics/ros2_cobot/install/mycobot_280:/home/robotics/ros2_cobot/install/mybuddy:/home/robotics/ros2_cobot/install/myarm_300:/home/robotics/ros2_cobot/install/mecharm_pi:/home/robotics/ros2_cobot/install/mecharm:/home/robotics/ros2_cobot/install/mecharm_interfaces:/opt/ros/humble PYTHONPATH=/home/robotics/ros2_cobot/build/mypalletizer_260_pi/prefix_override:/usr/lib/python3/dist-packages/colcon_core/task/python/colcon_distutils_commands:/home/robotics/ros2_cobot/install/mypalletizer_260_pi/lib/python3.10/site-packages:/home/robotics/ros2_cobot/install/mycobot_description/lib/python3.10/site-packages:/home/robotics/ros2_cobot/install/ultraarm/lib/python3.10/site-packages:/home/robotics/ros2_cobot/install/traj_scripts/local/lib/python3.10/dist-packages:/home/robotics/ros2_cobot/install/mypalletizer_communication/lib/python3.10/site-packages:/home/robotics/ros2_cobot/install/mypalletizer_interfaces/local/lib/python3.10/dist-packages:/home/robotics/ros2_cobot/install/mypalletizer_260_pi/lib/python3.10/site-packages:/home/robotics/ros2_cobot/install/mypalletizer_260/lib/python3.10/site-packages:/home/robotics/ros2_cobot/install/myarm_m750/lib/python3.10/site-packages:/home/robotics/ros2_cobot/install/myarm_c650/lib/python3.10/site-packages:/home/robotics/ros2_cobot/install/mycobot_communication/lib/python3.10/site-packages:/home/robotics/ros2_cobot/install/mecharm_communication/lib/python3.10/site-packages:/home/robotics/ros2_cobot/install/mycobot_interfaces/local/lib/python3.10/dist-packages:/home/robotics/ros2_cobot/install/mycobot_630/lib/python3.10/site-packages:/home/robotics/ros2_cobot/install/mycobot_600/lib/python3.10/site-packages:/home/robotics/ros2_cobot/install/mycobot_320pi/lib/python3.10/site-packages:/home/robotics/ros2_cobot/install/mycobot_320_riscv/lib/python3.10/site-packages:/home/robotics/ros2_cobot/install/mycobot_320/lib/python3.10/site-packages:/home/robotics/ros2_cobot/install/mycobot_280pi/lib/python3.10/site-packages:/home/robotics/ros2_cobot/install/mycobot_280jn/lib/python3.10/site-packages:/home/robotics/ros2_cobot/install/mycobot_280_x3pi/lib/python3.10/site-packages:/home/robotics/ros2_cobot/install/mycobot_280_riscv/lib/python3.10/site-packages:/home/robotics/ros2_cobot/install/mycobot_280_rdkx5/lib/python3.10/site-packages:/home/robotics/ros2_cobot/install/mycobot_280_moveit2_control/lib/python3.10/site-packages:/home/robotics/ros2_cobot/install/mycobot_280_arduino/lib/python3.10/site-packages:/home/robotics/ros2_cobot/install/mycobot_280/lib/python3.10/site-packages:/home/robotics/ros2_cobot/install/mybuddy/lib/python3.10/site-packages:/home/robotics/ros2_cobot/install/myarm_300/lib/python3.10/site-packages:/home/robotics/ros2_cobot/install/mecharm_pi/lib/python3.10/site-packages:/home/robotics/ros2_cobot/install/mecharm/lib/python3.10/site-packages:/home/robotics/ros2_cobot/install/mecharm_interfaces/local/lib/python3.10/dist-packages:/opt/ros/humble/lib/python3.10/site-packages:/opt/ros/humble/local/lib/python3.10/dist-packages /usr/bin/python3 -W ignore:setup.py install is deprecated -W ignore:easy_install command is deprecated setup.py egg_info --egg-base ../../../../build/mypalletizer_260_pi build --build-base /home/robotics/ros2_cobot/build/mypalletizer_260_pi/build install --record /home/robotics/ros2_cobot/build/mypalletizer_260_pi/install.log --single-version-externally-managed install_data
[6.469s] running egg_info
[6.471s] creating ../../../../build/mypalletizer_260_pi/mypalletizer_260_pi.egg-info
[6.472s] writing ../../../../build/mypalletizer_260_pi/mypalletizer_260_pi.egg-info/PKG-INFO
[6.473s] writing dependency_links to ../../../../build/mypalletizer_260_pi/mypalletizer_260_pi.egg-info/dependency_links.txt
[6.473s] writing entry points to ../../../../build/mypalletizer_260_pi/mypalletizer_260_pi.egg-info/entry_points.txt
[6.473s] writing requirements to ../../../../build/mypalletizer_260_pi/mypalletizer_260_pi.egg-info/requires.txt
[6.473s] writing top-level names to ../../../../build/mypalletizer_260_pi/mypalletizer_260_pi.egg-info/top_level.txt
[6.473s] writing manifest file '../../../../build/mypalletizer_260_pi/mypalletizer_260_pi.egg-info/SOURCES.txt'
[6.476s] reading manifest file '../../../../build/mypalletizer_260_pi/mypalletizer_260_pi.egg-info/SOURCES.txt'
[6.476s] adding license file 'LICENSE'
[6.476s] writing manifest file '../../../../build/mypalletizer_260_pi/mypalletizer_260_pi.egg-info/SOURCES.txt'
[6.477s] running build
[6.477s] running build_py
[6.477s] creating /home/robotics/ros2_cobot/build/mypalletizer_260_pi/build
[6.477s] creating /home/robotics/ros2_cobot/build/mypalletizer_260_pi/build/lib
[6.477s] creating /home/robotics/ros2_cobot/build/mypalletizer_260_pi/build/lib/mypalletizer_260_pi
[6.477s] copying mypalletizer_260_pi/follow_and_pump.py -> /home/robotics/ros2_cobot/build/mypalletizer_260_pi/build/lib/mypalletizer_260_pi
[6.477s] copying mypalletizer_260_pi/follow_display.py -> /home/robotics/ros2_cobot/build/mypalletizer_260_pi/build/lib/mypalletizer_260_pi
[6.477s] copying mypalletizer_260_pi/test.py -> /home/robotics/ros2_cobot/build/mypalletizer_260_pi/build/lib/mypalletizer_260_pi
[6.478s] copying mypalletizer_260_pi/listen_real_of_topic.py -> /home/robotics/ros2_cobot/build/mypalletizer_260_pi/build/lib/mypalletizer_260_pi
[6.478s] copying mypalletizer_260_pi/simple_gui.py -> /home/robotics/ros2_cobot/build/mypalletizer_260_pi/build/lib/mypalletizer_260_pi
[6.478s] copying mypalletizer_260_pi/slider_control.py -> /home/robotics/ros2_cobot/build/mypalletizer_260_pi/build/lib/mypalletizer_260_pi
[6.478s] copying mypalletizer_260_pi/mypalletizersocket.py -> /home/robotics/ros2_cobot/build/mypalletizer_260_pi/build/lib/mypalletizer_260_pi
[6.478s] copying mypalletizer_260_pi/listen_real.py -> /home/robotics/ros2_cobot/build/mypalletizer_260_pi/build/lib/mypalletizer_260_pi
[6.478s] copying mypalletizer_260_pi/following_marker.py -> /home/robotics/ros2_cobot/build/mypalletizer_260_pi/build/lib/mypalletizer_260_pi
[6.478s] copying mypalletizer_260_pi/teleop_keyboard.py -> /home/robotics/ros2_cobot/build/mypalletizer_260_pi/build/lib/mypalletizer_260_pi
[6.479s] copying mypalletizer_260_pi/__init__.py -> /home/robotics/ros2_cobot/build/mypalletizer_260_pi/build/lib/mypalletizer_260_pi
[6.481s] running install
[6.481s] running install_lib
[6.481s] creating /home/robotics/ros2_cobot/install/mypalletizer_260_pi/lib/python3.10/site-packages/mypalletizer_260_pi
[6.481s] copying /home/robotics/ros2_cobot/build/mypalletizer_260_pi/build/lib/mypalletizer_260_pi/follow_and_pump.py -> /home/robotics/ros2_cobot/install/mypalletizer_260_pi/lib/python3.10/site-packages/mypalletizer_260_pi
[6.481s] copying /home/robotics/ros2_cobot/build/mypalletizer_260_pi/build/lib/mypalletizer_260_pi/follow_display.py -> /home/robotics/ros2_cobot/install/mypalletizer_260_pi/lib/python3.10/site-packages/mypalletizer_260_pi
[6.482s] copying /home/robotics/ros2_cobot/build/mypalletizer_260_pi/build/lib/mypalletizer_260_pi/test.py -> /home/robotics/ros2_cobot/install/mypalletizer_260_pi/lib/python3.10/site-packages/mypalletizer_260_pi
[6.483s] copying /home/robotics/ros2_cobot/build/mypalletizer_260_pi/build/lib/mypalletizer_260_pi/listen_real_of_topic.py -> /home/robotics/ros2_cobot/install/mypalletizer_260_pi/lib/python3.10/site-packages/mypalletizer_260_pi
[6.483s] copying /home/robotics/ros2_cobot/build/mypalletizer_260_pi/build/lib/mypalletizer_260_pi/simple_gui.py -> /home/robotics/ros2_cobot/install/mypalletizer_260_pi/lib/python3.10/site-packages/mypalletizer_260_pi
[6.483s] copying /home/robotics/ros2_cobot/build/mypalletizer_260_pi/build/lib/mypalletizer_260_pi/slider_control.py -> /home/robotics/ros2_cobot/install/mypalletizer_260_pi/lib/python3.10/site-packages/mypalletizer_260_pi
[6.483s] copying /home/robotics/ros2_cobot/build/mypalletizer_260_pi/build/lib/mypalletizer_260_pi/mypalletizersocket.py -> /home/robotics/ros2_cobot/install/mypalletizer_260_pi/lib/python3.10/site-packages/mypalletizer_260_pi
[6.483s] copying /home/robotics/ros2_cobot/build/mypalletizer_260_pi/build/lib/mypalletizer_260_pi/listen_real.py -> /home/robotics/ros2_cobot/install/mypalletizer_260_pi/lib/python3.10/site-packages/mypalletizer_260_pi
[6.483s] copying /home/robotics/ros2_cobot/build/mypalletizer_260_pi/build/lib/mypalletizer_260_pi/following_marker.py -> /home/robotics/ros2_cobot/install/mypalletizer_260_pi/lib/python3.10/site-packages/mypalletizer_260_pi
[6.483s] copying /home/robotics/ros2_cobot/build/mypalletizer_260_pi/build/lib/mypalletizer_260_pi/teleop_keyboard.py -> /home/robotics/ros2_cobot/install/mypalletizer_260_pi/lib/python3.10/site-packages/mypalletizer_260_pi
[6.483s] copying /home/robotics/ros2_cobot/build/mypalletizer_260_pi/build/lib/mypalletizer_260_pi/__init__.py -> /home/robotics/ros2_cobot/install/mypalletizer_260_pi/lib/python3.10/site-packages/mypalletizer_260_pi
[6.485s] byte-compiling /home/robotics/ros2_cobot/install/mypalletizer_260_pi/lib/python3.10/site-packages/mypalletizer_260_pi/follow_and_pump.py to follow_and_pump.cpython-310.pyc
[6.485s] byte-compiling /home/robotics/ros2_cobot/install/mypalletizer_260_pi/lib/python3.10/site-packages/mypalletizer_260_pi/follow_display.py to follow_display.cpython-310.pyc
[6.485s] byte-compiling /home/robotics/ros2_cobot/install/mypalletizer_260_pi/lib/python3.10/site-packages/mypalletizer_260_pi/test.py to test.cpython-310.pyc
[6.486s] byte-compiling /home/robotics/ros2_cobot/install/mypalletizer_260_pi/lib/python3.10/site-packages/mypalletizer_260_pi/listen_real_of_topic.py to listen_real_of_topic.cpython-310.pyc
[6.488s] byte-compiling /home/robotics/ros2_cobot/install/mypalletizer_260_pi/lib/python3.10/site-packages/mypalletizer_260_pi/simple_gui.py to simple_gui.cpython-310.pyc
[6.493s] byte-compiling /home/robotics/ros2_cobot/install/mypalletizer_260_pi/lib/python3.10/site-packages/mypalletizer_260_pi/slider_control.py to slider_control.cpython-310.pyc
[6.493s] byte-compiling /home/robotics/ros2_cobot/install/mypalletizer_260_pi/lib/python3.10/site-packages/mypalletizer_260_pi/mypalletizersocket.py to mypalletizersocket.cpython-310.pyc
[6.493s] byte-compiling /home/robotics/ros2_cobot/install/mypalletizer_260_pi/lib/python3.10/site-packages/mypalletizer_260_pi/listen_real.py to listen_real.cpython-310.pyc
[6.493s] byte-compiling /home/robotics/ros2_cobot/install/mypalletizer_260_pi/lib/python3.10/site-packages/mypalletizer_260_pi/following_marker.py to following_marker.cpython-310.pyc
[6.499s] byte-compiling /home/robotics/ros2_cobot/install/mypalletizer_260_pi/lib/python3.10/site-packages/mypalletizer_260_pi/teleop_keyboard.py to teleop_keyboard.cpython-310.pyc
[6.499s] byte-compiling /home/robotics/ros2_cobot/install/mypalletizer_260_pi/lib/python3.10/site-packages/mypalletizer_260_pi/__init__.py to __init__.cpython-310.pyc
[6.499s] running install_data
[6.501s] creating /home/robotics/ros2_cobot/install/mypalletizer_260_pi/share/ament_index
[6.501s] creating /home/robotics/ros2_cobot/install/mypalletizer_260_pi/share/ament_index/resource_index
[6.501s] creating /home/robotics/ros2_cobot/install/mypalletizer_260_pi/share/ament_index/resource_index/packages
[6.501s] copying resource/mypalletizer_260_pi -> /home/robotics/ros2_cobot/install/mypalletizer_260_pi/share/ament_index/resource_index/packages
[6.501s] copying package.xml -> /home/robotics/ros2_cobot/install/mypalletizer_260_pi/share/mypalletizer_260_pi
[6.501s] creating /home/robotics/ros2_cobot/install/mypalletizer_260_pi/share/mypalletizer_260_pi/launch
[6.501s] copying launch/slider_control.launch.py -> /home/robotics/ros2_cobot/install/mypalletizer_260_pi/share/mypalletizer_260_pi/launch
[6.501s] copying launch/follow.launch.py -> /home/robotics/ros2_cobot/install/mypalletizer_260_pi/share/mypalletizer_260_pi/launch
[6.501s] copying launch/detect_marker_with_topic.launch.py -> /home/robotics/ros2_cobot/install/mypalletizer_260_pi/share/mypalletizer_260_pi/launch
[6.501s] copying launch/teleop_keyboard.launch.py -> /home/robotics/ros2_cobot/install/mypalletizer_260_pi/share/mypalletizer_260_pi/launch
[6.501s] copying launch/detect_marker.launch.py -> /home/robotics/ros2_cobot/install/mypalletizer_260_pi/share/mypalletizer_260_pi/launch
[6.501s] copying launch/simple_gui.launch.py -> /home/robotics/ros2_cobot/install/mypalletizer_260_pi/share/mypalletizer_260_pi/launch
[6.501s] copying launch/test.launch.py -> /home/robotics/ros2_cobot/install/mypalletizer_260_pi/share/mypalletizer_260_pi/launch
[6.501s] creating /home/robotics/ros2_cobot/install/mypalletizer_260_pi/share/mypalletizer_260_pi/config
[6.501s] copying config/mypalletizer_pi.rviz -> /home/robotics/ros2_cobot/install/mypalletizer_260_pi/share/mypalletizer_260_pi/config
[6.501s] copying config/mycobot_with_marker.rviz -> /home/robotics/ros2_cobot/install/mypalletizer_260_pi/share/mypalletizer_260_pi/config
[6.501s] running install_egg_info
[6.501s] Copying ../../../../build/mypalletizer_260_pi/mypalletizer_260_pi.egg-info to /home/robotics/ros2_cobot/install/mypalletizer_260_pi/lib/python3.10/site-packages/mypalletizer_260_pi-0.0.0-py3.10.egg-info
[6.503s] running install_scripts
[6.529s] Installing detect_marker script to /home/robotics/ros2_cobot/install/mypalletizer_260_pi/lib/mypalletizer_260_pi
[6.529s] Installing follow_display script to /home/robotics/ros2_cobot/install/mypalletizer_260_pi/lib/mypalletizer_260_pi
[6.529s] Installing following_marker script to /home/robotics/ros2_cobot/install/mypalletizer_260_pi/lib/mypalletizer_260_pi
[6.529s] Installing listen_real script to /home/robotics/ros2_cobot/install/mypalletizer_260_pi/lib/mypalletizer_260_pi
[6.529s] Installing listen_real_of_topic script to /home/robotics/ros2_cobot/install/mypalletizer_260_pi/lib/mypalletizer_260_pi
[6.529s] Installing simple_gui script to /home/robotics/ros2_cobot/install/mypalletizer_260_pi/lib/mypalletizer_260_pi
[6.529s] Installing slider_control script to /home/robotics/ros2_cobot/install/mypalletizer_260_pi/lib/mypalletizer_260_pi
[6.529s] Installing teleop_keyboard script to /home/robotics/ros2_cobot/install/mypalletizer_260_pi/lib/mypalletizer_260_pi
[6.529s] writing list of installed files to '/home/robotics/ros2_cobot/build/mypalletizer_260_pi/install.log'
[6.597s] Invoked command in '/home/robotics/ros2_cobot/src/mycobot_ros2/mypalletizer_260/mypalletizer_260_pi' returned '0': AMENT_PREFIX_PATH=/home/robotics/ros2_cobot/install/mycobot_description:/home/robotics/ros2_cobot/install/ultraarm:/home/robotics/ros2_cobot/install/traj_scripts:/home/robotics/ros2_cobot/install/mypalletizer_communication:/home/robotics/ros2_cobot/install/mypalletizer_interfaces:/home/robotics/ros2_cobot/install/mypalletizer_260_pi:/home/robotics/ros2_cobot/install/mypalletizer_260:/home/robotics/ros2_cobot/install/myarm_m750:/home/robotics/ros2_cobot/install/myarm_c650:/home/robotics/ros2_cobot/install/mycobot_communication:/home/robotics/ros2_cobot/install/mecharm_communication:/home/robotics/ros2_cobot/install/mycobot_interfaces:/home/robotics/ros2_cobot/install/mycobot_630:/home/robotics/ros2_cobot/install/mycobot_600:/home/robotics/ros2_cobot/install/mycobot_320pi:/home/robotics/ros2_cobot/install/mycobot_320_riscv:/home/robotics/ros2_cobot/install/mycobot_320:/home/robotics/ros2_cobot/install/mycobot_280rdkx5_moveit2:/home/robotics/ros2_cobot/install/mycobot_280pi:/home/robotics/ros2_cobot/install/mycobot_280jn:/home/robotics/ros2_cobot/install/mycobot_280arduino_moveit2:/home/robotics/ros2_cobot/install/mycobot_280_x3pi:/home/robotics/ros2_cobot/install/mycobot_280_riscv:/home/robotics/ros2_cobot/install/mycobot_280_rdkx5:/home/robotics/ros2_cobot/install/mycobot_280_moveit2_control:/home/robotics/ros2_cobot/install/mycobot_280_moveit2:/home/robotics/ros2_cobot/install/mycobot_280_arduino:/home/robotics/ros2_cobot/install/mycobot_280:/home/robotics/ros2_cobot/install/mybuddy:/home/robotics/ros2_cobot/install/myarm_300:/home/robotics/ros2_cobot/install/mecharm_pi:/home/robotics/ros2_cobot/install/mecharm:/home/robotics/ros2_cobot/install/mecharm_interfaces:/opt/ros/humble PYTHONPATH=/home/robotics/ros2_cobot/build/mypalletizer_260_pi/prefix_override:/usr/lib/python3/dist-packages/colcon_core/task/python/colcon_distutils_commands:/home/robotics/ros2_cobot/install/mypalletizer_260_pi/lib/python3.10/site-packages:/home/robotics/ros2_cobot/install/mycobot_description/lib/python3.10/site-packages:/home/robotics/ros2_cobot/install/ultraarm/lib/python3.10/site-packages:/home/robotics/ros2_cobot/install/traj_scripts/local/lib/python3.10/dist-packages:/home/robotics/ros2_cobot/install/mypalletizer_communication/lib/python3.10/site-packages:/home/robotics/ros2_cobot/install/mypalletizer_interfaces/local/lib/python3.10/dist-packages:/home/robotics/ros2_cobot/install/mypalletizer_260_pi/lib/python3.10/site-packages:/home/robotics/ros2_cobot/install/mypalletizer_260/lib/python3.10/site-packages:/home/robotics/ros2_cobot/install/myarm_m750/lib/python3.10/site-packages:/home/robotics/ros2_cobot/install/myarm_c650/lib/python3.10/site-packages:/home/robotics/ros2_cobot/install/mycobot_communication/lib/python3.10/site-packages:/home/robotics/ros2_cobot/install/mecharm_communication/lib/python3.10/site-packages:/home/robotics/ros2_cobot/install/mycobot_interfaces/local/lib/python3.10/dist-packages:/home/robotics/ros2_cobot/install/mycobot_630/lib/python3.10/site-packages:/home/robotics/ros2_cobot/install/mycobot_600/lib/python3.10/site-packages:/home/robotics/ros2_cobot/install/mycobot_320pi/lib/python3.10/site-packages:/home/robotics/ros2_cobot/install/mycobot_320_riscv/lib/python3.10/site-packages:/home/robotics/ros2_cobot/install/mycobot_320/lib/python3.10/site-packages:/home/robotics/ros2_cobot/install/mycobot_280pi/lib/python3.10/site-packages:/home/robotics/ros2_cobot/install/mycobot_280jn/lib/python3.10/site-packages:/home/robotics/ros2_cobot/install/mycobot_280_x3pi/lib/python3.10/site-packages:/home/robotics/ros2_cobot/install/mycobot_280_riscv/lib/python3.10/site-packages:/home/robotics/ros2_cobot/install/mycobot_280_rdkx5/lib/python3.10/site-packages:/home/robotics/ros2_cobot/install/mycobot_280_moveit2_control/lib/python3.10/site-packages:/home/robotics/ros2_cobot/install/mycobot_280_arduino/lib/python3.10/site-packages:/home/robotics/ros2_cobot/install/mycobot_280/lib/python3.10/site-packages:/home/robotics/ros2_cobot/install/mybuddy/lib/python3.10/site-packages:/home/robotics/ros2_cobot/install/myarm_300/lib/python3.10/site-packages:/home/robotics/ros2_cobot/install/mecharm_pi/lib/python3.10/site-packages:/home/robotics/ros2_cobot/install/mecharm/lib/python3.10/site-packages:/home/robotics/ros2_cobot/install/mecharm_interfaces/local/lib/python3.10/dist-packages:/opt/ros/humble/lib/python3.10/site-packages:/opt/ros/humble/local/lib/python3.10/dist-packages /usr/bin/python3 -W ignore:setup.py install is deprecated -W ignore:easy_install command is deprecated setup.py egg_info --egg-base ../../../../build/mypalletizer_260_pi build --build-base /home/robotics/ros2_cobot/build/mypalletizer_260_pi/build install --record /home/robotics/ros2_cobot/build/mypalletizer_260_pi/install.log --single-version-externally-managed install_data
