running egg_info
writing ../../../build/mycobot_description/mycobot_description.egg-info/PKG-INFO
writing dependency_links to ../../../build/mycobot_description/mycobot_description.egg-info/dependency_links.txt
writing entry points to ../../../build/mycobot_description/mycobot_description.egg-info/entry_points.txt
writing requirements to ../../../build/mycobot_description/mycobot_description.egg-info/requires.txt
writing top-level names to ../../../build/mycobot_description/mycobot_description.egg-info/top_level.txt
reading manifest file '../../../build/mycobot_description/mycobot_description.egg-info/SOURCES.txt'
adding license file 'LICENSE'
writing manifest file '../../../build/mycobot_description/mycobot_description.egg-info/SOURCES.txt'
running build
running build_py
running install
running install_lib
running install_data
copying urdf/mycobot_280_m5/mycobot_280_m5_ghost.urdf -> /home/robotics/ros2_cobot/install/mycobot_description/share/mycobot_description/urdf/mycobot_280_m5
running install_egg_info
removing '/home/robotics/ros2_cobot/install/mycobot_description/lib/python3.10/site-packages/mycobot_description-0.0.0-py3.10.egg-info' (and everything under it)
Copying ../../../build/mycobot_description/mycobot_description.egg-info to /home/robotics/ros2_cobot/install/mycobot_description/lib/python3.10/site-packages/mycobot_description-0.0.0-py3.10.egg-info
running install_scripts
writing list of installed files to '/home/robotics/ros2_cobot/build/mycobot_description/install.log'
