running egg_info
creating ../../../../build/mycobot_280_rdkx5/mycobot_280_rdkx5.egg-info
writing ../../../../build/mycobot_280_rdkx5/mycobot_280_rdkx5.egg-info/PKG-INFO
writing dependency_links to ../../../../build/mycobot_280_rdkx5/mycobot_280_rdkx5.egg-info/dependency_links.txt
writing entry points to ../../../../build/mycobot_280_rdkx5/mycobot_280_rdkx5.egg-info/entry_points.txt
writing requirements to ../../../../build/mycobot_280_rdkx5/mycobot_280_rdkx5.egg-info/requires.txt
writing top-level names to ../../../../build/mycobot_280_rdkx5/mycobot_280_rdkx5.egg-info/top_level.txt
writing manifest file '../../../../build/mycobot_280_rdkx5/mycobot_280_rdkx5.egg-info/SOURCES.txt'
reading manifest file '../../../../build/mycobot_280_rdkx5/mycobot_280_rdkx5.egg-info/SOURCES.txt'
adding license file 'LICENSE'
writing manifest file '../../../../build/mycobot_280_rdkx5/mycobot_280_rdkx5.egg-info/SOURCES.txt'
running build
running build_py
creating /home/robotics/ros2_cobot/build/mycobot_280_rdkx5/build
creating /home/robotics/ros2_cobot/build/mycobot_280_rdkx5/build/lib
creating /home/robotics/ros2_cobot/build/mycobot_280_rdkx5/build/lib/mycobot_280_rdkx5
copying mycobot_280_rdkx5/follow_display.py -> /home/robotics/ros2_cobot/build/mycobot_280_rdkx5/build/lib/mycobot_280_rdkx5
copying mycobot_280_rdkx5/simple_gui.py -> /home/robotics/ros2_cobot/build/mycobot_280_rdkx5/build/lib/mycobot_280_rdkx5
copying mycobot_280_rdkx5/slider_control.py -> /home/robotics/ros2_cobot/build/mycobot_280_rdkx5/build/lib/mycobot_280_rdkx5
copying mycobot_280_rdkx5/listen_real.py -> /home/robotics/ros2_cobot/build/mycobot_280_rdkx5/build/lib/mycobot_280_rdkx5
copying mycobot_280_rdkx5/teleop_keyboard.py -> /home/robotics/ros2_cobot/build/mycobot_280_rdkx5/build/lib/mycobot_280_rdkx5
copying mycobot_280_rdkx5/__init__.py -> /home/robotics/ros2_cobot/build/mycobot_280_rdkx5/build/lib/mycobot_280_rdkx5
running install
running install_lib
creating /home/robotics/ros2_cobot/install/mycobot_280_rdkx5/lib/python3.10/site-packages/mycobot_280_rdkx5
copying /home/robotics/ros2_cobot/build/mycobot_280_rdkx5/build/lib/mycobot_280_rdkx5/follow_display.py -> /home/robotics/ros2_cobot/install/mycobot_280_rdkx5/lib/python3.10/site-packages/mycobot_280_rdkx5
copying /home/robotics/ros2_cobot/build/mycobot_280_rdkx5/build/lib/mycobot_280_rdkx5/simple_gui.py -> /home/robotics/ros2_cobot/install/mycobot_280_rdkx5/lib/python3.10/site-packages/mycobot_280_rdkx5
copying /home/robotics/ros2_cobot/build/mycobot_280_rdkx5/build/lib/mycobot_280_rdkx5/slider_control.py -> /home/robotics/ros2_cobot/install/mycobot_280_rdkx5/lib/python3.10/site-packages/mycobot_280_rdkx5
copying /home/robotics/ros2_cobot/build/mycobot_280_rdkx5/build/lib/mycobot_280_rdkx5/listen_real.py -> /home/robotics/ros2_cobot/install/mycobot_280_rdkx5/lib/python3.10/site-packages/mycobot_280_rdkx5
copying /home/robotics/ros2_cobot/build/mycobot_280_rdkx5/build/lib/mycobot_280_rdkx5/teleop_keyboard.py -> /home/robotics/ros2_cobot/install/mycobot_280_rdkx5/lib/python3.10/site-packages/mycobot_280_rdkx5
copying /home/robotics/ros2_cobot/build/mycobot_280_rdkx5/build/lib/mycobot_280_rdkx5/__init__.py -> /home/robotics/ros2_cobot/install/mycobot_280_rdkx5/lib/python3.10/site-packages/mycobot_280_rdkx5
byte-compiling /home/robotics/ros2_cobot/install/mycobot_280_rdkx5/lib/python3.10/site-packages/mycobot_280_rdkx5/follow_display.py to follow_display.cpython-310.pyc
byte-compiling /home/robotics/ros2_cobot/install/mycobot_280_rdkx5/lib/python3.10/site-packages/mycobot_280_rdkx5/simple_gui.py to simple_gui.cpython-310.pyc
byte-compiling /home/robotics/ros2_cobot/install/mycobot_280_rdkx5/lib/python3.10/site-packages/mycobot_280_rdkx5/slider_control.py to slider_control.cpython-310.pyc
byte-compiling /home/robotics/ros2_cobot/install/mycobot_280_rdkx5/lib/python3.10/site-packages/mycobot_280_rdkx5/listen_real.py to listen_real.cpython-310.pyc
byte-compiling /home/robotics/ros2_cobot/install/mycobot_280_rdkx5/lib/python3.10/site-packages/mycobot_280_rdkx5/teleop_keyboard.py to teleop_keyboard.cpython-310.pyc
byte-compiling /home/robotics/ros2_cobot/install/mycobot_280_rdkx5/lib/python3.10/site-packages/mycobot_280_rdkx5/__init__.py to __init__.cpython-310.pyc
running install_data
creating /home/robotics/ros2_cobot/install/mycobot_280_rdkx5/share/ament_index
creating /home/robotics/ros2_cobot/install/mycobot_280_rdkx5/share/ament_index/resource_index
creating /home/robotics/ros2_cobot/install/mycobot_280_rdkx5/share/ament_index/resource_index/packages
copying resource/mycobot_280_rdkx5 -> /home/robotics/ros2_cobot/install/mycobot_280_rdkx5/share/ament_index/resource_index/packages
copying package.xml -> /home/robotics/ros2_cobot/install/mycobot_280_rdkx5/share/mycobot_280_rdkx5
creating /home/robotics/ros2_cobot/install/mycobot_280_rdkx5/share/mycobot_280_rdkx5/launch
copying launch/slider_control.launch.py -> /home/robotics/ros2_cobot/install/mycobot_280_rdkx5/share/mycobot_280_rdkx5/launch
copying launch/mycobot_follow.launch.py -> /home/robotics/ros2_cobot/install/mycobot_280_rdkx5/share/mycobot_280_rdkx5/launch
copying launch/teleop_keyboard.launch.py -> /home/robotics/ros2_cobot/install/mycobot_280_rdkx5/share/mycobot_280_rdkx5/launch
copying launch/simple_gui.launch.py -> /home/robotics/ros2_cobot/install/mycobot_280_rdkx5/share/mycobot_280_rdkx5/launch
copying launch/test.launch.py -> /home/robotics/ros2_cobot/install/mycobot_280_rdkx5/share/mycobot_280_rdkx5/launch
creating /home/robotics/ros2_cobot/install/mycobot_280_rdkx5/share/mycobot_280_rdkx5/config
copying config/mycobot_280_rdkx5.rviz -> /home/robotics/ros2_cobot/install/mycobot_280_rdkx5/share/mycobot_280_rdkx5/config
running install_egg_info
Copying ../../../../build/mycobot_280_rdkx5/mycobot_280_rdkx5.egg-info to /home/robotics/ros2_cobot/install/mycobot_280_rdkx5/lib/python3.10/site-packages/mycobot_280_rdkx5-0.0.0-py3.10.egg-info
running install_scripts
Installing follow_display script to /home/robotics/ros2_cobot/install/mycobot_280_rdkx5/lib/mycobot_280_rdkx5
Installing listen_real script to /home/robotics/ros2_cobot/install/mycobot_280_rdkx5/lib/mycobot_280_rdkx5
Installing simple_gui script to /home/robotics/ros2_cobot/install/mycobot_280_rdkx5/lib/mycobot_280_rdkx5
Installing slider_control script to /home/robotics/ros2_cobot/install/mycobot_280_rdkx5/lib/mycobot_280_rdkx5
Installing teleop_keyboard script to /home/robotics/ros2_cobot/install/mycobot_280_rdkx5/lib/mycobot_280_rdkx5
writing list of installed files to '/home/robotics/ros2_cobot/build/mycobot_280_rdkx5/install.log'
