[2.670s] Invoking command in '/home/robotics/ros2_cobot/src/mycobot_ros2/mycobot_280/mycobot_280_x3pi': AMENT_PREFIX_PATH=/home/robotics/ros2_cobot/install/mycobot_description:/home/robotics/ros2_cobot/install/ultraarm:/home/robotics/ros2_cobot/install/traj_scripts:/home/robotics/ros2_cobot/install/mypalletizer_communication:/home/robotics/ros2_cobot/install/mypalletizer_interfaces:/home/robotics/ros2_cobot/install/mypalletizer_260_pi:/home/robotics/ros2_cobot/install/mypalletizer_260:/home/robotics/ros2_cobot/install/myarm_m750:/home/robotics/ros2_cobot/install/myarm_c650:/home/robotics/ros2_cobot/install/mycobot_communication:/home/robotics/ros2_cobot/install/mecharm_communication:/home/robotics/ros2_cobot/install/mycobot_interfaces:/home/robotics/ros2_cobot/install/mycobot_630:/home/robotics/ros2_cobot/install/mycobot_600:/home/robotics/ros2_cobot/install/mycobot_320pi:/home/robotics/ros2_cobot/install/mycobot_320_riscv:/home/robotics/ros2_cobot/install/mycobot_320:/home/robotics/ros2_cobot/install/mycobot_280rdkx5_moveit2:/home/robotics/ros2_cobot/install/mycobot_280pi:/home/robotics/ros2_cobot/install/mycobot_280jn:/home/robotics/ros2_cobot/install/mycobot_280arduino_moveit2:/home/robotics/ros2_cobot/install/mycobot_280_x3pi:/home/robotics/ros2_cobot/install/mycobot_280_riscv:/home/robotics/ros2_cobot/install/mycobot_280_rdkx5:/home/robotics/ros2_cobot/install/mycobot_280_moveit2_control:/home/robotics/ros2_cobot/install/mycobot_280_moveit2:/home/robotics/ros2_cobot/install/mycobot_280_arduino:/home/robotics/ros2_cobot/install/mycobot_280:/home/robotics/ros2_cobot/install/mybuddy:/home/robotics/ros2_cobot/install/myarm_300:/home/robotics/ros2_cobot/install/mecharm_pi:/home/robotics/ros2_cobot/install/mecharm:/home/robotics/ros2_cobot/install/mecharm_interfaces:/opt/ros/humble PYTHONPATH=/home/robotics/ros2_cobot/build/mycobot_280_x3pi/prefix_override:/usr/lib/python3/dist-packages/colcon_core/task/python/colcon_distutils_commands:/home/robotics/ros2_cobot/install/mycobot_280_x3pi/lib/python3.10/site-packages:/home/robotics/ros2_cobot/install/mycobot_description/lib/python3.10/site-packages:/home/robotics/ros2_cobot/install/ultraarm/lib/python3.10/site-packages:/home/robotics/ros2_cobot/install/traj_scripts/local/lib/python3.10/dist-packages:/home/robotics/ros2_cobot/install/mypalletizer_communication/lib/python3.10/site-packages:/home/robotics/ros2_cobot/install/mypalletizer_interfaces/local/lib/python3.10/dist-packages:/home/robotics/ros2_cobot/install/mypalletizer_260_pi/lib/python3.10/site-packages:/home/robotics/ros2_cobot/install/mypalletizer_260/lib/python3.10/site-packages:/home/robotics/ros2_cobot/install/myarm_m750/lib/python3.10/site-packages:/home/robotics/ros2_cobot/install/myarm_c650/lib/python3.10/site-packages:/home/robotics/ros2_cobot/install/mycobot_communication/lib/python3.10/site-packages:/home/robotics/ros2_cobot/install/mecharm_communication/lib/python3.10/site-packages:/home/robotics/ros2_cobot/install/mycobot_interfaces/local/lib/python3.10/dist-packages:/home/robotics/ros2_cobot/install/mycobot_630/lib/python3.10/site-packages:/home/robotics/ros2_cobot/install/mycobot_600/lib/python3.10/site-packages:/home/robotics/ros2_cobot/install/mycobot_320pi/lib/python3.10/site-packages:/home/robotics/ros2_cobot/install/mycobot_320_riscv/lib/python3.10/site-packages:/home/robotics/ros2_cobot/install/mycobot_320/lib/python3.10/site-packages:/home/robotics/ros2_cobot/install/mycobot_280pi/lib/python3.10/site-packages:/home/robotics/ros2_cobot/install/mycobot_280jn/lib/python3.10/site-packages:/home/robotics/ros2_cobot/install/mycobot_280_x3pi/lib/python3.10/site-packages:/home/robotics/ros2_cobot/install/mycobot_280_riscv/lib/python3.10/site-packages:/home/robotics/ros2_cobot/install/mycobot_280_rdkx5/lib/python3.10/site-packages:/home/robotics/ros2_cobot/install/mycobot_280_moveit2_control/lib/python3.10/site-packages:/home/robotics/ros2_cobot/install/mycobot_280_arduino/lib/python3.10/site-packages:/home/robotics/ros2_cobot/install/mycobot_280/lib/python3.10/site-packages:/home/robotics/ros2_cobot/install/mybuddy/lib/python3.10/site-packages:/home/robotics/ros2_cobot/install/myarm_300/lib/python3.10/site-packages:/home/robotics/ros2_cobot/install/mecharm_pi/lib/python3.10/site-packages:/home/robotics/ros2_cobot/install/mecharm/lib/python3.10/site-packages:/home/robotics/ros2_cobot/install/mecharm_interfaces/local/lib/python3.10/dist-packages:/opt/ros/humble/lib/python3.10/site-packages:/opt/ros/humble/local/lib/python3.10/dist-packages /usr/bin/python3 -W ignore:setup.py install is deprecated -W ignore:easy_install command is deprecated setup.py egg_info --egg-base ../../../../build/mycobot_280_x3pi build --build-base /home/robotics/ros2_cobot/build/mycobot_280_x3pi/build install --record /home/robotics/ros2_cobot/build/mycobot_280_x3pi/install.log --single-version-externally-managed install_data
[4.444s] running egg_info
[4.444s] creating ../../../../build/mycobot_280_x3pi/mycobot_280_x3pi.egg-info
[4.445s] writing ../../../../build/mycobot_280_x3pi/mycobot_280_x3pi.egg-info/PKG-INFO
[4.445s] writing dependency_links to ../../../../build/mycobot_280_x3pi/mycobot_280_x3pi.egg-info/dependency_links.txt
[4.445s] writing entry points to ../../../../build/mycobot_280_x3pi/mycobot_280_x3pi.egg-info/entry_points.txt
[4.445s] writing requirements to ../../../../build/mycobot_280_x3pi/mycobot_280_x3pi.egg-info/requires.txt
[4.445s] writing top-level names to ../../../../build/mycobot_280_x3pi/mycobot_280_x3pi.egg-info/top_level.txt
[4.445s] writing manifest file '../../../../build/mycobot_280_x3pi/mycobot_280_x3pi.egg-info/SOURCES.txt'
[4.445s] reading manifest file '../../../../build/mycobot_280_x3pi/mycobot_280_x3pi.egg-info/SOURCES.txt'
[4.445s] adding license file 'LICENSE'
[4.445s] writing manifest file '../../../../build/mycobot_280_x3pi/mycobot_280_x3pi.egg-info/SOURCES.txt'
[4.445s] running build
[4.445s] running build_py
[4.445s] creating /home/robotics/ros2_cobot/build/mycobot_280_x3pi/build
[4.445s] creating /home/robotics/ros2_cobot/build/mycobot_280_x3pi/build/lib
[4.445s] creating /home/robotics/ros2_cobot/build/mycobot_280_x3pi/build/lib/mycobot_280_x3pi
[4.445s] copying mycobot_280_x3pi/follow_and_pump.py -> /home/robotics/ros2_cobot/build/mycobot_280_x3pi/build/lib/mycobot_280_x3pi
[4.445s] copying mycobot_280_x3pi/follow_display.py -> /home/robotics/ros2_cobot/build/mycobot_280_x3pi/build/lib/mycobot_280_x3pi
[4.445s] copying mycobot_280_x3pi/camera_display.py -> /home/robotics/ros2_cobot/build/mycobot_280_x3pi/build/lib/mycobot_280_x3pi
[4.445s] copying mycobot_280_x3pi/listen_real_of_topic.py -> /home/robotics/ros2_cobot/build/mycobot_280_x3pi/build/lib/mycobot_280_x3pi
[4.445s] copying mycobot_280_x3pi/simple_gui.py -> /home/robotics/ros2_cobot/build/mycobot_280_x3pi/build/lib/mycobot_280_x3pi
[4.445s] copying mycobot_280_x3pi/slider_control.py -> /home/robotics/ros2_cobot/build/mycobot_280_x3pi/build/lib/mycobot_280_x3pi
[4.445s] copying mycobot_280_x3pi/opencv_camera.py -> /home/robotics/ros2_cobot/build/mycobot_280_x3pi/build/lib/mycobot_280_x3pi
[4.445s] copying mycobot_280_x3pi/detect_marker.py -> /home/robotics/ros2_cobot/build/mycobot_280_x3pi/build/lib/mycobot_280_x3pi
[4.446s] copying mycobot_280_x3pi/listen_real.py -> /home/robotics/ros2_cobot/build/mycobot_280_x3pi/build/lib/mycobot_280_x3pi
[4.446s] copying mycobot_280_x3pi/following_marker.py -> /home/robotics/ros2_cobot/build/mycobot_280_x3pi/build/lib/mycobot_280_x3pi
[4.446s] copying mycobot_280_x3pi/teleop_keyboard.py -> /home/robotics/ros2_cobot/build/mycobot_280_x3pi/build/lib/mycobot_280_x3pi
[4.446s] copying mycobot_280_x3pi/__init__.py -> /home/robotics/ros2_cobot/build/mycobot_280_x3pi/build/lib/mycobot_280_x3pi
[4.446s] running install
[4.446s] running install_lib
[4.446s] creating /home/robotics/ros2_cobot/install/mycobot_280_x3pi/lib/python3.10/site-packages/mycobot_280_x3pi
[4.446s] copying /home/robotics/ros2_cobot/build/mycobot_280_x3pi/build/lib/mycobot_280_x3pi/follow_and_pump.py -> /home/robotics/ros2_cobot/install/mycobot_280_x3pi/lib/python3.10/site-packages/mycobot_280_x3pi
[4.446s] copying /home/robotics/ros2_cobot/build/mycobot_280_x3pi/build/lib/mycobot_280_x3pi/follow_display.py -> /home/robotics/ros2_cobot/install/mycobot_280_x3pi/lib/python3.10/site-packages/mycobot_280_x3pi
[4.446s] copying /home/robotics/ros2_cobot/build/mycobot_280_x3pi/build/lib/mycobot_280_x3pi/camera_display.py -> /home/robotics/ros2_cobot/install/mycobot_280_x3pi/lib/python3.10/site-packages/mycobot_280_x3pi
[4.446s] copying /home/robotics/ros2_cobot/build/mycobot_280_x3pi/build/lib/mycobot_280_x3pi/listen_real_of_topic.py -> /home/robotics/ros2_cobot/install/mycobot_280_x3pi/lib/python3.10/site-packages/mycobot_280_x3pi
[4.446s] copying /home/robotics/ros2_cobot/build/mycobot_280_x3pi/build/lib/mycobot_280_x3pi/simple_gui.py -> /home/robotics/ros2_cobot/install/mycobot_280_x3pi/lib/python3.10/site-packages/mycobot_280_x3pi
[4.446s] copying /home/robotics/ros2_cobot/build/mycobot_280_x3pi/build/lib/mycobot_280_x3pi/slider_control.py -> /home/robotics/ros2_cobot/install/mycobot_280_x3pi/lib/python3.10/site-packages/mycobot_280_x3pi
[4.446s] copying /home/robotics/ros2_cobot/build/mycobot_280_x3pi/build/lib/mycobot_280_x3pi/opencv_camera.py -> /home/robotics/ros2_cobot/install/mycobot_280_x3pi/lib/python3.10/site-packages/mycobot_280_x3pi
[4.446s] copying /home/robotics/ros2_cobot/build/mycobot_280_x3pi/build/lib/mycobot_280_x3pi/detect_marker.py -> /home/robotics/ros2_cobot/install/mycobot_280_x3pi/lib/python3.10/site-packages/mycobot_280_x3pi
[4.446s] copying /home/robotics/ros2_cobot/build/mycobot_280_x3pi/build/lib/mycobot_280_x3pi/listen_real.py -> /home/robotics/ros2_cobot/install/mycobot_280_x3pi/lib/python3.10/site-packages/mycobot_280_x3pi
[4.446s] copying /home/robotics/ros2_cobot/build/mycobot_280_x3pi/build/lib/mycobot_280_x3pi/following_marker.py -> /home/robotics/ros2_cobot/install/mycobot_280_x3pi/lib/python3.10/site-packages/mycobot_280_x3pi
[4.446s] copying /home/robotics/ros2_cobot/build/mycobot_280_x3pi/build/lib/mycobot_280_x3pi/teleop_keyboard.py -> /home/robotics/ros2_cobot/install/mycobot_280_x3pi/lib/python3.10/site-packages/mycobot_280_x3pi
[4.446s] copying /home/robotics/ros2_cobot/build/mycobot_280_x3pi/build/lib/mycobot_280_x3pi/__init__.py -> /home/robotics/ros2_cobot/install/mycobot_280_x3pi/lib/python3.10/site-packages/mycobot_280_x3pi
[4.446s] byte-compiling /home/robotics/ros2_cobot/install/mycobot_280_x3pi/lib/python3.10/site-packages/mycobot_280_x3pi/follow_and_pump.py to follow_and_pump.cpython-310.pyc
[4.446s] byte-compiling /home/robotics/ros2_cobot/install/mycobot_280_x3pi/lib/python3.10/site-packages/mycobot_280_x3pi/follow_display.py to follow_display.cpython-310.pyc
[4.446s] byte-compiling /home/robotics/ros2_cobot/install/mycobot_280_x3pi/lib/python3.10/site-packages/mycobot_280_x3pi/camera_display.py to camera_display.cpython-310.pyc
[4.447s] byte-compiling /home/robotics/ros2_cobot/install/mycobot_280_x3pi/lib/python3.10/site-packages/mycobot_280_x3pi/listen_real_of_topic.py to listen_real_of_topic.cpython-310.pyc
[4.447s] byte-compiling /home/robotics/ros2_cobot/install/mycobot_280_x3pi/lib/python3.10/site-packages/mycobot_280_x3pi/simple_gui.py to simple_gui.cpython-310.pyc
[4.447s] byte-compiling /home/robotics/ros2_cobot/install/mycobot_280_x3pi/lib/python3.10/site-packages/mycobot_280_x3pi/slider_control.py to slider_control.cpython-310.pyc
[4.447s] byte-compiling /home/robotics/ros2_cobot/install/mycobot_280_x3pi/lib/python3.10/site-packages/mycobot_280_x3pi/opencv_camera.py to opencv_camera.cpython-310.pyc
[4.447s] byte-compiling /home/robotics/ros2_cobot/install/mycobot_280_x3pi/lib/python3.10/site-packages/mycobot_280_x3pi/detect_marker.py to detect_marker.cpython-310.pyc
[4.447s] byte-compiling /home/robotics/ros2_cobot/install/mycobot_280_x3pi/lib/python3.10/site-packages/mycobot_280_x3pi/listen_real.py to listen_real.cpython-310.pyc
[4.447s] byte-compiling /home/robotics/ros2_cobot/install/mycobot_280_x3pi/lib/python3.10/site-packages/mycobot_280_x3pi/following_marker.py to following_marker.cpython-310.pyc
[4.447s] byte-compiling /home/robotics/ros2_cobot/install/mycobot_280_x3pi/lib/python3.10/site-packages/mycobot_280_x3pi/teleop_keyboard.py to teleop_keyboard.cpython-310.pyc
[4.447s] byte-compiling /home/robotics/ros2_cobot/install/mycobot_280_x3pi/lib/python3.10/site-packages/mycobot_280_x3pi/__init__.py to __init__.cpython-310.pyc
[4.447s] running install_data
[4.447s] creating /home/robotics/ros2_cobot/install/mycobot_280_x3pi/share/ament_index
[4.447s] creating /home/robotics/ros2_cobot/install/mycobot_280_x3pi/share/ament_index/resource_index
[4.447s] creating /home/robotics/ros2_cobot/install/mycobot_280_x3pi/share/ament_index/resource_index/packages
[4.447s] copying resource/mycobot_280_x3pi -> /home/robotics/ros2_cobot/install/mycobot_280_x3pi/share/ament_index/resource_index/packages
[4.447s] copying package.xml -> /home/robotics/ros2_cobot/install/mycobot_280_x3pi/share/mycobot_280_x3pi
[4.447s] creating /home/robotics/ros2_cobot/install/mycobot_280_x3pi/share/mycobot_280_x3pi/launch
[4.447s] copying launch/slider_control.launch.py -> /home/robotics/ros2_cobot/install/mycobot_280_x3pi/share/mycobot_280_x3pi/launch
[4.447s] copying launch/mycobot_follow.launch.py -> /home/robotics/ros2_cobot/install/mycobot_280_x3pi/share/mycobot_280_x3pi/launch
[4.465s] copying launch/detect_marker_with_topic.launch.py -> /home/robotics/ros2_cobot/install/mycobot_280_x3pi/share/mycobot_280_x3pi/launch
[4.466s] copying launch/teleop_keyboard.launch.py -> /home/robotics/ros2_cobot/install/mycobot_280_x3pi/share/mycobot_280_x3pi/launch
[4.466s] copying launch/detect_marker.launch.py -> /home/robotics/ros2_cobot/install/mycobot_280_x3pi/share/mycobot_280_x3pi/launch
[4.466s] copying launch/simple_gui.launch.py -> /home/robotics/ros2_cobot/install/mycobot_280_x3pi/share/mycobot_280_x3pi/launch
[4.466s] copying launch/test.launch.py -> /home/robotics/ros2_cobot/install/mycobot_280_x3pi/share/mycobot_280_x3pi/launch
[4.466s] creating /home/robotics/ros2_cobot/install/mycobot_280_x3pi/share/mycobot_280_x3pi/config
[4.466s] copying config/mycobot_with_marker.rviz -> /home/robotics/ros2_cobot/install/mycobot_280_x3pi/share/mycobot_280_x3pi/config
[4.466s] copying config/mycobot_x3pi.rviz -> /home/robotics/ros2_cobot/install/mycobot_280_x3pi/share/mycobot_280_x3pi/config
[4.466s] running install_egg_info
[4.466s] Copying ../../../../build/mycobot_280_x3pi/mycobot_280_x3pi.egg-info to /home/robotics/ros2_cobot/install/mycobot_280_x3pi/lib/python3.10/site-packages/mycobot_280_x3pi-0.0.0-py3.10.egg-info
[4.466s] running install_scripts
[4.466s] Installing camera_display script to /home/robotics/ros2_cobot/install/mycobot_280_x3pi/lib/mycobot_280_x3pi
[4.466s] Installing detect_marker script to /home/robotics/ros2_cobot/install/mycobot_280_x3pi/lib/mycobot_280_x3pi
[4.466s] Installing follow_display script to /home/robotics/ros2_cobot/install/mycobot_280_x3pi/lib/mycobot_280_x3pi
[4.466s] Installing following_marker script to /home/robotics/ros2_cobot/install/mycobot_280_x3pi/lib/mycobot_280_x3pi
[4.466s] Installing listen_real script to /home/robotics/ros2_cobot/install/mycobot_280_x3pi/lib/mycobot_280_x3pi
[4.466s] Installing listen_real_of_topic script to /home/robotics/ros2_cobot/install/mycobot_280_x3pi/lib/mycobot_280_x3pi
[4.466s] Installing opencv_camera script to /home/robotics/ros2_cobot/install/mycobot_280_x3pi/lib/mycobot_280_x3pi
[4.466s] Installing simple_gui script to /home/robotics/ros2_cobot/install/mycobot_280_x3pi/lib/mycobot_280_x3pi
[4.466s] Installing slider_control script to /home/robotics/ros2_cobot/install/mycobot_280_x3pi/lib/mycobot_280_x3pi
[4.466s] Installing teleop_keyboard script to /home/robotics/ros2_cobot/install/mycobot_280_x3pi/lib/mycobot_280_x3pi
[4.466s] writing list of installed files to '/home/robotics/ros2_cobot/build/mycobot_280_x3pi/install.log'
[4.553s] Invoked command in '/home/robotics/ros2_cobot/src/mycobot_ros2/mycobot_280/mycobot_280_x3pi' returned '0': AMENT_PREFIX_PATH=/home/robotics/ros2_cobot/install/mycobot_description:/home/robotics/ros2_cobot/install/ultraarm:/home/robotics/ros2_cobot/install/traj_scripts:/home/robotics/ros2_cobot/install/mypalletizer_communication:/home/robotics/ros2_cobot/install/mypalletizer_interfaces:/home/robotics/ros2_cobot/install/mypalletizer_260_pi:/home/robotics/ros2_cobot/install/mypalletizer_260:/home/robotics/ros2_cobot/install/myarm_m750:/home/robotics/ros2_cobot/install/myarm_c650:/home/robotics/ros2_cobot/install/mycobot_communication:/home/robotics/ros2_cobot/install/mecharm_communication:/home/robotics/ros2_cobot/install/mycobot_interfaces:/home/robotics/ros2_cobot/install/mycobot_630:/home/robotics/ros2_cobot/install/mycobot_600:/home/robotics/ros2_cobot/install/mycobot_320pi:/home/robotics/ros2_cobot/install/mycobot_320_riscv:/home/robotics/ros2_cobot/install/mycobot_320:/home/robotics/ros2_cobot/install/mycobot_280rdkx5_moveit2:/home/robotics/ros2_cobot/install/mycobot_280pi:/home/robotics/ros2_cobot/install/mycobot_280jn:/home/robotics/ros2_cobot/install/mycobot_280arduino_moveit2:/home/robotics/ros2_cobot/install/mycobot_280_x3pi:/home/robotics/ros2_cobot/install/mycobot_280_riscv:/home/robotics/ros2_cobot/install/mycobot_280_rdkx5:/home/robotics/ros2_cobot/install/mycobot_280_moveit2_control:/home/robotics/ros2_cobot/install/mycobot_280_moveit2:/home/robotics/ros2_cobot/install/mycobot_280_arduino:/home/robotics/ros2_cobot/install/mycobot_280:/home/robotics/ros2_cobot/install/mybuddy:/home/robotics/ros2_cobot/install/myarm_300:/home/robotics/ros2_cobot/install/mecharm_pi:/home/robotics/ros2_cobot/install/mecharm:/home/robotics/ros2_cobot/install/mecharm_interfaces:/opt/ros/humble PYTHONPATH=/home/robotics/ros2_cobot/build/mycobot_280_x3pi/prefix_override:/usr/lib/python3/dist-packages/colcon_core/task/python/colcon_distutils_commands:/home/robotics/ros2_cobot/install/mycobot_280_x3pi/lib/python3.10/site-packages:/home/robotics/ros2_cobot/install/mycobot_description/lib/python3.10/site-packages:/home/robotics/ros2_cobot/install/ultraarm/lib/python3.10/site-packages:/home/robotics/ros2_cobot/install/traj_scripts/local/lib/python3.10/dist-packages:/home/robotics/ros2_cobot/install/mypalletizer_communication/lib/python3.10/site-packages:/home/robotics/ros2_cobot/install/mypalletizer_interfaces/local/lib/python3.10/dist-packages:/home/robotics/ros2_cobot/install/mypalletizer_260_pi/lib/python3.10/site-packages:/home/robotics/ros2_cobot/install/mypalletizer_260/lib/python3.10/site-packages:/home/robotics/ros2_cobot/install/myarm_m750/lib/python3.10/site-packages:/home/robotics/ros2_cobot/install/myarm_c650/lib/python3.10/site-packages:/home/robotics/ros2_cobot/install/mycobot_communication/lib/python3.10/site-packages:/home/robotics/ros2_cobot/install/mecharm_communication/lib/python3.10/site-packages:/home/robotics/ros2_cobot/install/mycobot_interfaces/local/lib/python3.10/dist-packages:/home/robotics/ros2_cobot/install/mycobot_630/lib/python3.10/site-packages:/home/robotics/ros2_cobot/install/mycobot_600/lib/python3.10/site-packages:/home/robotics/ros2_cobot/install/mycobot_320pi/lib/python3.10/site-packages:/home/robotics/ros2_cobot/install/mycobot_320_riscv/lib/python3.10/site-packages:/home/robotics/ros2_cobot/install/mycobot_320/lib/python3.10/site-packages:/home/robotics/ros2_cobot/install/mycobot_280pi/lib/python3.10/site-packages:/home/robotics/ros2_cobot/install/mycobot_280jn/lib/python3.10/site-packages:/home/robotics/ros2_cobot/install/mycobot_280_x3pi/lib/python3.10/site-packages:/home/robotics/ros2_cobot/install/mycobot_280_riscv/lib/python3.10/site-packages:/home/robotics/ros2_cobot/install/mycobot_280_rdkx5/lib/python3.10/site-packages:/home/robotics/ros2_cobot/install/mycobot_280_moveit2_control/lib/python3.10/site-packages:/home/robotics/ros2_cobot/install/mycobot_280_arduino/lib/python3.10/site-packages:/home/robotics/ros2_cobot/install/mycobot_280/lib/python3.10/site-packages:/home/robotics/ros2_cobot/install/mybuddy/lib/python3.10/site-packages:/home/robotics/ros2_cobot/install/myarm_300/lib/python3.10/site-packages:/home/robotics/ros2_cobot/install/mecharm_pi/lib/python3.10/site-packages:/home/robotics/ros2_cobot/install/mecharm/lib/python3.10/site-packages:/home/robotics/ros2_cobot/install/mecharm_interfaces/local/lib/python3.10/dist-packages:/opt/ros/humble/lib/python3.10/site-packages:/opt/ros/humble/local/lib/python3.10/dist-packages /usr/bin/python3 -W ignore:setup.py install is deprecated -W ignore:easy_install command is deprecated setup.py egg_info --egg-base ../../../../build/mycobot_280_x3pi build --build-base /home/robotics/ros2_cobot/build/mycobot_280_x3pi/build install --record /home/robotics/ros2_cobot/build/mycobot_280_x3pi/install.log --single-version-externally-managed install_data
