running egg_info
writing ../../../../build/mycobot_280_arduino/mycobot_280_arduino.egg-info/PKG-INFO
writing dependency_links to ../../../../build/mycobot_280_arduino/mycobot_280_arduino.egg-info/dependency_links.txt
writing entry points to ../../../../build/mycobot_280_arduino/mycobot_280_arduino.egg-info/entry_points.txt
writing requirements to ../../../../build/mycobot_280_arduino/mycobot_280_arduino.egg-info/requires.txt
writing top-level names to ../../../../build/mycobot_280_arduino/mycobot_280_arduino.egg-info/top_level.txt
reading manifest file '../../../../build/mycobot_280_arduino/mycobot_280_arduino.egg-info/SOURCES.txt'
adding license file 'LICENSE'
writing manifest file '../../../../build/mycobot_280_arduino/mycobot_280_arduino.egg-info/SOURCES.txt'
running build
running build_py
running install
running install_lib
running install_data
running install_egg_info
removing '/home/robotics/ros2_cobot/install/mycobot_280_arduino/lib/python3.10/site-packages/mycobot_280_arduino-0.0.0-py3.10.egg-info' (and everything under it)
Copying ../../../../build/mycobot_280_arduino/mycobot_280_arduino.egg-info to /home/robotics/ros2_cobot/install/mycobot_280_arduino/lib/python3.10/site-packages/mycobot_280_arduino-0.0.0-py3.10.egg-info
running install_scripts
Installing camera_display script to /home/robotics/ros2_cobot/install/mycobot_280_arduino/lib/mycobot_280_arduino
Installing detect_marker script to /home/robotics/ros2_cobot/install/mycobot_280_arduino/lib/mycobot_280_arduino
Installing follow_display script to /home/robotics/ros2_cobot/install/mycobot_280_arduino/lib/mycobot_280_arduino
Installing following_marker script to /home/robotics/ros2_cobot/install/mycobot_280_arduino/lib/mycobot_280_arduino
Installing listen_real script to /home/robotics/ros2_cobot/install/mycobot_280_arduino/lib/mycobot_280_arduino
Installing listen_real_of_topic script to /home/robotics/ros2_cobot/install/mycobot_280_arduino/lib/mycobot_280_arduino
Installing opencv_camera script to /home/robotics/ros2_cobot/install/mycobot_280_arduino/lib/mycobot_280_arduino
Installing simple_gui script to /home/robotics/ros2_cobot/install/mycobot_280_arduino/lib/mycobot_280_arduino
Installing slider_control script to /home/robotics/ros2_cobot/install/mycobot_280_arduino/lib/mycobot_280_arduino
Installing teleop_keyboard script to /home/robotics/ros2_cobot/install/mycobot_280_arduino/lib/mycobot_280_arduino
writing list of installed files to '/home/robotics/ros2_cobot/build/mycobot_280_arduino/install.log'
