/home/robotics/ros2_cobot/install/mycobot_320/lib/python3.10/site-packages/mycobot_320/follow_display.py
/home/robotics/ros2_cobot/install/mycobot_320/lib/python3.10/site-packages/mycobot_320/listen_real_of_topic.py
/home/robotics/ros2_cobot/install/mycobot_320/lib/python3.10/site-packages/mycobot_320/simple_gui.py
/home/robotics/ros2_cobot/install/mycobot_320/lib/python3.10/site-packages/mycobot_320/slider_control.py
/home/robotics/ros2_cobot/install/mycobot_320/lib/python3.10/site-packages/mycobot_320/listen_real.py
/home/robotics/ros2_cobot/install/mycobot_320/lib/python3.10/site-packages/mycobot_320/teleop_keyboard.py
/home/robotics/ros2_cobot/install/mycobot_320/lib/python3.10/site-packages/mycobot_320/__init__.py
/home/robotics/ros2_cobot/install/mycobot_320/lib/python3.10/site-packages/mycobot_320/__pycache__/follow_display.cpython-310.pyc
/home/robotics/ros2_cobot/install/mycobot_320/lib/python3.10/site-packages/mycobot_320/__pycache__/listen_real_of_topic.cpython-310.pyc
/home/robotics/ros2_cobot/install/mycobot_320/lib/python3.10/site-packages/mycobot_320/__pycache__/simple_gui.cpython-310.pyc
/home/robotics/ros2_cobot/install/mycobot_320/lib/python3.10/site-packages/mycobot_320/__pycache__/slider_control.cpython-310.pyc
/home/robotics/ros2_cobot/install/mycobot_320/lib/python3.10/site-packages/mycobot_320/__pycache__/listen_real.cpython-310.pyc
/home/robotics/ros2_cobot/install/mycobot_320/lib/python3.10/site-packages/mycobot_320/__pycache__/teleop_keyboard.cpython-310.pyc
/home/robotics/ros2_cobot/install/mycobot_320/lib/python3.10/site-packages/mycobot_320/__pycache__/__init__.cpython-310.pyc
/home/robotics/ros2_cobot/install/mycobot_320/share/ament_index/resource_index/packages/mycobot_320
/home/robotics/ros2_cobot/install/mycobot_320/share/mycobot_320/package.xml
/home/robotics/ros2_cobot/install/mycobot_320/share/mycobot_320/launch/slider_control.launch.py
/home/robotics/ros2_cobot/install/mycobot_320/share/mycobot_320/launch/mycobot_follow.launch.py
/home/robotics/ros2_cobot/install/mycobot_320/share/mycobot_320/launch/teleop_keyboard.launch.py
/home/robotics/ros2_cobot/install/mycobot_320/share/mycobot_320/launch/simple_gui.launch.py
/home/robotics/ros2_cobot/install/mycobot_320/share/mycobot_320/launch/test.launch.py
/home/robotics/ros2_cobot/install/mycobot_320/share/mycobot_320/config/mycobot_pro_320.rviz
/home/robotics/ros2_cobot/install/mycobot_320/lib/python3.10/site-packages/mycobot_320-0.0.0-py3.10.egg-info/entry_points.txt
/home/robotics/ros2_cobot/install/mycobot_320/lib/python3.10/site-packages/mycobot_320-0.0.0-py3.10.egg-info/dependency_links.txt
/home/robotics/ros2_cobot/install/mycobot_320/lib/python3.10/site-packages/mycobot_320-0.0.0-py3.10.egg-info/top_level.txt
/home/robotics/ros2_cobot/install/mycobot_320/lib/python3.10/site-packages/mycobot_320-0.0.0-py3.10.egg-info/zip-safe
/home/robotics/ros2_cobot/install/mycobot_320/lib/python3.10/site-packages/mycobot_320-0.0.0-py3.10.egg-info/requires.txt
/home/robotics/ros2_cobot/install/mycobot_320/lib/python3.10/site-packages/mycobot_320-0.0.0-py3.10.egg-info/SOURCES.txt
/home/robotics/ros2_cobot/install/mycobot_320/lib/python3.10/site-packages/mycobot_320-0.0.0-py3.10.egg-info/PKG-INFO
/home/robotics/ros2_cobot/install/mycobot_320/lib/mycobot_320/follow_display
/home/robotics/ros2_cobot/install/mycobot_320/lib/mycobot_320/listen_real
/home/robotics/ros2_cobot/install/mycobot_320/lib/mycobot_320/listen_real_of_topic
/home/robotics/ros2_cobot/install/mycobot_320/lib/mycobot_320/simple_gui
/home/robotics/ros2_cobot/install/mycobot_320/lib/mycobot_320/slider_control
/home/robotics/ros2_cobot/install/mycobot_320/lib/mycobot_320/teleop_keyboard
