[0.216s] Invoking command in '/home/robotics/ros2_cobot/build/traj_scripts': CMAKE_PREFIX_PATH=${CMAKE_PREFIX_PATH}:/home/robotics/ros2_cobot/install/ultraarm:/home/robotics/ros2_cobot/install/mypalletizer_communication:/home/robotics/ros2_cobot/install/mypalletizer_260_pi:/home/robotics/ros2_cobot/install/mypalletizer_260:/home/robotics/ros2_cobot/install/myarm_m750:/home/robotics/ros2_cobot/install/myarm_c650:/home/robotics/ros2_cobot/install/mycobot_communication:/home/robotics/ros2_cobot/install/mecharm_communication:/home/robotics/ros2_cobot/install/mycobot_630:/home/robotics/ros2_cobot/install/mycobot_600:/home/robotics/ros2_cobot/install/mycobot_320pi:/home/robotics/ros2_cobot/install/mycobot_320_riscv:/home/robotics/ros2_cobot/install/mycobot_320:/home/robotics/ros2_cobot/install/mycobot_280pi:/home/robotics/ros2_cobot/install/mycobot_280jn:/home/robotics/ros2_cobot/install/mycobot_280_x3pi:/home/robotics/ros2_cobot/install/mycobot_280_riscv:/home/robotics/ros2_cobot/install/mycobot_280_rdkx5:/home/robotics/ros2_cobot/install/mycobot_280_moveit2_control:/home/robotics/ros2_cobot/install/mycobot_280_arduino:/home/robotics/ros2_cobot/install/mycobot_280:/home/robotics/ros2_cobot/install/mybuddy:/home/robotics/ros2_cobot/install/myarm_300:/home/robotics/ros2_cobot/install/mecharm_pi:/home/robotics/ros2_cobot/install/mecharm:/home/robotics/ros2_cobot/install/mycobot_description:/opt/ros/humble /usr/bin/cmake --build /home/robotics/ros2_cobot/build/traj_scripts -- -j16 -l16
[0.251s] -- Found ament_cmake: 1.3.11 (/opt/ros/humble/share/ament_cmake/cmake)
[0.431s] -- Found rclcpp: 16.0.12 (/opt/ros/humble/share/rclcpp/cmake)
[0.455s] -- Found rosidl_generator_c: 3.1.6 (/opt/ros/humble/share/rosidl_generator_c/cmake)
[0.457s] -- Found rosidl_adapter: 3.1.6 (/opt/ros/humble/share/rosidl_adapter/cmake)
[0.462s] -- Found rosidl_generator_cpp: 3.1.6 (/opt/ros/humble/share/rosidl_generator_cpp/cmake)
[0.469s] -- Using all available rosidl_typesupport_c: rosidl_typesupport_fastrtps_c;rosidl_typesupport_introspection_c
[0.479s] -- Using all available rosidl_typesupport_cpp: rosidl_typesupport_fastrtps_cpp;rosidl_typesupport_introspection_cpp
[0.505s] -- Found rmw_implementation_cmake: 6.1.2 (/opt/ros/humble/share/rmw_implementation_cmake/cmake)
[0.508s] -- Found rmw_fastrtps_cpp: 6.2.7 (/opt/ros/humble/share/rmw_fastrtps_cpp/cmake)
[0.628s] -- Using RMW implementation 'rmw_fastrtps_cpp' as default
[0.666s] -- Found rclpy: 3.3.16 (/opt/ros/humble/share/rclpy/cmake)
[0.666s] -- Found moveit_ros_planning_interface: 2.5.9 (/opt/ros/humble/share/moveit_ros_planning_interface/cmake)
[0.682s] -- Found Boost: /usr/lib/x86_64-linux-gnu/cmake/Boost-1.74.0/BoostConfig.cmake (found version "1.74.0") found components: date_time filesystem program_options system thread 
[0.841s] -- Found Boost: /usr/lib/x86_64-linux-gnu/cmake/Boost-1.74.0/BoostConfig.cmake (found version "1.74.0") found components: chrono date_time filesystem iostreams program_options regex serialization system thread 
[0.871s] -- Found parameter_traits: 0.4.0 (/opt/ros/humble/share/parameter_traits/cmake)
[0.878s] -- Found rclcpp_lifecycle: 16.0.12 (/opt/ros/humble/share/rclcpp_lifecycle/cmake)
[0.898s] -- Found Boost: /usr/lib/x86_64-linux-gnu/cmake/Boost-1.74.0/BoostConfig.cmake (found version "1.74.0") found components: filesystem 
[0.935s] -- library: /usr/lib/x86_64-linux-gnu/libcurl.so
[0.957s] -- Ensuring Eigen3 include directory is part of orocos-kdl CMake target
[1.043s] -- Found Boost: /usr/lib/x86_64-linux-gnu/cmake/Boost-1.74.0/BoostConfig.cmake (found version "1.74.0") found components: system filesystem date_time program_options thread chrono 
[1.063s] -- Found Boost: /usr/lib/x86_64-linux-gnu/cmake/Boost-1.74.0/BoostConfig.cmake (found version "1.74.0") found components: thread system filesystem regex date_time program_options 
[1.076s] -- Found Boost: /usr/lib/x86_64-linux-gnu/cmake/Boost-1.74.0/BoostConfig.cmake (found version "1.74.0") found components: system filesystem date_time program_options thread 
[1.226s] -- Configuring done
[1.264s] -- Generating done
[1.277s] -- Build files have been written to: /home/robotics/ros2_cobot/build/traj_scripts
[1.307s] [35m[1mConsolidate compiler generated dependencies of target cpp__executable[0m
[1.314s] [ 25%] [32mBuilding CXX object CMakeFiles/cpp__executable2.dir/src/plan.cpp.o[0m
[1.325s] [ 25%] Built target ament_cmake_python_copy_traj_scripts
[1.359s] [ 75%] Built target cpp__executable
[1.536s] running egg_info
[1.536s] writing traj_scripts.egg-info/PKG-INFO
[1.536s] writing dependency_links to traj_scripts.egg-info/dependency_links.txt
[1.536s] writing top-level names to traj_scripts.egg-info/top_level.txt
[1.538s] reading manifest file 'traj_scripts.egg-info/SOURCES.txt'
[1.538s] writing manifest file 'traj_scripts.egg-info/SOURCES.txt'
[1.567s] [ 75%] Built target ament_cmake_python_build_traj_scripts_egg
[11.319s] [100%] [32m[1mLinking CXX executable cpp__executable2[0m
[11.800s] [100%] Built target cpp__executable2
[11.811s] Invoked command in '/home/robotics/ros2_cobot/build/traj_scripts' returned '0': CMAKE_PREFIX_PATH=${CMAKE_PREFIX_PATH}:/home/robotics/ros2_cobot/install/ultraarm:/home/robotics/ros2_cobot/install/mypalletizer_communication:/home/robotics/ros2_cobot/install/mypalletizer_260_pi:/home/robotics/ros2_cobot/install/mypalletizer_260:/home/robotics/ros2_cobot/install/myarm_m750:/home/robotics/ros2_cobot/install/myarm_c650:/home/robotics/ros2_cobot/install/mycobot_communication:/home/robotics/ros2_cobot/install/mecharm_communication:/home/robotics/ros2_cobot/install/mycobot_630:/home/robotics/ros2_cobot/install/mycobot_600:/home/robotics/ros2_cobot/install/mycobot_320pi:/home/robotics/ros2_cobot/install/mycobot_320_riscv:/home/robotics/ros2_cobot/install/mycobot_320:/home/robotics/ros2_cobot/install/mycobot_280pi:/home/robotics/ros2_cobot/install/mycobot_280jn:/home/robotics/ros2_cobot/install/mycobot_280_x3pi:/home/robotics/ros2_cobot/install/mycobot_280_riscv:/home/robotics/ros2_cobot/install/mycobot_280_rdkx5:/home/robotics/ros2_cobot/install/mycobot_280_moveit2_control:/home/robotics/ros2_cobot/install/mycobot_280_arduino:/home/robotics/ros2_cobot/install/mycobot_280:/home/robotics/ros2_cobot/install/mybuddy:/home/robotics/ros2_cobot/install/myarm_300:/home/robotics/ros2_cobot/install/mecharm_pi:/home/robotics/ros2_cobot/install/mecharm:/home/robotics/ros2_cobot/install/mycobot_description:/opt/ros/humble /usr/bin/cmake --build /home/robotics/ros2_cobot/build/traj_scripts -- -j16 -l16
[11.813s] Invoking command in '/home/robotics/ros2_cobot/build/traj_scripts': CMAKE_PREFIX_PATH=${CMAKE_PREFIX_PATH}:/home/robotics/ros2_cobot/install/ultraarm:/home/robotics/ros2_cobot/install/mypalletizer_communication:/home/robotics/ros2_cobot/install/mypalletizer_260_pi:/home/robotics/ros2_cobot/install/mypalletizer_260:/home/robotics/ros2_cobot/install/myarm_m750:/home/robotics/ros2_cobot/install/myarm_c650:/home/robotics/ros2_cobot/install/mycobot_communication:/home/robotics/ros2_cobot/install/mecharm_communication:/home/robotics/ros2_cobot/install/mycobot_630:/home/robotics/ros2_cobot/install/mycobot_600:/home/robotics/ros2_cobot/install/mycobot_320pi:/home/robotics/ros2_cobot/install/mycobot_320_riscv:/home/robotics/ros2_cobot/install/mycobot_320:/home/robotics/ros2_cobot/install/mycobot_280pi:/home/robotics/ros2_cobot/install/mycobot_280jn:/home/robotics/ros2_cobot/install/mycobot_280_x3pi:/home/robotics/ros2_cobot/install/mycobot_280_riscv:/home/robotics/ros2_cobot/install/mycobot_280_rdkx5:/home/robotics/ros2_cobot/install/mycobot_280_moveit2_control:/home/robotics/ros2_cobot/install/mycobot_280_arduino:/home/robotics/ros2_cobot/install/mycobot_280:/home/robotics/ros2_cobot/install/mybuddy:/home/robotics/ros2_cobot/install/myarm_300:/home/robotics/ros2_cobot/install/mecharm_pi:/home/robotics/ros2_cobot/install/mecharm:/home/robotics/ros2_cobot/install/mycobot_description:/opt/ros/humble /usr/bin/cmake --install /home/robotics/ros2_cobot/build/traj_scripts
[11.818s] -- Install configuration: ""
[11.819s] -- Up-to-date: /home/robotics/ros2_cobot/install/traj_scripts/lib/traj_scripts/cpp__executable
[11.819s] -- Installing: /home/robotics/ros2_cobot/install/traj_scripts/lib/traj_scripts/cpp__executable2
[11.824s] -- Set runtime path of "/home/robotics/ros2_cobot/install/traj_scripts/lib/traj_scripts/cpp__executable2" to ""
[11.824s] -- Up-to-date: /home/robotics/ros2_cobot/install/traj_scripts/share/traj_scripts/launch
[11.824s] -- Up-to-date: /home/robotics/ros2_cobot/install/traj_scripts/share/traj_scripts/launch/traj_scripts.launch.py
[11.824s] -- Up-to-date: /home/robotics/ros2_cobot/install/traj_scripts/share/traj_scripts/launch/__pycache__
[11.824s] -- Installing: /home/robotics/ros2_cobot/install/traj_scripts/share/traj_scripts/launch/__pycache__/traj_scripts.launch.cpython-310.pyc
[11.824s] -- Up-to-date: /home/robotics/ros2_cobot/install/traj_scripts/share/traj_scripts/environment/pythonpath.sh
[11.824s] -- Installing: /home/robotics/ros2_cobot/install/traj_scripts/share/traj_scripts/environment/pythonpath.dsv
[11.824s] -- Up-to-date: /home/robotics/ros2_cobot/install/traj_scripts/local/lib/python3.10/dist-packages/traj_scripts-0.1.0-py3.10.egg-info
[11.824s] -- Installing: /home/robotics/ros2_cobot/install/traj_scripts/local/lib/python3.10/dist-packages/traj_scripts-0.1.0-py3.10.egg-info/dependency_links.txt
[11.824s] -- Installing: /home/robotics/ros2_cobot/install/traj_scripts/local/lib/python3.10/dist-packages/traj_scripts-0.1.0-py3.10.egg-info/top_level.txt
[11.824s] -- Installing: /home/robotics/ros2_cobot/install/traj_scripts/local/lib/python3.10/dist-packages/traj_scripts-0.1.0-py3.10.egg-info/SOURCES.txt
[11.824s] -- Installing: /home/robotics/ros2_cobot/install/traj_scripts/local/lib/python3.10/dist-packages/traj_scripts-0.1.0-py3.10.egg-info/PKG-INFO
[11.824s] -- Up-to-date: /home/robotics/ros2_cobot/install/traj_scripts/local/lib/python3.10/dist-packages/traj_scripts
[11.825s] -- Up-to-date: /home/robotics/ros2_cobot/install/traj_scripts/local/lib/python3.10/dist-packages/traj_scripts/__init__.py
[11.854s] Listing '/home/robotics/ros2_cobot/install/traj_scripts/local/lib/python3.10/dist-packages/traj_scripts'...
[11.857s] -- Up-to-date: /home/robotics/ros2_cobot/install/traj_scripts/lib/traj_scripts/ghost.py
[11.858s] -- Installing: /home/robotics/ros2_cobot/install/traj_scripts/share/ament_index/resource_index/package_run_dependencies/traj_scripts
[11.858s] -- Up-to-date: /home/robotics/ros2_cobot/install/traj_scripts/share/ament_index/resource_index/parent_prefix_path/traj_scripts
[11.858s] -- Up-to-date: /home/robotics/ros2_cobot/install/traj_scripts/share/traj_scripts/environment/ament_prefix_path.sh
[11.858s] -- Installing: /home/robotics/ros2_cobot/install/traj_scripts/share/traj_scripts/environment/ament_prefix_path.dsv
[11.858s] -- Up-to-date: /home/robotics/ros2_cobot/install/traj_scripts/share/traj_scripts/environment/path.sh
[11.858s] -- Installing: /home/robotics/ros2_cobot/install/traj_scripts/share/traj_scripts/environment/path.dsv
[11.858s] -- Up-to-date: /home/robotics/ros2_cobot/install/traj_scripts/share/traj_scripts/local_setup.bash
[11.858s] -- Up-to-date: /home/robotics/ros2_cobot/install/traj_scripts/share/traj_scripts/local_setup.sh
[11.858s] -- Up-to-date: /home/robotics/ros2_cobot/install/traj_scripts/share/traj_scripts/local_setup.zsh
[11.858s] -- Installing: /home/robotics/ros2_cobot/install/traj_scripts/share/traj_scripts/local_setup.dsv
[11.859s] -- Installing: /home/robotics/ros2_cobot/install/traj_scripts/share/traj_scripts/package.dsv
[11.859s] -- Up-to-date: /home/robotics/ros2_cobot/install/traj_scripts/share/ament_index/resource_index/packages/traj_scripts
[11.859s] -- Up-to-date: /home/robotics/ros2_cobot/install/traj_scripts/share/traj_scripts/cmake/traj_scriptsConfig.cmake
[11.859s] -- Up-to-date: /home/robotics/ros2_cobot/install/traj_scripts/share/traj_scripts/cmake/traj_scriptsConfig-version.cmake
[11.859s] -- Installing: /home/robotics/ros2_cobot/install/traj_scripts/share/traj_scripts/package.xml
[11.861s] Invoked command in '/home/robotics/ros2_cobot/build/traj_scripts' returned '0': CMAKE_PREFIX_PATH=${CMAKE_PREFIX_PATH}:/home/robotics/ros2_cobot/install/ultraarm:/home/robotics/ros2_cobot/install/mypalletizer_communication:/home/robotics/ros2_cobot/install/mypalletizer_260_pi:/home/robotics/ros2_cobot/install/mypalletizer_260:/home/robotics/ros2_cobot/install/myarm_m750:/home/robotics/ros2_cobot/install/myarm_c650:/home/robotics/ros2_cobot/install/mycobot_communication:/home/robotics/ros2_cobot/install/mecharm_communication:/home/robotics/ros2_cobot/install/mycobot_630:/home/robotics/ros2_cobot/install/mycobot_600:/home/robotics/ros2_cobot/install/mycobot_320pi:/home/robotics/ros2_cobot/install/mycobot_320_riscv:/home/robotics/ros2_cobot/install/mycobot_320:/home/robotics/ros2_cobot/install/mycobot_280pi:/home/robotics/ros2_cobot/install/mycobot_280jn:/home/robotics/ros2_cobot/install/mycobot_280_x3pi:/home/robotics/ros2_cobot/install/mycobot_280_riscv:/home/robotics/ros2_cobot/install/mycobot_280_rdkx5:/home/robotics/ros2_cobot/install/mycobot_280_moveit2_control:/home/robotics/ros2_cobot/install/mycobot_280_arduino:/home/robotics/ros2_cobot/install/mycobot_280:/home/robotics/ros2_cobot/install/mybuddy:/home/robotics/ros2_cobot/install/myarm_300:/home/robotics/ros2_cobot/install/mecharm_pi:/home/robotics/ros2_cobot/install/mecharm:/home/robotics/ros2_cobot/install/mycobot_description:/opt/ros/humble /usr/bin/cmake --install /home/robotics/ros2_cobot/build/traj_scripts
