-- The C compiler identification is GNU 11.4.0
-- The CXX compiler identification is GNU 11.4.0
-- Detecting C compiler ABI info
-- Detecting C compiler ABI info - done
-- Check for working C compiler: /usr/bin/cc - skipped
-- Detecting C compile features
-- Detecting C compile features - done
-- Detecting CXX compiler ABI info
-- Detecting CXX compiler ABI info - done
-- Check for working CXX compiler: /usr/bin/c++ - skipped
-- Detecting CXX compile features
-- Detecting CXX compile features - done
-- Found ament_cmake: 1.3.11 (/opt/ros/humble/share/ament_cmake/cmake)
-- Found Python3: /usr/bin/python3 (found version "3.10.12") found components: Interpreter 
-- Found rclcpp: 16.0.12 (/opt/ros/humble/share/rclcpp/cmake)
-- Found rosidl_generator_c: 3.1.6 (/opt/ros/humble/share/rosidl_generator_c/cmake)
-- Found rosidl_adapter: 3.1.6 (/opt/ros/humble/share/rosidl_adapter/cmake)
-- Found rosidl_generator_cpp: 3.1.6 (/opt/ros/humble/share/rosidl_generator_cpp/cmake)
-- Using all available rosidl_typesupport_c: rosidl_typesupport_fastrtps_c;rosidl_typesupport_introspection_c
-- Using all available rosidl_typesupport_cpp: rosidl_typesupport_fastrtps_cpp;rosidl_typesupport_introspection_cpp
-- Found rmw_implementation_cmake: 6.1.2 (/opt/ros/humble/share/rmw_implementation_cmake/cmake)
-- Found rmw_fastrtps_cpp: 6.2.7 (/opt/ros/humble/share/rmw_fastrtps_cpp/cmake)
-- Found OpenSSL: /usr/lib/x86_64-linux-gnu/libcrypto.so (found version "3.0.2")  
-- Found FastRTPS: /opt/ros/humble/include  
-- Using RMW implementation 'rmw_fastrtps_cpp' as default
-- Looking for pthread.h
-- Looking for pthread.h - found
-- Performing Test CMAKE_HAVE_LIBC_PTHREAD
-- Performing Test CMAKE_HAVE_LIBC_PTHREAD - Success
-- Found Threads: TRUE  
-- Found rclpy: 3.3.16 (/opt/ros/humble/share/rclpy/cmake)
-- Found moveit_ros_planning_interface: 2.5.9 (/opt/ros/humble/share/moveit_ros_planning_interface/cmake)
-- Found Boost: /usr/lib/x86_64-linux-gnu/cmake/Boost-1.74.0/BoostConfig.cmake (found version "1.74.0") found components: date_time filesystem program_options system thread 
-- Found Boost: /usr/lib/x86_64-linux-gnu/cmake/Boost-1.74.0/BoostConfig.cmake (found version "1.74.0") found components: chrono date_time filesystem iostreams program_options regex serialization system thread 
-- Found parameter_traits: 0.4.0 (/opt/ros/humble/share/parameter_traits/cmake)
-- Found Eigen3: TRUE (found version "3.4.0") 
-- Found rclcpp_lifecycle: 16.0.12 (/opt/ros/humble/share/rclcpp_lifecycle/cmake)
-- Found Boost: /usr/lib/x86_64-linux-gnu/cmake/Boost-1.74.0/BoostConfig.cmake (found version "1.74.0") found components: filesystem 
-- library: /usr/lib/x86_64-linux-gnu/libcurl.so
-- Ensuring Eigen3 include directory is part of orocos-kdl CMake target
-- Found Boost: /usr/lib/x86_64-linux-gnu/cmake/Boost-1.74.0/BoostConfig.cmake (found version "1.74.0") found components: system filesystem date_time program_options thread chrono 
-- Found Boost: /usr/lib/x86_64-linux-gnu/cmake/Boost-1.74.0/BoostConfig.cmake (found version "1.74.0") found components: thread system filesystem regex date_time program_options 
-- Found Boost: /usr/lib/x86_64-linux-gnu/cmake/Boost-1.74.0/BoostConfig.cmake (found version "1.74.0") found components: system filesystem date_time program_options thread 
-- Configuring done
-- Generating done
-- Build files have been written to: /home/robotics/ros2_cobot/build/traj_scripts
[ 50%] [32mBuilding CXX object CMakeFiles/cpp__executable.dir/src/traj_scripts.cpp.o[0m
[ 50%] Built target ament_cmake_python_copy_traj_scripts
running egg_info
creating traj_scripts.egg-info
writing traj_scripts.egg-info/PKG-INFO
writing dependency_links to traj_scripts.egg-info/dependency_links.txt
writing top-level names to traj_scripts.egg-info/top_level.txt
writing manifest file 'traj_scripts.egg-info/SOURCES.txt'
reading manifest file 'traj_scripts.egg-info/SOURCES.txt'
writing manifest file 'traj_scripts.egg-info/SOURCES.txt'
[ 50%] Built target ament_cmake_python_build_traj_scripts_egg
[100%] [32m[1mLinking CXX executable cpp__executable[0m
[100%] Built target cpp__executable
-- Install configuration: ""
-- Installing: /home/robotics/ros2_cobot/install/traj_scripts/lib/traj_scripts/cpp__executable
-- Set runtime path of "/home/robotics/ros2_cobot/install/traj_scripts/lib/traj_scripts/cpp__executable" to ""
-- Installing: /home/robotics/ros2_cobot/install/traj_scripts/share/traj_scripts/launch
-- Installing: /home/robotics/ros2_cobot/install/traj_scripts/share/traj_scripts/launch/traj_scripts.launch.py
-- Installing: /home/robotics/ros2_cobot/install/traj_scripts/share/traj_scripts/launch/__pycache__
-- Installing: /home/robotics/ros2_cobot/install/traj_scripts/share/traj_scripts/launch/__pycache__/traj_scripts.launch.cpython-310.pyc
-- Installing: /home/robotics/ros2_cobot/install/traj_scripts/share/traj_scripts/environment/pythonpath.sh
-- Installing: /home/robotics/ros2_cobot/install/traj_scripts/share/traj_scripts/environment/pythonpath.dsv
-- Installing: /home/robotics/ros2_cobot/install/traj_scripts/local/lib/python3.10/dist-packages/traj_scripts-0.1.0-py3.10.egg-info
-- Installing: /home/robotics/ros2_cobot/install/traj_scripts/local/lib/python3.10/dist-packages/traj_scripts-0.1.0-py3.10.egg-info/dependency_links.txt
-- Installing: /home/robotics/ros2_cobot/install/traj_scripts/local/lib/python3.10/dist-packages/traj_scripts-0.1.0-py3.10.egg-info/top_level.txt
-- Installing: /home/robotics/ros2_cobot/install/traj_scripts/local/lib/python3.10/dist-packages/traj_scripts-0.1.0-py3.10.egg-info/SOURCES.txt
-- Installing: /home/robotics/ros2_cobot/install/traj_scripts/local/lib/python3.10/dist-packages/traj_scripts-0.1.0-py3.10.egg-info/PKG-INFO
-- Installing: /home/robotics/ros2_cobot/install/traj_scripts/local/lib/python3.10/dist-packages/traj_scripts
-- Installing: /home/robotics/ros2_cobot/install/traj_scripts/local/lib/python3.10/dist-packages/traj_scripts/__init__.py
Listing '/home/robotics/ros2_cobot/install/traj_scripts/local/lib/python3.10/dist-packages/traj_scripts'...
Compiling '/home/robotics/ros2_cobot/install/traj_scripts/local/lib/python3.10/dist-packages/traj_scripts/__init__.py'...
-- Installing: /home/robotics/ros2_cobot/install/traj_scripts/lib/traj_scripts/ghost.py
-- Installing: /home/robotics/ros2_cobot/install/traj_scripts/share/ament_index/resource_index/package_run_dependencies/traj_scripts
-- Installing: /home/robotics/ros2_cobot/install/traj_scripts/share/ament_index/resource_index/parent_prefix_path/traj_scripts
-- Installing: /home/robotics/ros2_cobot/install/traj_scripts/share/traj_scripts/environment/ament_prefix_path.sh
-- Installing: /home/robotics/ros2_cobot/install/traj_scripts/share/traj_scripts/environment/ament_prefix_path.dsv
-- Installing: /home/robotics/ros2_cobot/install/traj_scripts/share/traj_scripts/environment/path.sh
-- Installing: /home/robotics/ros2_cobot/install/traj_scripts/share/traj_scripts/environment/path.dsv
-- Installing: /home/robotics/ros2_cobot/install/traj_scripts/share/traj_scripts/local_setup.bash
-- Installing: /home/robotics/ros2_cobot/install/traj_scripts/share/traj_scripts/local_setup.sh
-- Installing: /home/robotics/ros2_cobot/install/traj_scripts/share/traj_scripts/local_setup.zsh
-- Installing: /home/robotics/ros2_cobot/install/traj_scripts/share/traj_scripts/local_setup.dsv
-- Installing: /home/robotics/ros2_cobot/install/traj_scripts/share/traj_scripts/package.dsv
-- Installing: /home/robotics/ros2_cobot/install/traj_scripts/share/ament_index/resource_index/packages/traj_scripts
-- Installing: /home/robotics/ros2_cobot/install/traj_scripts/share/traj_scripts/cmake/traj_scriptsConfig.cmake
-- Installing: /home/robotics/ros2_cobot/install/traj_scripts/share/traj_scripts/cmake/traj_scriptsConfig-version.cmake
-- Installing: /home/robotics/ros2_cobot/install/traj_scripts/share/traj_scripts/package.xml
