/home/robotics/ros2_cobot/install/mypalletizer_260_pi/lib/python3.10/site-packages/mypalletizer_260_pi/follow_and_pump.py
/home/robotics/ros2_cobot/install/mypalletizer_260_pi/lib/python3.10/site-packages/mypalletizer_260_pi/follow_display.py
/home/robotics/ros2_cobot/install/mypalletizer_260_pi/lib/python3.10/site-packages/mypalletizer_260_pi/test.py
/home/robotics/ros2_cobot/install/mypalletizer_260_pi/lib/python3.10/site-packages/mypalletizer_260_pi/listen_real_of_topic.py
/home/robotics/ros2_cobot/install/mypalletizer_260_pi/lib/python3.10/site-packages/mypalletizer_260_pi/simple_gui.py
/home/robotics/ros2_cobot/install/mypalletizer_260_pi/lib/python3.10/site-packages/mypalletizer_260_pi/slider_control.py
/home/robotics/ros2_cobot/install/mypalletizer_260_pi/lib/python3.10/site-packages/mypalletizer_260_pi/mypalletizersocket.py
/home/robotics/ros2_cobot/install/mypalletizer_260_pi/lib/python3.10/site-packages/mypalletizer_260_pi/listen_real.py
/home/robotics/ros2_cobot/install/mypalletizer_260_pi/lib/python3.10/site-packages/mypalletizer_260_pi/following_marker.py
/home/robotics/ros2_cobot/install/mypalletizer_260_pi/lib/python3.10/site-packages/mypalletizer_260_pi/teleop_keyboard.py
/home/robotics/ros2_cobot/install/mypalletizer_260_pi/lib/python3.10/site-packages/mypalletizer_260_pi/__init__.py
/home/robotics/ros2_cobot/install/mypalletizer_260_pi/lib/python3.10/site-packages/mypalletizer_260_pi/__pycache__/follow_and_pump.cpython-310.pyc
/home/robotics/ros2_cobot/install/mypalletizer_260_pi/lib/python3.10/site-packages/mypalletizer_260_pi/__pycache__/follow_display.cpython-310.pyc
/home/robotics/ros2_cobot/install/mypalletizer_260_pi/lib/python3.10/site-packages/mypalletizer_260_pi/__pycache__/test.cpython-310.pyc
/home/robotics/ros2_cobot/install/mypalletizer_260_pi/lib/python3.10/site-packages/mypalletizer_260_pi/__pycache__/listen_real_of_topic.cpython-310.pyc
/home/robotics/ros2_cobot/install/mypalletizer_260_pi/lib/python3.10/site-packages/mypalletizer_260_pi/__pycache__/simple_gui.cpython-310.pyc
/home/robotics/ros2_cobot/install/mypalletizer_260_pi/lib/python3.10/site-packages/mypalletizer_260_pi/__pycache__/slider_control.cpython-310.pyc
/home/robotics/ros2_cobot/install/mypalletizer_260_pi/lib/python3.10/site-packages/mypalletizer_260_pi/__pycache__/mypalletizersocket.cpython-310.pyc
/home/robotics/ros2_cobot/install/mypalletizer_260_pi/lib/python3.10/site-packages/mypalletizer_260_pi/__pycache__/listen_real.cpython-310.pyc
/home/robotics/ros2_cobot/install/mypalletizer_260_pi/lib/python3.10/site-packages/mypalletizer_260_pi/__pycache__/following_marker.cpython-310.pyc
/home/robotics/ros2_cobot/install/mypalletizer_260_pi/lib/python3.10/site-packages/mypalletizer_260_pi/__pycache__/teleop_keyboard.cpython-310.pyc
/home/robotics/ros2_cobot/install/mypalletizer_260_pi/lib/python3.10/site-packages/mypalletizer_260_pi/__pycache__/__init__.cpython-310.pyc
/home/robotics/ros2_cobot/install/mypalletizer_260_pi/share/ament_index/resource_index/packages/mypalletizer_260_pi
/home/robotics/ros2_cobot/install/mypalletizer_260_pi/share/mypalletizer_260_pi/package.xml
/home/robotics/ros2_cobot/install/mypalletizer_260_pi/share/mypalletizer_260_pi/launch/slider_control.launch.py
/home/robotics/ros2_cobot/install/mypalletizer_260_pi/share/mypalletizer_260_pi/launch/follow.launch.py
/home/robotics/ros2_cobot/install/mypalletizer_260_pi/share/mypalletizer_260_pi/launch/detect_marker_with_topic.launch.py
/home/robotics/ros2_cobot/install/mypalletizer_260_pi/share/mypalletizer_260_pi/launch/teleop_keyboard.launch.py
/home/robotics/ros2_cobot/install/mypalletizer_260_pi/share/mypalletizer_260_pi/launch/detect_marker.launch.py
/home/robotics/ros2_cobot/install/mypalletizer_260_pi/share/mypalletizer_260_pi/launch/simple_gui.launch.py
/home/robotics/ros2_cobot/install/mypalletizer_260_pi/share/mypalletizer_260_pi/launch/test.launch.py
/home/robotics/ros2_cobot/install/mypalletizer_260_pi/share/mypalletizer_260_pi/config/mypalletizer_pi.rviz
/home/robotics/ros2_cobot/install/mypalletizer_260_pi/share/mypalletizer_260_pi/config/mycobot_with_marker.rviz
/home/robotics/ros2_cobot/install/mypalletizer_260_pi/lib/python3.10/site-packages/mypalletizer_260_pi-0.0.0-py3.10.egg-info/entry_points.txt
/home/robotics/ros2_cobot/install/mypalletizer_260_pi/lib/python3.10/site-packages/mypalletizer_260_pi-0.0.0-py3.10.egg-info/dependency_links.txt
/home/robotics/ros2_cobot/install/mypalletizer_260_pi/lib/python3.10/site-packages/mypalletizer_260_pi-0.0.0-py3.10.egg-info/top_level.txt
/home/robotics/ros2_cobot/install/mypalletizer_260_pi/lib/python3.10/site-packages/mypalletizer_260_pi-0.0.0-py3.10.egg-info/zip-safe
/home/robotics/ros2_cobot/install/mypalletizer_260_pi/lib/python3.10/site-packages/mypalletizer_260_pi-0.0.0-py3.10.egg-info/requires.txt
/home/robotics/ros2_cobot/install/mypalletizer_260_pi/lib/python3.10/site-packages/mypalletizer_260_pi-0.0.0-py3.10.egg-info/SOURCES.txt
/home/robotics/ros2_cobot/install/mypalletizer_260_pi/lib/python3.10/site-packages/mypalletizer_260_pi-0.0.0-py3.10.egg-info/PKG-INFO
/home/robotics/ros2_cobot/install/mypalletizer_260_pi/lib/mypalletizer_260_pi/detect_marker
/home/robotics/ros2_cobot/install/mypalletizer_260_pi/lib/mypalletizer_260_pi/follow_display
/home/robotics/ros2_cobot/install/mypalletizer_260_pi/lib/mypalletizer_260_pi/following_marker
/home/robotics/ros2_cobot/install/mypalletizer_260_pi/lib/mypalletizer_260_pi/listen_real
/home/robotics/ros2_cobot/install/mypalletizer_260_pi/lib/mypalletizer_260_pi/listen_real_of_topic
/home/robotics/ros2_cobot/install/mypalletizer_260_pi/lib/mypalletizer_260_pi/simple_gui
/home/robotics/ros2_cobot/install/mypalletizer_260_pi/lib/mypalletizer_260_pi/slider_control
/home/robotics/ros2_cobot/install/mypalletizer_260_pi/lib/mypalletizer_260_pi/teleop_keyboard
