running egg_info
writing ../../../../build/mecharm_pi/mecharm_pi.egg-info/PKG-INFO
writing dependency_links to ../../../../build/mecharm_pi/mecharm_pi.egg-info/dependency_links.txt
writing entry points to ../../../../build/mecharm_pi/mecharm_pi.egg-info/entry_points.txt
writing requirements to ../../../../build/mecharm_pi/mecharm_pi.egg-info/requires.txt
writing top-level names to ../../../../build/mecharm_pi/mecharm_pi.egg-info/top_level.txt
reading manifest file '../../../../build/mecharm_pi/mecharm_pi.egg-info/SOURCES.txt'
adding license file 'LICENSE'
writing manifest file '../../../../build/mecharm_pi/mecharm_pi.egg-info/SOURCES.txt'
running build
running build_py
running install
running install_lib
running install_data
running install_egg_info
removing '/home/robotics/ros2_cobot/install/mecharm_pi/lib/python3.10/site-packages/mecharm_pi-0.0.0-py3.10.egg-info' (and everything under it)
Copying ../../../../build/mecharm_pi/mecharm_pi.egg-info to /home/robotics/ros2_cobot/install/mecharm_pi/lib/python3.10/site-packages/mecharm_pi-0.0.0-py3.10.egg-info
running install_scripts
Installing detect_marker script to /home/robotics/ros2_cobot/install/mecharm_pi/lib/mecharm_pi
Installing follow_display script to /home/robotics/ros2_cobot/install/mecharm_pi/lib/mecharm_pi
Installing following_marker script to /home/robotics/ros2_cobot/install/mecharm_pi/lib/mecharm_pi
Installing listen_real script to /home/robotics/ros2_cobot/install/mecharm_pi/lib/mecharm_pi
Installing listen_real_of_topic script to /home/robotics/ros2_cobot/install/mecharm_pi/lib/mecharm_pi
Installing simple_gui script to /home/robotics/ros2_cobot/install/mecharm_pi/lib/mecharm_pi
Installing slider_control script to /home/robotics/ros2_cobot/install/mecharm_pi/lib/mecharm_pi
Installing teleop_keyboard script to /home/robotics/ros2_cobot/install/mecharm_pi/lib/mecharm_pi
writing list of installed files to '/home/robotics/ros2_cobot/build/mecharm_pi/install.log'
