[2.411s] Invoking command in '/home/robotics/ros2_cobot/src/mycobot_ros2/mycobot_280/mycobot_280pi': AMENT_PREFIX_PATH=/home/robotics/ros2_cobot/install/mycobot_description:/home/robotics/ros2_cobot/install/ultraarm:/home/robotics/ros2_cobot/install/traj_scripts:/home/robotics/ros2_cobot/install/mypalletizer_communication:/home/robotics/ros2_cobot/install/mypalletizer_interfaces:/home/robotics/ros2_cobot/install/mypalletizer_260_pi:/home/robotics/ros2_cobot/install/mypalletizer_260:/home/robotics/ros2_cobot/install/myarm_m750:/home/robotics/ros2_cobot/install/myarm_c650:/home/robotics/ros2_cobot/install/mycobot_communication:/home/robotics/ros2_cobot/install/mecharm_communication:/home/robotics/ros2_cobot/install/mycobot_interfaces:/home/robotics/ros2_cobot/install/mycobot_630:/home/robotics/ros2_cobot/install/mycobot_600:/home/robotics/ros2_cobot/install/mycobot_320pi:/home/robotics/ros2_cobot/install/mycobot_320_riscv:/home/robotics/ros2_cobot/install/mycobot_320:/home/robotics/ros2_cobot/install/mycobot_280rdkx5_moveit2:/home/robotics/ros2_cobot/install/mycobot_280pi:/home/robotics/ros2_cobot/install/mycobot_280jn:/home/robotics/ros2_cobot/install/mycobot_280arduino_moveit2:/home/robotics/ros2_cobot/install/mycobot_280_x3pi:/home/robotics/ros2_cobot/install/mycobot_280_riscv:/home/robotics/ros2_cobot/install/mycobot_280_rdkx5:/home/robotics/ros2_cobot/install/mycobot_280_moveit2_control:/home/robotics/ros2_cobot/install/mycobot_280_moveit2:/home/robotics/ros2_cobot/install/mycobot_280_arduino:/home/robotics/ros2_cobot/install/mycobot_280:/home/robotics/ros2_cobot/install/mybuddy:/home/robotics/ros2_cobot/install/myarm_300:/home/robotics/ros2_cobot/install/mecharm_pi:/home/robotics/ros2_cobot/install/mecharm:/home/robotics/ros2_cobot/install/mecharm_interfaces:/opt/ros/humble PYTHONPATH=/home/robotics/ros2_cobot/build/mycobot_280pi/prefix_override:/usr/lib/python3/dist-packages/colcon_core/task/python/colcon_distutils_commands:/home/robotics/ros2_cobot/install/mycobot_280pi/lib/python3.10/site-packages:/home/robotics/ros2_cobot/install/mycobot_description/lib/python3.10/site-packages:/home/robotics/ros2_cobot/install/ultraarm/lib/python3.10/site-packages:/home/robotics/ros2_cobot/install/traj_scripts/local/lib/python3.10/dist-packages:/home/robotics/ros2_cobot/install/mypalletizer_communication/lib/python3.10/site-packages:/home/robotics/ros2_cobot/install/mypalletizer_interfaces/local/lib/python3.10/dist-packages:/home/robotics/ros2_cobot/install/mypalletizer_260_pi/lib/python3.10/site-packages:/home/robotics/ros2_cobot/install/mypalletizer_260/lib/python3.10/site-packages:/home/robotics/ros2_cobot/install/myarm_m750/lib/python3.10/site-packages:/home/robotics/ros2_cobot/install/myarm_c650/lib/python3.10/site-packages:/home/robotics/ros2_cobot/install/mycobot_communication/lib/python3.10/site-packages:/home/robotics/ros2_cobot/install/mecharm_communication/lib/python3.10/site-packages:/home/robotics/ros2_cobot/install/mycobot_interfaces/local/lib/python3.10/dist-packages:/home/robotics/ros2_cobot/install/mycobot_630/lib/python3.10/site-packages:/home/robotics/ros2_cobot/install/mycobot_600/lib/python3.10/site-packages:/home/robotics/ros2_cobot/install/mycobot_320pi/lib/python3.10/site-packages:/home/robotics/ros2_cobot/install/mycobot_320_riscv/lib/python3.10/site-packages:/home/robotics/ros2_cobot/install/mycobot_320/lib/python3.10/site-packages:/home/robotics/ros2_cobot/install/mycobot_280pi/lib/python3.10/site-packages:/home/robotics/ros2_cobot/install/mycobot_280jn/lib/python3.10/site-packages:/home/robotics/ros2_cobot/install/mycobot_280_x3pi/lib/python3.10/site-packages:/home/robotics/ros2_cobot/install/mycobot_280_riscv/lib/python3.10/site-packages:/home/robotics/ros2_cobot/install/mycobot_280_rdkx5/lib/python3.10/site-packages:/home/robotics/ros2_cobot/install/mycobot_280_moveit2_control/lib/python3.10/site-packages:/home/robotics/ros2_cobot/install/mycobot_280_arduino/lib/python3.10/site-packages:/home/robotics/ros2_cobot/install/mycobot_280/lib/python3.10/site-packages:/home/robotics/ros2_cobot/install/mybuddy/lib/python3.10/site-packages:/home/robotics/ros2_cobot/install/myarm_300/lib/python3.10/site-packages:/home/robotics/ros2_cobot/install/mecharm_pi/lib/python3.10/site-packages:/home/robotics/ros2_cobot/install/mecharm/lib/python3.10/site-packages:/home/robotics/ros2_cobot/install/mecharm_interfaces/local/lib/python3.10/dist-packages:/opt/ros/humble/lib/python3.10/site-packages:/opt/ros/humble/local/lib/python3.10/dist-packages /usr/bin/python3 -W ignore:setup.py install is deprecated -W ignore:easy_install command is deprecated setup.py egg_info --egg-base ../../../../build/mycobot_280pi build --build-base /home/robotics/ros2_cobot/build/mycobot_280pi/build install --record /home/robotics/ros2_cobot/build/mycobot_280pi/install.log --single-version-externally-managed install_data
[4.188s] running egg_info
[4.189s] creating ../../../../build/mycobot_280pi/mycobot_280pi.egg-info
[4.189s] writing ../../../../build/mycobot_280pi/mycobot_280pi.egg-info/PKG-INFO
[4.190s] writing dependency_links to ../../../../build/mycobot_280pi/mycobot_280pi.egg-info/dependency_links.txt
[4.190s] writing entry points to ../../../../build/mycobot_280pi/mycobot_280pi.egg-info/entry_points.txt
[4.190s] writing requirements to ../../../../build/mycobot_280pi/mycobot_280pi.egg-info/requires.txt
[4.190s] writing top-level names to ../../../../build/mycobot_280pi/mycobot_280pi.egg-info/top_level.txt
[4.190s] writing manifest file '../../../../build/mycobot_280pi/mycobot_280pi.egg-info/SOURCES.txt'
[4.251s] reading manifest file '../../../../build/mycobot_280pi/mycobot_280pi.egg-info/SOURCES.txt'
[4.252s] adding license file 'LICENSE'
[4.252s] writing manifest file '../../../../build/mycobot_280pi/mycobot_280pi.egg-info/SOURCES.txt'
[4.252s] running build
[4.252s] running build_py
[4.252s] creating /home/robotics/ros2_cobot/build/mycobot_280pi/build
[4.252s] creating /home/robotics/ros2_cobot/build/mycobot_280pi/build/lib
[4.252s] creating /home/robotics/ros2_cobot/build/mycobot_280pi/build/lib/mycobot_280pi
[4.252s] copying mycobot_280pi/follow_and_pump.py -> /home/robotics/ros2_cobot/build/mycobot_280pi/build/lib/mycobot_280pi
[4.252s] copying mycobot_280pi/follow_display.py -> /home/robotics/ros2_cobot/build/mycobot_280pi/build/lib/mycobot_280pi
[4.252s] copying mycobot_280pi/camera_display.py -> /home/robotics/ros2_cobot/build/mycobot_280pi/build/lib/mycobot_280pi
[4.252s] copying mycobot_280pi/listen_real_of_topic.py -> /home/robotics/ros2_cobot/build/mycobot_280pi/build/lib/mycobot_280pi
[4.252s] copying mycobot_280pi/simple_gui.py -> /home/robotics/ros2_cobot/build/mycobot_280pi/build/lib/mycobot_280pi
[4.252s] copying mycobot_280pi/slider_control.py -> /home/robotics/ros2_cobot/build/mycobot_280pi/build/lib/mycobot_280pi
[4.252s] copying mycobot_280pi/opencv_camera.py -> /home/robotics/ros2_cobot/build/mycobot_280pi/build/lib/mycobot_280pi
[4.252s] copying mycobot_280pi/detect_marker.py -> /home/robotics/ros2_cobot/build/mycobot_280pi/build/lib/mycobot_280pi
[4.252s] copying mycobot_280pi/listen_real.py -> /home/robotics/ros2_cobot/build/mycobot_280pi/build/lib/mycobot_280pi
[4.252s] copying mycobot_280pi/following_marker.py -> /home/robotics/ros2_cobot/build/mycobot_280pi/build/lib/mycobot_280pi
[4.252s] copying mycobot_280pi/teleop_keyboard.py -> /home/robotics/ros2_cobot/build/mycobot_280pi/build/lib/mycobot_280pi
[4.252s] copying mycobot_280pi/__init__.py -> /home/robotics/ros2_cobot/build/mycobot_280pi/build/lib/mycobot_280pi
[4.252s] running install
[4.252s] running install_lib
[4.252s] creating /home/robotics/ros2_cobot/install/mycobot_280pi/lib/python3.10/site-packages/mycobot_280pi
[4.252s] copying /home/robotics/ros2_cobot/build/mycobot_280pi/build/lib/mycobot_280pi/follow_and_pump.py -> /home/robotics/ros2_cobot/install/mycobot_280pi/lib/python3.10/site-packages/mycobot_280pi
[4.252s] copying /home/robotics/ros2_cobot/build/mycobot_280pi/build/lib/mycobot_280pi/follow_display.py -> /home/robotics/ros2_cobot/install/mycobot_280pi/lib/python3.10/site-packages/mycobot_280pi
[4.252s] copying /home/robotics/ros2_cobot/build/mycobot_280pi/build/lib/mycobot_280pi/camera_display.py -> /home/robotics/ros2_cobot/install/mycobot_280pi/lib/python3.10/site-packages/mycobot_280pi
[4.253s] copying /home/robotics/ros2_cobot/build/mycobot_280pi/build/lib/mycobot_280pi/listen_real_of_topic.py -> /home/robotics/ros2_cobot/install/mycobot_280pi/lib/python3.10/site-packages/mycobot_280pi
[4.253s] copying /home/robotics/ros2_cobot/build/mycobot_280pi/build/lib/mycobot_280pi/simple_gui.py -> /home/robotics/ros2_cobot/install/mycobot_280pi/lib/python3.10/site-packages/mycobot_280pi
[4.253s] copying /home/robotics/ros2_cobot/build/mycobot_280pi/build/lib/mycobot_280pi/slider_control.py -> /home/robotics/ros2_cobot/install/mycobot_280pi/lib/python3.10/site-packages/mycobot_280pi
[4.253s] copying /home/robotics/ros2_cobot/build/mycobot_280pi/build/lib/mycobot_280pi/opencv_camera.py -> /home/robotics/ros2_cobot/install/mycobot_280pi/lib/python3.10/site-packages/mycobot_280pi
[4.253s] copying /home/robotics/ros2_cobot/build/mycobot_280pi/build/lib/mycobot_280pi/detect_marker.py -> /home/robotics/ros2_cobot/install/mycobot_280pi/lib/python3.10/site-packages/mycobot_280pi
[4.253s] copying /home/robotics/ros2_cobot/build/mycobot_280pi/build/lib/mycobot_280pi/listen_real.py -> /home/robotics/ros2_cobot/install/mycobot_280pi/lib/python3.10/site-packages/mycobot_280pi
[4.253s] copying /home/robotics/ros2_cobot/build/mycobot_280pi/build/lib/mycobot_280pi/following_marker.py -> /home/robotics/ros2_cobot/install/mycobot_280pi/lib/python3.10/site-packages/mycobot_280pi
[4.253s] copying /home/robotics/ros2_cobot/build/mycobot_280pi/build/lib/mycobot_280pi/teleop_keyboard.py -> /home/robotics/ros2_cobot/install/mycobot_280pi/lib/python3.10/site-packages/mycobot_280pi
[4.256s] copying /home/robotics/ros2_cobot/build/mycobot_280pi/build/lib/mycobot_280pi/__init__.py -> /home/robotics/ros2_cobot/install/mycobot_280pi/lib/python3.10/site-packages/mycobot_280pi
[4.256s] byte-compiling /home/robotics/ros2_cobot/install/mycobot_280pi/lib/python3.10/site-packages/mycobot_280pi/follow_and_pump.py to follow_and_pump.cpython-310.pyc
[4.260s] byte-compiling /home/robotics/ros2_cobot/install/mycobot_280pi/lib/python3.10/site-packages/mycobot_280pi/follow_display.py to follow_display.cpython-310.pyc
[4.278s] byte-compiling /home/robotics/ros2_cobot/install/mycobot_280pi/lib/python3.10/site-packages/mycobot_280pi/camera_display.py to camera_display.cpython-310.pyc
[4.278s] byte-compiling /home/robotics/ros2_cobot/install/mycobot_280pi/lib/python3.10/site-packages/mycobot_280pi/listen_real_of_topic.py to listen_real_of_topic.cpython-310.pyc
[4.278s] byte-compiling /home/robotics/ros2_cobot/install/mycobot_280pi/lib/python3.10/site-packages/mycobot_280pi/simple_gui.py to simple_gui.cpython-310.pyc
[4.296s] byte-compiling /home/robotics/ros2_cobot/install/mycobot_280pi/lib/python3.10/site-packages/mycobot_280pi/slider_control.py to slider_control.cpython-310.pyc
[4.297s] byte-compiling /home/robotics/ros2_cobot/install/mycobot_280pi/lib/python3.10/site-packages/mycobot_280pi/opencv_camera.py to opencv_camera.cpython-310.pyc
[4.297s] byte-compiling /home/robotics/ros2_cobot/install/mycobot_280pi/lib/python3.10/site-packages/mycobot_280pi/detect_marker.py to detect_marker.cpython-310.pyc
[4.315s] byte-compiling /home/robotics/ros2_cobot/install/mycobot_280pi/lib/python3.10/site-packages/mycobot_280pi/listen_real.py to listen_real.cpython-310.pyc
[4.316s] byte-compiling /home/robotics/ros2_cobot/install/mycobot_280pi/lib/python3.10/site-packages/mycobot_280pi/following_marker.py to following_marker.cpython-310.pyc
[4.322s] byte-compiling /home/robotics/ros2_cobot/install/mycobot_280pi/lib/python3.10/site-packages/mycobot_280pi/teleop_keyboard.py to teleop_keyboard.cpython-310.pyc
[4.332s] byte-compiling /home/robotics/ros2_cobot/install/mycobot_280pi/lib/python3.10/site-packages/mycobot_280pi/__init__.py to __init__.cpython-310.pyc
[4.333s] running install_data
[4.333s] creating /home/robotics/ros2_cobot/install/mycobot_280pi/share/ament_index
[4.333s] creating /home/robotics/ros2_cobot/install/mycobot_280pi/share/ament_index/resource_index
[4.333s] creating /home/robotics/ros2_cobot/install/mycobot_280pi/share/ament_index/resource_index/packages
[4.333s] copying resource/mycobot_280pi -> /home/robotics/ros2_cobot/install/mycobot_280pi/share/ament_index/resource_index/packages
[4.333s] copying package.xml -> /home/robotics/ros2_cobot/install/mycobot_280pi/share/mycobot_280pi
[4.333s] creating /home/robotics/ros2_cobot/install/mycobot_280pi/share/mycobot_280pi/launch
[4.333s] copying launch/slider_control.launch.py -> /home/robotics/ros2_cobot/install/mycobot_280pi/share/mycobot_280pi/launch
[4.334s] copying launch/test_camera_flange.launch.py -> /home/robotics/ros2_cobot/install/mycobot_280pi/share/mycobot_280pi/launch
[4.334s] copying launch/test_camera_flange_pump.launch.py -> /home/robotics/ros2_cobot/install/mycobot_280pi/share/mycobot_280pi/launch
[4.334s] copying launch/test_pump.launch.py -> /home/robotics/ros2_cobot/install/mycobot_280pi/share/mycobot_280pi/launch
[4.334s] copying launch/slider_control_pump.launch.py -> /home/robotics/ros2_cobot/install/mycobot_280pi/share/mycobot_280pi/launch
[4.334s] copying launch/mycobot_follow.launch.py -> /home/robotics/ros2_cobot/install/mycobot_280pi/share/mycobot_280pi/launch
[4.338s] copying launch/detect_marker_with_topic.launch.py -> /home/robotics/ros2_cobot/install/mycobot_280pi/share/mycobot_280pi/launch
[4.344s] copying launch/slider_control_camera_flange.launch.py -> /home/robotics/ros2_cobot/install/mycobot_280pi/share/mycobot_280pi/launch
[4.344s] copying launch/teleop_keyboard.launch.py -> /home/robotics/ros2_cobot/install/mycobot_280pi/share/mycobot_280pi/launch
[4.344s] copying launch/detect_marker.launch.py -> /home/robotics/ros2_cobot/install/mycobot_280pi/share/mycobot_280pi/launch
[4.344s] copying launch/simple_gui.launch.py -> /home/robotics/ros2_cobot/install/mycobot_280pi/share/mycobot_280pi/launch
[4.344s] copying launch/test.launch.py -> /home/robotics/ros2_cobot/install/mycobot_280pi/share/mycobot_280pi/launch
[4.344s] creating /home/robotics/ros2_cobot/install/mycobot_280pi/share/mycobot_280pi/config
[4.344s] copying config/mycobot_with_marker.rviz -> /home/robotics/ros2_cobot/install/mycobot_280pi/share/mycobot_280pi/config
[4.349s] copying config/mycobot_pi.rviz -> /home/robotics/ros2_cobot/install/mycobot_280pi/share/mycobot_280pi/config
[4.350s] running install_egg_info
[4.365s] Copying ../../../../build/mycobot_280pi/mycobot_280pi.egg-info to /home/robotics/ros2_cobot/install/mycobot_280pi/lib/python3.10/site-packages/mycobot_280pi-0.0.0-py3.10.egg-info
[4.384s] running install_scripts
[4.525s] Installing camera_display script to /home/robotics/ros2_cobot/install/mycobot_280pi/lib/mycobot_280pi
[4.525s] Installing detect_marker script to /home/robotics/ros2_cobot/install/mycobot_280pi/lib/mycobot_280pi
[4.526s] Installing follow_display script to /home/robotics/ros2_cobot/install/mycobot_280pi/lib/mycobot_280pi
[4.526s] Installing following_marker script to /home/robotics/ros2_cobot/install/mycobot_280pi/lib/mycobot_280pi
[4.533s] Installing listen_real script to /home/robotics/ros2_cobot/install/mycobot_280pi/lib/mycobot_280pi
[4.534s] Installing listen_real_of_topic script to /home/robotics/ros2_cobot/install/mycobot_280pi/lib/mycobot_280pi
[4.535s] Installing opencv_camera script to /home/robotics/ros2_cobot/install/mycobot_280pi/lib/mycobot_280pi
[4.535s] Installing simple_gui script to /home/robotics/ros2_cobot/install/mycobot_280pi/lib/mycobot_280pi
[4.535s] Installing slider_control script to /home/robotics/ros2_cobot/install/mycobot_280pi/lib/mycobot_280pi
[4.535s] Installing teleop_keyboard script to /home/robotics/ros2_cobot/install/mycobot_280pi/lib/mycobot_280pi
[4.536s] writing list of installed files to '/home/robotics/ros2_cobot/build/mycobot_280pi/install.log'
[8.348s] Invoked command in '/home/robotics/ros2_cobot/src/mycobot_ros2/mycobot_280/mycobot_280pi' returned '0': AMENT_PREFIX_PATH=/home/robotics/ros2_cobot/install/mycobot_description:/home/robotics/ros2_cobot/install/ultraarm:/home/robotics/ros2_cobot/install/traj_scripts:/home/robotics/ros2_cobot/install/mypalletizer_communication:/home/robotics/ros2_cobot/install/mypalletizer_interfaces:/home/robotics/ros2_cobot/install/mypalletizer_260_pi:/home/robotics/ros2_cobot/install/mypalletizer_260:/home/robotics/ros2_cobot/install/myarm_m750:/home/robotics/ros2_cobot/install/myarm_c650:/home/robotics/ros2_cobot/install/mycobot_communication:/home/robotics/ros2_cobot/install/mecharm_communication:/home/robotics/ros2_cobot/install/mycobot_interfaces:/home/robotics/ros2_cobot/install/mycobot_630:/home/robotics/ros2_cobot/install/mycobot_600:/home/robotics/ros2_cobot/install/mycobot_320pi:/home/robotics/ros2_cobot/install/mycobot_320_riscv:/home/robotics/ros2_cobot/install/mycobot_320:/home/robotics/ros2_cobot/install/mycobot_280rdkx5_moveit2:/home/robotics/ros2_cobot/install/mycobot_280pi:/home/robotics/ros2_cobot/install/mycobot_280jn:/home/robotics/ros2_cobot/install/mycobot_280arduino_moveit2:/home/robotics/ros2_cobot/install/mycobot_280_x3pi:/home/robotics/ros2_cobot/install/mycobot_280_riscv:/home/robotics/ros2_cobot/install/mycobot_280_rdkx5:/home/robotics/ros2_cobot/install/mycobot_280_moveit2_control:/home/robotics/ros2_cobot/install/mycobot_280_moveit2:/home/robotics/ros2_cobot/install/mycobot_280_arduino:/home/robotics/ros2_cobot/install/mycobot_280:/home/robotics/ros2_cobot/install/mybuddy:/home/robotics/ros2_cobot/install/myarm_300:/home/robotics/ros2_cobot/install/mecharm_pi:/home/robotics/ros2_cobot/install/mecharm:/home/robotics/ros2_cobot/install/mecharm_interfaces:/opt/ros/humble PYTHONPATH=/home/robotics/ros2_cobot/build/mycobot_280pi/prefix_override:/usr/lib/python3/dist-packages/colcon_core/task/python/colcon_distutils_commands:/home/robotics/ros2_cobot/install/mycobot_280pi/lib/python3.10/site-packages:/home/robotics/ros2_cobot/install/mycobot_description/lib/python3.10/site-packages:/home/robotics/ros2_cobot/install/ultraarm/lib/python3.10/site-packages:/home/robotics/ros2_cobot/install/traj_scripts/local/lib/python3.10/dist-packages:/home/robotics/ros2_cobot/install/mypalletizer_communication/lib/python3.10/site-packages:/home/robotics/ros2_cobot/install/mypalletizer_interfaces/local/lib/python3.10/dist-packages:/home/robotics/ros2_cobot/install/mypalletizer_260_pi/lib/python3.10/site-packages:/home/robotics/ros2_cobot/install/mypalletizer_260/lib/python3.10/site-packages:/home/robotics/ros2_cobot/install/myarm_m750/lib/python3.10/site-packages:/home/robotics/ros2_cobot/install/myarm_c650/lib/python3.10/site-packages:/home/robotics/ros2_cobot/install/mycobot_communication/lib/python3.10/site-packages:/home/robotics/ros2_cobot/install/mecharm_communication/lib/python3.10/site-packages:/home/robotics/ros2_cobot/install/mycobot_interfaces/local/lib/python3.10/dist-packages:/home/robotics/ros2_cobot/install/mycobot_630/lib/python3.10/site-packages:/home/robotics/ros2_cobot/install/mycobot_600/lib/python3.10/site-packages:/home/robotics/ros2_cobot/install/mycobot_320pi/lib/python3.10/site-packages:/home/robotics/ros2_cobot/install/mycobot_320_riscv/lib/python3.10/site-packages:/home/robotics/ros2_cobot/install/mycobot_320/lib/python3.10/site-packages:/home/robotics/ros2_cobot/install/mycobot_280pi/lib/python3.10/site-packages:/home/robotics/ros2_cobot/install/mycobot_280jn/lib/python3.10/site-packages:/home/robotics/ros2_cobot/install/mycobot_280_x3pi/lib/python3.10/site-packages:/home/robotics/ros2_cobot/install/mycobot_280_riscv/lib/python3.10/site-packages:/home/robotics/ros2_cobot/install/mycobot_280_rdkx5/lib/python3.10/site-packages:/home/robotics/ros2_cobot/install/mycobot_280_moveit2_control/lib/python3.10/site-packages:/home/robotics/ros2_cobot/install/mycobot_280_arduino/lib/python3.10/site-packages:/home/robotics/ros2_cobot/install/mycobot_280/lib/python3.10/site-packages:/home/robotics/ros2_cobot/install/mybuddy/lib/python3.10/site-packages:/home/robotics/ros2_cobot/install/myarm_300/lib/python3.10/site-packages:/home/robotics/ros2_cobot/install/mecharm_pi/lib/python3.10/site-packages:/home/robotics/ros2_cobot/install/mecharm/lib/python3.10/site-packages:/home/robotics/ros2_cobot/install/mecharm_interfaces/local/lib/python3.10/dist-packages:/opt/ros/humble/lib/python3.10/site-packages:/opt/ros/humble/local/lib/python3.10/dist-packages /usr/bin/python3 -W ignore:setup.py install is deprecated -W ignore:easy_install command is deprecated setup.py egg_info --egg-base ../../../../build/mycobot_280pi build --build-base /home/robotics/ros2_cobot/build/mycobot_280pi/build install --record /home/robotics/ros2_cobot/build/mycobot_280pi/install.log --single-version-externally-managed install_data
