[6.101s] Invoking command in '/home/robotics/ros2_cobot/src/mycobot_ros2/mypalletizer_260/mypalletizer_260': AMENT_PREFIX_PATH=/home/robotics/ros2_cobot/install/mycobot_description:/home/robotics/ros2_cobot/install/ultraarm:/home/robotics/ros2_cobot/install/traj_scripts:/home/robotics/ros2_cobot/install/mypalletizer_communication:/home/robotics/ros2_cobot/install/mypalletizer_interfaces:/home/robotics/ros2_cobot/install/mypalletizer_260_pi:/home/robotics/ros2_cobot/install/mypalletizer_260:/home/robotics/ros2_cobot/install/myarm_m750:/home/robotics/ros2_cobot/install/myarm_c650:/home/robotics/ros2_cobot/install/mycobot_communication:/home/robotics/ros2_cobot/install/mecharm_communication:/home/robotics/ros2_cobot/install/mycobot_interfaces:/home/robotics/ros2_cobot/install/mycobot_630:/home/robotics/ros2_cobot/install/mycobot_600:/home/robotics/ros2_cobot/install/mycobot_320pi:/home/robotics/ros2_cobot/install/mycobot_320_riscv:/home/robotics/ros2_cobot/install/mycobot_320:/home/robotics/ros2_cobot/install/mycobot_280rdkx5_moveit2:/home/robotics/ros2_cobot/install/mycobot_280pi:/home/robotics/ros2_cobot/install/mycobot_280jn:/home/robotics/ros2_cobot/install/mycobot_280arduino_moveit2:/home/robotics/ros2_cobot/install/mycobot_280_x3pi:/home/robotics/ros2_cobot/install/mycobot_280_riscv:/home/robotics/ros2_cobot/install/mycobot_280_rdkx5:/home/robotics/ros2_cobot/install/mycobot_280_moveit2_control:/home/robotics/ros2_cobot/install/mycobot_280_moveit2:/home/robotics/ros2_cobot/install/mycobot_280_arduino:/home/robotics/ros2_cobot/install/mycobot_280:/home/robotics/ros2_cobot/install/mybuddy:/home/robotics/ros2_cobot/install/myarm_300:/home/robotics/ros2_cobot/install/mecharm_pi:/home/robotics/ros2_cobot/install/mecharm:/home/robotics/ros2_cobot/install/mecharm_interfaces:/opt/ros/humble PYTHONPATH=/home/robotics/ros2_cobot/build/mypalletizer_260/prefix_override:/usr/lib/python3/dist-packages/colcon_core/task/python/colcon_distutils_commands:/home/robotics/ros2_cobot/install/mypalletizer_260/lib/python3.10/site-packages:/home/robotics/ros2_cobot/install/mycobot_description/lib/python3.10/site-packages:/home/robotics/ros2_cobot/install/ultraarm/lib/python3.10/site-packages:/home/robotics/ros2_cobot/install/traj_scripts/local/lib/python3.10/dist-packages:/home/robotics/ros2_cobot/install/mypalletizer_communication/lib/python3.10/site-packages:/home/robotics/ros2_cobot/install/mypalletizer_interfaces/local/lib/python3.10/dist-packages:/home/robotics/ros2_cobot/install/mypalletizer_260_pi/lib/python3.10/site-packages:/home/robotics/ros2_cobot/install/mypalletizer_260/lib/python3.10/site-packages:/home/robotics/ros2_cobot/install/myarm_m750/lib/python3.10/site-packages:/home/robotics/ros2_cobot/install/myarm_c650/lib/python3.10/site-packages:/home/robotics/ros2_cobot/install/mycobot_communication/lib/python3.10/site-packages:/home/robotics/ros2_cobot/install/mecharm_communication/lib/python3.10/site-packages:/home/robotics/ros2_cobot/install/mycobot_interfaces/local/lib/python3.10/dist-packages:/home/robotics/ros2_cobot/install/mycobot_630/lib/python3.10/site-packages:/home/robotics/ros2_cobot/install/mycobot_600/lib/python3.10/site-packages:/home/robotics/ros2_cobot/install/mycobot_320pi/lib/python3.10/site-packages:/home/robotics/ros2_cobot/install/mycobot_320_riscv/lib/python3.10/site-packages:/home/robotics/ros2_cobot/install/mycobot_320/lib/python3.10/site-packages:/home/robotics/ros2_cobot/install/mycobot_280pi/lib/python3.10/site-packages:/home/robotics/ros2_cobot/install/mycobot_280jn/lib/python3.10/site-packages:/home/robotics/ros2_cobot/install/mycobot_280_x3pi/lib/python3.10/site-packages:/home/robotics/ros2_cobot/install/mycobot_280_riscv/lib/python3.10/site-packages:/home/robotics/ros2_cobot/install/mycobot_280_rdkx5/lib/python3.10/site-packages:/home/robotics/ros2_cobot/install/mycobot_280_moveit2_control/lib/python3.10/site-packages:/home/robotics/ros2_cobot/install/mycobot_280_arduino/lib/python3.10/site-packages:/home/robotics/ros2_cobot/install/mycobot_280/lib/python3.10/site-packages:/home/robotics/ros2_cobot/install/mybuddy/lib/python3.10/site-packages:/home/robotics/ros2_cobot/install/myarm_300/lib/python3.10/site-packages:/home/robotics/ros2_cobot/install/mecharm_pi/lib/python3.10/site-packages:/home/robotics/ros2_cobot/install/mecharm/lib/python3.10/site-packages:/home/robotics/ros2_cobot/install/mecharm_interfaces/local/lib/python3.10/dist-packages:/opt/ros/humble/lib/python3.10/site-packages:/opt/ros/humble/local/lib/python3.10/dist-packages /usr/bin/python3 -W ignore:setup.py install is deprecated -W ignore:easy_install command is deprecated setup.py egg_info --egg-base ../../../../build/mypalletizer_260 build --build-base /home/robotics/ros2_cobot/build/mypalletizer_260/build install --record /home/robotics/ros2_cobot/build/mypalletizer_260/install.log --single-version-externally-managed install_data
[6.602s] running egg_info
[6.602s] creating ../../../../build/mypalletizer_260/mypalletizer_260.egg-info
[6.603s] writing ../../../../build/mypalletizer_260/mypalletizer_260.egg-info/PKG-INFO
[6.603s] writing dependency_links to ../../../../build/mypalletizer_260/mypalletizer_260.egg-info/dependency_links.txt
[6.603s] writing entry points to ../../../../build/mypalletizer_260/mypalletizer_260.egg-info/entry_points.txt
[6.603s] writing requirements to ../../../../build/mypalletizer_260/mypalletizer_260.egg-info/requires.txt
[6.603s] writing top-level names to ../../../../build/mypalletizer_260/mypalletizer_260.egg-info/top_level.txt
[6.603s] writing manifest file '../../../../build/mypalletizer_260/mypalletizer_260.egg-info/SOURCES.txt'
[6.606s] reading manifest file '../../../../build/mypalletizer_260/mypalletizer_260.egg-info/SOURCES.txt'
[6.606s] adding license file 'LICENSE'
[6.607s] writing manifest file '../../../../build/mypalletizer_260/mypalletizer_260.egg-info/SOURCES.txt'
[6.607s] running build
[6.607s] running build_py
[6.607s] creating /home/robotics/ros2_cobot/build/mypalletizer_260/build
[6.607s] creating /home/robotics/ros2_cobot/build/mypalletizer_260/build/lib
[6.607s] creating /home/robotics/ros2_cobot/build/mypalletizer_260/build/lib/mypalletizer_260
[6.607s] copying mypalletizer_260/follow_and_pump.py -> /home/robotics/ros2_cobot/build/mypalletizer_260/build/lib/mypalletizer_260
[6.607s] copying mypalletizer_260/follow_display.py -> /home/robotics/ros2_cobot/build/mypalletizer_260/build/lib/mypalletizer_260
[6.607s] copying mypalletizer_260/listen_real_of_topic.py -> /home/robotics/ros2_cobot/build/mypalletizer_260/build/lib/mypalletizer_260
[6.607s] copying mypalletizer_260/simple_gui.py -> /home/robotics/ros2_cobot/build/mypalletizer_260/build/lib/mypalletizer_260
[6.607s] copying mypalletizer_260/slider_control.py -> /home/robotics/ros2_cobot/build/mypalletizer_260/build/lib/mypalletizer_260
[6.607s] copying mypalletizer_260/detect_marker.py -> /home/robotics/ros2_cobot/build/mypalletizer_260/build/lib/mypalletizer_260
[6.607s] copying mypalletizer_260/listen_real.py -> /home/robotics/ros2_cobot/build/mypalletizer_260/build/lib/mypalletizer_260
[6.607s] copying mypalletizer_260/following_marker.py -> /home/robotics/ros2_cobot/build/mypalletizer_260/build/lib/mypalletizer_260
[6.607s] copying mypalletizer_260/teleop_keyboard.py -> /home/robotics/ros2_cobot/build/mypalletizer_260/build/lib/mypalletizer_260
[6.608s] copying mypalletizer_260/__init__.py -> /home/robotics/ros2_cobot/build/mypalletizer_260/build/lib/mypalletizer_260
[6.608s] running install
[6.608s] running install_lib
[6.609s] creating /home/robotics/ros2_cobot/install/mypalletizer_260/lib/python3.10/site-packages/mypalletizer_260
[6.610s] copying /home/robotics/ros2_cobot/build/mypalletizer_260/build/lib/mypalletizer_260/follow_and_pump.py -> /home/robotics/ros2_cobot/install/mypalletizer_260/lib/python3.10/site-packages/mypalletizer_260
[6.610s] copying /home/robotics/ros2_cobot/build/mypalletizer_260/build/lib/mypalletizer_260/follow_display.py -> /home/robotics/ros2_cobot/install/mypalletizer_260/lib/python3.10/site-packages/mypalletizer_260
[6.610s] copying /home/robotics/ros2_cobot/build/mypalletizer_260/build/lib/mypalletizer_260/listen_real_of_topic.py -> /home/robotics/ros2_cobot/install/mypalletizer_260/lib/python3.10/site-packages/mypalletizer_260
[6.610s] copying /home/robotics/ros2_cobot/build/mypalletizer_260/build/lib/mypalletizer_260/simple_gui.py -> /home/robotics/ros2_cobot/install/mypalletizer_260/lib/python3.10/site-packages/mypalletizer_260
[6.610s] copying /home/robotics/ros2_cobot/build/mypalletizer_260/build/lib/mypalletizer_260/slider_control.py -> /home/robotics/ros2_cobot/install/mypalletizer_260/lib/python3.10/site-packages/mypalletizer_260
[6.610s] copying /home/robotics/ros2_cobot/build/mypalletizer_260/build/lib/mypalletizer_260/detect_marker.py -> /home/robotics/ros2_cobot/install/mypalletizer_260/lib/python3.10/site-packages/mypalletizer_260
[6.610s] copying /home/robotics/ros2_cobot/build/mypalletizer_260/build/lib/mypalletizer_260/listen_real.py -> /home/robotics/ros2_cobot/install/mypalletizer_260/lib/python3.10/site-packages/mypalletizer_260
[6.610s] copying /home/robotics/ros2_cobot/build/mypalletizer_260/build/lib/mypalletizer_260/following_marker.py -> /home/robotics/ros2_cobot/install/mypalletizer_260/lib/python3.10/site-packages/mypalletizer_260
[6.610s] copying /home/robotics/ros2_cobot/build/mypalletizer_260/build/lib/mypalletizer_260/teleop_keyboard.py -> /home/robotics/ros2_cobot/install/mypalletizer_260/lib/python3.10/site-packages/mypalletizer_260
[6.610s] copying /home/robotics/ros2_cobot/build/mypalletizer_260/build/lib/mypalletizer_260/__init__.py -> /home/robotics/ros2_cobot/install/mypalletizer_260/lib/python3.10/site-packages/mypalletizer_260
[6.611s] byte-compiling /home/robotics/ros2_cobot/install/mypalletizer_260/lib/python3.10/site-packages/mypalletizer_260/follow_and_pump.py to follow_and_pump.cpython-310.pyc
[6.612s] byte-compiling /home/robotics/ros2_cobot/install/mypalletizer_260/lib/python3.10/site-packages/mypalletizer_260/follow_display.py to follow_display.cpython-310.pyc
[6.613s] byte-compiling /home/robotics/ros2_cobot/install/mypalletizer_260/lib/python3.10/site-packages/mypalletizer_260/listen_real_of_topic.py to listen_real_of_topic.cpython-310.pyc
[6.613s] byte-compiling /home/robotics/ros2_cobot/install/mypalletizer_260/lib/python3.10/site-packages/mypalletizer_260/simple_gui.py to simple_gui.cpython-310.pyc
[6.615s] byte-compiling /home/robotics/ros2_cobot/install/mypalletizer_260/lib/python3.10/site-packages/mypalletizer_260/slider_control.py to slider_control.cpython-310.pyc
[6.616s] byte-compiling /home/robotics/ros2_cobot/install/mypalletizer_260/lib/python3.10/site-packages/mypalletizer_260/detect_marker.py to detect_marker.cpython-310.pyc
[6.616s] byte-compiling /home/robotics/ros2_cobot/install/mypalletizer_260/lib/python3.10/site-packages/mypalletizer_260/listen_real.py to listen_real.cpython-310.pyc
[6.617s] byte-compiling /home/robotics/ros2_cobot/install/mypalletizer_260/lib/python3.10/site-packages/mypalletizer_260/following_marker.py to following_marker.cpython-310.pyc
[6.617s] byte-compiling /home/robotics/ros2_cobot/install/mypalletizer_260/lib/python3.10/site-packages/mypalletizer_260/teleop_keyboard.py to teleop_keyboard.cpython-310.pyc
[6.618s] byte-compiling /home/robotics/ros2_cobot/install/mypalletizer_260/lib/python3.10/site-packages/mypalletizer_260/__init__.py to __init__.cpython-310.pyc
[6.618s] running install_data
[6.619s] creating /home/robotics/ros2_cobot/install/mypalletizer_260/share/ament_index
[6.619s] creating /home/robotics/ros2_cobot/install/mypalletizer_260/share/ament_index/resource_index
[6.619s] creating /home/robotics/ros2_cobot/install/mypalletizer_260/share/ament_index/resource_index/packages
[6.619s] copying resource/mypalletizer_260 -> /home/robotics/ros2_cobot/install/mypalletizer_260/share/ament_index/resource_index/packages
[6.619s] copying package.xml -> /home/robotics/ros2_cobot/install/mypalletizer_260/share/mypalletizer_260
[6.619s] creating /home/robotics/ros2_cobot/install/mypalletizer_260/share/mypalletizer_260/launch
[6.619s] copying launch/slider_control.launch.py -> /home/robotics/ros2_cobot/install/mypalletizer_260/share/mypalletizer_260/launch
[6.619s] copying launch/mycobot_follow.launch.py -> /home/robotics/ros2_cobot/install/mypalletizer_260/share/mypalletizer_260/launch
[6.619s] copying launch/detect_marker_with_topic.launch.py -> /home/robotics/ros2_cobot/install/mypalletizer_260/share/mypalletizer_260/launch
[6.619s] copying launch/teleop_keyboard.launch.py -> /home/robotics/ros2_cobot/install/mypalletizer_260/share/mypalletizer_260/launch
[6.620s] copying launch/detect_marker.launch.py -> /home/robotics/ros2_cobot/install/mypalletizer_260/share/mypalletizer_260/launch
[6.620s] copying launch/simple_gui.launch.py -> /home/robotics/ros2_cobot/install/mypalletizer_260/share/mypalletizer_260/launch
[6.620s] copying launch/test.launch.py -> /home/robotics/ros2_cobot/install/mypalletizer_260/share/mypalletizer_260/launch
[6.620s] creating /home/robotics/ros2_cobot/install/mypalletizer_260/share/mypalletizer_260/config
[6.620s] copying config/mycobot_with_marker.rviz -> /home/robotics/ros2_cobot/install/mypalletizer_260/share/mypalletizer_260/config
[6.620s] copying config/mypalletizer.rviz -> /home/robotics/ros2_cobot/install/mypalletizer_260/share/mypalletizer_260/config
[6.620s] running install_egg_info
[6.622s] Copying ../../../../build/mypalletizer_260/mypalletizer_260.egg-info to /home/robotics/ros2_cobot/install/mypalletizer_260/lib/python3.10/site-packages/mypalletizer_260-0.0.0-py3.10.egg-info
[6.626s] running install_scripts
[6.646s] Installing detect_marker script to /home/robotics/ros2_cobot/install/mypalletizer_260/lib/mypalletizer_260
[6.647s] Installing follow_display script to /home/robotics/ros2_cobot/install/mypalletizer_260/lib/mypalletizer_260
[6.647s] Installing following_marker script to /home/robotics/ros2_cobot/install/mypalletizer_260/lib/mypalletizer_260
[6.647s] Installing listen_real script to /home/robotics/ros2_cobot/install/mypalletizer_260/lib/mypalletizer_260
[6.647s] Installing listen_real_of_topic script to /home/robotics/ros2_cobot/install/mypalletizer_260/lib/mypalletizer_260
[6.647s] Installing simple_gui script to /home/robotics/ros2_cobot/install/mypalletizer_260/lib/mypalletizer_260
[6.647s] Installing slider_control script to /home/robotics/ros2_cobot/install/mypalletizer_260/lib/mypalletizer_260
[6.647s] Installing teleop_keyboard script to /home/robotics/ros2_cobot/install/mypalletizer_260/lib/mypalletizer_260
[6.647s] writing list of installed files to '/home/robotics/ros2_cobot/build/mypalletizer_260/install.log'
[6.711s] Invoked command in '/home/robotics/ros2_cobot/src/mycobot_ros2/mypalletizer_260/mypalletizer_260' returned '0': AMENT_PREFIX_PATH=/home/robotics/ros2_cobot/install/mycobot_description:/home/robotics/ros2_cobot/install/ultraarm:/home/robotics/ros2_cobot/install/traj_scripts:/home/robotics/ros2_cobot/install/mypalletizer_communication:/home/robotics/ros2_cobot/install/mypalletizer_interfaces:/home/robotics/ros2_cobot/install/mypalletizer_260_pi:/home/robotics/ros2_cobot/install/mypalletizer_260:/home/robotics/ros2_cobot/install/myarm_m750:/home/robotics/ros2_cobot/install/myarm_c650:/home/robotics/ros2_cobot/install/mycobot_communication:/home/robotics/ros2_cobot/install/mecharm_communication:/home/robotics/ros2_cobot/install/mycobot_interfaces:/home/robotics/ros2_cobot/install/mycobot_630:/home/robotics/ros2_cobot/install/mycobot_600:/home/robotics/ros2_cobot/install/mycobot_320pi:/home/robotics/ros2_cobot/install/mycobot_320_riscv:/home/robotics/ros2_cobot/install/mycobot_320:/home/robotics/ros2_cobot/install/mycobot_280rdkx5_moveit2:/home/robotics/ros2_cobot/install/mycobot_280pi:/home/robotics/ros2_cobot/install/mycobot_280jn:/home/robotics/ros2_cobot/install/mycobot_280arduino_moveit2:/home/robotics/ros2_cobot/install/mycobot_280_x3pi:/home/robotics/ros2_cobot/install/mycobot_280_riscv:/home/robotics/ros2_cobot/install/mycobot_280_rdkx5:/home/robotics/ros2_cobot/install/mycobot_280_moveit2_control:/home/robotics/ros2_cobot/install/mycobot_280_moveit2:/home/robotics/ros2_cobot/install/mycobot_280_arduino:/home/robotics/ros2_cobot/install/mycobot_280:/home/robotics/ros2_cobot/install/mybuddy:/home/robotics/ros2_cobot/install/myarm_300:/home/robotics/ros2_cobot/install/mecharm_pi:/home/robotics/ros2_cobot/install/mecharm:/home/robotics/ros2_cobot/install/mecharm_interfaces:/opt/ros/humble PYTHONPATH=/home/robotics/ros2_cobot/build/mypalletizer_260/prefix_override:/usr/lib/python3/dist-packages/colcon_core/task/python/colcon_distutils_commands:/home/robotics/ros2_cobot/install/mypalletizer_260/lib/python3.10/site-packages:/home/robotics/ros2_cobot/install/mycobot_description/lib/python3.10/site-packages:/home/robotics/ros2_cobot/install/ultraarm/lib/python3.10/site-packages:/home/robotics/ros2_cobot/install/traj_scripts/local/lib/python3.10/dist-packages:/home/robotics/ros2_cobot/install/mypalletizer_communication/lib/python3.10/site-packages:/home/robotics/ros2_cobot/install/mypalletizer_interfaces/local/lib/python3.10/dist-packages:/home/robotics/ros2_cobot/install/mypalletizer_260_pi/lib/python3.10/site-packages:/home/robotics/ros2_cobot/install/mypalletizer_260/lib/python3.10/site-packages:/home/robotics/ros2_cobot/install/myarm_m750/lib/python3.10/site-packages:/home/robotics/ros2_cobot/install/myarm_c650/lib/python3.10/site-packages:/home/robotics/ros2_cobot/install/mycobot_communication/lib/python3.10/site-packages:/home/robotics/ros2_cobot/install/mecharm_communication/lib/python3.10/site-packages:/home/robotics/ros2_cobot/install/mycobot_interfaces/local/lib/python3.10/dist-packages:/home/robotics/ros2_cobot/install/mycobot_630/lib/python3.10/site-packages:/home/robotics/ros2_cobot/install/mycobot_600/lib/python3.10/site-packages:/home/robotics/ros2_cobot/install/mycobot_320pi/lib/python3.10/site-packages:/home/robotics/ros2_cobot/install/mycobot_320_riscv/lib/python3.10/site-packages:/home/robotics/ros2_cobot/install/mycobot_320/lib/python3.10/site-packages:/home/robotics/ros2_cobot/install/mycobot_280pi/lib/python3.10/site-packages:/home/robotics/ros2_cobot/install/mycobot_280jn/lib/python3.10/site-packages:/home/robotics/ros2_cobot/install/mycobot_280_x3pi/lib/python3.10/site-packages:/home/robotics/ros2_cobot/install/mycobot_280_riscv/lib/python3.10/site-packages:/home/robotics/ros2_cobot/install/mycobot_280_rdkx5/lib/python3.10/site-packages:/home/robotics/ros2_cobot/install/mycobot_280_moveit2_control/lib/python3.10/site-packages:/home/robotics/ros2_cobot/install/mycobot_280_arduino/lib/python3.10/site-packages:/home/robotics/ros2_cobot/install/mycobot_280/lib/python3.10/site-packages:/home/robotics/ros2_cobot/install/mybuddy/lib/python3.10/site-packages:/home/robotics/ros2_cobot/install/myarm_300/lib/python3.10/site-packages:/home/robotics/ros2_cobot/install/mecharm_pi/lib/python3.10/site-packages:/home/robotics/ros2_cobot/install/mecharm/lib/python3.10/site-packages:/home/robotics/ros2_cobot/install/mecharm_interfaces/local/lib/python3.10/dist-packages:/opt/ros/humble/lib/python3.10/site-packages:/opt/ros/humble/local/lib/python3.10/dist-packages /usr/bin/python3 -W ignore:setup.py install is deprecated -W ignore:easy_install command is deprecated setup.py egg_info --egg-base ../../../../build/mypalletizer_260 build --build-base /home/robotics/ros2_cobot/build/mypalletizer_260/build install --record /home/robotics/ros2_cobot/build/mypalletizer_260/install.log --single-version-externally-managed install_data
