running egg_info
creating ../../../../build/mycobot_280/mycobot_280.egg-info
writing ../../../../build/mycobot_280/mycobot_280.egg-info/PKG-INFO
writing dependency_links to ../../../../build/mycobot_280/mycobot_280.egg-info/dependency_links.txt
writing entry points to ../../../../build/mycobot_280/mycobot_280.egg-info/entry_points.txt
writing requirements to ../../../../build/mycobot_280/mycobot_280.egg-info/requires.txt
writing top-level names to ../../../../build/mycobot_280/mycobot_280.egg-info/top_level.txt
writing manifest file '../../../../build/mycobot_280/mycobot_280.egg-info/SOURCES.txt'
reading manifest file '../../../../build/mycobot_280/mycobot_280.egg-info/SOURCES.txt'
adding license file 'LICENSE'
writing manifest file '../../../../build/mycobot_280/mycobot_280.egg-info/SOURCES.txt'
running build
running build_py
creating /home/robotics/ros2_cobot/build/mycobot_280/build
creating /home/robotics/ros2_cobot/build/mycobot_280/build/lib
creating /home/robotics/ros2_cobot/build/mycobot_280/build/lib/mycobot_280
copying mycobot_280/follow_and_pump.py -> /home/robotics/ros2_cobot/build/mycobot_280/build/lib/mycobot_280
copying mycobot_280/follow_display.py -> /home/robotics/ros2_cobot/build/mycobot_280/build/lib/mycobot_280
copying mycobot_280/camera_display.py -> /home/robotics/ros2_cobot/build/mycobot_280/build/lib/mycobot_280
copying mycobot_280/listen_real_of_topic.py -> /home/robotics/ros2_cobot/build/mycobot_280/build/lib/mycobot_280
copying mycobot_280/simple_gui.py -> /home/robotics/ros2_cobot/build/mycobot_280/build/lib/mycobot_280
copying mycobot_280/slider_control.py -> /home/robotics/ros2_cobot/build/mycobot_280/build/lib/mycobot_280
copying mycobot_280/opencv_camera.py -> /home/robotics/ros2_cobot/build/mycobot_280/build/lib/mycobot_280
copying mycobot_280/detect_marker.py -> /home/robotics/ros2_cobot/build/mycobot_280/build/lib/mycobot_280
copying mycobot_280/listen_real.py -> /home/robotics/ros2_cobot/build/mycobot_280/build/lib/mycobot_280
copying mycobot_280/following_marker.py -> /home/robotics/ros2_cobot/build/mycobot_280/build/lib/mycobot_280
copying mycobot_280/teleop_keyboard.py -> /home/robotics/ros2_cobot/build/mycobot_280/build/lib/mycobot_280
copying mycobot_280/__init__.py -> /home/robotics/ros2_cobot/build/mycobot_280/build/lib/mycobot_280
running install
running install_lib
creating /home/robotics/ros2_cobot/install/mycobot_280/lib/python3.10/site-packages/mycobot_280
copying /home/robotics/ros2_cobot/build/mycobot_280/build/lib/mycobot_280/follow_and_pump.py -> /home/robotics/ros2_cobot/install/mycobot_280/lib/python3.10/site-packages/mycobot_280
copying /home/robotics/ros2_cobot/build/mycobot_280/build/lib/mycobot_280/follow_display.py -> /home/robotics/ros2_cobot/install/mycobot_280/lib/python3.10/site-packages/mycobot_280
copying /home/robotics/ros2_cobot/build/mycobot_280/build/lib/mycobot_280/camera_display.py -> /home/robotics/ros2_cobot/install/mycobot_280/lib/python3.10/site-packages/mycobot_280
copying /home/robotics/ros2_cobot/build/mycobot_280/build/lib/mycobot_280/listen_real_of_topic.py -> /home/robotics/ros2_cobot/install/mycobot_280/lib/python3.10/site-packages/mycobot_280
copying /home/robotics/ros2_cobot/build/mycobot_280/build/lib/mycobot_280/simple_gui.py -> /home/robotics/ros2_cobot/install/mycobot_280/lib/python3.10/site-packages/mycobot_280
copying /home/robotics/ros2_cobot/build/mycobot_280/build/lib/mycobot_280/slider_control.py -> /home/robotics/ros2_cobot/install/mycobot_280/lib/python3.10/site-packages/mycobot_280
copying /home/robotics/ros2_cobot/build/mycobot_280/build/lib/mycobot_280/opencv_camera.py -> /home/robotics/ros2_cobot/install/mycobot_280/lib/python3.10/site-packages/mycobot_280
copying /home/robotics/ros2_cobot/build/mycobot_280/build/lib/mycobot_280/detect_marker.py -> /home/robotics/ros2_cobot/install/mycobot_280/lib/python3.10/site-packages/mycobot_280
copying /home/robotics/ros2_cobot/build/mycobot_280/build/lib/mycobot_280/listen_real.py -> /home/robotics/ros2_cobot/install/mycobot_280/lib/python3.10/site-packages/mycobot_280
copying /home/robotics/ros2_cobot/build/mycobot_280/build/lib/mycobot_280/following_marker.py -> /home/robotics/ros2_cobot/install/mycobot_280/lib/python3.10/site-packages/mycobot_280
copying /home/robotics/ros2_cobot/build/mycobot_280/build/lib/mycobot_280/teleop_keyboard.py -> /home/robotics/ros2_cobot/install/mycobot_280/lib/python3.10/site-packages/mycobot_280
copying /home/robotics/ros2_cobot/build/mycobot_280/build/lib/mycobot_280/__init__.py -> /home/robotics/ros2_cobot/install/mycobot_280/lib/python3.10/site-packages/mycobot_280
byte-compiling /home/robotics/ros2_cobot/install/mycobot_280/lib/python3.10/site-packages/mycobot_280/follow_and_pump.py to follow_and_pump.cpython-310.pyc
byte-compiling /home/robotics/ros2_cobot/install/mycobot_280/lib/python3.10/site-packages/mycobot_280/follow_display.py to follow_display.cpython-310.pyc
byte-compiling /home/robotics/ros2_cobot/install/mycobot_280/lib/python3.10/site-packages/mycobot_280/camera_display.py to camera_display.cpython-310.pyc
byte-compiling /home/robotics/ros2_cobot/install/mycobot_280/lib/python3.10/site-packages/mycobot_280/listen_real_of_topic.py to listen_real_of_topic.cpython-310.pyc
byte-compiling /home/robotics/ros2_cobot/install/mycobot_280/lib/python3.10/site-packages/mycobot_280/simple_gui.py to simple_gui.cpython-310.pyc
byte-compiling /home/robotics/ros2_cobot/install/mycobot_280/lib/python3.10/site-packages/mycobot_280/slider_control.py to slider_control.cpython-310.pyc
byte-compiling /home/robotics/ros2_cobot/install/mycobot_280/lib/python3.10/site-packages/mycobot_280/opencv_camera.py to opencv_camera.cpython-310.pyc
byte-compiling /home/robotics/ros2_cobot/install/mycobot_280/lib/python3.10/site-packages/mycobot_280/detect_marker.py to detect_marker.cpython-310.pyc
byte-compiling /home/robotics/ros2_cobot/install/mycobot_280/lib/python3.10/site-packages/mycobot_280/listen_real.py to listen_real.cpython-310.pyc
byte-compiling /home/robotics/ros2_cobot/install/mycobot_280/lib/python3.10/site-packages/mycobot_280/following_marker.py to following_marker.cpython-310.pyc
byte-compiling /home/robotics/ros2_cobot/install/mycobot_280/lib/python3.10/site-packages/mycobot_280/teleop_keyboard.py to teleop_keyboard.cpython-310.pyc
byte-compiling /home/robotics/ros2_cobot/install/mycobot_280/lib/python3.10/site-packages/mycobot_280/__init__.py to __init__.cpython-310.pyc
running install_data
creating /home/robotics/ros2_cobot/install/mycobot_280/share/ament_index
creating /home/robotics/ros2_cobot/install/mycobot_280/share/ament_index/resource_index
creating /home/robotics/ros2_cobot/install/mycobot_280/share/ament_index/resource_index/packages
copying resource/mycobot_280 -> /home/robotics/ros2_cobot/install/mycobot_280/share/ament_index/resource_index/packages
copying package.xml -> /home/robotics/ros2_cobot/install/mycobot_280/share/mycobot_280
creating /home/robotics/ros2_cobot/install/mycobot_280/share/mycobot_280/launch
copying launch/slider_control.launch.py -> /home/robotics/ros2_cobot/install/mycobot_280/share/mycobot_280/launch
copying launch/test_camera_flange.launch.py -> /home/robotics/ros2_cobot/install/mycobot_280/share/mycobot_280/launch
copying launch/simple_gui_pump.launch.py -> /home/robotics/ros2_cobot/install/mycobot_280/share/mycobot_280/launch
copying launch/test_camera_flange_pump.launch.py -> /home/robotics/ros2_cobot/install/mycobot_280/share/mycobot_280/launch
copying launch/test_pump.launch.py -> /home/robotics/ros2_cobot/install/mycobot_280/share/mycobot_280/launch
copying launch/slider_control_pump.launch.py -> /home/robotics/ros2_cobot/install/mycobot_280/share/mycobot_280/launch
copying launch/mycobot_follow.launch.py -> /home/robotics/ros2_cobot/install/mycobot_280/share/mycobot_280/launch
copying launch/detect_marker_with_topic.launch.py -> /home/robotics/ros2_cobot/install/mycobot_280/share/mycobot_280/launch
copying launch/slider_control_camera_flange.launch.py -> /home/robotics/ros2_cobot/install/mycobot_280/share/mycobot_280/launch
copying launch/teleop_keyboard.launch.py -> /home/robotics/ros2_cobot/install/mycobot_280/share/mycobot_280/launch
copying launch/detect_marker.launch.py -> /home/robotics/ros2_cobot/install/mycobot_280/share/mycobot_280/launch
copying launch/simple_gui.launch.py -> /home/robotics/ros2_cobot/install/mycobot_280/share/mycobot_280/launch
copying launch/test.launch.py -> /home/robotics/ros2_cobot/install/mycobot_280/share/mycobot_280/launch
creating /home/robotics/ros2_cobot/install/mycobot_280/share/mycobot_280/config
copying config/mycobot_with_marker.rviz -> /home/robotics/ros2_cobot/install/mycobot_280/share/mycobot_280/config
copying config/mycobot.rviz -> /home/robotics/ros2_cobot/install/mycobot_280/share/mycobot_280/config
running install_egg_info
Copying ../../../../build/mycobot_280/mycobot_280.egg-info to /home/robotics/ros2_cobot/install/mycobot_280/lib/python3.10/site-packages/mycobot_280-0.0.0-py3.10.egg-info
running install_scripts
Installing camera_display script to /home/robotics/ros2_cobot/install/mycobot_280/lib/mycobot_280
Installing detect_marker script to /home/robotics/ros2_cobot/install/mycobot_280/lib/mycobot_280
Installing follow_display script to /home/robotics/ros2_cobot/install/mycobot_280/lib/mycobot_280
Installing following_marker script to /home/robotics/ros2_cobot/install/mycobot_280/lib/mycobot_280
Installing listen_real script to /home/robotics/ros2_cobot/install/mycobot_280/lib/mycobot_280
Installing listen_real_of_topic script to /home/robotics/ros2_cobot/install/mycobot_280/lib/mycobot_280
Installing opencv_camera script to /home/robotics/ros2_cobot/install/mycobot_280/lib/mycobot_280
Installing simple_gui script to /home/robotics/ros2_cobot/install/mycobot_280/lib/mycobot_280
Installing slider_control script to /home/robotics/ros2_cobot/install/mycobot_280/lib/mycobot_280
Installing teleop_keyboard script to /home/robotics/ros2_cobot/install/mycobot_280/lib/mycobot_280
writing list of installed files to '/home/robotics/ros2_cobot/build/mycobot_280/install.log'
