[2.588s] Invoking command in '/home/robotics/ros2_cobot/src/mycobot_ros2/mycobot_280/mycobot_280': AMENT_PREFIX_PATH=/home/robotics/ros2_cobot/install/mycobot_description:/home/robotics/ros2_cobot/install/ultraarm:/home/robotics/ros2_cobot/install/traj_scripts:/home/robotics/ros2_cobot/install/mypalletizer_communication:/home/robotics/ros2_cobot/install/mypalletizer_interfaces:/home/robotics/ros2_cobot/install/mypalletizer_260_pi:/home/robotics/ros2_cobot/install/mypalletizer_260:/home/robotics/ros2_cobot/install/myarm_m750:/home/robotics/ros2_cobot/install/myarm_c650:/home/robotics/ros2_cobot/install/mycobot_communication:/home/robotics/ros2_cobot/install/mecharm_communication:/home/robotics/ros2_cobot/install/mycobot_interfaces:/home/robotics/ros2_cobot/install/mycobot_630:/home/robotics/ros2_cobot/install/mycobot_600:/home/robotics/ros2_cobot/install/mycobot_320pi:/home/robotics/ros2_cobot/install/mycobot_320_riscv:/home/robotics/ros2_cobot/install/mycobot_320:/home/robotics/ros2_cobot/install/mycobot_280rdkx5_moveit2:/home/robotics/ros2_cobot/install/mycobot_280pi:/home/robotics/ros2_cobot/install/mycobot_280jn:/home/robotics/ros2_cobot/install/mycobot_280arduino_moveit2:/home/robotics/ros2_cobot/install/mycobot_280_x3pi:/home/robotics/ros2_cobot/install/mycobot_280_riscv:/home/robotics/ros2_cobot/install/mycobot_280_rdkx5:/home/robotics/ros2_cobot/install/mycobot_280_moveit2_control:/home/robotics/ros2_cobot/install/mycobot_280_moveit2:/home/robotics/ros2_cobot/install/mycobot_280_arduino:/home/robotics/ros2_cobot/install/mycobot_280:/home/robotics/ros2_cobot/install/mybuddy:/home/robotics/ros2_cobot/install/myarm_300:/home/robotics/ros2_cobot/install/mecharm_pi:/home/robotics/ros2_cobot/install/mecharm:/home/robotics/ros2_cobot/install/mecharm_interfaces:/opt/ros/humble PYTHONPATH=/home/robotics/ros2_cobot/build/mycobot_280/prefix_override:/usr/lib/python3/dist-packages/colcon_core/task/python/colcon_distutils_commands:/home/robotics/ros2_cobot/install/mycobot_280/lib/python3.10/site-packages:/home/robotics/ros2_cobot/install/mycobot_description/lib/python3.10/site-packages:/home/robotics/ros2_cobot/install/ultraarm/lib/python3.10/site-packages:/home/robotics/ros2_cobot/install/traj_scripts/local/lib/python3.10/dist-packages:/home/robotics/ros2_cobot/install/mypalletizer_communication/lib/python3.10/site-packages:/home/robotics/ros2_cobot/install/mypalletizer_interfaces/local/lib/python3.10/dist-packages:/home/robotics/ros2_cobot/install/mypalletizer_260_pi/lib/python3.10/site-packages:/home/robotics/ros2_cobot/install/mypalletizer_260/lib/python3.10/site-packages:/home/robotics/ros2_cobot/install/myarm_m750/lib/python3.10/site-packages:/home/robotics/ros2_cobot/install/myarm_c650/lib/python3.10/site-packages:/home/robotics/ros2_cobot/install/mycobot_communication/lib/python3.10/site-packages:/home/robotics/ros2_cobot/install/mecharm_communication/lib/python3.10/site-packages:/home/robotics/ros2_cobot/install/mycobot_interfaces/local/lib/python3.10/dist-packages:/home/robotics/ros2_cobot/install/mycobot_630/lib/python3.10/site-packages:/home/robotics/ros2_cobot/install/mycobot_600/lib/python3.10/site-packages:/home/robotics/ros2_cobot/install/mycobot_320pi/lib/python3.10/site-packages:/home/robotics/ros2_cobot/install/mycobot_320_riscv/lib/python3.10/site-packages:/home/robotics/ros2_cobot/install/mycobot_320/lib/python3.10/site-packages:/home/robotics/ros2_cobot/install/mycobot_280pi/lib/python3.10/site-packages:/home/robotics/ros2_cobot/install/mycobot_280jn/lib/python3.10/site-packages:/home/robotics/ros2_cobot/install/mycobot_280_x3pi/lib/python3.10/site-packages:/home/robotics/ros2_cobot/install/mycobot_280_riscv/lib/python3.10/site-packages:/home/robotics/ros2_cobot/install/mycobot_280_rdkx5/lib/python3.10/site-packages:/home/robotics/ros2_cobot/install/mycobot_280_moveit2_control/lib/python3.10/site-packages:/home/robotics/ros2_cobot/install/mycobot_280_arduino/lib/python3.10/site-packages:/home/robotics/ros2_cobot/install/mycobot_280/lib/python3.10/site-packages:/home/robotics/ros2_cobot/install/mybuddy/lib/python3.10/site-packages:/home/robotics/ros2_cobot/install/myarm_300/lib/python3.10/site-packages:/home/robotics/ros2_cobot/install/mecharm_pi/lib/python3.10/site-packages:/home/robotics/ros2_cobot/install/mecharm/lib/python3.10/site-packages:/home/robotics/ros2_cobot/install/mecharm_interfaces/local/lib/python3.10/dist-packages:/opt/ros/humble/lib/python3.10/site-packages:/opt/ros/humble/local/lib/python3.10/dist-packages /usr/bin/python3 -W ignore:setup.py install is deprecated -W ignore:easy_install command is deprecated setup.py egg_info --egg-base ../../../../build/mycobot_280 build --build-base /home/robotics/ros2_cobot/build/mycobot_280/build install --record /home/robotics/ros2_cobot/build/mycobot_280/install.log --single-version-externally-managed install_data
[3.089s] running egg_info
[3.089s] creating ../../../../build/mycobot_280/mycobot_280.egg-info
[3.097s] writing ../../../../build/mycobot_280/mycobot_280.egg-info/PKG-INFO
[3.097s] writing dependency_links to ../../../../build/mycobot_280/mycobot_280.egg-info/dependency_links.txt
[3.098s] writing entry points to ../../../../build/mycobot_280/mycobot_280.egg-info/entry_points.txt
[3.101s] writing requirements to ../../../../build/mycobot_280/mycobot_280.egg-info/requires.txt
[3.101s] writing top-level names to ../../../../build/mycobot_280/mycobot_280.egg-info/top_level.txt
[3.102s] writing manifest file '../../../../build/mycobot_280/mycobot_280.egg-info/SOURCES.txt'
[3.107s] reading manifest file '../../../../build/mycobot_280/mycobot_280.egg-info/SOURCES.txt'
[3.107s] adding license file 'LICENSE'
[3.108s] writing manifest file '../../../../build/mycobot_280/mycobot_280.egg-info/SOURCES.txt'
[3.108s] running build
[3.108s] running build_py
[3.108s] creating /home/robotics/ros2_cobot/build/mycobot_280/build
[3.117s] creating /home/robotics/ros2_cobot/build/mycobot_280/build/lib
[3.117s] creating /home/robotics/ros2_cobot/build/mycobot_280/build/lib/mycobot_280
[3.118s] copying mycobot_280/follow_and_pump.py -> /home/robotics/ros2_cobot/build/mycobot_280/build/lib/mycobot_280
[3.118s] copying mycobot_280/follow_display.py -> /home/robotics/ros2_cobot/build/mycobot_280/build/lib/mycobot_280
[3.118s] copying mycobot_280/camera_display.py -> /home/robotics/ros2_cobot/build/mycobot_280/build/lib/mycobot_280
[3.118s] copying mycobot_280/listen_real_of_topic.py -> /home/robotics/ros2_cobot/build/mycobot_280/build/lib/mycobot_280
[3.118s] copying mycobot_280/simple_gui.py -> /home/robotics/ros2_cobot/build/mycobot_280/build/lib/mycobot_280
[3.118s] copying mycobot_280/slider_control.py -> /home/robotics/ros2_cobot/build/mycobot_280/build/lib/mycobot_280
[3.118s] copying mycobot_280/opencv_camera.py -> /home/robotics/ros2_cobot/build/mycobot_280/build/lib/mycobot_280
[3.118s] copying mycobot_280/detect_marker.py -> /home/robotics/ros2_cobot/build/mycobot_280/build/lib/mycobot_280
[3.122s] copying mycobot_280/listen_real.py -> /home/robotics/ros2_cobot/build/mycobot_280/build/lib/mycobot_280
[3.122s] copying mycobot_280/following_marker.py -> /home/robotics/ros2_cobot/build/mycobot_280/build/lib/mycobot_280
[3.122s] copying mycobot_280/teleop_keyboard.py -> /home/robotics/ros2_cobot/build/mycobot_280/build/lib/mycobot_280
[3.122s] copying mycobot_280/__init__.py -> /home/robotics/ros2_cobot/build/mycobot_280/build/lib/mycobot_280
[3.122s] running install
[3.123s] running install_lib
[3.124s] creating /home/robotics/ros2_cobot/install/mycobot_280/lib/python3.10/site-packages/mycobot_280
[3.125s] copying /home/robotics/ros2_cobot/build/mycobot_280/build/lib/mycobot_280/follow_and_pump.py -> /home/robotics/ros2_cobot/install/mycobot_280/lib/python3.10/site-packages/mycobot_280
[3.125s] copying /home/robotics/ros2_cobot/build/mycobot_280/build/lib/mycobot_280/follow_display.py -> /home/robotics/ros2_cobot/install/mycobot_280/lib/python3.10/site-packages/mycobot_280
[3.125s] copying /home/robotics/ros2_cobot/build/mycobot_280/build/lib/mycobot_280/camera_display.py -> /home/robotics/ros2_cobot/install/mycobot_280/lib/python3.10/site-packages/mycobot_280
[3.125s] copying /home/robotics/ros2_cobot/build/mycobot_280/build/lib/mycobot_280/listen_real_of_topic.py -> /home/robotics/ros2_cobot/install/mycobot_280/lib/python3.10/site-packages/mycobot_280
[3.126s] copying /home/robotics/ros2_cobot/build/mycobot_280/build/lib/mycobot_280/simple_gui.py -> /home/robotics/ros2_cobot/install/mycobot_280/lib/python3.10/site-packages/mycobot_280
[3.126s] copying /home/robotics/ros2_cobot/build/mycobot_280/build/lib/mycobot_280/slider_control.py -> /home/robotics/ros2_cobot/install/mycobot_280/lib/python3.10/site-packages/mycobot_280
[3.126s] copying /home/robotics/ros2_cobot/build/mycobot_280/build/lib/mycobot_280/opencv_camera.py -> /home/robotics/ros2_cobot/install/mycobot_280/lib/python3.10/site-packages/mycobot_280
[3.127s] copying /home/robotics/ros2_cobot/build/mycobot_280/build/lib/mycobot_280/detect_marker.py -> /home/robotics/ros2_cobot/install/mycobot_280/lib/python3.10/site-packages/mycobot_280
[3.127s] copying /home/robotics/ros2_cobot/build/mycobot_280/build/lib/mycobot_280/listen_real.py -> /home/robotics/ros2_cobot/install/mycobot_280/lib/python3.10/site-packages/mycobot_280
[3.127s] copying /home/robotics/ros2_cobot/build/mycobot_280/build/lib/mycobot_280/following_marker.py -> /home/robotics/ros2_cobot/install/mycobot_280/lib/python3.10/site-packages/mycobot_280
[3.128s] copying /home/robotics/ros2_cobot/build/mycobot_280/build/lib/mycobot_280/teleop_keyboard.py -> /home/robotics/ros2_cobot/install/mycobot_280/lib/python3.10/site-packages/mycobot_280
[3.128s] copying /home/robotics/ros2_cobot/build/mycobot_280/build/lib/mycobot_280/__init__.py -> /home/robotics/ros2_cobot/install/mycobot_280/lib/python3.10/site-packages/mycobot_280
[3.130s] byte-compiling /home/robotics/ros2_cobot/install/mycobot_280/lib/python3.10/site-packages/mycobot_280/follow_and_pump.py to follow_and_pump.cpython-310.pyc
[3.130s] byte-compiling /home/robotics/ros2_cobot/install/mycobot_280/lib/python3.10/site-packages/mycobot_280/follow_display.py to follow_display.cpython-310.pyc
[3.131s] byte-compiling /home/robotics/ros2_cobot/install/mycobot_280/lib/python3.10/site-packages/mycobot_280/camera_display.py to camera_display.cpython-310.pyc
[3.132s] byte-compiling /home/robotics/ros2_cobot/install/mycobot_280/lib/python3.10/site-packages/mycobot_280/listen_real_of_topic.py to listen_real_of_topic.cpython-310.pyc
[3.132s] byte-compiling /home/robotics/ros2_cobot/install/mycobot_280/lib/python3.10/site-packages/mycobot_280/simple_gui.py to simple_gui.cpython-310.pyc
[3.137s] byte-compiling /home/robotics/ros2_cobot/install/mycobot_280/lib/python3.10/site-packages/mycobot_280/slider_control.py to slider_control.cpython-310.pyc
[3.138s] byte-compiling /home/robotics/ros2_cobot/install/mycobot_280/lib/python3.10/site-packages/mycobot_280/opencv_camera.py to opencv_camera.cpython-310.pyc
[3.139s] byte-compiling /home/robotics/ros2_cobot/install/mycobot_280/lib/python3.10/site-packages/mycobot_280/detect_marker.py to detect_marker.cpython-310.pyc
[3.140s] byte-compiling /home/robotics/ros2_cobot/install/mycobot_280/lib/python3.10/site-packages/mycobot_280/listen_real.py to listen_real.cpython-310.pyc
[3.140s] byte-compiling /home/robotics/ros2_cobot/install/mycobot_280/lib/python3.10/site-packages/mycobot_280/following_marker.py to following_marker.cpython-310.pyc
[3.141s] byte-compiling /home/robotics/ros2_cobot/install/mycobot_280/lib/python3.10/site-packages/mycobot_280/teleop_keyboard.py to teleop_keyboard.cpython-310.pyc
[3.144s] byte-compiling /home/robotics/ros2_cobot/install/mycobot_280/lib/python3.10/site-packages/mycobot_280/__init__.py to __init__.cpython-310.pyc
[3.144s] running install_data
[3.145s] creating /home/robotics/ros2_cobot/install/mycobot_280/share/ament_index
[3.146s] creating /home/robotics/ros2_cobot/install/mycobot_280/share/ament_index/resource_index
[3.146s] creating /home/robotics/ros2_cobot/install/mycobot_280/share/ament_index/resource_index/packages
[3.146s] copying resource/mycobot_280 -> /home/robotics/ros2_cobot/install/mycobot_280/share/ament_index/resource_index/packages
[3.146s] copying package.xml -> /home/robotics/ros2_cobot/install/mycobot_280/share/mycobot_280
[3.146s] creating /home/robotics/ros2_cobot/install/mycobot_280/share/mycobot_280/launch
[3.146s] copying launch/slider_control.launch.py -> /home/robotics/ros2_cobot/install/mycobot_280/share/mycobot_280/launch
[3.146s] copying launch/test_camera_flange.launch.py -> /home/robotics/ros2_cobot/install/mycobot_280/share/mycobot_280/launch
[3.146s] copying launch/simple_gui_pump.launch.py -> /home/robotics/ros2_cobot/install/mycobot_280/share/mycobot_280/launch
[3.146s] copying launch/test_camera_flange_pump.launch.py -> /home/robotics/ros2_cobot/install/mycobot_280/share/mycobot_280/launch
[3.146s] copying launch/test_pump.launch.py -> /home/robotics/ros2_cobot/install/mycobot_280/share/mycobot_280/launch
[3.150s] copying launch/slider_control_pump.launch.py -> /home/robotics/ros2_cobot/install/mycobot_280/share/mycobot_280/launch
[3.151s] copying launch/mycobot_follow.launch.py -> /home/robotics/ros2_cobot/install/mycobot_280/share/mycobot_280/launch
[3.151s] copying launch/detect_marker_with_topic.launch.py -> /home/robotics/ros2_cobot/install/mycobot_280/share/mycobot_280/launch
[3.151s] copying launch/slider_control_camera_flange.launch.py -> /home/robotics/ros2_cobot/install/mycobot_280/share/mycobot_280/launch
[3.151s] copying launch/teleop_keyboard.launch.py -> /home/robotics/ros2_cobot/install/mycobot_280/share/mycobot_280/launch
[3.151s] copying launch/detect_marker.launch.py -> /home/robotics/ros2_cobot/install/mycobot_280/share/mycobot_280/launch
[3.151s] copying launch/simple_gui.launch.py -> /home/robotics/ros2_cobot/install/mycobot_280/share/mycobot_280/launch
[3.151s] copying launch/test.launch.py -> /home/robotics/ros2_cobot/install/mycobot_280/share/mycobot_280/launch
[3.151s] creating /home/robotics/ros2_cobot/install/mycobot_280/share/mycobot_280/config
[3.151s] copying config/mycobot_with_marker.rviz -> /home/robotics/ros2_cobot/install/mycobot_280/share/mycobot_280/config
[3.151s] copying config/mycobot.rviz -> /home/robotics/ros2_cobot/install/mycobot_280/share/mycobot_280/config
[3.152s] running install_egg_info
[3.154s] Copying ../../../../build/mycobot_280/mycobot_280.egg-info to /home/robotics/ros2_cobot/install/mycobot_280/lib/python3.10/site-packages/mycobot_280-0.0.0-py3.10.egg-info
[3.155s] running install_scripts
[3.209s] Installing camera_display script to /home/robotics/ros2_cobot/install/mycobot_280/lib/mycobot_280
[3.210s] Installing detect_marker script to /home/robotics/ros2_cobot/install/mycobot_280/lib/mycobot_280
[3.210s] Installing follow_display script to /home/robotics/ros2_cobot/install/mycobot_280/lib/mycobot_280
[3.210s] Installing following_marker script to /home/robotics/ros2_cobot/install/mycobot_280/lib/mycobot_280
[3.210s] Installing listen_real script to /home/robotics/ros2_cobot/install/mycobot_280/lib/mycobot_280
[3.210s] Installing listen_real_of_topic script to /home/robotics/ros2_cobot/install/mycobot_280/lib/mycobot_280
[3.210s] Installing opencv_camera script to /home/robotics/ros2_cobot/install/mycobot_280/lib/mycobot_280
[3.210s] Installing simple_gui script to /home/robotics/ros2_cobot/install/mycobot_280/lib/mycobot_280
[3.210s] Installing slider_control script to /home/robotics/ros2_cobot/install/mycobot_280/lib/mycobot_280
[3.210s] Installing teleop_keyboard script to /home/robotics/ros2_cobot/install/mycobot_280/lib/mycobot_280
[3.211s] writing list of installed files to '/home/robotics/ros2_cobot/build/mycobot_280/install.log'
[3.279s] Invoked command in '/home/robotics/ros2_cobot/src/mycobot_ros2/mycobot_280/mycobot_280' returned '0': AMENT_PREFIX_PATH=/home/robotics/ros2_cobot/install/mycobot_description:/home/robotics/ros2_cobot/install/ultraarm:/home/robotics/ros2_cobot/install/traj_scripts:/home/robotics/ros2_cobot/install/mypalletizer_communication:/home/robotics/ros2_cobot/install/mypalletizer_interfaces:/home/robotics/ros2_cobot/install/mypalletizer_260_pi:/home/robotics/ros2_cobot/install/mypalletizer_260:/home/robotics/ros2_cobot/install/myarm_m750:/home/robotics/ros2_cobot/install/myarm_c650:/home/robotics/ros2_cobot/install/mycobot_communication:/home/robotics/ros2_cobot/install/mecharm_communication:/home/robotics/ros2_cobot/install/mycobot_interfaces:/home/robotics/ros2_cobot/install/mycobot_630:/home/robotics/ros2_cobot/install/mycobot_600:/home/robotics/ros2_cobot/install/mycobot_320pi:/home/robotics/ros2_cobot/install/mycobot_320_riscv:/home/robotics/ros2_cobot/install/mycobot_320:/home/robotics/ros2_cobot/install/mycobot_280rdkx5_moveit2:/home/robotics/ros2_cobot/install/mycobot_280pi:/home/robotics/ros2_cobot/install/mycobot_280jn:/home/robotics/ros2_cobot/install/mycobot_280arduino_moveit2:/home/robotics/ros2_cobot/install/mycobot_280_x3pi:/home/robotics/ros2_cobot/install/mycobot_280_riscv:/home/robotics/ros2_cobot/install/mycobot_280_rdkx5:/home/robotics/ros2_cobot/install/mycobot_280_moveit2_control:/home/robotics/ros2_cobot/install/mycobot_280_moveit2:/home/robotics/ros2_cobot/install/mycobot_280_arduino:/home/robotics/ros2_cobot/install/mycobot_280:/home/robotics/ros2_cobot/install/mybuddy:/home/robotics/ros2_cobot/install/myarm_300:/home/robotics/ros2_cobot/install/mecharm_pi:/home/robotics/ros2_cobot/install/mecharm:/home/robotics/ros2_cobot/install/mecharm_interfaces:/opt/ros/humble PYTHONPATH=/home/robotics/ros2_cobot/build/mycobot_280/prefix_override:/usr/lib/python3/dist-packages/colcon_core/task/python/colcon_distutils_commands:/home/robotics/ros2_cobot/install/mycobot_280/lib/python3.10/site-packages:/home/robotics/ros2_cobot/install/mycobot_description/lib/python3.10/site-packages:/home/robotics/ros2_cobot/install/ultraarm/lib/python3.10/site-packages:/home/robotics/ros2_cobot/install/traj_scripts/local/lib/python3.10/dist-packages:/home/robotics/ros2_cobot/install/mypalletizer_communication/lib/python3.10/site-packages:/home/robotics/ros2_cobot/install/mypalletizer_interfaces/local/lib/python3.10/dist-packages:/home/robotics/ros2_cobot/install/mypalletizer_260_pi/lib/python3.10/site-packages:/home/robotics/ros2_cobot/install/mypalletizer_260/lib/python3.10/site-packages:/home/robotics/ros2_cobot/install/myarm_m750/lib/python3.10/site-packages:/home/robotics/ros2_cobot/install/myarm_c650/lib/python3.10/site-packages:/home/robotics/ros2_cobot/install/mycobot_communication/lib/python3.10/site-packages:/home/robotics/ros2_cobot/install/mecharm_communication/lib/python3.10/site-packages:/home/robotics/ros2_cobot/install/mycobot_interfaces/local/lib/python3.10/dist-packages:/home/robotics/ros2_cobot/install/mycobot_630/lib/python3.10/site-packages:/home/robotics/ros2_cobot/install/mycobot_600/lib/python3.10/site-packages:/home/robotics/ros2_cobot/install/mycobot_320pi/lib/python3.10/site-packages:/home/robotics/ros2_cobot/install/mycobot_320_riscv/lib/python3.10/site-packages:/home/robotics/ros2_cobot/install/mycobot_320/lib/python3.10/site-packages:/home/robotics/ros2_cobot/install/mycobot_280pi/lib/python3.10/site-packages:/home/robotics/ros2_cobot/install/mycobot_280jn/lib/python3.10/site-packages:/home/robotics/ros2_cobot/install/mycobot_280_x3pi/lib/python3.10/site-packages:/home/robotics/ros2_cobot/install/mycobot_280_riscv/lib/python3.10/site-packages:/home/robotics/ros2_cobot/install/mycobot_280_rdkx5/lib/python3.10/site-packages:/home/robotics/ros2_cobot/install/mycobot_280_moveit2_control/lib/python3.10/site-packages:/home/robotics/ros2_cobot/install/mycobot_280_arduino/lib/python3.10/site-packages:/home/robotics/ros2_cobot/install/mycobot_280/lib/python3.10/site-packages:/home/robotics/ros2_cobot/install/mybuddy/lib/python3.10/site-packages:/home/robotics/ros2_cobot/install/myarm_300/lib/python3.10/site-packages:/home/robotics/ros2_cobot/install/mecharm_pi/lib/python3.10/site-packages:/home/robotics/ros2_cobot/install/mecharm/lib/python3.10/site-packages:/home/robotics/ros2_cobot/install/mecharm_interfaces/local/lib/python3.10/dist-packages:/opt/ros/humble/lib/python3.10/site-packages:/opt/ros/humble/local/lib/python3.10/dist-packages /usr/bin/python3 -W ignore:setup.py install is deprecated -W ignore:easy_install command is deprecated setup.py egg_info --egg-base ../../../../build/mycobot_280 build --build-base /home/robotics/ros2_cobot/build/mycobot_280/build install --record /home/robotics/ros2_cobot/build/mycobot_280/install.log --single-version-externally-managed install_data
