running egg_info
writing ../../../../build/mybuddy/mybuddy.egg-info/PKG-INFO
writing dependency_links to ../../../../build/mybuddy/mybuddy.egg-info/dependency_links.txt
writing entry points to ../../../../build/mybuddy/mybuddy.egg-info/entry_points.txt
writing requirements to ../../../../build/mybuddy/mybuddy.egg-info/requires.txt
writing top-level names to ../../../../build/mybuddy/mybuddy.egg-info/top_level.txt
reading manifest file '../../../../build/mybuddy/mybuddy.egg-info/SOURCES.txt'
writing manifest file '../../../../build/mybuddy/mybuddy.egg-info/SOURCES.txt'
running build
running build_py
running install
running install_lib
running install_data
running install_egg_info
removing '/home/robotics/ros2_cobot/install/mybuddy/lib/python3.10/site-packages/mybuddy-0.0.0-py3.10.egg-info' (and everything under it)
Copying ../../../../build/mybuddy/mybuddy.egg-info to /home/robotics/ros2_cobot/install/mybuddy/lib/python3.10/site-packages/mybuddy-0.0.0-py3.10.egg-info
running install_scripts
Installing follow_display script to /home/robotics/ros2_cobot/install/mybuddy/lib/mybuddy
Installing listen_real script to /home/robotics/ros2_cobot/install/mybuddy/lib/mybuddy
Installing listen_real_of_topic script to /home/robotics/ros2_cobot/install/mybuddy/lib/mybuddy
Installing slider_control script to /home/robotics/ros2_cobot/install/mybuddy/lib/mybuddy
writing list of installed files to '/home/robotics/ros2_cobot/build/mybuddy/install.log'
