running egg_info
writing ../../../../build/myarm_m750/myarm_m750.egg-info/PKG-INFO
writing dependency_links to ../../../../build/myarm_m750/myarm_m750.egg-info/dependency_links.txt
writing entry points to ../../../../build/myarm_m750/myarm_m750.egg-info/entry_points.txt
writing requirements to ../../../../build/myarm_m750/myarm_m750.egg-info/requires.txt
writing top-level names to ../../../../build/myarm_m750/myarm_m750.egg-info/top_level.txt
reading manifest file '../../../../build/myarm_m750/myarm_m750.egg-info/SOURCES.txt'
adding license file 'LICENSE'
writing manifest file '../../../../build/myarm_m750/myarm_m750.egg-info/SOURCES.txt'
running build
running build_py
running install
running install_lib
running install_data
running install_egg_info
removing '/home/robotics/ros2_cobot/install/myarm_m750/lib/python3.10/site-packages/myarm_m750-0.0.0-py3.10.egg-info' (and everything under it)
Copying ../../../../build/myarm_m750/myarm_m750.egg-info to /home/robotics/ros2_cobot/install/myarm_m750/lib/python3.10/site-packages/myarm_m750-0.0.0-py3.10.egg-info
running install_scripts
Installing combined_control script to /home/robotics/ros2_cobot/install/myarm_m750/lib/myarm_m750
Installing follow_display script to /home/robotics/ros2_cobot/install/myarm_m750/lib/myarm_m750
Installing read_control script to /home/robotics/ros2_cobot/install/myarm_m750/lib/myarm_m750
Installing simple_gui script to /home/robotics/ros2_cobot/install/myarm_m750/lib/myarm_m750
Installing slider_control script to /home/robotics/ros2_cobot/install/myarm_m750/lib/myarm_m750
Installing teleop_keyboard script to /home/robotics/ros2_cobot/install/myarm_m750/lib/myarm_m750
writing list of installed files to '/home/robotics/ros2_cobot/build/myarm_m750/install.log'
