running egg_info
creating ../../../../build/mycobot_320pi/mycobot_320pi.egg-info
writing ../../../../build/mycobot_320pi/mycobot_320pi.egg-info/PKG-INFO
writing dependency_links to ../../../../build/mycobot_320pi/mycobot_320pi.egg-info/dependency_links.txt
writing entry points to ../../../../build/mycobot_320pi/mycobot_320pi.egg-info/entry_points.txt
writing requirements to ../../../../build/mycobot_320pi/mycobot_320pi.egg-info/requires.txt
writing top-level names to ../../../../build/mycobot_320pi/mycobot_320pi.egg-info/top_level.txt
writing manifest file '../../../../build/mycobot_320pi/mycobot_320pi.egg-info/SOURCES.txt'
reading manifest file '../../../../build/mycobot_320pi/mycobot_320pi.egg-info/SOURCES.txt'
adding license file 'LICENSE'
writing manifest file '../../../../build/mycobot_320pi/mycobot_320pi.egg-info/SOURCES.txt'
running build
running build_py
creating /home/robotics/ros2_cobot/build/mycobot_320pi/build
creating /home/robotics/ros2_cobot/build/mycobot_320pi/build/lib
creating /home/robotics/ros2_cobot/build/mycobot_320pi/build/lib/mycobot_320pi
copying mycobot_320pi/follow_display.py -> /home/robotics/ros2_cobot/build/mycobot_320pi/build/lib/mycobot_320pi
copying mycobot_320pi/listen_real_of_topic.py -> /home/robotics/ros2_cobot/build/mycobot_320pi/build/lib/mycobot_320pi
copying mycobot_320pi/simple_gui.py -> /home/robotics/ros2_cobot/build/mycobot_320pi/build/lib/mycobot_320pi
copying mycobot_320pi/slider_control.py -> /home/robotics/ros2_cobot/build/mycobot_320pi/build/lib/mycobot_320pi
copying mycobot_320pi/listen_real.py -> /home/robotics/ros2_cobot/build/mycobot_320pi/build/lib/mycobot_320pi
copying mycobot_320pi/teleop_keyboard.py -> /home/robotics/ros2_cobot/build/mycobot_320pi/build/lib/mycobot_320pi
copying mycobot_320pi/__init__.py -> /home/robotics/ros2_cobot/build/mycobot_320pi/build/lib/mycobot_320pi
running install
running install_lib
creating /home/robotics/ros2_cobot/install/mycobot_320pi/lib/python3.10/site-packages/mycobot_320pi
copying /home/robotics/ros2_cobot/build/mycobot_320pi/build/lib/mycobot_320pi/follow_display.py -> /home/robotics/ros2_cobot/install/mycobot_320pi/lib/python3.10/site-packages/mycobot_320pi
copying /home/robotics/ros2_cobot/build/mycobot_320pi/build/lib/mycobot_320pi/listen_real_of_topic.py -> /home/robotics/ros2_cobot/install/mycobot_320pi/lib/python3.10/site-packages/mycobot_320pi
copying /home/robotics/ros2_cobot/build/mycobot_320pi/build/lib/mycobot_320pi/simple_gui.py -> /home/robotics/ros2_cobot/install/mycobot_320pi/lib/python3.10/site-packages/mycobot_320pi
copying /home/robotics/ros2_cobot/build/mycobot_320pi/build/lib/mycobot_320pi/slider_control.py -> /home/robotics/ros2_cobot/install/mycobot_320pi/lib/python3.10/site-packages/mycobot_320pi
copying /home/robotics/ros2_cobot/build/mycobot_320pi/build/lib/mycobot_320pi/listen_real.py -> /home/robotics/ros2_cobot/install/mycobot_320pi/lib/python3.10/site-packages/mycobot_320pi
copying /home/robotics/ros2_cobot/build/mycobot_320pi/build/lib/mycobot_320pi/teleop_keyboard.py -> /home/robotics/ros2_cobot/install/mycobot_320pi/lib/python3.10/site-packages/mycobot_320pi
copying /home/robotics/ros2_cobot/build/mycobot_320pi/build/lib/mycobot_320pi/__init__.py -> /home/robotics/ros2_cobot/install/mycobot_320pi/lib/python3.10/site-packages/mycobot_320pi
byte-compiling /home/robotics/ros2_cobot/install/mycobot_320pi/lib/python3.10/site-packages/mycobot_320pi/follow_display.py to follow_display.cpython-310.pyc
byte-compiling /home/robotics/ros2_cobot/install/mycobot_320pi/lib/python3.10/site-packages/mycobot_320pi/listen_real_of_topic.py to listen_real_of_topic.cpython-310.pyc
byte-compiling /home/robotics/ros2_cobot/install/mycobot_320pi/lib/python3.10/site-packages/mycobot_320pi/simple_gui.py to simple_gui.cpython-310.pyc
byte-compiling /home/robotics/ros2_cobot/install/mycobot_320pi/lib/python3.10/site-packages/mycobot_320pi/slider_control.py to slider_control.cpython-310.pyc
byte-compiling /home/robotics/ros2_cobot/install/mycobot_320pi/lib/python3.10/site-packages/mycobot_320pi/listen_real.py to listen_real.cpython-310.pyc
byte-compiling /home/robotics/ros2_cobot/install/mycobot_320pi/lib/python3.10/site-packages/mycobot_320pi/teleop_keyboard.py to teleop_keyboard.cpython-310.pyc
byte-compiling /home/robotics/ros2_cobot/install/mycobot_320pi/lib/python3.10/site-packages/mycobot_320pi/__init__.py to __init__.cpython-310.pyc
running install_data
creating /home/robotics/ros2_cobot/install/mycobot_320pi/share/ament_index
creating /home/robotics/ros2_cobot/install/mycobot_320pi/share/ament_index/resource_index
creating /home/robotics/ros2_cobot/install/mycobot_320pi/share/ament_index/resource_index/packages
copying resource/mycobot_320pi -> /home/robotics/ros2_cobot/install/mycobot_320pi/share/ament_index/resource_index/packages
copying package.xml -> /home/robotics/ros2_cobot/install/mycobot_320pi/share/mycobot_320pi
creating /home/robotics/ros2_cobot/install/mycobot_320pi/share/mycobot_320pi/launch
copying launch/slider_control.launch.py -> /home/robotics/ros2_cobot/install/mycobot_320pi/share/mycobot_320pi/launch
copying launch/mycobot_follow.launch.py -> /home/robotics/ros2_cobot/install/mycobot_320pi/share/mycobot_320pi/launch
copying launch/teleop_keyboard.launch.py -> /home/robotics/ros2_cobot/install/mycobot_320pi/share/mycobot_320pi/launch
copying launch/simple_gui.launch.py -> /home/robotics/ros2_cobot/install/mycobot_320pi/share/mycobot_320pi/launch
copying launch/test.launch.py -> /home/robotics/ros2_cobot/install/mycobot_320pi/share/mycobot_320pi/launch
creating /home/robotics/ros2_cobot/install/mycobot_320pi/share/mycobot_320pi/config
copying config/mycobot_320_pi.rviz -> /home/robotics/ros2_cobot/install/mycobot_320pi/share/mycobot_320pi/config
running install_egg_info
Copying ../../../../build/mycobot_320pi/mycobot_320pi.egg-info to /home/robotics/ros2_cobot/install/mycobot_320pi/lib/python3.10/site-packages/mycobot_320pi-0.0.0-py3.10.egg-info
running install_scripts
Installing follow_display script to /home/robotics/ros2_cobot/install/mycobot_320pi/lib/mycobot_320pi
Installing listen_real script to /home/robotics/ros2_cobot/install/mycobot_320pi/lib/mycobot_320pi
Installing listen_real_of_topic script to /home/robotics/ros2_cobot/install/mycobot_320pi/lib/mycobot_320pi
Installing simple_gui script to /home/robotics/ros2_cobot/install/mycobot_320pi/lib/mycobot_320pi
Installing slider_control script to /home/robotics/ros2_cobot/install/mycobot_320pi/lib/mycobot_320pi
Installing teleop_keyboard script to /home/robotics/ros2_cobot/install/mycobot_320pi/lib/mycobot_320pi
writing list of installed files to '/home/robotics/ros2_cobot/build/mycobot_320pi/install.log'
