[6.082s] Invoking command in '/home/robotics/ros2_cobot/src/mycobot_ros2/mycobot_320/mycobot_320pi': AMENT_PREFIX_PATH=/home/robotics/ros2_cobot/install/mycobot_description:/home/robotics/ros2_cobot/install/ultraarm:/home/robotics/ros2_cobot/install/traj_scripts:/home/robotics/ros2_cobot/install/mypalletizer_communication:/home/robotics/ros2_cobot/install/mypalletizer_interfaces:/home/robotics/ros2_cobot/install/mypalletizer_260_pi:/home/robotics/ros2_cobot/install/mypalletizer_260:/home/robotics/ros2_cobot/install/myarm_m750:/home/robotics/ros2_cobot/install/myarm_c650:/home/robotics/ros2_cobot/install/mycobot_communication:/home/robotics/ros2_cobot/install/mecharm_communication:/home/robotics/ros2_cobot/install/mycobot_interfaces:/home/robotics/ros2_cobot/install/mycobot_630:/home/robotics/ros2_cobot/install/mycobot_600:/home/robotics/ros2_cobot/install/mycobot_320pi:/home/robotics/ros2_cobot/install/mycobot_320_riscv:/home/robotics/ros2_cobot/install/mycobot_320:/home/robotics/ros2_cobot/install/mycobot_280rdkx5_moveit2:/home/robotics/ros2_cobot/install/mycobot_280pi:/home/robotics/ros2_cobot/install/mycobot_280jn:/home/robotics/ros2_cobot/install/mycobot_280arduino_moveit2:/home/robotics/ros2_cobot/install/mycobot_280_x3pi:/home/robotics/ros2_cobot/install/mycobot_280_riscv:/home/robotics/ros2_cobot/install/mycobot_280_rdkx5:/home/robotics/ros2_cobot/install/mycobot_280_moveit2_control:/home/robotics/ros2_cobot/install/mycobot_280_moveit2:/home/robotics/ros2_cobot/install/mycobot_280_arduino:/home/robotics/ros2_cobot/install/mycobot_280:/home/robotics/ros2_cobot/install/mybuddy:/home/robotics/ros2_cobot/install/myarm_300:/home/robotics/ros2_cobot/install/mecharm_pi:/home/robotics/ros2_cobot/install/mecharm:/home/robotics/ros2_cobot/install/mecharm_interfaces:/opt/ros/humble PYTHONPATH=/home/robotics/ros2_cobot/build/mycobot_320pi/prefix_override:/usr/lib/python3/dist-packages/colcon_core/task/python/colcon_distutils_commands:/home/robotics/ros2_cobot/install/mycobot_320pi/lib/python3.10/site-packages:/home/robotics/ros2_cobot/install/mycobot_description/lib/python3.10/site-packages:/home/robotics/ros2_cobot/install/ultraarm/lib/python3.10/site-packages:/home/robotics/ros2_cobot/install/traj_scripts/local/lib/python3.10/dist-packages:/home/robotics/ros2_cobot/install/mypalletizer_communication/lib/python3.10/site-packages:/home/robotics/ros2_cobot/install/mypalletizer_interfaces/local/lib/python3.10/dist-packages:/home/robotics/ros2_cobot/install/mypalletizer_260_pi/lib/python3.10/site-packages:/home/robotics/ros2_cobot/install/mypalletizer_260/lib/python3.10/site-packages:/home/robotics/ros2_cobot/install/myarm_m750/lib/python3.10/site-packages:/home/robotics/ros2_cobot/install/myarm_c650/lib/python3.10/site-packages:/home/robotics/ros2_cobot/install/mycobot_communication/lib/python3.10/site-packages:/home/robotics/ros2_cobot/install/mecharm_communication/lib/python3.10/site-packages:/home/robotics/ros2_cobot/install/mycobot_interfaces/local/lib/python3.10/dist-packages:/home/robotics/ros2_cobot/install/mycobot_630/lib/python3.10/site-packages:/home/robotics/ros2_cobot/install/mycobot_600/lib/python3.10/site-packages:/home/robotics/ros2_cobot/install/mycobot_320pi/lib/python3.10/site-packages:/home/robotics/ros2_cobot/install/mycobot_320_riscv/lib/python3.10/site-packages:/home/robotics/ros2_cobot/install/mycobot_320/lib/python3.10/site-packages:/home/robotics/ros2_cobot/install/mycobot_280pi/lib/python3.10/site-packages:/home/robotics/ros2_cobot/install/mycobot_280jn/lib/python3.10/site-packages:/home/robotics/ros2_cobot/install/mycobot_280_x3pi/lib/python3.10/site-packages:/home/robotics/ros2_cobot/install/mycobot_280_riscv/lib/python3.10/site-packages:/home/robotics/ros2_cobot/install/mycobot_280_rdkx5/lib/python3.10/site-packages:/home/robotics/ros2_cobot/install/mycobot_280_moveit2_control/lib/python3.10/site-packages:/home/robotics/ros2_cobot/install/mycobot_280_arduino/lib/python3.10/site-packages:/home/robotics/ros2_cobot/install/mycobot_280/lib/python3.10/site-packages:/home/robotics/ros2_cobot/install/mybuddy/lib/python3.10/site-packages:/home/robotics/ros2_cobot/install/myarm_300/lib/python3.10/site-packages:/home/robotics/ros2_cobot/install/mecharm_pi/lib/python3.10/site-packages:/home/robotics/ros2_cobot/install/mecharm/lib/python3.10/site-packages:/home/robotics/ros2_cobot/install/mecharm_interfaces/local/lib/python3.10/dist-packages:/opt/ros/humble/lib/python3.10/site-packages:/opt/ros/humble/local/lib/python3.10/dist-packages /usr/bin/python3 -W ignore:setup.py install is deprecated -W ignore:easy_install command is deprecated setup.py egg_info --egg-base ../../../../build/mycobot_320pi build --build-base /home/robotics/ros2_cobot/build/mycobot_320pi/build install --record /home/robotics/ros2_cobot/build/mycobot_320pi/install.log --single-version-externally-managed install_data
[6.578s] running egg_info
[6.578s] creating ../../../../build/mycobot_320pi/mycobot_320pi.egg-info
[6.579s] writing ../../../../build/mycobot_320pi/mycobot_320pi.egg-info/PKG-INFO
[6.579s] writing dependency_links to ../../../../build/mycobot_320pi/mycobot_320pi.egg-info/dependency_links.txt
[6.580s] writing entry points to ../../../../build/mycobot_320pi/mycobot_320pi.egg-info/entry_points.txt
[6.580s] writing requirements to ../../../../build/mycobot_320pi/mycobot_320pi.egg-info/requires.txt
[6.580s] writing top-level names to ../../../../build/mycobot_320pi/mycobot_320pi.egg-info/top_level.txt
[6.580s] writing manifest file '../../../../build/mycobot_320pi/mycobot_320pi.egg-info/SOURCES.txt'
[6.582s] reading manifest file '../../../../build/mycobot_320pi/mycobot_320pi.egg-info/SOURCES.txt'
[6.582s] adding license file 'LICENSE'
[6.583s] writing manifest file '../../../../build/mycobot_320pi/mycobot_320pi.egg-info/SOURCES.txt'
[6.584s] running build
[6.584s] running build_py
[6.584s] creating /home/robotics/ros2_cobot/build/mycobot_320pi/build
[6.584s] creating /home/robotics/ros2_cobot/build/mycobot_320pi/build/lib
[6.584s] creating /home/robotics/ros2_cobot/build/mycobot_320pi/build/lib/mycobot_320pi
[6.585s] copying mycobot_320pi/follow_display.py -> /home/robotics/ros2_cobot/build/mycobot_320pi/build/lib/mycobot_320pi
[6.585s] copying mycobot_320pi/listen_real_of_topic.py -> /home/robotics/ros2_cobot/build/mycobot_320pi/build/lib/mycobot_320pi
[6.586s] copying mycobot_320pi/simple_gui.py -> /home/robotics/ros2_cobot/build/mycobot_320pi/build/lib/mycobot_320pi
[6.586s] copying mycobot_320pi/slider_control.py -> /home/robotics/ros2_cobot/build/mycobot_320pi/build/lib/mycobot_320pi
[6.586s] copying mycobot_320pi/listen_real.py -> /home/robotics/ros2_cobot/build/mycobot_320pi/build/lib/mycobot_320pi
[6.586s] copying mycobot_320pi/teleop_keyboard.py -> /home/robotics/ros2_cobot/build/mycobot_320pi/build/lib/mycobot_320pi
[6.586s] copying mycobot_320pi/__init__.py -> /home/robotics/ros2_cobot/build/mycobot_320pi/build/lib/mycobot_320pi
[6.586s] running install
[6.586s] running install_lib
[6.586s] creating /home/robotics/ros2_cobot/install/mycobot_320pi/lib/python3.10/site-packages/mycobot_320pi
[6.586s] copying /home/robotics/ros2_cobot/build/mycobot_320pi/build/lib/mycobot_320pi/follow_display.py -> /home/robotics/ros2_cobot/install/mycobot_320pi/lib/python3.10/site-packages/mycobot_320pi
[6.587s] copying /home/robotics/ros2_cobot/build/mycobot_320pi/build/lib/mycobot_320pi/listen_real_of_topic.py -> /home/robotics/ros2_cobot/install/mycobot_320pi/lib/python3.10/site-packages/mycobot_320pi
[6.587s] copying /home/robotics/ros2_cobot/build/mycobot_320pi/build/lib/mycobot_320pi/simple_gui.py -> /home/robotics/ros2_cobot/install/mycobot_320pi/lib/python3.10/site-packages/mycobot_320pi
[6.587s] copying /home/robotics/ros2_cobot/build/mycobot_320pi/build/lib/mycobot_320pi/slider_control.py -> /home/robotics/ros2_cobot/install/mycobot_320pi/lib/python3.10/site-packages/mycobot_320pi
[6.587s] copying /home/robotics/ros2_cobot/build/mycobot_320pi/build/lib/mycobot_320pi/listen_real.py -> /home/robotics/ros2_cobot/install/mycobot_320pi/lib/python3.10/site-packages/mycobot_320pi
[6.587s] copying /home/robotics/ros2_cobot/build/mycobot_320pi/build/lib/mycobot_320pi/teleop_keyboard.py -> /home/robotics/ros2_cobot/install/mycobot_320pi/lib/python3.10/site-packages/mycobot_320pi
[6.587s] copying /home/robotics/ros2_cobot/build/mycobot_320pi/build/lib/mycobot_320pi/__init__.py -> /home/robotics/ros2_cobot/install/mycobot_320pi/lib/python3.10/site-packages/mycobot_320pi
[6.588s] byte-compiling /home/robotics/ros2_cobot/install/mycobot_320pi/lib/python3.10/site-packages/mycobot_320pi/follow_display.py to follow_display.cpython-310.pyc
[6.589s] byte-compiling /home/robotics/ros2_cobot/install/mycobot_320pi/lib/python3.10/site-packages/mycobot_320pi/listen_real_of_topic.py to listen_real_of_topic.cpython-310.pyc
[6.589s] byte-compiling /home/robotics/ros2_cobot/install/mycobot_320pi/lib/python3.10/site-packages/mycobot_320pi/simple_gui.py to simple_gui.cpython-310.pyc
[6.592s] byte-compiling /home/robotics/ros2_cobot/install/mycobot_320pi/lib/python3.10/site-packages/mycobot_320pi/slider_control.py to slider_control.cpython-310.pyc
[6.593s] byte-compiling /home/robotics/ros2_cobot/install/mycobot_320pi/lib/python3.10/site-packages/mycobot_320pi/listen_real.py to listen_real.cpython-310.pyc
[6.593s] byte-compiling /home/robotics/ros2_cobot/install/mycobot_320pi/lib/python3.10/site-packages/mycobot_320pi/teleop_keyboard.py to teleop_keyboard.cpython-310.pyc
[6.597s] byte-compiling /home/robotics/ros2_cobot/install/mycobot_320pi/lib/python3.10/site-packages/mycobot_320pi/__init__.py to __init__.cpython-310.pyc
[6.597s] running install_data
[6.597s] creating /home/robotics/ros2_cobot/install/mycobot_320pi/share/ament_index
[6.597s] creating /home/robotics/ros2_cobot/install/mycobot_320pi/share/ament_index/resource_index
[6.597s] creating /home/robotics/ros2_cobot/install/mycobot_320pi/share/ament_index/resource_index/packages
[6.597s] copying resource/mycobot_320pi -> /home/robotics/ros2_cobot/install/mycobot_320pi/share/ament_index/resource_index/packages
[6.597s] copying package.xml -> /home/robotics/ros2_cobot/install/mycobot_320pi/share/mycobot_320pi
[6.597s] creating /home/robotics/ros2_cobot/install/mycobot_320pi/share/mycobot_320pi/launch
[6.597s] copying launch/slider_control.launch.py -> /home/robotics/ros2_cobot/install/mycobot_320pi/share/mycobot_320pi/launch
[6.597s] copying launch/mycobot_follow.launch.py -> /home/robotics/ros2_cobot/install/mycobot_320pi/share/mycobot_320pi/launch
[6.597s] copying launch/teleop_keyboard.launch.py -> /home/robotics/ros2_cobot/install/mycobot_320pi/share/mycobot_320pi/launch
[6.597s] copying launch/simple_gui.launch.py -> /home/robotics/ros2_cobot/install/mycobot_320pi/share/mycobot_320pi/launch
[6.597s] copying launch/test.launch.py -> /home/robotics/ros2_cobot/install/mycobot_320pi/share/mycobot_320pi/launch
[6.597s] creating /home/robotics/ros2_cobot/install/mycobot_320pi/share/mycobot_320pi/config
[6.597s] copying config/mycobot_320_pi.rviz -> /home/robotics/ros2_cobot/install/mycobot_320pi/share/mycobot_320pi/config
[6.597s] running install_egg_info
[6.598s] Copying ../../../../build/mycobot_320pi/mycobot_320pi.egg-info to /home/robotics/ros2_cobot/install/mycobot_320pi/lib/python3.10/site-packages/mycobot_320pi-0.0.0-py3.10.egg-info
[6.600s] running install_scripts
[6.620s] Installing follow_display script to /home/robotics/ros2_cobot/install/mycobot_320pi/lib/mycobot_320pi
[6.621s] Installing listen_real script to /home/robotics/ros2_cobot/install/mycobot_320pi/lib/mycobot_320pi
[6.621s] Installing listen_real_of_topic script to /home/robotics/ros2_cobot/install/mycobot_320pi/lib/mycobot_320pi
[6.621s] Installing simple_gui script to /home/robotics/ros2_cobot/install/mycobot_320pi/lib/mycobot_320pi
[6.621s] Installing slider_control script to /home/robotics/ros2_cobot/install/mycobot_320pi/lib/mycobot_320pi
[6.622s] Installing teleop_keyboard script to /home/robotics/ros2_cobot/install/mycobot_320pi/lib/mycobot_320pi
[6.622s] writing list of installed files to '/home/robotics/ros2_cobot/build/mycobot_320pi/install.log'
[6.683s] Invoked command in '/home/robotics/ros2_cobot/src/mycobot_ros2/mycobot_320/mycobot_320pi' returned '0': AMENT_PREFIX_PATH=/home/robotics/ros2_cobot/install/mycobot_description:/home/robotics/ros2_cobot/install/ultraarm:/home/robotics/ros2_cobot/install/traj_scripts:/home/robotics/ros2_cobot/install/mypalletizer_communication:/home/robotics/ros2_cobot/install/mypalletizer_interfaces:/home/robotics/ros2_cobot/install/mypalletizer_260_pi:/home/robotics/ros2_cobot/install/mypalletizer_260:/home/robotics/ros2_cobot/install/myarm_m750:/home/robotics/ros2_cobot/install/myarm_c650:/home/robotics/ros2_cobot/install/mycobot_communication:/home/robotics/ros2_cobot/install/mecharm_communication:/home/robotics/ros2_cobot/install/mycobot_interfaces:/home/robotics/ros2_cobot/install/mycobot_630:/home/robotics/ros2_cobot/install/mycobot_600:/home/robotics/ros2_cobot/install/mycobot_320pi:/home/robotics/ros2_cobot/install/mycobot_320_riscv:/home/robotics/ros2_cobot/install/mycobot_320:/home/robotics/ros2_cobot/install/mycobot_280rdkx5_moveit2:/home/robotics/ros2_cobot/install/mycobot_280pi:/home/robotics/ros2_cobot/install/mycobot_280jn:/home/robotics/ros2_cobot/install/mycobot_280arduino_moveit2:/home/robotics/ros2_cobot/install/mycobot_280_x3pi:/home/robotics/ros2_cobot/install/mycobot_280_riscv:/home/robotics/ros2_cobot/install/mycobot_280_rdkx5:/home/robotics/ros2_cobot/install/mycobot_280_moveit2_control:/home/robotics/ros2_cobot/install/mycobot_280_moveit2:/home/robotics/ros2_cobot/install/mycobot_280_arduino:/home/robotics/ros2_cobot/install/mycobot_280:/home/robotics/ros2_cobot/install/mybuddy:/home/robotics/ros2_cobot/install/myarm_300:/home/robotics/ros2_cobot/install/mecharm_pi:/home/robotics/ros2_cobot/install/mecharm:/home/robotics/ros2_cobot/install/mecharm_interfaces:/opt/ros/humble PYTHONPATH=/home/robotics/ros2_cobot/build/mycobot_320pi/prefix_override:/usr/lib/python3/dist-packages/colcon_core/task/python/colcon_distutils_commands:/home/robotics/ros2_cobot/install/mycobot_320pi/lib/python3.10/site-packages:/home/robotics/ros2_cobot/install/mycobot_description/lib/python3.10/site-packages:/home/robotics/ros2_cobot/install/ultraarm/lib/python3.10/site-packages:/home/robotics/ros2_cobot/install/traj_scripts/local/lib/python3.10/dist-packages:/home/robotics/ros2_cobot/install/mypalletizer_communication/lib/python3.10/site-packages:/home/robotics/ros2_cobot/install/mypalletizer_interfaces/local/lib/python3.10/dist-packages:/home/robotics/ros2_cobot/install/mypalletizer_260_pi/lib/python3.10/site-packages:/home/robotics/ros2_cobot/install/mypalletizer_260/lib/python3.10/site-packages:/home/robotics/ros2_cobot/install/myarm_m750/lib/python3.10/site-packages:/home/robotics/ros2_cobot/install/myarm_c650/lib/python3.10/site-packages:/home/robotics/ros2_cobot/install/mycobot_communication/lib/python3.10/site-packages:/home/robotics/ros2_cobot/install/mecharm_communication/lib/python3.10/site-packages:/home/robotics/ros2_cobot/install/mycobot_interfaces/local/lib/python3.10/dist-packages:/home/robotics/ros2_cobot/install/mycobot_630/lib/python3.10/site-packages:/home/robotics/ros2_cobot/install/mycobot_600/lib/python3.10/site-packages:/home/robotics/ros2_cobot/install/mycobot_320pi/lib/python3.10/site-packages:/home/robotics/ros2_cobot/install/mycobot_320_riscv/lib/python3.10/site-packages:/home/robotics/ros2_cobot/install/mycobot_320/lib/python3.10/site-packages:/home/robotics/ros2_cobot/install/mycobot_280pi/lib/python3.10/site-packages:/home/robotics/ros2_cobot/install/mycobot_280jn/lib/python3.10/site-packages:/home/robotics/ros2_cobot/install/mycobot_280_x3pi/lib/python3.10/site-packages:/home/robotics/ros2_cobot/install/mycobot_280_riscv/lib/python3.10/site-packages:/home/robotics/ros2_cobot/install/mycobot_280_rdkx5/lib/python3.10/site-packages:/home/robotics/ros2_cobot/install/mycobot_280_moveit2_control/lib/python3.10/site-packages:/home/robotics/ros2_cobot/install/mycobot_280_arduino/lib/python3.10/site-packages:/home/robotics/ros2_cobot/install/mycobot_280/lib/python3.10/site-packages:/home/robotics/ros2_cobot/install/mybuddy/lib/python3.10/site-packages:/home/robotics/ros2_cobot/install/myarm_300/lib/python3.10/site-packages:/home/robotics/ros2_cobot/install/mecharm_pi/lib/python3.10/site-packages:/home/robotics/ros2_cobot/install/mecharm/lib/python3.10/site-packages:/home/robotics/ros2_cobot/install/mecharm_interfaces/local/lib/python3.10/dist-packages:/opt/ros/humble/lib/python3.10/site-packages:/opt/ros/humble/local/lib/python3.10/dist-packages /usr/bin/python3 -W ignore:setup.py install is deprecated -W ignore:easy_install command is deprecated setup.py egg_info --egg-base ../../../../build/mycobot_320pi build --build-base /home/robotics/ros2_cobot/build/mycobot_320pi/build install --record /home/robotics/ros2_cobot/build/mycobot_320pi/install.log --single-version-externally-managed install_data
