running egg_info
creating ../../../../build/mycobot_280jn/mycobot_280jn.egg-info
writing ../../../../build/mycobot_280jn/mycobot_280jn.egg-info/PKG-INFO
writing dependency_links to ../../../../build/mycobot_280jn/mycobot_280jn.egg-info/dependency_links.txt
writing entry points to ../../../../build/mycobot_280jn/mycobot_280jn.egg-info/entry_points.txt
writing requirements to ../../../../build/mycobot_280jn/mycobot_280jn.egg-info/requires.txt
writing top-level names to ../../../../build/mycobot_280jn/mycobot_280jn.egg-info/top_level.txt
writing manifest file '../../../../build/mycobot_280jn/mycobot_280jn.egg-info/SOURCES.txt'
reading manifest file '../../../../build/mycobot_280jn/mycobot_280jn.egg-info/SOURCES.txt'
adding license file 'LICENSE'
writing manifest file '../../../../build/mycobot_280jn/mycobot_280jn.egg-info/SOURCES.txt'
running build
running build_py
creating /home/robotics/ros2_cobot/build/mycobot_280jn/build
creating /home/robotics/ros2_cobot/build/mycobot_280jn/build/lib
creating /home/robotics/ros2_cobot/build/mycobot_280jn/build/lib/mycobot_280jn
copying mycobot_280jn/follow_and_pump.py -> /home/robotics/ros2_cobot/build/mycobot_280jn/build/lib/mycobot_280jn
copying mycobot_280jn/follow_display.py -> /home/robotics/ros2_cobot/build/mycobot_280jn/build/lib/mycobot_280jn
copying mycobot_280jn/camera_display.py -> /home/robotics/ros2_cobot/build/mycobot_280jn/build/lib/mycobot_280jn
copying mycobot_280jn/listen_real_of_topic.py -> /home/robotics/ros2_cobot/build/mycobot_280jn/build/lib/mycobot_280jn
copying mycobot_280jn/simple_gui.py -> /home/robotics/ros2_cobot/build/mycobot_280jn/build/lib/mycobot_280jn
copying mycobot_280jn/slider_control.py -> /home/robotics/ros2_cobot/build/mycobot_280jn/build/lib/mycobot_280jn
copying mycobot_280jn/opencv_camera.py -> /home/robotics/ros2_cobot/build/mycobot_280jn/build/lib/mycobot_280jn
copying mycobot_280jn/detect_marker.py -> /home/robotics/ros2_cobot/build/mycobot_280jn/build/lib/mycobot_280jn
copying mycobot_280jn/listen_real.py -> /home/robotics/ros2_cobot/build/mycobot_280jn/build/lib/mycobot_280jn
copying mycobot_280jn/following_marker.py -> /home/robotics/ros2_cobot/build/mycobot_280jn/build/lib/mycobot_280jn
copying mycobot_280jn/teleop_keyboard.py -> /home/robotics/ros2_cobot/build/mycobot_280jn/build/lib/mycobot_280jn
copying mycobot_280jn/__init__.py -> /home/robotics/ros2_cobot/build/mycobot_280jn/build/lib/mycobot_280jn
running install
running install_lib
creating /home/robotics/ros2_cobot/install/mycobot_280jn/lib/python3.10/site-packages/mycobot_280jn
copying /home/robotics/ros2_cobot/build/mycobot_280jn/build/lib/mycobot_280jn/follow_and_pump.py -> /home/robotics/ros2_cobot/install/mycobot_280jn/lib/python3.10/site-packages/mycobot_280jn
copying /home/robotics/ros2_cobot/build/mycobot_280jn/build/lib/mycobot_280jn/follow_display.py -> /home/robotics/ros2_cobot/install/mycobot_280jn/lib/python3.10/site-packages/mycobot_280jn
copying /home/robotics/ros2_cobot/build/mycobot_280jn/build/lib/mycobot_280jn/camera_display.py -> /home/robotics/ros2_cobot/install/mycobot_280jn/lib/python3.10/site-packages/mycobot_280jn
copying /home/robotics/ros2_cobot/build/mycobot_280jn/build/lib/mycobot_280jn/listen_real_of_topic.py -> /home/robotics/ros2_cobot/install/mycobot_280jn/lib/python3.10/site-packages/mycobot_280jn
copying /home/robotics/ros2_cobot/build/mycobot_280jn/build/lib/mycobot_280jn/simple_gui.py -> /home/robotics/ros2_cobot/install/mycobot_280jn/lib/python3.10/site-packages/mycobot_280jn
copying /home/robotics/ros2_cobot/build/mycobot_280jn/build/lib/mycobot_280jn/slider_control.py -> /home/robotics/ros2_cobot/install/mycobot_280jn/lib/python3.10/site-packages/mycobot_280jn
copying /home/robotics/ros2_cobot/build/mycobot_280jn/build/lib/mycobot_280jn/opencv_camera.py -> /home/robotics/ros2_cobot/install/mycobot_280jn/lib/python3.10/site-packages/mycobot_280jn
copying /home/robotics/ros2_cobot/build/mycobot_280jn/build/lib/mycobot_280jn/detect_marker.py -> /home/robotics/ros2_cobot/install/mycobot_280jn/lib/python3.10/site-packages/mycobot_280jn
copying /home/robotics/ros2_cobot/build/mycobot_280jn/build/lib/mycobot_280jn/listen_real.py -> /home/robotics/ros2_cobot/install/mycobot_280jn/lib/python3.10/site-packages/mycobot_280jn
copying /home/robotics/ros2_cobot/build/mycobot_280jn/build/lib/mycobot_280jn/following_marker.py -> /home/robotics/ros2_cobot/install/mycobot_280jn/lib/python3.10/site-packages/mycobot_280jn
copying /home/robotics/ros2_cobot/build/mycobot_280jn/build/lib/mycobot_280jn/teleop_keyboard.py -> /home/robotics/ros2_cobot/install/mycobot_280jn/lib/python3.10/site-packages/mycobot_280jn
copying /home/robotics/ros2_cobot/build/mycobot_280jn/build/lib/mycobot_280jn/__init__.py -> /home/robotics/ros2_cobot/install/mycobot_280jn/lib/python3.10/site-packages/mycobot_280jn
byte-compiling /home/robotics/ros2_cobot/install/mycobot_280jn/lib/python3.10/site-packages/mycobot_280jn/follow_and_pump.py to follow_and_pump.cpython-310.pyc
byte-compiling /home/robotics/ros2_cobot/install/mycobot_280jn/lib/python3.10/site-packages/mycobot_280jn/follow_display.py to follow_display.cpython-310.pyc
byte-compiling /home/robotics/ros2_cobot/install/mycobot_280jn/lib/python3.10/site-packages/mycobot_280jn/camera_display.py to camera_display.cpython-310.pyc
byte-compiling /home/robotics/ros2_cobot/install/mycobot_280jn/lib/python3.10/site-packages/mycobot_280jn/listen_real_of_topic.py to listen_real_of_topic.cpython-310.pyc
byte-compiling /home/robotics/ros2_cobot/install/mycobot_280jn/lib/python3.10/site-packages/mycobot_280jn/simple_gui.py to simple_gui.cpython-310.pyc
byte-compiling /home/robotics/ros2_cobot/install/mycobot_280jn/lib/python3.10/site-packages/mycobot_280jn/slider_control.py to slider_control.cpython-310.pyc
byte-compiling /home/robotics/ros2_cobot/install/mycobot_280jn/lib/python3.10/site-packages/mycobot_280jn/opencv_camera.py to opencv_camera.cpython-310.pyc
byte-compiling /home/robotics/ros2_cobot/install/mycobot_280jn/lib/python3.10/site-packages/mycobot_280jn/detect_marker.py to detect_marker.cpython-310.pyc
byte-compiling /home/robotics/ros2_cobot/install/mycobot_280jn/lib/python3.10/site-packages/mycobot_280jn/listen_real.py to listen_real.cpython-310.pyc
byte-compiling /home/robotics/ros2_cobot/install/mycobot_280jn/lib/python3.10/site-packages/mycobot_280jn/following_marker.py to following_marker.cpython-310.pyc
byte-compiling /home/robotics/ros2_cobot/install/mycobot_280jn/lib/python3.10/site-packages/mycobot_280jn/teleop_keyboard.py to teleop_keyboard.cpython-310.pyc
byte-compiling /home/robotics/ros2_cobot/install/mycobot_280jn/lib/python3.10/site-packages/mycobot_280jn/__init__.py to __init__.cpython-310.pyc
running install_data
creating /home/robotics/ros2_cobot/install/mycobot_280jn/share/ament_index
creating /home/robotics/ros2_cobot/install/mycobot_280jn/share/ament_index/resource_index
creating /home/robotics/ros2_cobot/install/mycobot_280jn/share/ament_index/resource_index/packages
copying resource/mycobot_280jn -> /home/robotics/ros2_cobot/install/mycobot_280jn/share/ament_index/resource_index/packages
copying package.xml -> /home/robotics/ros2_cobot/install/mycobot_280jn/share/mycobot_280jn
creating /home/robotics/ros2_cobot/install/mycobot_280jn/share/mycobot_280jn/launch
copying launch/slider_control.launch.py -> /home/robotics/ros2_cobot/install/mycobot_280jn/share/mycobot_280jn/launch
copying launch/mycobot_follow.launch.py -> /home/robotics/ros2_cobot/install/mycobot_280jn/share/mycobot_280jn/launch
copying launch/detect_marker_with_topic.launch.py -> /home/robotics/ros2_cobot/install/mycobot_280jn/share/mycobot_280jn/launch
copying launch/teleop_keyboard.launch.py -> /home/robotics/ros2_cobot/install/mycobot_280jn/share/mycobot_280jn/launch
copying launch/detect_marker.launch.py -> /home/robotics/ros2_cobot/install/mycobot_280jn/share/mycobot_280jn/launch
copying launch/simple_gui.launch.py -> /home/robotics/ros2_cobot/install/mycobot_280jn/share/mycobot_280jn/launch
copying launch/test.launch.py -> /home/robotics/ros2_cobot/install/mycobot_280jn/share/mycobot_280jn/launch
creating /home/robotics/ros2_cobot/install/mycobot_280jn/share/mycobot_280jn/config
copying config/mycobot_with_marker.rviz -> /home/robotics/ros2_cobot/install/mycobot_280jn/share/mycobot_280jn/config
copying config/mycobot_jn.rviz -> /home/robotics/ros2_cobot/install/mycobot_280jn/share/mycobot_280jn/config
running install_egg_info
Copying ../../../../build/mycobot_280jn/mycobot_280jn.egg-info to /home/robotics/ros2_cobot/install/mycobot_280jn/lib/python3.10/site-packages/mycobot_280jn-0.0.0-py3.10.egg-info
running install_scripts
Installing camera_display script to /home/robotics/ros2_cobot/install/mycobot_280jn/lib/mycobot_280jn
Installing detect_marker script to /home/robotics/ros2_cobot/install/mycobot_280jn/lib/mycobot_280jn
Installing follow_display script to /home/robotics/ros2_cobot/install/mycobot_280jn/lib/mycobot_280jn
Installing following_marker script to /home/robotics/ros2_cobot/install/mycobot_280jn/lib/mycobot_280jn
Installing listen_real script to /home/robotics/ros2_cobot/install/mycobot_280jn/lib/mycobot_280jn
Installing listen_real_of_topic script to /home/robotics/ros2_cobot/install/mycobot_280jn/lib/mycobot_280jn
Installing opencv_camera script to /home/robotics/ros2_cobot/install/mycobot_280jn/lib/mycobot_280jn
Installing simple_gui script to /home/robotics/ros2_cobot/install/mycobot_280jn/lib/mycobot_280jn
Installing slider_control script to /home/robotics/ros2_cobot/install/mycobot_280jn/lib/mycobot_280jn
Installing teleop_keyboard script to /home/robotics/ros2_cobot/install/mycobot_280jn/lib/mycobot_280jn
writing list of installed files to '/home/robotics/ros2_cobot/build/mycobot_280jn/install.log'
