[2.594s] Invoking command in '/home/robotics/ros2_cobot/src/mycobot_ros2/mycobot_280/mycobot_280jn': AMENT_PREFIX_PATH=/home/robotics/ros2_cobot/install/mycobot_description:/home/robotics/ros2_cobot/install/ultraarm:/home/robotics/ros2_cobot/install/traj_scripts:/home/robotics/ros2_cobot/install/mypalletizer_communication:/home/robotics/ros2_cobot/install/mypalletizer_interfaces:/home/robotics/ros2_cobot/install/mypalletizer_260_pi:/home/robotics/ros2_cobot/install/mypalletizer_260:/home/robotics/ros2_cobot/install/myarm_m750:/home/robotics/ros2_cobot/install/myarm_c650:/home/robotics/ros2_cobot/install/mycobot_communication:/home/robotics/ros2_cobot/install/mecharm_communication:/home/robotics/ros2_cobot/install/mycobot_interfaces:/home/robotics/ros2_cobot/install/mycobot_630:/home/robotics/ros2_cobot/install/mycobot_600:/home/robotics/ros2_cobot/install/mycobot_320pi:/home/robotics/ros2_cobot/install/mycobot_320_riscv:/home/robotics/ros2_cobot/install/mycobot_320:/home/robotics/ros2_cobot/install/mycobot_280rdkx5_moveit2:/home/robotics/ros2_cobot/install/mycobot_280pi:/home/robotics/ros2_cobot/install/mycobot_280jn:/home/robotics/ros2_cobot/install/mycobot_280arduino_moveit2:/home/robotics/ros2_cobot/install/mycobot_280_x3pi:/home/robotics/ros2_cobot/install/mycobot_280_riscv:/home/robotics/ros2_cobot/install/mycobot_280_rdkx5:/home/robotics/ros2_cobot/install/mycobot_280_moveit2_control:/home/robotics/ros2_cobot/install/mycobot_280_moveit2:/home/robotics/ros2_cobot/install/mycobot_280_arduino:/home/robotics/ros2_cobot/install/mycobot_280:/home/robotics/ros2_cobot/install/mybuddy:/home/robotics/ros2_cobot/install/myarm_300:/home/robotics/ros2_cobot/install/mecharm_pi:/home/robotics/ros2_cobot/install/mecharm:/home/robotics/ros2_cobot/install/mecharm_interfaces:/opt/ros/humble PYTHONPATH=/home/robotics/ros2_cobot/build/mycobot_280jn/prefix_override:/usr/lib/python3/dist-packages/colcon_core/task/python/colcon_distutils_commands:/home/robotics/ros2_cobot/install/mycobot_280jn/lib/python3.10/site-packages:/home/robotics/ros2_cobot/install/mycobot_description/lib/python3.10/site-packages:/home/robotics/ros2_cobot/install/ultraarm/lib/python3.10/site-packages:/home/robotics/ros2_cobot/install/traj_scripts/local/lib/python3.10/dist-packages:/home/robotics/ros2_cobot/install/mypalletizer_communication/lib/python3.10/site-packages:/home/robotics/ros2_cobot/install/mypalletizer_interfaces/local/lib/python3.10/dist-packages:/home/robotics/ros2_cobot/install/mypalletizer_260_pi/lib/python3.10/site-packages:/home/robotics/ros2_cobot/install/mypalletizer_260/lib/python3.10/site-packages:/home/robotics/ros2_cobot/install/myarm_m750/lib/python3.10/site-packages:/home/robotics/ros2_cobot/install/myarm_c650/lib/python3.10/site-packages:/home/robotics/ros2_cobot/install/mycobot_communication/lib/python3.10/site-packages:/home/robotics/ros2_cobot/install/mecharm_communication/lib/python3.10/site-packages:/home/robotics/ros2_cobot/install/mycobot_interfaces/local/lib/python3.10/dist-packages:/home/robotics/ros2_cobot/install/mycobot_630/lib/python3.10/site-packages:/home/robotics/ros2_cobot/install/mycobot_600/lib/python3.10/site-packages:/home/robotics/ros2_cobot/install/mycobot_320pi/lib/python3.10/site-packages:/home/robotics/ros2_cobot/install/mycobot_320_riscv/lib/python3.10/site-packages:/home/robotics/ros2_cobot/install/mycobot_320/lib/python3.10/site-packages:/home/robotics/ros2_cobot/install/mycobot_280pi/lib/python3.10/site-packages:/home/robotics/ros2_cobot/install/mycobot_280jn/lib/python3.10/site-packages:/home/robotics/ros2_cobot/install/mycobot_280_x3pi/lib/python3.10/site-packages:/home/robotics/ros2_cobot/install/mycobot_280_riscv/lib/python3.10/site-packages:/home/robotics/ros2_cobot/install/mycobot_280_rdkx5/lib/python3.10/site-packages:/home/robotics/ros2_cobot/install/mycobot_280_moveit2_control/lib/python3.10/site-packages:/home/robotics/ros2_cobot/install/mycobot_280_arduino/lib/python3.10/site-packages:/home/robotics/ros2_cobot/install/mycobot_280/lib/python3.10/site-packages:/home/robotics/ros2_cobot/install/mybuddy/lib/python3.10/site-packages:/home/robotics/ros2_cobot/install/myarm_300/lib/python3.10/site-packages:/home/robotics/ros2_cobot/install/mecharm_pi/lib/python3.10/site-packages:/home/robotics/ros2_cobot/install/mecharm/lib/python3.10/site-packages:/home/robotics/ros2_cobot/install/mecharm_interfaces/local/lib/python3.10/dist-packages:/opt/ros/humble/lib/python3.10/site-packages:/opt/ros/humble/local/lib/python3.10/dist-packages /usr/bin/python3 -W ignore:setup.py install is deprecated -W ignore:easy_install command is deprecated setup.py egg_info --egg-base ../../../../build/mycobot_280jn build --build-base /home/robotics/ros2_cobot/build/mycobot_280jn/build install --record /home/robotics/ros2_cobot/build/mycobot_280jn/install.log --single-version-externally-managed install_data
[3.517s] running egg_info
[3.518s] creating ../../../../build/mycobot_280jn/mycobot_280jn.egg-info
[3.518s] writing ../../../../build/mycobot_280jn/mycobot_280jn.egg-info/PKG-INFO
[3.522s] writing dependency_links to ../../../../build/mycobot_280jn/mycobot_280jn.egg-info/dependency_links.txt
[3.522s] writing entry points to ../../../../build/mycobot_280jn/mycobot_280jn.egg-info/entry_points.txt
[3.522s] writing requirements to ../../../../build/mycobot_280jn/mycobot_280jn.egg-info/requires.txt
[3.522s] writing top-level names to ../../../../build/mycobot_280jn/mycobot_280jn.egg-info/top_level.txt
[3.522s] writing manifest file '../../../../build/mycobot_280jn/mycobot_280jn.egg-info/SOURCES.txt'
[3.530s] reading manifest file '../../../../build/mycobot_280jn/mycobot_280jn.egg-info/SOURCES.txt'
[3.530s] adding license file 'LICENSE'
[3.530s] writing manifest file '../../../../build/mycobot_280jn/mycobot_280jn.egg-info/SOURCES.txt'
[3.530s] running build
[3.531s] running build_py
[3.531s] creating /home/robotics/ros2_cobot/build/mycobot_280jn/build
[3.531s] creating /home/robotics/ros2_cobot/build/mycobot_280jn/build/lib
[3.531s] creating /home/robotics/ros2_cobot/build/mycobot_280jn/build/lib/mycobot_280jn
[3.531s] copying mycobot_280jn/follow_and_pump.py -> /home/robotics/ros2_cobot/build/mycobot_280jn/build/lib/mycobot_280jn
[3.531s] copying mycobot_280jn/follow_display.py -> /home/robotics/ros2_cobot/build/mycobot_280jn/build/lib/mycobot_280jn
[3.531s] copying mycobot_280jn/camera_display.py -> /home/robotics/ros2_cobot/build/mycobot_280jn/build/lib/mycobot_280jn
[3.531s] copying mycobot_280jn/listen_real_of_topic.py -> /home/robotics/ros2_cobot/build/mycobot_280jn/build/lib/mycobot_280jn
[3.531s] copying mycobot_280jn/simple_gui.py -> /home/robotics/ros2_cobot/build/mycobot_280jn/build/lib/mycobot_280jn
[3.539s] copying mycobot_280jn/slider_control.py -> /home/robotics/ros2_cobot/build/mycobot_280jn/build/lib/mycobot_280jn
[3.539s] copying mycobot_280jn/opencv_camera.py -> /home/robotics/ros2_cobot/build/mycobot_280jn/build/lib/mycobot_280jn
[3.539s] copying mycobot_280jn/detect_marker.py -> /home/robotics/ros2_cobot/build/mycobot_280jn/build/lib/mycobot_280jn
[3.539s] copying mycobot_280jn/listen_real.py -> /home/robotics/ros2_cobot/build/mycobot_280jn/build/lib/mycobot_280jn
[3.539s] copying mycobot_280jn/following_marker.py -> /home/robotics/ros2_cobot/build/mycobot_280jn/build/lib/mycobot_280jn
[3.539s] copying mycobot_280jn/teleop_keyboard.py -> /home/robotics/ros2_cobot/build/mycobot_280jn/build/lib/mycobot_280jn
[3.539s] copying mycobot_280jn/__init__.py -> /home/robotics/ros2_cobot/build/mycobot_280jn/build/lib/mycobot_280jn
[3.540s] running install
[3.540s] running install_lib
[3.541s] creating /home/robotics/ros2_cobot/install/mycobot_280jn/lib/python3.10/site-packages/mycobot_280jn
[3.542s] copying /home/robotics/ros2_cobot/build/mycobot_280jn/build/lib/mycobot_280jn/follow_and_pump.py -> /home/robotics/ros2_cobot/install/mycobot_280jn/lib/python3.10/site-packages/mycobot_280jn
[3.542s] copying /home/robotics/ros2_cobot/build/mycobot_280jn/build/lib/mycobot_280jn/follow_display.py -> /home/robotics/ros2_cobot/install/mycobot_280jn/lib/python3.10/site-packages/mycobot_280jn
[3.542s] copying /home/robotics/ros2_cobot/build/mycobot_280jn/build/lib/mycobot_280jn/camera_display.py -> /home/robotics/ros2_cobot/install/mycobot_280jn/lib/python3.10/site-packages/mycobot_280jn
[3.542s] copying /home/robotics/ros2_cobot/build/mycobot_280jn/build/lib/mycobot_280jn/listen_real_of_topic.py -> /home/robotics/ros2_cobot/install/mycobot_280jn/lib/python3.10/site-packages/mycobot_280jn
[3.542s] copying /home/robotics/ros2_cobot/build/mycobot_280jn/build/lib/mycobot_280jn/simple_gui.py -> /home/robotics/ros2_cobot/install/mycobot_280jn/lib/python3.10/site-packages/mycobot_280jn
[3.542s] copying /home/robotics/ros2_cobot/build/mycobot_280jn/build/lib/mycobot_280jn/slider_control.py -> /home/robotics/ros2_cobot/install/mycobot_280jn/lib/python3.10/site-packages/mycobot_280jn
[3.549s] copying /home/robotics/ros2_cobot/build/mycobot_280jn/build/lib/mycobot_280jn/opencv_camera.py -> /home/robotics/ros2_cobot/install/mycobot_280jn/lib/python3.10/site-packages/mycobot_280jn
[3.549s] copying /home/robotics/ros2_cobot/build/mycobot_280jn/build/lib/mycobot_280jn/detect_marker.py -> /home/robotics/ros2_cobot/install/mycobot_280jn/lib/python3.10/site-packages/mycobot_280jn
[3.549s] copying /home/robotics/ros2_cobot/build/mycobot_280jn/build/lib/mycobot_280jn/listen_real.py -> /home/robotics/ros2_cobot/install/mycobot_280jn/lib/python3.10/site-packages/mycobot_280jn
[3.551s] copying /home/robotics/ros2_cobot/build/mycobot_280jn/build/lib/mycobot_280jn/following_marker.py -> /home/robotics/ros2_cobot/install/mycobot_280jn/lib/python3.10/site-packages/mycobot_280jn
[3.551s] copying /home/robotics/ros2_cobot/build/mycobot_280jn/build/lib/mycobot_280jn/teleop_keyboard.py -> /home/robotics/ros2_cobot/install/mycobot_280jn/lib/python3.10/site-packages/mycobot_280jn
[3.551s] copying /home/robotics/ros2_cobot/build/mycobot_280jn/build/lib/mycobot_280jn/__init__.py -> /home/robotics/ros2_cobot/install/mycobot_280jn/lib/python3.10/site-packages/mycobot_280jn
[3.551s] byte-compiling /home/robotics/ros2_cobot/install/mycobot_280jn/lib/python3.10/site-packages/mycobot_280jn/follow_and_pump.py to follow_and_pump.cpython-310.pyc
[3.558s] byte-compiling /home/robotics/ros2_cobot/install/mycobot_280jn/lib/python3.10/site-packages/mycobot_280jn/follow_display.py to follow_display.cpython-310.pyc
[3.559s] byte-compiling /home/robotics/ros2_cobot/install/mycobot_280jn/lib/python3.10/site-packages/mycobot_280jn/camera_display.py to camera_display.cpython-310.pyc
[3.560s] byte-compiling /home/robotics/ros2_cobot/install/mycobot_280jn/lib/python3.10/site-packages/mycobot_280jn/listen_real_of_topic.py to listen_real_of_topic.cpython-310.pyc
[3.562s] byte-compiling /home/robotics/ros2_cobot/install/mycobot_280jn/lib/python3.10/site-packages/mycobot_280jn/simple_gui.py to simple_gui.cpython-310.pyc
[3.572s] byte-compiling /home/robotics/ros2_cobot/install/mycobot_280jn/lib/python3.10/site-packages/mycobot_280jn/slider_control.py to slider_control.cpython-310.pyc
[3.572s] byte-compiling /home/robotics/ros2_cobot/install/mycobot_280jn/lib/python3.10/site-packages/mycobot_280jn/opencv_camera.py to opencv_camera.cpython-310.pyc
[3.573s] byte-compiling /home/robotics/ros2_cobot/install/mycobot_280jn/lib/python3.10/site-packages/mycobot_280jn/detect_marker.py to detect_marker.cpython-310.pyc
[3.580s] byte-compiling /home/robotics/ros2_cobot/install/mycobot_280jn/lib/python3.10/site-packages/mycobot_280jn/listen_real.py to listen_real.cpython-310.pyc
[3.580s] byte-compiling /home/robotics/ros2_cobot/install/mycobot_280jn/lib/python3.10/site-packages/mycobot_280jn/following_marker.py to following_marker.cpython-310.pyc
[3.581s] byte-compiling /home/robotics/ros2_cobot/install/mycobot_280jn/lib/python3.10/site-packages/mycobot_280jn/teleop_keyboard.py to teleop_keyboard.cpython-310.pyc
[3.582s] byte-compiling /home/robotics/ros2_cobot/install/mycobot_280jn/lib/python3.10/site-packages/mycobot_280jn/__init__.py to __init__.cpython-310.pyc
[3.582s] running install_data
[3.582s] creating /home/robotics/ros2_cobot/install/mycobot_280jn/share/ament_index
[3.582s] creating /home/robotics/ros2_cobot/install/mycobot_280jn/share/ament_index/resource_index
[3.584s] creating /home/robotics/ros2_cobot/install/mycobot_280jn/share/ament_index/resource_index/packages
[3.584s] copying resource/mycobot_280jn -> /home/robotics/ros2_cobot/install/mycobot_280jn/share/ament_index/resource_index/packages
[3.584s] copying package.xml -> /home/robotics/ros2_cobot/install/mycobot_280jn/share/mycobot_280jn
[3.584s] creating /home/robotics/ros2_cobot/install/mycobot_280jn/share/mycobot_280jn/launch
[3.584s] copying launch/slider_control.launch.py -> /home/robotics/ros2_cobot/install/mycobot_280jn/share/mycobot_280jn/launch
[3.584s] copying launch/mycobot_follow.launch.py -> /home/robotics/ros2_cobot/install/mycobot_280jn/share/mycobot_280jn/launch
[3.584s] copying launch/detect_marker_with_topic.launch.py -> /home/robotics/ros2_cobot/install/mycobot_280jn/share/mycobot_280jn/launch
[3.584s] copying launch/teleop_keyboard.launch.py -> /home/robotics/ros2_cobot/install/mycobot_280jn/share/mycobot_280jn/launch
[3.584s] copying launch/detect_marker.launch.py -> /home/robotics/ros2_cobot/install/mycobot_280jn/share/mycobot_280jn/launch
[3.584s] copying launch/simple_gui.launch.py -> /home/robotics/ros2_cobot/install/mycobot_280jn/share/mycobot_280jn/launch
[3.584s] copying launch/test.launch.py -> /home/robotics/ros2_cobot/install/mycobot_280jn/share/mycobot_280jn/launch
[3.584s] creating /home/robotics/ros2_cobot/install/mycobot_280jn/share/mycobot_280jn/config
[3.584s] copying config/mycobot_with_marker.rviz -> /home/robotics/ros2_cobot/install/mycobot_280jn/share/mycobot_280jn/config
[3.592s] copying config/mycobot_jn.rviz -> /home/robotics/ros2_cobot/install/mycobot_280jn/share/mycobot_280jn/config
[3.596s] running install_egg_info
[3.596s] Copying ../../../../build/mycobot_280jn/mycobot_280jn.egg-info to /home/robotics/ros2_cobot/install/mycobot_280jn/lib/python3.10/site-packages/mycobot_280jn-0.0.0-py3.10.egg-info
[3.596s] running install_scripts
[3.670s] Installing camera_display script to /home/robotics/ros2_cobot/install/mycobot_280jn/lib/mycobot_280jn
[3.670s] Installing detect_marker script to /home/robotics/ros2_cobot/install/mycobot_280jn/lib/mycobot_280jn
[3.670s] Installing follow_display script to /home/robotics/ros2_cobot/install/mycobot_280jn/lib/mycobot_280jn
[3.671s] Installing following_marker script to /home/robotics/ros2_cobot/install/mycobot_280jn/lib/mycobot_280jn
[3.671s] Installing listen_real script to /home/robotics/ros2_cobot/install/mycobot_280jn/lib/mycobot_280jn
[3.671s] Installing listen_real_of_topic script to /home/robotics/ros2_cobot/install/mycobot_280jn/lib/mycobot_280jn
[3.671s] Installing opencv_camera script to /home/robotics/ros2_cobot/install/mycobot_280jn/lib/mycobot_280jn
[3.671s] Installing simple_gui script to /home/robotics/ros2_cobot/install/mycobot_280jn/lib/mycobot_280jn
[3.671s] Installing slider_control script to /home/robotics/ros2_cobot/install/mycobot_280jn/lib/mycobot_280jn
[3.671s] Installing teleop_keyboard script to /home/robotics/ros2_cobot/install/mycobot_280jn/lib/mycobot_280jn
[3.680s] writing list of installed files to '/home/robotics/ros2_cobot/build/mycobot_280jn/install.log'
[4.458s] Invoked command in '/home/robotics/ros2_cobot/src/mycobot_ros2/mycobot_280/mycobot_280jn' returned '0': AMENT_PREFIX_PATH=/home/robotics/ros2_cobot/install/mycobot_description:/home/robotics/ros2_cobot/install/ultraarm:/home/robotics/ros2_cobot/install/traj_scripts:/home/robotics/ros2_cobot/install/mypalletizer_communication:/home/robotics/ros2_cobot/install/mypalletizer_interfaces:/home/robotics/ros2_cobot/install/mypalletizer_260_pi:/home/robotics/ros2_cobot/install/mypalletizer_260:/home/robotics/ros2_cobot/install/myarm_m750:/home/robotics/ros2_cobot/install/myarm_c650:/home/robotics/ros2_cobot/install/mycobot_communication:/home/robotics/ros2_cobot/install/mecharm_communication:/home/robotics/ros2_cobot/install/mycobot_interfaces:/home/robotics/ros2_cobot/install/mycobot_630:/home/robotics/ros2_cobot/install/mycobot_600:/home/robotics/ros2_cobot/install/mycobot_320pi:/home/robotics/ros2_cobot/install/mycobot_320_riscv:/home/robotics/ros2_cobot/install/mycobot_320:/home/robotics/ros2_cobot/install/mycobot_280rdkx5_moveit2:/home/robotics/ros2_cobot/install/mycobot_280pi:/home/robotics/ros2_cobot/install/mycobot_280jn:/home/robotics/ros2_cobot/install/mycobot_280arduino_moveit2:/home/robotics/ros2_cobot/install/mycobot_280_x3pi:/home/robotics/ros2_cobot/install/mycobot_280_riscv:/home/robotics/ros2_cobot/install/mycobot_280_rdkx5:/home/robotics/ros2_cobot/install/mycobot_280_moveit2_control:/home/robotics/ros2_cobot/install/mycobot_280_moveit2:/home/robotics/ros2_cobot/install/mycobot_280_arduino:/home/robotics/ros2_cobot/install/mycobot_280:/home/robotics/ros2_cobot/install/mybuddy:/home/robotics/ros2_cobot/install/myarm_300:/home/robotics/ros2_cobot/install/mecharm_pi:/home/robotics/ros2_cobot/install/mecharm:/home/robotics/ros2_cobot/install/mecharm_interfaces:/opt/ros/humble PYTHONPATH=/home/robotics/ros2_cobot/build/mycobot_280jn/prefix_override:/usr/lib/python3/dist-packages/colcon_core/task/python/colcon_distutils_commands:/home/robotics/ros2_cobot/install/mycobot_280jn/lib/python3.10/site-packages:/home/robotics/ros2_cobot/install/mycobot_description/lib/python3.10/site-packages:/home/robotics/ros2_cobot/install/ultraarm/lib/python3.10/site-packages:/home/robotics/ros2_cobot/install/traj_scripts/local/lib/python3.10/dist-packages:/home/robotics/ros2_cobot/install/mypalletizer_communication/lib/python3.10/site-packages:/home/robotics/ros2_cobot/install/mypalletizer_interfaces/local/lib/python3.10/dist-packages:/home/robotics/ros2_cobot/install/mypalletizer_260_pi/lib/python3.10/site-packages:/home/robotics/ros2_cobot/install/mypalletizer_260/lib/python3.10/site-packages:/home/robotics/ros2_cobot/install/myarm_m750/lib/python3.10/site-packages:/home/robotics/ros2_cobot/install/myarm_c650/lib/python3.10/site-packages:/home/robotics/ros2_cobot/install/mycobot_communication/lib/python3.10/site-packages:/home/robotics/ros2_cobot/install/mecharm_communication/lib/python3.10/site-packages:/home/robotics/ros2_cobot/install/mycobot_interfaces/local/lib/python3.10/dist-packages:/home/robotics/ros2_cobot/install/mycobot_630/lib/python3.10/site-packages:/home/robotics/ros2_cobot/install/mycobot_600/lib/python3.10/site-packages:/home/robotics/ros2_cobot/install/mycobot_320pi/lib/python3.10/site-packages:/home/robotics/ros2_cobot/install/mycobot_320_riscv/lib/python3.10/site-packages:/home/robotics/ros2_cobot/install/mycobot_320/lib/python3.10/site-packages:/home/robotics/ros2_cobot/install/mycobot_280pi/lib/python3.10/site-packages:/home/robotics/ros2_cobot/install/mycobot_280jn/lib/python3.10/site-packages:/home/robotics/ros2_cobot/install/mycobot_280_x3pi/lib/python3.10/site-packages:/home/robotics/ros2_cobot/install/mycobot_280_riscv/lib/python3.10/site-packages:/home/robotics/ros2_cobot/install/mycobot_280_rdkx5/lib/python3.10/site-packages:/home/robotics/ros2_cobot/install/mycobot_280_moveit2_control/lib/python3.10/site-packages:/home/robotics/ros2_cobot/install/mycobot_280_arduino/lib/python3.10/site-packages:/home/robotics/ros2_cobot/install/mycobot_280/lib/python3.10/site-packages:/home/robotics/ros2_cobot/install/mybuddy/lib/python3.10/site-packages:/home/robotics/ros2_cobot/install/myarm_300/lib/python3.10/site-packages:/home/robotics/ros2_cobot/install/mecharm_pi/lib/python3.10/site-packages:/home/robotics/ros2_cobot/install/mecharm/lib/python3.10/site-packages:/home/robotics/ros2_cobot/install/mecharm_interfaces/local/lib/python3.10/dist-packages:/opt/ros/humble/lib/python3.10/site-packages:/opt/ros/humble/local/lib/python3.10/dist-packages /usr/bin/python3 -W ignore:setup.py install is deprecated -W ignore:easy_install command is deprecated setup.py egg_info --egg-base ../../../../build/mycobot_280jn build --build-base /home/robotics/ros2_cobot/build/mycobot_280jn/build install --record /home/robotics/ros2_cobot/build/mycobot_280jn/install.log --single-version-externally-managed install_data
