[7.009s] Invoking command in '/home/robotics/ros2_cobot/src/mycobot_ros2/mycobot_320/mycobot_320': AMENT_PREFIX_PATH=/home/robotics/ros2_cobot/install/mycobot_description:/home/robotics/ros2_cobot/install/ultraarm:/home/robotics/ros2_cobot/install/traj_scripts:/home/robotics/ros2_cobot/install/mypalletizer_communication:/home/robotics/ros2_cobot/install/mypalletizer_interfaces:/home/robotics/ros2_cobot/install/mypalletizer_260_pi:/home/robotics/ros2_cobot/install/mypalletizer_260:/home/robotics/ros2_cobot/install/myarm_m750:/home/robotics/ros2_cobot/install/myarm_c650:/home/robotics/ros2_cobot/install/mycobot_communication:/home/robotics/ros2_cobot/install/mecharm_communication:/home/robotics/ros2_cobot/install/mycobot_interfaces:/home/robotics/ros2_cobot/install/mycobot_630:/home/robotics/ros2_cobot/install/mycobot_600:/home/robotics/ros2_cobot/install/mycobot_320pi:/home/robotics/ros2_cobot/install/mycobot_320_riscv:/home/robotics/ros2_cobot/install/mycobot_320:/home/robotics/ros2_cobot/install/mycobot_280rdkx5_moveit2:/home/robotics/ros2_cobot/install/mycobot_280pi:/home/robotics/ros2_cobot/install/mycobot_280jn:/home/robotics/ros2_cobot/install/mycobot_280arduino_moveit2:/home/robotics/ros2_cobot/install/mycobot_280_x3pi:/home/robotics/ros2_cobot/install/mycobot_280_riscv:/home/robotics/ros2_cobot/install/mycobot_280_rdkx5:/home/robotics/ros2_cobot/install/mycobot_280_moveit2_control:/home/robotics/ros2_cobot/install/mycobot_280_moveit2:/home/robotics/ros2_cobot/install/mycobot_280_arduino:/home/robotics/ros2_cobot/install/mycobot_280:/home/robotics/ros2_cobot/install/mybuddy:/home/robotics/ros2_cobot/install/myarm_300:/home/robotics/ros2_cobot/install/mecharm_pi:/home/robotics/ros2_cobot/install/mecharm:/home/robotics/ros2_cobot/install/mecharm_interfaces:/opt/ros/humble PYTHONPATH=/home/robotics/ros2_cobot/build/mycobot_320/prefix_override:/usr/lib/python3/dist-packages/colcon_core/task/python/colcon_distutils_commands:/home/robotics/ros2_cobot/install/mycobot_320/lib/python3.10/site-packages:/home/robotics/ros2_cobot/install/mycobot_description/lib/python3.10/site-packages:/home/robotics/ros2_cobot/install/ultraarm/lib/python3.10/site-packages:/home/robotics/ros2_cobot/install/traj_scripts/local/lib/python3.10/dist-packages:/home/robotics/ros2_cobot/install/mypalletizer_communication/lib/python3.10/site-packages:/home/robotics/ros2_cobot/install/mypalletizer_interfaces/local/lib/python3.10/dist-packages:/home/robotics/ros2_cobot/install/mypalletizer_260_pi/lib/python3.10/site-packages:/home/robotics/ros2_cobot/install/mypalletizer_260/lib/python3.10/site-packages:/home/robotics/ros2_cobot/install/myarm_m750/lib/python3.10/site-packages:/home/robotics/ros2_cobot/install/myarm_c650/lib/python3.10/site-packages:/home/robotics/ros2_cobot/install/mycobot_communication/lib/python3.10/site-packages:/home/robotics/ros2_cobot/install/mecharm_communication/lib/python3.10/site-packages:/home/robotics/ros2_cobot/install/mycobot_interfaces/local/lib/python3.10/dist-packages:/home/robotics/ros2_cobot/install/mycobot_630/lib/python3.10/site-packages:/home/robotics/ros2_cobot/install/mycobot_600/lib/python3.10/site-packages:/home/robotics/ros2_cobot/install/mycobot_320pi/lib/python3.10/site-packages:/home/robotics/ros2_cobot/install/mycobot_320_riscv/lib/python3.10/site-packages:/home/robotics/ros2_cobot/install/mycobot_320/lib/python3.10/site-packages:/home/robotics/ros2_cobot/install/mycobot_280pi/lib/python3.10/site-packages:/home/robotics/ros2_cobot/install/mycobot_280jn/lib/python3.10/site-packages:/home/robotics/ros2_cobot/install/mycobot_280_x3pi/lib/python3.10/site-packages:/home/robotics/ros2_cobot/install/mycobot_280_riscv/lib/python3.10/site-packages:/home/robotics/ros2_cobot/install/mycobot_280_rdkx5/lib/python3.10/site-packages:/home/robotics/ros2_cobot/install/mycobot_280_moveit2_control/lib/python3.10/site-packages:/home/robotics/ros2_cobot/install/mycobot_280_arduino/lib/python3.10/site-packages:/home/robotics/ros2_cobot/install/mycobot_280/lib/python3.10/site-packages:/home/robotics/ros2_cobot/install/mybuddy/lib/python3.10/site-packages:/home/robotics/ros2_cobot/install/myarm_300/lib/python3.10/site-packages:/home/robotics/ros2_cobot/install/mecharm_pi/lib/python3.10/site-packages:/home/robotics/ros2_cobot/install/mecharm/lib/python3.10/site-packages:/home/robotics/ros2_cobot/install/mecharm_interfaces/local/lib/python3.10/dist-packages:/opt/ros/humble/lib/python3.10/site-packages:/opt/ros/humble/local/lib/python3.10/dist-packages /usr/bin/python3 -W ignore:setup.py install is deprecated -W ignore:easy_install command is deprecated setup.py egg_info --egg-base ../../../../build/mycobot_320 build --build-base /home/robotics/ros2_cobot/build/mycobot_320/build install --record /home/robotics/ros2_cobot/build/mycobot_320/install.log --single-version-externally-managed install_data
[7.297s] running egg_info
[7.300s] creating ../../../../build/mycobot_320/mycobot_320.egg-info
[7.300s] writing ../../../../build/mycobot_320/mycobot_320.egg-info/PKG-INFO
[7.300s] writing dependency_links to ../../../../build/mycobot_320/mycobot_320.egg-info/dependency_links.txt
[7.300s] writing entry points to ../../../../build/mycobot_320/mycobot_320.egg-info/entry_points.txt
[7.300s] writing requirements to ../../../../build/mycobot_320/mycobot_320.egg-info/requires.txt
[7.300s] writing top-level names to ../../../../build/mycobot_320/mycobot_320.egg-info/top_level.txt
[7.300s] writing manifest file '../../../../build/mycobot_320/mycobot_320.egg-info/SOURCES.txt'
[7.300s] reading manifest file '../../../../build/mycobot_320/mycobot_320.egg-info/SOURCES.txt'
[7.300s] adding license file 'LICENSE'
[7.301s] writing manifest file '../../../../build/mycobot_320/mycobot_320.egg-info/SOURCES.txt'
[7.301s] running build
[7.301s] running build_py
[7.301s] creating /home/robotics/ros2_cobot/build/mycobot_320/build
[7.301s] creating /home/robotics/ros2_cobot/build/mycobot_320/build/lib
[7.302s] creating /home/robotics/ros2_cobot/build/mycobot_320/build/lib/mycobot_320
[7.302s] copying mycobot_320/follow_display.py -> /home/robotics/ros2_cobot/build/mycobot_320/build/lib/mycobot_320
[7.302s] copying mycobot_320/listen_real_of_topic.py -> /home/robotics/ros2_cobot/build/mycobot_320/build/lib/mycobot_320
[7.302s] copying mycobot_320/simple_gui.py -> /home/robotics/ros2_cobot/build/mycobot_320/build/lib/mycobot_320
[7.302s] copying mycobot_320/slider_control.py -> /home/robotics/ros2_cobot/build/mycobot_320/build/lib/mycobot_320
[7.302s] copying mycobot_320/listen_real.py -> /home/robotics/ros2_cobot/build/mycobot_320/build/lib/mycobot_320
[7.302s] copying mycobot_320/teleop_keyboard.py -> /home/robotics/ros2_cobot/build/mycobot_320/build/lib/mycobot_320
[7.302s] copying mycobot_320/__init__.py -> /home/robotics/ros2_cobot/build/mycobot_320/build/lib/mycobot_320
[7.302s] running install
[7.303s] running install_lib
[7.306s] creating /home/robotics/ros2_cobot/install/mycobot_320/lib/python3.10/site-packages/mycobot_320
[7.306s] copying /home/robotics/ros2_cobot/build/mycobot_320/build/lib/mycobot_320/follow_display.py -> /home/robotics/ros2_cobot/install/mycobot_320/lib/python3.10/site-packages/mycobot_320
[7.306s] copying /home/robotics/ros2_cobot/build/mycobot_320/build/lib/mycobot_320/listen_real_of_topic.py -> /home/robotics/ros2_cobot/install/mycobot_320/lib/python3.10/site-packages/mycobot_320
[7.306s] copying /home/robotics/ros2_cobot/build/mycobot_320/build/lib/mycobot_320/simple_gui.py -> /home/robotics/ros2_cobot/install/mycobot_320/lib/python3.10/site-packages/mycobot_320
[7.306s] copying /home/robotics/ros2_cobot/build/mycobot_320/build/lib/mycobot_320/slider_control.py -> /home/robotics/ros2_cobot/install/mycobot_320/lib/python3.10/site-packages/mycobot_320
[7.307s] copying /home/robotics/ros2_cobot/build/mycobot_320/build/lib/mycobot_320/listen_real.py -> /home/robotics/ros2_cobot/install/mycobot_320/lib/python3.10/site-packages/mycobot_320
[7.307s] copying /home/robotics/ros2_cobot/build/mycobot_320/build/lib/mycobot_320/teleop_keyboard.py -> /home/robotics/ros2_cobot/install/mycobot_320/lib/python3.10/site-packages/mycobot_320
[7.308s] copying /home/robotics/ros2_cobot/build/mycobot_320/build/lib/mycobot_320/__init__.py -> /home/robotics/ros2_cobot/install/mycobot_320/lib/python3.10/site-packages/mycobot_320
[7.311s] byte-compiling /home/robotics/ros2_cobot/install/mycobot_320/lib/python3.10/site-packages/mycobot_320/follow_display.py to follow_display.cpython-310.pyc
[7.311s] byte-compiling /home/robotics/ros2_cobot/install/mycobot_320/lib/python3.10/site-packages/mycobot_320/listen_real_of_topic.py to listen_real_of_topic.cpython-310.pyc
[7.312s] byte-compiling /home/robotics/ros2_cobot/install/mycobot_320/lib/python3.10/site-packages/mycobot_320/simple_gui.py to simple_gui.cpython-310.pyc
[7.316s] byte-compiling /home/robotics/ros2_cobot/install/mycobot_320/lib/python3.10/site-packages/mycobot_320/slider_control.py to slider_control.cpython-310.pyc
[7.318s] byte-compiling /home/robotics/ros2_cobot/install/mycobot_320/lib/python3.10/site-packages/mycobot_320/listen_real.py to listen_real.cpython-310.pyc
[7.323s] byte-compiling /home/robotics/ros2_cobot/install/mycobot_320/lib/python3.10/site-packages/mycobot_320/teleop_keyboard.py to teleop_keyboard.cpython-310.pyc
[7.323s] byte-compiling /home/robotics/ros2_cobot/install/mycobot_320/lib/python3.10/site-packages/mycobot_320/__init__.py to __init__.cpython-310.pyc
[7.323s] running install_data
[7.323s] creating /home/robotics/ros2_cobot/install/mycobot_320/share/ament_index
[7.323s] creating /home/robotics/ros2_cobot/install/mycobot_320/share/ament_index/resource_index
[7.323s] creating /home/robotics/ros2_cobot/install/mycobot_320/share/ament_index/resource_index/packages
[7.323s] copying resource/mycobot_320 -> /home/robotics/ros2_cobot/install/mycobot_320/share/ament_index/resource_index/packages
[7.323s] copying package.xml -> /home/robotics/ros2_cobot/install/mycobot_320/share/mycobot_320
[7.323s] creating /home/robotics/ros2_cobot/install/mycobot_320/share/mycobot_320/launch
[7.323s] copying launch/slider_control.launch.py -> /home/robotics/ros2_cobot/install/mycobot_320/share/mycobot_320/launch
[7.323s] copying launch/mycobot_follow.launch.py -> /home/robotics/ros2_cobot/install/mycobot_320/share/mycobot_320/launch
[7.323s] copying launch/teleop_keyboard.launch.py -> /home/robotics/ros2_cobot/install/mycobot_320/share/mycobot_320/launch
[7.323s] copying launch/simple_gui.launch.py -> /home/robotics/ros2_cobot/install/mycobot_320/share/mycobot_320/launch
[7.323s] copying launch/test.launch.py -> /home/robotics/ros2_cobot/install/mycobot_320/share/mycobot_320/launch
[7.323s] creating /home/robotics/ros2_cobot/install/mycobot_320/share/mycobot_320/config
[7.323s] copying config/mycobot_pro_320.rviz -> /home/robotics/ros2_cobot/install/mycobot_320/share/mycobot_320/config
[7.323s] running install_egg_info
[7.325s] Copying ../../../../build/mycobot_320/mycobot_320.egg-info to /home/robotics/ros2_cobot/install/mycobot_320/lib/python3.10/site-packages/mycobot_320-0.0.0-py3.10.egg-info
[7.330s] running install_scripts
[7.356s] Installing follow_display script to /home/robotics/ros2_cobot/install/mycobot_320/lib/mycobot_320
[7.357s] Installing listen_real script to /home/robotics/ros2_cobot/install/mycobot_320/lib/mycobot_320
[7.357s] Installing listen_real_of_topic script to /home/robotics/ros2_cobot/install/mycobot_320/lib/mycobot_320
[7.358s] Installing simple_gui script to /home/robotics/ros2_cobot/install/mycobot_320/lib/mycobot_320
[7.358s] Installing slider_control script to /home/robotics/ros2_cobot/install/mycobot_320/lib/mycobot_320
[7.359s] Installing teleop_keyboard script to /home/robotics/ros2_cobot/install/mycobot_320/lib/mycobot_320
[7.359s] writing list of installed files to '/home/robotics/ros2_cobot/build/mycobot_320/install.log'
[7.446s] Invoked command in '/home/robotics/ros2_cobot/src/mycobot_ros2/mycobot_320/mycobot_320' returned '0': AMENT_PREFIX_PATH=/home/robotics/ros2_cobot/install/mycobot_description:/home/robotics/ros2_cobot/install/ultraarm:/home/robotics/ros2_cobot/install/traj_scripts:/home/robotics/ros2_cobot/install/mypalletizer_communication:/home/robotics/ros2_cobot/install/mypalletizer_interfaces:/home/robotics/ros2_cobot/install/mypalletizer_260_pi:/home/robotics/ros2_cobot/install/mypalletizer_260:/home/robotics/ros2_cobot/install/myarm_m750:/home/robotics/ros2_cobot/install/myarm_c650:/home/robotics/ros2_cobot/install/mycobot_communication:/home/robotics/ros2_cobot/install/mecharm_communication:/home/robotics/ros2_cobot/install/mycobot_interfaces:/home/robotics/ros2_cobot/install/mycobot_630:/home/robotics/ros2_cobot/install/mycobot_600:/home/robotics/ros2_cobot/install/mycobot_320pi:/home/robotics/ros2_cobot/install/mycobot_320_riscv:/home/robotics/ros2_cobot/install/mycobot_320:/home/robotics/ros2_cobot/install/mycobot_280rdkx5_moveit2:/home/robotics/ros2_cobot/install/mycobot_280pi:/home/robotics/ros2_cobot/install/mycobot_280jn:/home/robotics/ros2_cobot/install/mycobot_280arduino_moveit2:/home/robotics/ros2_cobot/install/mycobot_280_x3pi:/home/robotics/ros2_cobot/install/mycobot_280_riscv:/home/robotics/ros2_cobot/install/mycobot_280_rdkx5:/home/robotics/ros2_cobot/install/mycobot_280_moveit2_control:/home/robotics/ros2_cobot/install/mycobot_280_moveit2:/home/robotics/ros2_cobot/install/mycobot_280_arduino:/home/robotics/ros2_cobot/install/mycobot_280:/home/robotics/ros2_cobot/install/mybuddy:/home/robotics/ros2_cobot/install/myarm_300:/home/robotics/ros2_cobot/install/mecharm_pi:/home/robotics/ros2_cobot/install/mecharm:/home/robotics/ros2_cobot/install/mecharm_interfaces:/opt/ros/humble PYTHONPATH=/home/robotics/ros2_cobot/build/mycobot_320/prefix_override:/usr/lib/python3/dist-packages/colcon_core/task/python/colcon_distutils_commands:/home/robotics/ros2_cobot/install/mycobot_320/lib/python3.10/site-packages:/home/robotics/ros2_cobot/install/mycobot_description/lib/python3.10/site-packages:/home/robotics/ros2_cobot/install/ultraarm/lib/python3.10/site-packages:/home/robotics/ros2_cobot/install/traj_scripts/local/lib/python3.10/dist-packages:/home/robotics/ros2_cobot/install/mypalletizer_communication/lib/python3.10/site-packages:/home/robotics/ros2_cobot/install/mypalletizer_interfaces/local/lib/python3.10/dist-packages:/home/robotics/ros2_cobot/install/mypalletizer_260_pi/lib/python3.10/site-packages:/home/robotics/ros2_cobot/install/mypalletizer_260/lib/python3.10/site-packages:/home/robotics/ros2_cobot/install/myarm_m750/lib/python3.10/site-packages:/home/robotics/ros2_cobot/install/myarm_c650/lib/python3.10/site-packages:/home/robotics/ros2_cobot/install/mycobot_communication/lib/python3.10/site-packages:/home/robotics/ros2_cobot/install/mecharm_communication/lib/python3.10/site-packages:/home/robotics/ros2_cobot/install/mycobot_interfaces/local/lib/python3.10/dist-packages:/home/robotics/ros2_cobot/install/mycobot_630/lib/python3.10/site-packages:/home/robotics/ros2_cobot/install/mycobot_600/lib/python3.10/site-packages:/home/robotics/ros2_cobot/install/mycobot_320pi/lib/python3.10/site-packages:/home/robotics/ros2_cobot/install/mycobot_320_riscv/lib/python3.10/site-packages:/home/robotics/ros2_cobot/install/mycobot_320/lib/python3.10/site-packages:/home/robotics/ros2_cobot/install/mycobot_280pi/lib/python3.10/site-packages:/home/robotics/ros2_cobot/install/mycobot_280jn/lib/python3.10/site-packages:/home/robotics/ros2_cobot/install/mycobot_280_x3pi/lib/python3.10/site-packages:/home/robotics/ros2_cobot/install/mycobot_280_riscv/lib/python3.10/site-packages:/home/robotics/ros2_cobot/install/mycobot_280_rdkx5/lib/python3.10/site-packages:/home/robotics/ros2_cobot/install/mycobot_280_moveit2_control/lib/python3.10/site-packages:/home/robotics/ros2_cobot/install/mycobot_280_arduino/lib/python3.10/site-packages:/home/robotics/ros2_cobot/install/mycobot_280/lib/python3.10/site-packages:/home/robotics/ros2_cobot/install/mybuddy/lib/python3.10/site-packages:/home/robotics/ros2_cobot/install/myarm_300/lib/python3.10/site-packages:/home/robotics/ros2_cobot/install/mecharm_pi/lib/python3.10/site-packages:/home/robotics/ros2_cobot/install/mecharm/lib/python3.10/site-packages:/home/robotics/ros2_cobot/install/mecharm_interfaces/local/lib/python3.10/dist-packages:/opt/ros/humble/lib/python3.10/site-packages:/opt/ros/humble/local/lib/python3.10/dist-packages /usr/bin/python3 -W ignore:setup.py install is deprecated -W ignore:easy_install command is deprecated setup.py egg_info --egg-base ../../../../build/mycobot_320 build --build-base /home/robotics/ros2_cobot/build/mycobot_320/build install --record /home/robotics/ros2_cobot/build/mycobot_320/install.log --single-version-externally-managed install_data
