running egg_info
creating ../../../../build/mecharm_communication/mecharm_communication.egg-info
writing ../../../../build/mecharm_communication/mecharm_communication.egg-info/PKG-INFO
writing dependency_links to ../../../../build/mecharm_communication/mecharm_communication.egg-info/dependency_links.txt
writing entry points to ../../../../build/mecharm_communication/mecharm_communication.egg-info/entry_points.txt
writing requirements to ../../../../build/mecharm_communication/mecharm_communication.egg-info/requires.txt
writing top-level names to ../../../../build/mecharm_communication/mecharm_communication.egg-info/top_level.txt
writing manifest file '../../../../build/mecharm_communication/mecharm_communication.egg-info/SOURCES.txt'
reading manifest file '../../../../build/mecharm_communication/mecharm_communication.egg-info/SOURCES.txt'
writing manifest file '../../../../build/mecharm_communication/mecharm_communication.egg-info/SOURCES.txt'
running build
running build_py
creating /home/robotics/ros2_cobot/build/mecharm_communication/build
creating /home/robotics/ros2_cobot/build/mecharm_communication/build/lib
creating /home/robotics/ros2_cobot/build/mecharm_communication/build/lib/mecharm_communication
copying mecharm_communication/mecharm_topics.py -> /home/robotics/ros2_cobot/build/mecharm_communication/build/lib/mecharm_communication
copying mecharm_communication/mecharm_topics_jsnn.py -> /home/robotics/ros2_cobot/build/mecharm_communication/build/lib/mecharm_communication
copying mecharm_communication/mecharm_services.py -> /home/robotics/ros2_cobot/build/mecharm_communication/build/lib/mecharm_communication
copying mecharm_communication/mecharm_topics_pi.py -> /home/robotics/ros2_cobot/build/mecharm_communication/build/lib/mecharm_communication
copying mecharm_communication/mecharm_topics_seeed.py -> /home/robotics/ros2_cobot/build/mecharm_communication/build/lib/mecharm_communication
copying mecharm_communication/__init__.py -> /home/robotics/ros2_cobot/build/mecharm_communication/build/lib/mecharm_communication
running install
running install_lib
creating /home/robotics/ros2_cobot/install/mecharm_communication/lib/python3.10/site-packages/mecharm_communication
copying /home/robotics/ros2_cobot/build/mecharm_communication/build/lib/mecharm_communication/mecharm_topics.py -> /home/robotics/ros2_cobot/install/mecharm_communication/lib/python3.10/site-packages/mecharm_communication
copying /home/robotics/ros2_cobot/build/mecharm_communication/build/lib/mecharm_communication/mecharm_topics_jsnn.py -> /home/robotics/ros2_cobot/install/mecharm_communication/lib/python3.10/site-packages/mecharm_communication
copying /home/robotics/ros2_cobot/build/mecharm_communication/build/lib/mecharm_communication/mecharm_services.py -> /home/robotics/ros2_cobot/install/mecharm_communication/lib/python3.10/site-packages/mecharm_communication
copying /home/robotics/ros2_cobot/build/mecharm_communication/build/lib/mecharm_communication/mecharm_topics_pi.py -> /home/robotics/ros2_cobot/install/mecharm_communication/lib/python3.10/site-packages/mecharm_communication
copying /home/robotics/ros2_cobot/build/mecharm_communication/build/lib/mecharm_communication/mecharm_topics_seeed.py -> /home/robotics/ros2_cobot/install/mecharm_communication/lib/python3.10/site-packages/mecharm_communication
copying /home/robotics/ros2_cobot/build/mecharm_communication/build/lib/mecharm_communication/__init__.py -> /home/robotics/ros2_cobot/install/mecharm_communication/lib/python3.10/site-packages/mecharm_communication
byte-compiling /home/robotics/ros2_cobot/install/mecharm_communication/lib/python3.10/site-packages/mecharm_communication/mecharm_topics.py to mecharm_topics.cpython-310.pyc
byte-compiling /home/robotics/ros2_cobot/install/mecharm_communication/lib/python3.10/site-packages/mecharm_communication/mecharm_topics_jsnn.py to mecharm_topics_jsnn.cpython-310.pyc
byte-compiling /home/robotics/ros2_cobot/install/mecharm_communication/lib/python3.10/site-packages/mecharm_communication/mecharm_services.py to mecharm_services.cpython-310.pyc
byte-compiling /home/robotics/ros2_cobot/install/mecharm_communication/lib/python3.10/site-packages/mecharm_communication/mecharm_topics_pi.py to mecharm_topics_pi.cpython-310.pyc
byte-compiling /home/robotics/ros2_cobot/install/mecharm_communication/lib/python3.10/site-packages/mecharm_communication/mecharm_topics_seeed.py to mecharm_topics_seeed.cpython-310.pyc
byte-compiling /home/robotics/ros2_cobot/install/mecharm_communication/lib/python3.10/site-packages/mecharm_communication/__init__.py to __init__.cpython-310.pyc
running install_data
creating /home/robotics/ros2_cobot/install/mecharm_communication/share/ament_index
creating /home/robotics/ros2_cobot/install/mecharm_communication/share/ament_index/resource_index
creating /home/robotics/ros2_cobot/install/mecharm_communication/share/ament_index/resource_index/packages
copying resource/mecharm_communication -> /home/robotics/ros2_cobot/install/mecharm_communication/share/ament_index/resource_index/packages
copying package.xml -> /home/robotics/ros2_cobot/install/mecharm_communication/share/mecharm_communication
creating /home/robotics/ros2_cobot/install/mecharm_communication/share/mecharm_communication/launch
copying launch/communication_jsnn.launch.py -> /home/robotics/ros2_cobot/install/mecharm_communication/share/mecharm_communication/launch
copying launch/communication_topic.launch.py -> /home/robotics/ros2_cobot/install/mecharm_communication/share/mecharm_communication/launch
copying launch/communication_topic_pi.launch.py -> /home/robotics/ros2_cobot/install/mecharm_communication/share/mecharm_communication/launch
copying launch/communication_seeed.launch.py -> /home/robotics/ros2_cobot/install/mecharm_communication/share/mecharm_communication/launch
copying launch/communication_service.launch.py -> /home/robotics/ros2_cobot/install/mecharm_communication/share/mecharm_communication/launch
running install_egg_info
Copying ../../../../build/mecharm_communication/mecharm_communication.egg-info to /home/robotics/ros2_cobot/install/mecharm_communication/lib/python3.10/site-packages/mecharm_communication-0.0.0-py3.10.egg-info
running install_scripts
Installing mecharm_services script to /home/robotics/ros2_cobot/install/mecharm_communication/lib/mecharm_communication
Installing mycobot_topics script to /home/robotics/ros2_cobot/install/mecharm_communication/lib/mecharm_communication
Installing mycobot_topics_jsnn script to /home/robotics/ros2_cobot/install/mecharm_communication/lib/mecharm_communication
Installing mycobot_topics_pi script to /home/robotics/ros2_cobot/install/mecharm_communication/lib/mecharm_communication
Installing mycobot_topics_seeed script to /home/robotics/ros2_cobot/install/mecharm_communication/lib/mecharm_communication
writing list of installed files to '/home/robotics/ros2_cobot/build/mecharm_communication/install.log'
