[0.760s] Invoking command in '/home/robotics/ros2_cobot/src/mycobot_ros2/mecharm/mecharm_communication': CMAKE_PREFIX_PATH=/home/robotics/ros2_cobot/install/mycobot_interfaces:/home/robotics/ros2_cobot/install/traj_scripts:/home/robotics/ros2_cobot/install/mypalletizer_interfaces:/home/robotics/ros2_cobot/install/mycobot_280rdkx5_moveit2:/home/robotics/ros2_cobot/install/mycobot_280arduino_moveit2:/home/robotics/ros2_cobot/install/mycobot_280_moveit2:/home/robotics/ros2_cobot/install/mecharm_interfaces LD_LIBRARY_PATH=/home/robotics/ros2_cobot/install/mycobot_interfaces/lib:/home/robotics/ros2_cobot/install/mypalletizer_interfaces/lib:/home/robotics/ros2_cobot/install/mecharm_interfaces/lib:/opt/ros/humble/opt/rviz_ogre_vendor/lib:/opt/ros/humble/lib/x86_64-linux-gnu:/opt/ros/humble/lib PYTHONPATH=/home/robotics/ros2_cobot/build/mecharm_communication/prefix_override:/usr/lib/python3/dist-packages/colcon_core/task/python/colcon_distutils_commands:/home/robotics/ros2_cobot/install/mecharm_communication/lib/python3.10/site-packages:${PYTHONPATH} /usr/bin/python3 -W ignore:setup.py install is deprecated -W ignore:easy_install command is deprecated setup.py egg_info --egg-base ../../../../build/mecharm_communication build --build-base /home/robotics/ros2_cobot/build/mecharm_communication/build install --record /home/robotics/ros2_cobot/build/mecharm_communication/install.log --single-version-externally-managed install_data
[0.942s] running egg_info
[0.942s] creating ../../../../build/mecharm_communication/mecharm_communication.egg-info
[0.942s] writing ../../../../build/mecharm_communication/mecharm_communication.egg-info/PKG-INFO
[0.942s] writing dependency_links to ../../../../build/mecharm_communication/mecharm_communication.egg-info/dependency_links.txt
[0.943s] writing entry points to ../../../../build/mecharm_communication/mecharm_communication.egg-info/entry_points.txt
[0.943s] writing requirements to ../../../../build/mecharm_communication/mecharm_communication.egg-info/requires.txt
[0.943s] writing top-level names to ../../../../build/mecharm_communication/mecharm_communication.egg-info/top_level.txt
[0.943s] writing manifest file '../../../../build/mecharm_communication/mecharm_communication.egg-info/SOURCES.txt'
[0.944s] reading manifest file '../../../../build/mecharm_communication/mecharm_communication.egg-info/SOURCES.txt'
[0.945s] writing manifest file '../../../../build/mecharm_communication/mecharm_communication.egg-info/SOURCES.txt'
[0.945s] running build
[0.945s] running build_py
[0.945s] creating /home/robotics/ros2_cobot/build/mecharm_communication/build
[0.945s] creating /home/robotics/ros2_cobot/build/mecharm_communication/build/lib
[0.945s] creating /home/robotics/ros2_cobot/build/mecharm_communication/build/lib/mecharm_communication
[0.945s] copying mecharm_communication/mecharm_topics.py -> /home/robotics/ros2_cobot/build/mecharm_communication/build/lib/mecharm_communication
[0.945s] copying mecharm_communication/mecharm_topics_jsnn.py -> /home/robotics/ros2_cobot/build/mecharm_communication/build/lib/mecharm_communication
[0.945s] copying mecharm_communication/mecharm_services.py -> /home/robotics/ros2_cobot/build/mecharm_communication/build/lib/mecharm_communication
[0.946s] copying mecharm_communication/mecharm_topics_pi.py -> /home/robotics/ros2_cobot/build/mecharm_communication/build/lib/mecharm_communication
[0.946s] copying mecharm_communication/mecharm_topics_seeed.py -> /home/robotics/ros2_cobot/build/mecharm_communication/build/lib/mecharm_communication
[0.946s] copying mecharm_communication/__init__.py -> /home/robotics/ros2_cobot/build/mecharm_communication/build/lib/mecharm_communication
[0.946s] running install
[0.946s] running install_lib
[0.947s] creating /home/robotics/ros2_cobot/install/mecharm_communication/lib/python3.10/site-packages/mecharm_communication
[0.947s] copying /home/robotics/ros2_cobot/build/mecharm_communication/build/lib/mecharm_communication/mecharm_topics.py -> /home/robotics/ros2_cobot/install/mecharm_communication/lib/python3.10/site-packages/mecharm_communication
[0.947s] copying /home/robotics/ros2_cobot/build/mecharm_communication/build/lib/mecharm_communication/mecharm_topics_jsnn.py -> /home/robotics/ros2_cobot/install/mecharm_communication/lib/python3.10/site-packages/mecharm_communication
[0.947s] copying /home/robotics/ros2_cobot/build/mecharm_communication/build/lib/mecharm_communication/mecharm_services.py -> /home/robotics/ros2_cobot/install/mecharm_communication/lib/python3.10/site-packages/mecharm_communication
[0.947s] copying /home/robotics/ros2_cobot/build/mecharm_communication/build/lib/mecharm_communication/mecharm_topics_pi.py -> /home/robotics/ros2_cobot/install/mecharm_communication/lib/python3.10/site-packages/mecharm_communication
[0.947s] copying /home/robotics/ros2_cobot/build/mecharm_communication/build/lib/mecharm_communication/mecharm_topics_seeed.py -> /home/robotics/ros2_cobot/install/mecharm_communication/lib/python3.10/site-packages/mecharm_communication
[0.947s] copying /home/robotics/ros2_cobot/build/mecharm_communication/build/lib/mecharm_communication/__init__.py -> /home/robotics/ros2_cobot/install/mecharm_communication/lib/python3.10/site-packages/mecharm_communication
[0.948s] byte-compiling /home/robotics/ros2_cobot/install/mecharm_communication/lib/python3.10/site-packages/mecharm_communication/mecharm_topics.py to mecharm_topics.cpython-310.pyc
[0.949s] byte-compiling /home/robotics/ros2_cobot/install/mecharm_communication/lib/python3.10/site-packages/mecharm_communication/mecharm_topics_jsnn.py to mecharm_topics_jsnn.cpython-310.pyc
[0.949s] byte-compiling /home/robotics/ros2_cobot/install/mecharm_communication/lib/python3.10/site-packages/mecharm_communication/mecharm_services.py to mecharm_services.cpython-310.pyc
[0.950s] byte-compiling /home/robotics/ros2_cobot/install/mecharm_communication/lib/python3.10/site-packages/mecharm_communication/mecharm_topics_pi.py to mecharm_topics_pi.cpython-310.pyc
[0.951s] byte-compiling /home/robotics/ros2_cobot/install/mecharm_communication/lib/python3.10/site-packages/mecharm_communication/mecharm_topics_seeed.py to mecharm_topics_seeed.cpython-310.pyc
[0.951s] byte-compiling /home/robotics/ros2_cobot/install/mecharm_communication/lib/python3.10/site-packages/mecharm_communication/__init__.py to __init__.cpython-310.pyc
[0.951s] running install_data
[0.951s] creating /home/robotics/ros2_cobot/install/mecharm_communication/share/ament_index
[0.951s] creating /home/robotics/ros2_cobot/install/mecharm_communication/share/ament_index/resource_index
[0.951s] creating /home/robotics/ros2_cobot/install/mecharm_communication/share/ament_index/resource_index/packages
[0.951s] copying resource/mecharm_communication -> /home/robotics/ros2_cobot/install/mecharm_communication/share/ament_index/resource_index/packages
[0.952s] copying package.xml -> /home/robotics/ros2_cobot/install/mecharm_communication/share/mecharm_communication
[0.952s] creating /home/robotics/ros2_cobot/install/mecharm_communication/share/mecharm_communication/launch
[0.952s] copying launch/communication_jsnn.launch.py -> /home/robotics/ros2_cobot/install/mecharm_communication/share/mecharm_communication/launch
[0.952s] copying launch/communication_topic.launch.py -> /home/robotics/ros2_cobot/install/mecharm_communication/share/mecharm_communication/launch
[0.952s] copying launch/communication_topic_pi.launch.py -> /home/robotics/ros2_cobot/install/mecharm_communication/share/mecharm_communication/launch
[0.952s] copying launch/communication_seeed.launch.py -> /home/robotics/ros2_cobot/install/mecharm_communication/share/mecharm_communication/launch
[0.952s] copying launch/communication_service.launch.py -> /home/robotics/ros2_cobot/install/mecharm_communication/share/mecharm_communication/launch
[0.952s] running install_egg_info
[0.954s] Copying ../../../../build/mecharm_communication/mecharm_communication.egg-info to /home/robotics/ros2_cobot/install/mecharm_communication/lib/python3.10/site-packages/mecharm_communication-0.0.0-py3.10.egg-info
[0.954s] running install_scripts
[0.973s] Installing mecharm_services script to /home/robotics/ros2_cobot/install/mecharm_communication/lib/mecharm_communication
[0.973s] Installing mycobot_topics script to /home/robotics/ros2_cobot/install/mecharm_communication/lib/mecharm_communication
[0.973s] Installing mycobot_topics_jsnn script to /home/robotics/ros2_cobot/install/mecharm_communication/lib/mecharm_communication
[0.973s] Installing mycobot_topics_pi script to /home/robotics/ros2_cobot/install/mecharm_communication/lib/mecharm_communication
[0.973s] Installing mycobot_topics_seeed script to /home/robotics/ros2_cobot/install/mecharm_communication/lib/mecharm_communication
[0.974s] writing list of installed files to '/home/robotics/ros2_cobot/build/mecharm_communication/install.log'
[1.014s] Invoked command in '/home/robotics/ros2_cobot/src/mycobot_ros2/mecharm/mecharm_communication' returned '0': CMAKE_PREFIX_PATH=/home/robotics/ros2_cobot/install/mycobot_interfaces:/home/robotics/ros2_cobot/install/traj_scripts:/home/robotics/ros2_cobot/install/mypalletizer_interfaces:/home/robotics/ros2_cobot/install/mycobot_280rdkx5_moveit2:/home/robotics/ros2_cobot/install/mycobot_280arduino_moveit2:/home/robotics/ros2_cobot/install/mycobot_280_moveit2:/home/robotics/ros2_cobot/install/mecharm_interfaces LD_LIBRARY_PATH=/home/robotics/ros2_cobot/install/mycobot_interfaces/lib:/home/robotics/ros2_cobot/install/mypalletizer_interfaces/lib:/home/robotics/ros2_cobot/install/mecharm_interfaces/lib:/opt/ros/humble/opt/rviz_ogre_vendor/lib:/opt/ros/humble/lib/x86_64-linux-gnu:/opt/ros/humble/lib PYTHONPATH=/home/robotics/ros2_cobot/build/mecharm_communication/prefix_override:/usr/lib/python3/dist-packages/colcon_core/task/python/colcon_distutils_commands:/home/robotics/ros2_cobot/install/mecharm_communication/lib/python3.10/site-packages:${PYTHONPATH} /usr/bin/python3 -W ignore:setup.py install is deprecated -W ignore:easy_install command is deprecated setup.py egg_info --egg-base ../../../../build/mecharm_communication build --build-base /home/robotics/ros2_cobot/build/mecharm_communication/build install --record /home/robotics/ros2_cobot/build/mecharm_communication/install.log --single-version-externally-managed install_data
