[6.300s] Invoking command in '/home/robotics/ros2_cobot/src/mycobot_ros2/mycobot_320/mycobot_320_riscv': AMENT_PREFIX_PATH=/home/robotics/ros2_cobot/install/mycobot_description:/home/robotics/ros2_cobot/install/ultraarm:/home/robotics/ros2_cobot/install/traj_scripts:/home/robotics/ros2_cobot/install/mypalletizer_communication:/home/robotics/ros2_cobot/install/mypalletizer_interfaces:/home/robotics/ros2_cobot/install/mypalletizer_260_pi:/home/robotics/ros2_cobot/install/mypalletizer_260:/home/robotics/ros2_cobot/install/myarm_m750:/home/robotics/ros2_cobot/install/myarm_c650:/home/robotics/ros2_cobot/install/mycobot_communication:/home/robotics/ros2_cobot/install/mecharm_communication:/home/robotics/ros2_cobot/install/mycobot_interfaces:/home/robotics/ros2_cobot/install/mycobot_630:/home/robotics/ros2_cobot/install/mycobot_600:/home/robotics/ros2_cobot/install/mycobot_320pi:/home/robotics/ros2_cobot/install/mycobot_320_riscv:/home/robotics/ros2_cobot/install/mycobot_320:/home/robotics/ros2_cobot/install/mycobot_280rdkx5_moveit2:/home/robotics/ros2_cobot/install/mycobot_280pi:/home/robotics/ros2_cobot/install/mycobot_280jn:/home/robotics/ros2_cobot/install/mycobot_280arduino_moveit2:/home/robotics/ros2_cobot/install/mycobot_280_x3pi:/home/robotics/ros2_cobot/install/mycobot_280_riscv:/home/robotics/ros2_cobot/install/mycobot_280_rdkx5:/home/robotics/ros2_cobot/install/mycobot_280_moveit2_control:/home/robotics/ros2_cobot/install/mycobot_280_moveit2:/home/robotics/ros2_cobot/install/mycobot_280_arduino:/home/robotics/ros2_cobot/install/mycobot_280:/home/robotics/ros2_cobot/install/mybuddy:/home/robotics/ros2_cobot/install/myarm_300:/home/robotics/ros2_cobot/install/mecharm_pi:/home/robotics/ros2_cobot/install/mecharm:/home/robotics/ros2_cobot/install/mecharm_interfaces:/opt/ros/humble PYTHONPATH=/home/robotics/ros2_cobot/build/mycobot_320_riscv/prefix_override:/usr/lib/python3/dist-packages/colcon_core/task/python/colcon_distutils_commands:/home/robotics/ros2_cobot/install/mycobot_320_riscv/lib/python3.10/site-packages:/home/robotics/ros2_cobot/install/mycobot_description/lib/python3.10/site-packages:/home/robotics/ros2_cobot/install/ultraarm/lib/python3.10/site-packages:/home/robotics/ros2_cobot/install/traj_scripts/local/lib/python3.10/dist-packages:/home/robotics/ros2_cobot/install/mypalletizer_communication/lib/python3.10/site-packages:/home/robotics/ros2_cobot/install/mypalletizer_interfaces/local/lib/python3.10/dist-packages:/home/robotics/ros2_cobot/install/mypalletizer_260_pi/lib/python3.10/site-packages:/home/robotics/ros2_cobot/install/mypalletizer_260/lib/python3.10/site-packages:/home/robotics/ros2_cobot/install/myarm_m750/lib/python3.10/site-packages:/home/robotics/ros2_cobot/install/myarm_c650/lib/python3.10/site-packages:/home/robotics/ros2_cobot/install/mycobot_communication/lib/python3.10/site-packages:/home/robotics/ros2_cobot/install/mecharm_communication/lib/python3.10/site-packages:/home/robotics/ros2_cobot/install/mycobot_interfaces/local/lib/python3.10/dist-packages:/home/robotics/ros2_cobot/install/mycobot_630/lib/python3.10/site-packages:/home/robotics/ros2_cobot/install/mycobot_600/lib/python3.10/site-packages:/home/robotics/ros2_cobot/install/mycobot_320pi/lib/python3.10/site-packages:/home/robotics/ros2_cobot/install/mycobot_320_riscv/lib/python3.10/site-packages:/home/robotics/ros2_cobot/install/mycobot_320/lib/python3.10/site-packages:/home/robotics/ros2_cobot/install/mycobot_280pi/lib/python3.10/site-packages:/home/robotics/ros2_cobot/install/mycobot_280jn/lib/python3.10/site-packages:/home/robotics/ros2_cobot/install/mycobot_280_x3pi/lib/python3.10/site-packages:/home/robotics/ros2_cobot/install/mycobot_280_riscv/lib/python3.10/site-packages:/home/robotics/ros2_cobot/install/mycobot_280_rdkx5/lib/python3.10/site-packages:/home/robotics/ros2_cobot/install/mycobot_280_moveit2_control/lib/python3.10/site-packages:/home/robotics/ros2_cobot/install/mycobot_280_arduino/lib/python3.10/site-packages:/home/robotics/ros2_cobot/install/mycobot_280/lib/python3.10/site-packages:/home/robotics/ros2_cobot/install/mybuddy/lib/python3.10/site-packages:/home/robotics/ros2_cobot/install/myarm_300/lib/python3.10/site-packages:/home/robotics/ros2_cobot/install/mecharm_pi/lib/python3.10/site-packages:/home/robotics/ros2_cobot/install/mecharm/lib/python3.10/site-packages:/home/robotics/ros2_cobot/install/mecharm_interfaces/local/lib/python3.10/dist-packages:/opt/ros/humble/lib/python3.10/site-packages:/opt/ros/humble/local/lib/python3.10/dist-packages /usr/bin/python3 -W ignore:setup.py install is deprecated -W ignore:easy_install command is deprecated setup.py egg_info --egg-base ../../../../build/mycobot_320_riscv build --build-base /home/robotics/ros2_cobot/build/mycobot_320_riscv/build install --record /home/robotics/ros2_cobot/build/mycobot_320_riscv/install.log --single-version-externally-managed install_data
[6.692s] running egg_info
[6.693s] creating ../../../../build/mycobot_320_riscv/mycobot_320_riscv.egg-info
[6.695s] writing ../../../../build/mycobot_320_riscv/mycobot_320_riscv.egg-info/PKG-INFO
[6.696s] writing dependency_links to ../../../../build/mycobot_320_riscv/mycobot_320_riscv.egg-info/dependency_links.txt
[6.697s] writing entry points to ../../../../build/mycobot_320_riscv/mycobot_320_riscv.egg-info/entry_points.txt
[6.697s] writing requirements to ../../../../build/mycobot_320_riscv/mycobot_320_riscv.egg-info/requires.txt
[6.697s] writing top-level names to ../../../../build/mycobot_320_riscv/mycobot_320_riscv.egg-info/top_level.txt
[6.697s] writing manifest file '../../../../build/mycobot_320_riscv/mycobot_320_riscv.egg-info/SOURCES.txt'
[6.703s] reading manifest file '../../../../build/mycobot_320_riscv/mycobot_320_riscv.egg-info/SOURCES.txt'
[6.705s] adding license file 'LICENSE'
[6.705s] writing manifest file '../../../../build/mycobot_320_riscv/mycobot_320_riscv.egg-info/SOURCES.txt'
[6.705s] running build
[6.706s] running build_py
[6.706s] creating /home/robotics/ros2_cobot/build/mycobot_320_riscv/build
[6.706s] creating /home/robotics/ros2_cobot/build/mycobot_320_riscv/build/lib
[6.706s] creating /home/robotics/ros2_cobot/build/mycobot_320_riscv/build/lib/mycobot_320_riscv
[6.706s] copying mycobot_320_riscv/follow_display.py -> /home/robotics/ros2_cobot/build/mycobot_320_riscv/build/lib/mycobot_320_riscv
[6.706s] copying mycobot_320_riscv/listen_real_of_topic.py -> /home/robotics/ros2_cobot/build/mycobot_320_riscv/build/lib/mycobot_320_riscv
[6.706s] copying mycobot_320_riscv/simple_gui.py -> /home/robotics/ros2_cobot/build/mycobot_320_riscv/build/lib/mycobot_320_riscv
[6.706s] copying mycobot_320_riscv/slider_control.py -> /home/robotics/ros2_cobot/build/mycobot_320_riscv/build/lib/mycobot_320_riscv
[6.706s] copying mycobot_320_riscv/listen_real.py -> /home/robotics/ros2_cobot/build/mycobot_320_riscv/build/lib/mycobot_320_riscv
[6.706s] copying mycobot_320_riscv/teleop_keyboard.py -> /home/robotics/ros2_cobot/build/mycobot_320_riscv/build/lib/mycobot_320_riscv
[6.706s] copying mycobot_320_riscv/__init__.py -> /home/robotics/ros2_cobot/build/mycobot_320_riscv/build/lib/mycobot_320_riscv
[6.706s] running install
[6.706s] running install_lib
[6.706s] creating /home/robotics/ros2_cobot/install/mycobot_320_riscv/lib/python3.10/site-packages/mycobot_320_riscv
[6.706s] copying /home/robotics/ros2_cobot/build/mycobot_320_riscv/build/lib/mycobot_320_riscv/follow_display.py -> /home/robotics/ros2_cobot/install/mycobot_320_riscv/lib/python3.10/site-packages/mycobot_320_riscv
[6.706s] copying /home/robotics/ros2_cobot/build/mycobot_320_riscv/build/lib/mycobot_320_riscv/listen_real_of_topic.py -> /home/robotics/ros2_cobot/install/mycobot_320_riscv/lib/python3.10/site-packages/mycobot_320_riscv
[6.706s] copying /home/robotics/ros2_cobot/build/mycobot_320_riscv/build/lib/mycobot_320_riscv/simple_gui.py -> /home/robotics/ros2_cobot/install/mycobot_320_riscv/lib/python3.10/site-packages/mycobot_320_riscv
[6.706s] copying /home/robotics/ros2_cobot/build/mycobot_320_riscv/build/lib/mycobot_320_riscv/slider_control.py -> /home/robotics/ros2_cobot/install/mycobot_320_riscv/lib/python3.10/site-packages/mycobot_320_riscv
[6.707s] copying /home/robotics/ros2_cobot/build/mycobot_320_riscv/build/lib/mycobot_320_riscv/listen_real.py -> /home/robotics/ros2_cobot/install/mycobot_320_riscv/lib/python3.10/site-packages/mycobot_320_riscv
[6.707s] copying /home/robotics/ros2_cobot/build/mycobot_320_riscv/build/lib/mycobot_320_riscv/teleop_keyboard.py -> /home/robotics/ros2_cobot/install/mycobot_320_riscv/lib/python3.10/site-packages/mycobot_320_riscv
[6.707s] copying /home/robotics/ros2_cobot/build/mycobot_320_riscv/build/lib/mycobot_320_riscv/__init__.py -> /home/robotics/ros2_cobot/install/mycobot_320_riscv/lib/python3.10/site-packages/mycobot_320_riscv
[6.707s] byte-compiling /home/robotics/ros2_cobot/install/mycobot_320_riscv/lib/python3.10/site-packages/mycobot_320_riscv/follow_display.py to follow_display.cpython-310.pyc
[6.707s] byte-compiling /home/robotics/ros2_cobot/install/mycobot_320_riscv/lib/python3.10/site-packages/mycobot_320_riscv/listen_real_of_topic.py to listen_real_of_topic.cpython-310.pyc
[6.707s] byte-compiling /home/robotics/ros2_cobot/install/mycobot_320_riscv/lib/python3.10/site-packages/mycobot_320_riscv/simple_gui.py to simple_gui.cpython-310.pyc
[6.708s] byte-compiling /home/robotics/ros2_cobot/install/mycobot_320_riscv/lib/python3.10/site-packages/mycobot_320_riscv/slider_control.py to slider_control.cpython-310.pyc
[6.709s] byte-compiling /home/robotics/ros2_cobot/install/mycobot_320_riscv/lib/python3.10/site-packages/mycobot_320_riscv/listen_real.py to listen_real.cpython-310.pyc
[6.710s] byte-compiling /home/robotics/ros2_cobot/install/mycobot_320_riscv/lib/python3.10/site-packages/mycobot_320_riscv/teleop_keyboard.py to teleop_keyboard.cpython-310.pyc
[6.711s] byte-compiling /home/robotics/ros2_cobot/install/mycobot_320_riscv/lib/python3.10/site-packages/mycobot_320_riscv/__init__.py to __init__.cpython-310.pyc
[6.711s] running install_data
[6.712s] creating /home/robotics/ros2_cobot/install/mycobot_320_riscv/share/ament_index
[6.712s] creating /home/robotics/ros2_cobot/install/mycobot_320_riscv/share/ament_index/resource_index
[6.712s] creating /home/robotics/ros2_cobot/install/mycobot_320_riscv/share/ament_index/resource_index/packages
[6.712s] copying resource/mycobot_320_riscv -> /home/robotics/ros2_cobot/install/mycobot_320_riscv/share/ament_index/resource_index/packages
[6.714s] copying package.xml -> /home/robotics/ros2_cobot/install/mycobot_320_riscv/share/mycobot_320_riscv
[6.714s] creating /home/robotics/ros2_cobot/install/mycobot_320_riscv/share/mycobot_320_riscv/launch
[6.715s] copying launch/slider_control.launch.py -> /home/robotics/ros2_cobot/install/mycobot_320_riscv/share/mycobot_320_riscv/launch
[6.715s] copying launch/mycobot_follow.launch.py -> /home/robotics/ros2_cobot/install/mycobot_320_riscv/share/mycobot_320_riscv/launch
[6.717s] copying launch/teleop_keyboard.launch.py -> /home/robotics/ros2_cobot/install/mycobot_320_riscv/share/mycobot_320_riscv/launch
[6.717s] copying launch/simple_gui.launch.py -> /home/robotics/ros2_cobot/install/mycobot_320_riscv/share/mycobot_320_riscv/launch
[6.718s] copying launch/test.launch.py -> /home/robotics/ros2_cobot/install/mycobot_320_riscv/share/mycobot_320_riscv/launch
[6.719s] creating /home/robotics/ros2_cobot/install/mycobot_320_riscv/share/mycobot_320_riscv/config
[6.719s] copying config/mycobot_320_riscv.rviz -> /home/robotics/ros2_cobot/install/mycobot_320_riscv/share/mycobot_320_riscv/config
[6.719s] running install_egg_info
[6.725s] Copying ../../../../build/mycobot_320_riscv/mycobot_320_riscv.egg-info to /home/robotics/ros2_cobot/install/mycobot_320_riscv/lib/python3.10/site-packages/mycobot_320_riscv-0.0.0-py3.10.egg-info
[6.725s] running install_scripts
[6.749s] Installing follow_display script to /home/robotics/ros2_cobot/install/mycobot_320_riscv/lib/mycobot_320_riscv
[6.749s] Installing listen_real script to /home/robotics/ros2_cobot/install/mycobot_320_riscv/lib/mycobot_320_riscv
[6.752s] Installing listen_real_of_topic script to /home/robotics/ros2_cobot/install/mycobot_320_riscv/lib/mycobot_320_riscv
[6.752s] Installing simple_gui script to /home/robotics/ros2_cobot/install/mycobot_320_riscv/lib/mycobot_320_riscv
[6.752s] Installing slider_control script to /home/robotics/ros2_cobot/install/mycobot_320_riscv/lib/mycobot_320_riscv
[6.753s] Installing teleop_keyboard script to /home/robotics/ros2_cobot/install/mycobot_320_riscv/lib/mycobot_320_riscv
[6.753s] writing list of installed files to '/home/robotics/ros2_cobot/build/mycobot_320_riscv/install.log'
[6.816s] Invoked command in '/home/robotics/ros2_cobot/src/mycobot_ros2/mycobot_320/mycobot_320_riscv' returned '0': AMENT_PREFIX_PATH=/home/robotics/ros2_cobot/install/mycobot_description:/home/robotics/ros2_cobot/install/ultraarm:/home/robotics/ros2_cobot/install/traj_scripts:/home/robotics/ros2_cobot/install/mypalletizer_communication:/home/robotics/ros2_cobot/install/mypalletizer_interfaces:/home/robotics/ros2_cobot/install/mypalletizer_260_pi:/home/robotics/ros2_cobot/install/mypalletizer_260:/home/robotics/ros2_cobot/install/myarm_m750:/home/robotics/ros2_cobot/install/myarm_c650:/home/robotics/ros2_cobot/install/mycobot_communication:/home/robotics/ros2_cobot/install/mecharm_communication:/home/robotics/ros2_cobot/install/mycobot_interfaces:/home/robotics/ros2_cobot/install/mycobot_630:/home/robotics/ros2_cobot/install/mycobot_600:/home/robotics/ros2_cobot/install/mycobot_320pi:/home/robotics/ros2_cobot/install/mycobot_320_riscv:/home/robotics/ros2_cobot/install/mycobot_320:/home/robotics/ros2_cobot/install/mycobot_280rdkx5_moveit2:/home/robotics/ros2_cobot/install/mycobot_280pi:/home/robotics/ros2_cobot/install/mycobot_280jn:/home/robotics/ros2_cobot/install/mycobot_280arduino_moveit2:/home/robotics/ros2_cobot/install/mycobot_280_x3pi:/home/robotics/ros2_cobot/install/mycobot_280_riscv:/home/robotics/ros2_cobot/install/mycobot_280_rdkx5:/home/robotics/ros2_cobot/install/mycobot_280_moveit2_control:/home/robotics/ros2_cobot/install/mycobot_280_moveit2:/home/robotics/ros2_cobot/install/mycobot_280_arduino:/home/robotics/ros2_cobot/install/mycobot_280:/home/robotics/ros2_cobot/install/mybuddy:/home/robotics/ros2_cobot/install/myarm_300:/home/robotics/ros2_cobot/install/mecharm_pi:/home/robotics/ros2_cobot/install/mecharm:/home/robotics/ros2_cobot/install/mecharm_interfaces:/opt/ros/humble PYTHONPATH=/home/robotics/ros2_cobot/build/mycobot_320_riscv/prefix_override:/usr/lib/python3/dist-packages/colcon_core/task/python/colcon_distutils_commands:/home/robotics/ros2_cobot/install/mycobot_320_riscv/lib/python3.10/site-packages:/home/robotics/ros2_cobot/install/mycobot_description/lib/python3.10/site-packages:/home/robotics/ros2_cobot/install/ultraarm/lib/python3.10/site-packages:/home/robotics/ros2_cobot/install/traj_scripts/local/lib/python3.10/dist-packages:/home/robotics/ros2_cobot/install/mypalletizer_communication/lib/python3.10/site-packages:/home/robotics/ros2_cobot/install/mypalletizer_interfaces/local/lib/python3.10/dist-packages:/home/robotics/ros2_cobot/install/mypalletizer_260_pi/lib/python3.10/site-packages:/home/robotics/ros2_cobot/install/mypalletizer_260/lib/python3.10/site-packages:/home/robotics/ros2_cobot/install/myarm_m750/lib/python3.10/site-packages:/home/robotics/ros2_cobot/install/myarm_c650/lib/python3.10/site-packages:/home/robotics/ros2_cobot/install/mycobot_communication/lib/python3.10/site-packages:/home/robotics/ros2_cobot/install/mecharm_communication/lib/python3.10/site-packages:/home/robotics/ros2_cobot/install/mycobot_interfaces/local/lib/python3.10/dist-packages:/home/robotics/ros2_cobot/install/mycobot_630/lib/python3.10/site-packages:/home/robotics/ros2_cobot/install/mycobot_600/lib/python3.10/site-packages:/home/robotics/ros2_cobot/install/mycobot_320pi/lib/python3.10/site-packages:/home/robotics/ros2_cobot/install/mycobot_320_riscv/lib/python3.10/site-packages:/home/robotics/ros2_cobot/install/mycobot_320/lib/python3.10/site-packages:/home/robotics/ros2_cobot/install/mycobot_280pi/lib/python3.10/site-packages:/home/robotics/ros2_cobot/install/mycobot_280jn/lib/python3.10/site-packages:/home/robotics/ros2_cobot/install/mycobot_280_x3pi/lib/python3.10/site-packages:/home/robotics/ros2_cobot/install/mycobot_280_riscv/lib/python3.10/site-packages:/home/robotics/ros2_cobot/install/mycobot_280_rdkx5/lib/python3.10/site-packages:/home/robotics/ros2_cobot/install/mycobot_280_moveit2_control/lib/python3.10/site-packages:/home/robotics/ros2_cobot/install/mycobot_280_arduino/lib/python3.10/site-packages:/home/robotics/ros2_cobot/install/mycobot_280/lib/python3.10/site-packages:/home/robotics/ros2_cobot/install/mybuddy/lib/python3.10/site-packages:/home/robotics/ros2_cobot/install/myarm_300/lib/python3.10/site-packages:/home/robotics/ros2_cobot/install/mecharm_pi/lib/python3.10/site-packages:/home/robotics/ros2_cobot/install/mecharm/lib/python3.10/site-packages:/home/robotics/ros2_cobot/install/mecharm_interfaces/local/lib/python3.10/dist-packages:/opt/ros/humble/lib/python3.10/site-packages:/opt/ros/humble/local/lib/python3.10/dist-packages /usr/bin/python3 -W ignore:setup.py install is deprecated -W ignore:easy_install command is deprecated setup.py egg_info --egg-base ../../../../build/mycobot_320_riscv build --build-base /home/robotics/ros2_cobot/build/mycobot_320_riscv/build install --record /home/robotics/ros2_cobot/build/mycobot_320_riscv/install.log --single-version-externally-managed install_data
